<?xml version="1.0" encoding="UTF-8"?>
<testsuite xmlns:xsi="http://www.w3.org/2001/XMLSchema-instance" xsi:noNamespaceSchemaLocation="https://maven.apache.org/surefire/maven-surefire-plugin/xsd/surefire-test-report-3.0.xsd" version="3.0" name="TestSuite" time="230.798" tests="4" errors="0" skipped="0" failures="0">
  <properties>
    <property name="java.specification.version" value="22"/>
    <property name="sun.jnu.encoding" value="UTF-8"/>
    <property name="java.class.path" value="/Users/debasishpruseth/eclipse-workspace/MobileAutomation/target/test-classes:/Users/debasishpruseth/eclipse-workspace/MobileAutomation/target/classes:/Users/debasishpruseth/.m2/repository/org/testng/testng/7.10.2/testng-7.10.2.jar:/Users/debasishpruseth/.m2/repository/org/slf4j/slf4j-api/1.7.36/slf4j-api-1.7.36.jar:/Users/debasishpruseth/.m2/repository/com/beust/jcommander/1.82/jcommander-1.82.jar:/Users/debasishpruseth/.m2/repository/org/webjars/jquery/3.7.1/jquery-3.7.1.jar:/Users/debasishpruseth/.m2/repository/net/sourceforge/jexcelapi/jxl/2.6/jxl-2.6.jar:/Users/debasishpruseth/.m2/repository/org/seleniumhq/selenium/selenium-api/4.6.0/selenium-api-4.6.0.jar:/Users/debasishpruseth/.m2/repository/org/seleniumhq/selenium/selenium-remote-driver/4.6.0/selenium-remote-driver-4.6.0.jar:/Users/debasishpruseth/.m2/repository/com/google/auto/service/auto-service-annotations/1.0.1/auto-service-annotations-1.0.1.jar:/Users/debasishpruseth/.m2/repository/com/google/auto/service/auto-service/1.0.1/auto-service-1.0.1.jar:/Users/debasishpruseth/.m2/repository/com/google/auto/auto-common/1.2/auto-common-1.2.jar:/Users/debasishpruseth/.m2/repository/com/google/guava/guava/31.1-jre/guava-31.1-jre.jar:/Users/debasishpruseth/.m2/repository/com/google/guava/failureaccess/1.0.1/failureaccess-1.0.1.jar:/Users/debasishpruseth/.m2/repository/com/google/guava/listenablefuture/9999.0-empty-to-avoid-conflict-with-guava/listenablefuture-9999.0-empty-to-avoid-conflict-with-guava.jar:/Users/debasishpruseth/.m2/repository/com/google/code/findbugs/jsr305/3.0.2/jsr305-3.0.2.jar:/Users/debasishpruseth/.m2/repository/org/checkerframework/checker-qual/3.12.0/checker-qual-3.12.0.jar:/Users/debasishpruseth/.m2/repository/com/google/errorprone/error_prone_annotations/2.11.0/error_prone_annotations-2.11.0.jar:/Users/debasishpruseth/.m2/repository/com/google/j2objc/j2objc-annotations/1.3/j2objc-annotations-1.3.jar:/Users/debasishpruseth/.m2/repository/io/netty/netty-buffer/4.1.84.Final/netty-buffer-4.1.84.Final.jar:/Users/debasishpruseth/.m2/repository/io/netty/netty-codec-http/4.1.84.Final/netty-codec-http-4.1.84.Final.jar:/Users/debasishpruseth/.m2/repository/io/netty/netty-codec/4.1.84.Final/netty-codec-4.1.84.Final.jar:/Users/debasishpruseth/.m2/repository/io/netty/netty-handler/4.1.84.Final/netty-handler-4.1.84.Final.jar:/Users/debasishpruseth/.m2/repository/io/netty/netty-common/4.1.84.Final/netty-common-4.1.84.Final.jar:/Users/debasishpruseth/.m2/repository/io/netty/netty-transport-classes-epoll/4.1.84.Final/netty-transport-classes-epoll-4.1.84.Final.jar:/Users/debasishpruseth/.m2/repository/io/netty/netty-transport-classes-kqueue/4.1.84.Final/netty-transport-classes-kqueue-4.1.84.Final.jar:/Users/debasishpruseth/.m2/repository/io/netty/netty-transport-native-epoll/4.1.84.Final/netty-transport-native-epoll-4.1.84.Final.jar:/Users/debasishpruseth/.m2/repository/io/netty/netty-transport-native-kqueue/4.1.84.Final/netty-transport-native-kqueue-4.1.84.Final.jar:/Users/debasishpruseth/.m2/repository/io/netty/netty-transport-native-unix-common/4.1.84.Final/netty-transport-native-unix-common-4.1.84.Final.jar:/Users/debasishpruseth/.m2/repository/io/netty/netty-transport/4.1.84.Final/netty-transport-4.1.84.Final.jar:/Users/debasishpruseth/.m2/repository/io/netty/netty-resolver/4.1.84.Final/netty-resolver-4.1.84.Final.jar:/Users/debasishpruseth/.m2/repository/io/opentelemetry/opentelemetry-api/1.19.0/opentelemetry-api-1.19.0.jar:/Users/debasishpruseth/.m2/repository/io/opentelemetry/opentelemetry-context/1.19.0/opentelemetry-context-1.19.0.jar:/Users/debasishpruseth/.m2/repository/io/opentelemetry/opentelemetry-exporter-logging/1.19.0/opentelemetry-exporter-logging-1.19.0.jar:/Users/debasishpruseth/.m2/repository/io/opentelemetry/opentelemetry-sdk-metrics/1.19.0/opentelemetry-sdk-metrics-1.19.0.jar:/Users/debasishpruseth/.m2/repository/io/opentelemetry/opentelemetry-sdk-logs/1.19.0-alpha/opentelemetry-sdk-logs-1.19.0-alpha.jar:/Users/debasishpruseth/.m2/repository/io/opentelemetry/opentelemetry-api-logs/1.19.0-alpha/opentelemetry-api-logs-1.19.0-alpha.jar:/Users/debasishpruseth/.m2/repository/io/opentelemetry/opentelemetry-sdk-common/1.19.0/opentelemetry-sdk-common-1.19.0.jar:/Users/debasishpruseth/.m2/repository/io/opentelemetry/opentelemetry-sdk-extension-autoconfigure-spi/1.19.0/opentelemetry-sdk-extension-autoconfigure-spi-1.19.0.jar:/Users/debasishpruseth/.m2/repository/io/opentelemetry/opentelemetry-sdk-extension-autoconfigure/1.19.0-alpha/opentelemetry-sdk-extension-autoconfigure-1.19.0-alpha.jar:/Users/debasishpruseth/.m2/repository/io/opentelemetry/opentelemetry-exporter-common/1.19.0/opentelemetry-exporter-common-1.19.0.jar:/Users/debasishpruseth/.m2/repository/io/opentelemetry/opentelemetry-sdk-trace/1.19.0/opentelemetry-sdk-trace-1.19.0.jar:/Users/debasishpruseth/.m2/repository/io/opentelemetry/opentelemetry-sdk/1.19.0/opentelemetry-sdk-1.19.0.jar:/Users/debasishpruseth/.m2/repository/io/opentelemetry/opentelemetry-semconv/1.19.0-alpha/opentelemetry-semconv-1.19.0-alpha.jar:/Users/debasishpruseth/.m2/repository/io/ous/jtoml/2.0.0/jtoml-2.0.0.jar:/Users/debasishpruseth/.m2/repository/net/bytebuddy/byte-buddy/1.12.18/byte-buddy-1.12.18.jar:/Users/debasishpruseth/.m2/repository/org/apache/commons/commons-exec/1.3/commons-exec-1.3.jar:/Users/debasishpruseth/.m2/repository/org/asynchttpclient/async-http-client/2.12.3/async-http-client-2.12.3.jar:/Users/debasishpruseth/.m2/repository/org/asynchttpclient/async-http-client-netty-utils/2.12.3/async-http-client-netty-utils-2.12.3.jar:/Users/debasishpruseth/.m2/repository/io/netty/netty-codec-socks/4.1.60.Final/netty-codec-socks-4.1.60.Final.jar:/Users/debasishpruseth/.m2/repository/io/netty/netty-handler-proxy/4.1.60.Final/netty-handler-proxy-4.1.60.Final.jar:/Users/debasishpruseth/.m2/repository/io/netty/netty-transport-native-epoll/4.1.60.Final/netty-transport-native-epoll-4.1.60.Final-linux-x86_64.jar:/Users/debasishpruseth/.m2/repository/io/netty/netty-transport-native-kqueue/4.1.60.Final/netty-transport-native-kqueue-4.1.60.Final-osx-x86_64.jar:/Users/debasishpruseth/.m2/repository/org/reactivestreams/reactive-streams/1.0.3/reactive-streams-1.0.3.jar:/Users/debasishpruseth/.m2/repository/com/typesafe/netty/netty-reactive-streams/2.0.4/netty-reactive-streams-2.0.4.jar:/Users/debasishpruseth/.m2/repository/com/sun/activation/jakarta.activation/1.2.2/jakarta.activation-1.2.2.jar:/Users/debasishpruseth/.m2/repository/org/seleniumhq/selenium/selenium-http/4.6.0/selenium-http-4.6.0.jar:/Users/debasishpruseth/.m2/repository/dev/failsafe/failsafe/3.3.0/failsafe-3.3.0.jar:/Users/debasishpruseth/.m2/repository/org/seleniumhq/selenium/selenium-json/4.6.0/selenium-json-4.6.0.jar:/Users/debasishpruseth/.m2/repository/org/seleniumhq/selenium/selenium-manager/4.6.0/selenium-manager-4.6.0.jar:/Users/debasishpruseth/.m2/repository/io/appium/java-client/8.2.0/java-client-8.2.0.jar:/Users/debasishpruseth/.m2/repository/org/seleniumhq/selenium/selenium-support/4.24.0/selenium-support-4.24.0.jar:/Users/debasishpruseth/.m2/repository/com/google/code/gson/gson/2.9.1/gson-2.9.1.jar:/Users/debasishpruseth/.m2/repository/commons-codec/commons-codec/1.15/commons-codec-1.15.jar:/Users/debasishpruseth/.m2/repository/cglib/cglib/3.3.0/cglib-3.3.0.jar:/Users/debasishpruseth/.m2/repository/org/ow2/asm/asm/7.1/asm-7.1.jar:/Users/debasishpruseth/.m2/repository/commons-validator/commons-validator/1.7/commons-validator-1.7.jar:/Users/debasishpruseth/.m2/repository/commons-beanutils/commons-beanutils/1.9.4/commons-beanutils-1.9.4.jar:/Users/debasishpruseth/.m2/repository/commons-digester/commons-digester/2.1/commons-digester-2.1.jar:/Users/debasishpruseth/.m2/repository/commons-logging/commons-logging/1.2/commons-logging-1.2.jar:/Users/debasishpruseth/.m2/repository/commons-collections/commons-collections/3.2.2/commons-collections-3.2.2.jar:/Users/debasishpruseth/.m2/repository/commons-io/commons-io/2.11.0/commons-io-2.11.0.jar:/Users/debasishpruseth/.m2/repository/org/apache/commons/commons-lang3/3.12.0/commons-lang3-3.12.0.jar:/Users/debasishpruseth/.m2/repository/org/slf4j/slf4j-simple/1.7.30/slf4j-simple-1.7.30.jar:"/>
    <property name="java.vm.vendor" value="Oracle Corporation"/>
    <property name="sun.arch.data.model" value="64"/>
    <property name="java.vendor.url" value="https://java.oracle.com/"/>
    <property name="user.timezone" value="Asia/Kolkata"/>
    <property name="os.name" value="Mac OS X"/>
    <property name="java.vm.specification.version" value="22"/>
    <property name="sun.java.launcher" value="SUN_STANDARD"/>
    <property name="user.country" value="IN"/>
    <property name="sun.boot.library.path" value="/Users/debasishpruseth/Library/Java/JavaVirtualMachines/openjdk-22.0.1/Contents/Home/lib"/>
    <property name="sun.java.command" value="/Users/debasishpruseth/eclipse-workspace/MobileAutomation/target/surefire/surefirebooter-20240901194330084_3.jar /Users/debasishpruseth/eclipse-workspace/MobileAutomation/target/surefire 2024-09-01T19-43-30_039-jvmRun1 surefire-20240901194330084_1tmp surefire_0-20240901194330084_2tmp"/>
    <property name="http.nonProxyHosts" value="local|*.local|169.254/16|*.169.254/16"/>
    <property name="jdk.debug" value="release"/>
    <property name="surefire.test.class.path" value="/Users/debasishpruseth/eclipse-workspace/MobileAutomation/target/test-classes:/Users/debasishpruseth/eclipse-workspace/MobileAutomation/target/classes:/Users/debasishpruseth/.m2/repository/org/testng/testng/7.10.2/testng-7.10.2.jar:/Users/debasishpruseth/.m2/repository/org/slf4j/slf4j-api/1.7.36/slf4j-api-1.7.36.jar:/Users/debasishpruseth/.m2/repository/com/beust/jcommander/1.82/jcommander-1.82.jar:/Users/debasishpruseth/.m2/repository/org/webjars/jquery/3.7.1/jquery-3.7.1.jar:/Users/debasishpruseth/.m2/repository/net/sourceforge/jexcelapi/jxl/2.6/jxl-2.6.jar:/Users/debasishpruseth/.m2/repository/org/seleniumhq/selenium/selenium-api/4.6.0/selenium-api-4.6.0.jar:/Users/debasishpruseth/.m2/repository/org/seleniumhq/selenium/selenium-remote-driver/4.6.0/selenium-remote-driver-4.6.0.jar:/Users/debasishpruseth/.m2/repository/com/google/auto/service/auto-service-annotations/1.0.1/auto-service-annotations-1.0.1.jar:/Users/debasishpruseth/.m2/repository/com/google/auto/service/auto-service/1.0.1/auto-service-1.0.1.jar:/Users/debasishpruseth/.m2/repository/com/google/auto/auto-common/1.2/auto-common-1.2.jar:/Users/debasishpruseth/.m2/repository/com/google/guava/guava/31.1-jre/guava-31.1-jre.jar:/Users/debasishpruseth/.m2/repository/com/google/guava/failureaccess/1.0.1/failureaccess-1.0.1.jar:/Users/debasishpruseth/.m2/repository/com/google/guava/listenablefuture/9999.0-empty-to-avoid-conflict-with-guava/listenablefuture-9999.0-empty-to-avoid-conflict-with-guava.jar:/Users/debasishpruseth/.m2/repository/com/google/code/findbugs/jsr305/3.0.2/jsr305-3.0.2.jar:/Users/debasishpruseth/.m2/repository/org/checkerframework/checker-qual/3.12.0/checker-qual-3.12.0.jar:/Users/debasishpruseth/.m2/repository/com/google/errorprone/error_prone_annotations/2.11.0/error_prone_annotations-2.11.0.jar:/Users/debasishpruseth/.m2/repository/com/google/j2objc/j2objc-annotations/1.3/j2objc-annotations-1.3.jar:/Users/debasishpruseth/.m2/repository/io/netty/netty-buffer/4.1.84.Final/netty-buffer-4.1.84.Final.jar:/Users/debasishpruseth/.m2/repository/io/netty/netty-codec-http/4.1.84.Final/netty-codec-http-4.1.84.Final.jar:/Users/debasishpruseth/.m2/repository/io/netty/netty-codec/4.1.84.Final/netty-codec-4.1.84.Final.jar:/Users/debasishpruseth/.m2/repository/io/netty/netty-handler/4.1.84.Final/netty-handler-4.1.84.Final.jar:/Users/debasishpruseth/.m2/repository/io/netty/netty-common/4.1.84.Final/netty-common-4.1.84.Final.jar:/Users/debasishpruseth/.m2/repository/io/netty/netty-transport-classes-epoll/4.1.84.Final/netty-transport-classes-epoll-4.1.84.Final.jar:/Users/debasishpruseth/.m2/repository/io/netty/netty-transport-classes-kqueue/4.1.84.Final/netty-transport-classes-kqueue-4.1.84.Final.jar:/Users/debasishpruseth/.m2/repository/io/netty/netty-transport-native-epoll/4.1.84.Final/netty-transport-native-epoll-4.1.84.Final.jar:/Users/debasishpruseth/.m2/repository/io/netty/netty-transport-native-kqueue/4.1.84.Final/netty-transport-native-kqueue-4.1.84.Final.jar:/Users/debasishpruseth/.m2/repository/io/netty/netty-transport-native-unix-common/4.1.84.Final/netty-transport-native-unix-common-4.1.84.Final.jar:/Users/debasishpruseth/.m2/repository/io/netty/netty-transport/4.1.84.Final/netty-transport-4.1.84.Final.jar:/Users/debasishpruseth/.m2/repository/io/netty/netty-resolver/4.1.84.Final/netty-resolver-4.1.84.Final.jar:/Users/debasishpruseth/.m2/repository/io/opentelemetry/opentelemetry-api/1.19.0/opentelemetry-api-1.19.0.jar:/Users/debasishpruseth/.m2/repository/io/opentelemetry/opentelemetry-context/1.19.0/opentelemetry-context-1.19.0.jar:/Users/debasishpruseth/.m2/repository/io/opentelemetry/opentelemetry-exporter-logging/1.19.0/opentelemetry-exporter-logging-1.19.0.jar:/Users/debasishpruseth/.m2/repository/io/opentelemetry/opentelemetry-sdk-metrics/1.19.0/opentelemetry-sdk-metrics-1.19.0.jar:/Users/debasishpruseth/.m2/repository/io/opentelemetry/opentelemetry-sdk-logs/1.19.0-alpha/opentelemetry-sdk-logs-1.19.0-alpha.jar:/Users/debasishpruseth/.m2/repository/io/opentelemetry/opentelemetry-api-logs/1.19.0-alpha/opentelemetry-api-logs-1.19.0-alpha.jar:/Users/debasishpruseth/.m2/repository/io/opentelemetry/opentelemetry-sdk-common/1.19.0/opentelemetry-sdk-common-1.19.0.jar:/Users/debasishpruseth/.m2/repository/io/opentelemetry/opentelemetry-sdk-extension-autoconfigure-spi/1.19.0/opentelemetry-sdk-extension-autoconfigure-spi-1.19.0.jar:/Users/debasishpruseth/.m2/repository/io/opentelemetry/opentelemetry-sdk-extension-autoconfigure/1.19.0-alpha/opentelemetry-sdk-extension-autoconfigure-1.19.0-alpha.jar:/Users/debasishpruseth/.m2/repository/io/opentelemetry/opentelemetry-exporter-common/1.19.0/opentelemetry-exporter-common-1.19.0.jar:/Users/debasishpruseth/.m2/repository/io/opentelemetry/opentelemetry-sdk-trace/1.19.0/opentelemetry-sdk-trace-1.19.0.jar:/Users/debasishpruseth/.m2/repository/io/opentelemetry/opentelemetry-sdk/1.19.0/opentelemetry-sdk-1.19.0.jar:/Users/debasishpruseth/.m2/repository/io/opentelemetry/opentelemetry-semconv/1.19.0-alpha/opentelemetry-semconv-1.19.0-alpha.jar:/Users/debasishpruseth/.m2/repository/io/ous/jtoml/2.0.0/jtoml-2.0.0.jar:/Users/debasishpruseth/.m2/repository/net/bytebuddy/byte-buddy/1.12.18/byte-buddy-1.12.18.jar:/Users/debasishpruseth/.m2/repository/org/apache/commons/commons-exec/1.3/commons-exec-1.3.jar:/Users/debasishpruseth/.m2/repository/org/asynchttpclient/async-http-client/2.12.3/async-http-client-2.12.3.jar:/Users/debasishpruseth/.m2/repository/org/asynchttpclient/async-http-client-netty-utils/2.12.3/async-http-client-netty-utils-2.12.3.jar:/Users/debasishpruseth/.m2/repository/io/netty/netty-codec-socks/4.1.60.Final/netty-codec-socks-4.1.60.Final.jar:/Users/debasishpruseth/.m2/repository/io/netty/netty-handler-proxy/4.1.60.Final/netty-handler-proxy-4.1.60.Final.jar:/Users/debasishpruseth/.m2/repository/io/netty/netty-transport-native-epoll/4.1.60.Final/netty-transport-native-epoll-4.1.60.Final-linux-x86_64.jar:/Users/debasishpruseth/.m2/repository/io/netty/netty-transport-native-kqueue/4.1.60.Final/netty-transport-native-kqueue-4.1.60.Final-osx-x86_64.jar:/Users/debasishpruseth/.m2/repository/org/reactivestreams/reactive-streams/1.0.3/reactive-streams-1.0.3.jar:/Users/debasishpruseth/.m2/repository/com/typesafe/netty/netty-reactive-streams/2.0.4/netty-reactive-streams-2.0.4.jar:/Users/debasishpruseth/.m2/repository/com/sun/activation/jakarta.activation/1.2.2/jakarta.activation-1.2.2.jar:/Users/debasishpruseth/.m2/repository/org/seleniumhq/selenium/selenium-http/4.6.0/selenium-http-4.6.0.jar:/Users/debasishpruseth/.m2/repository/dev/failsafe/failsafe/3.3.0/failsafe-3.3.0.jar:/Users/debasishpruseth/.m2/repository/org/seleniumhq/selenium/selenium-json/4.6.0/selenium-json-4.6.0.jar:/Users/debasishpruseth/.m2/repository/org/seleniumhq/selenium/selenium-manager/4.6.0/selenium-manager-4.6.0.jar:/Users/debasishpruseth/.m2/repository/io/appium/java-client/8.2.0/java-client-8.2.0.jar:/Users/debasishpruseth/.m2/repository/org/seleniumhq/selenium/selenium-support/4.24.0/selenium-support-4.24.0.jar:/Users/debasishpruseth/.m2/repository/com/google/code/gson/gson/2.9.1/gson-2.9.1.jar:/Users/debasishpruseth/.m2/repository/commons-codec/commons-codec/1.15/commons-codec-1.15.jar:/Users/debasishpruseth/.m2/repository/cglib/cglib/3.3.0/cglib-3.3.0.jar:/Users/debasishpruseth/.m2/repository/org/ow2/asm/asm/7.1/asm-7.1.jar:/Users/debasishpruseth/.m2/repository/commons-validator/commons-validator/1.7/commons-validator-1.7.jar:/Users/debasishpruseth/.m2/repository/commons-beanutils/commons-beanutils/1.9.4/commons-beanutils-1.9.4.jar:/Users/debasishpruseth/.m2/repository/commons-digester/commons-digester/2.1/commons-digester-2.1.jar:/Users/debasishpruseth/.m2/repository/commons-logging/commons-logging/1.2/commons-logging-1.2.jar:/Users/debasishpruseth/.m2/repository/commons-collections/commons-collections/3.2.2/commons-collections-3.2.2.jar:/Users/debasishpruseth/.m2/repository/commons-io/commons-io/2.11.0/commons-io-2.11.0.jar:/Users/debasishpruseth/.m2/repository/org/apache/commons/commons-lang3/3.12.0/commons-lang3-3.12.0.jar:/Users/debasishpruseth/.m2/repository/org/slf4j/slf4j-simple/1.7.30/slf4j-simple-1.7.30.jar:"/>
    <property name="sun.cpu.endian" value="little"/>
    <property name="user.home" value="/Users/debasishpruseth"/>
    <property name="user.language" value="en"/>
    <property name="java.specification.vendor" value="Oracle Corporation"/>
    <property name="java.version.date" value="2024-04-16"/>
    <property name="java.home" value="/Users/debasishpruseth/Library/Java/JavaVirtualMachines/openjdk-22.0.1/Contents/Home"/>
    <property name="file.separator" value="/"/>
    <property name="basedir" value="/Users/debasishpruseth/eclipse-workspace/MobileAutomation"/>
    <property name="java.vm.compressedOopsMode" value="Zero based"/>
    <property name="line.separator" value="&#10;"/>
    <property name="java.vm.specification.vendor" value="Oracle Corporation"/>
    <property name="java.specification.name" value="Java Platform API Specification"/>
    <property name="apple.awt.application.name" value="ForkedBooter"/>
    <property name="surefire.real.class.path" value="/Users/debasishpruseth/eclipse-workspace/MobileAutomation/target/surefire/surefirebooter-20240901194330084_3.jar"/>
    <property name="sun.management.compiler" value="HotSpot 64-Bit Tiered Compilers"/>
    <property name="ftp.nonProxyHosts" value="local|*.local|169.254/16|*.169.254/16"/>
    <property name="java.runtime.version" value="22.0.1+8-16"/>
    <property name="user.name" value="debasishpruseth"/>
    <property name="stdout.encoding" value="UTF-8"/>
    <property name="path.separator" value=":"/>
    <property name="os.version" value="14.6.1"/>
    <property name="java.runtime.name" value="OpenJDK Runtime Environment"/>
    <property name="file.encoding" value="UTF-8"/>
    <property name="java.vm.name" value="OpenJDK 64-Bit Server VM"/>
    <property name="localRepository" value="/Users/debasishpruseth/.m2/repository"/>
    <property name="java.vendor.url.bug" value="https://bugreport.java.com/bugreport/"/>
    <property name="java.io.tmpdir" value="/var/folders/yw/64mq6cx54mqc3fjqp5ytzh340000gn/T/"/>
    <property name="java.version" value="22.0.1"/>
    <property name="user.dir" value="/Users/debasishpruseth/eclipse-workspace/MobileAutomation"/>
    <property name="os.arch" value="aarch64"/>
    <property name="java.vm.specification.name" value="Java Virtual Machine Specification"/>
    <property name="native.encoding" value="UTF-8"/>
    <property name="java.library.path" value="/Users/debasishpruseth/Library/Java/Extensions:/Library/Java/Extensions:/Network/Library/Java/Extensions:/System/Library/Java/Extensions:/usr/lib/java:."/>
    <property name="java.vm.info" value="mixed mode, sharing"/>
    <property name="stderr.encoding" value="UTF-8"/>
    <property name="java.vendor" value="Oracle Corporation"/>
    <property name="java.vm.version" value="22.0.1+8-16"/>
    <property name="sun.io.unicode.encoding" value="UnicodeBig"/>
    <property name="socksNonProxyHosts" value="local|*.local|169.254/16|*.169.254/16"/>
    <property name="java.class.version" value="66.0"/>
  </properties>
  <testcase name="addtoCart" classname="in.debasish.generalStore.TC10_GeneralStoreAppTest" time="33.935">
    <system-out><![CDATA[&amp#27;[35m[Appium]&amp#27;[39m Welcome to Appium v2.5.4 (REV abc0584215659c5a8716d0798ea2801388d01368)
&amp#27;[35m[Appium]&amp#27;[39m Non-default server args:
&amp#27;[35m[Appium]&amp#27;[39m { port: &amp#27;[33m4722&amp#27;[39m }
&amp#27;[35m[Appium]&amp#27;[39m The autodetected Appium home path: /Users/debasishpruseth/.appium
&amp#27;[35m[Appium]&amp#27;[39m Attempting to load driver uiautomator2...
&amp#27;[35m[Appium]&amp#27;[39m Attempting to load driver xcuitest...
&amp#27;[35m[Appium]&amp#27;[39m Requiring driver at /Users/debasishpruseth/.appium/node_modules/appium-uiautomator2-driver/build/index.js
&amp#27;[35m[Appium]&amp#27;[39m Requiring driver at /Users/debasishpruseth/.appium/node_modules/appium-xcuitest-driver/build/index.js
&amp#27;[35m[Appium]&amp#27;[39m AndroidUiautomator2Driver has been successfully loaded in 1.557s
&amp#27;[35m[Appium]&amp#27;[39m XCUITestDriver has been successfully loaded in 1.557s
&amp#27;[35m[Appium]&amp#27;[39m Appium REST http interface listener started on http://0.0.0.0:4722
&amp#27;[35m[Appium]&amp#27;[39m You can provide the following URLs in your client code to connect to this server:
&amp#27;[35m[Appium]&amp#27;[39m 	http://127.0.0.1:4722/ (only accessible from the same host)
&amp#27;[35m[Appium]&amp#27;[39m 	http://192.168.0.102:4722/
&amp#27;[35m[Appium]&amp#27;[39m Available drivers:
&amp#27;[35m[Appium]&amp#27;[39m   - uiautomator2@3.7.3 (automationName 'UiAutomator2')
&amp#27;[35m[Appium]&amp#27;[39m   - xcuitest@7.24.12 (automationName 'XCUITest')
&amp#27;[35m[Appium]&amp#27;[39m No plugins have been installed. Use the "appium plugin" command to install the one(s) you want to use.
&amp#27;[38;5;0m[HTTP]&amp#27;[0m &amp#27;[37m-->&amp#27;[39m &amp#27;[37mGET&amp#27;[39m &amp#27;[37m/status&amp#27;[39m
&amp#27;[38;5;0m[HTTP]&amp#27;[0m &amp#27;[90m{}&amp#27;[39m
&amp#27;[38;5;16m[AppiumDriver@39e8]&amp#27;[0m Calling AppiumDriver.getStatus() with args: []
&amp#27;[38;5;16m[AppiumDriver@39e8]&amp#27;[0m Responding to client with driver.getStatus() result: {"ready":true,"message":"The server is ready to accept new connections","build":{"version":"2.5.4","git-sha":"abc0584215659c5a8716d0798ea2801388d01368","built":"2024-08-26 09:35:52 +0100"}}
&amp#27;[38;5;0m[HTTP]&amp#27;[0m &amp#27;[37m<-- GET /status &amp#27;[39m&amp#27;[32m200&amp#27;[39m &amp#27;[90m6 ms - 199&amp#27;[39m
&amp#27;[38;5;0m[HTTP]&amp#27;[0m &amp#27;[90m&amp#27;[39m
&amp#27;[38;5;0m[HTTP]&amp#27;[0m Request idempotency key: 7b71271a-acb6-433d-a541-a6b58c46ab91
&amp#27;[38;5;0m[HTTP]&amp#27;[0m &amp#27;[37m-->&amp#27;[39m &amp#27;[37mPOST&amp#27;[39m &amp#27;[37m/session&amp#27;[39m
&amp#27;[38;5;0m[HTTP]&amp#27;[0m &amp#27;[90m{"capabilities":{"firstMatch":[{}],"alwaysMatch":{"appium:app":"/Users/debasishpruseth/Downloads/General-Store.apk","appium:automationName":"UIAutomator2","appium:deviceName":"emulator-5554","platformName":"android"}}}&amp#27;[39m
&amp#27;[38;5;16m[AppiumDriver@39e8]&amp#27;[0m Calling AppiumDriver.createSession() with args: [null,null,{"firstMatch":[{}],"alwaysMatch":{"appium:app":"/Users/debasishpruseth/Downloads/General-Store.apk","appium:automationName":"UIAutomator2","appium:deviceName":"emulator-5554","platformName":"android"}}]
&amp#27;[38;5;16m[AppiumDriver@39e8]&amp#27;[0m Event 'newSessionRequested' logged at 1725200013478 (19:43:33 GMT+0530 (India Standard Time))
&amp#27;[35m[Appium]&amp#27;[39m Attempting to find matching driver for automationName 'UIAutomator2' and platformName 'android'
&amp#27;[35m[Appium]&amp#27;[39m The 'uiautomator2' driver was installed and matched caps.
&amp#27;[35m[Appium]&amp#27;[39m Will require it at /Users/debasishpruseth/.appium/node_modules/appium-uiautomator2-driver
&amp#27;[35m[Appium]&amp#27;[39m Requiring driver at /Users/debasishpruseth/.appium/node_modules/appium-uiautomator2-driver/build/index.js
&amp#27;[38;5;16m[AppiumDriver@39e8]&amp#27;[0m Appium v2.5.4 creating new AndroidUiautomator2Driver (v3.7.3) session
&amp#27;[38;5;16m[AppiumDriver@39e8]&amp#27;[0m Checking BaseDriver versions for Appium and AndroidUiautomator2Driver
&amp#27;[38;5;16m[AppiumDriver@39e8]&amp#27;[0m Appium's BaseDriver version is 9.6.0
&amp#27;[38;5;16m[AppiumDriver@39e8]&amp#27;[0m AndroidUiautomator2Driver's BaseDriver version is 9.11.2
&amp#27;[38;5;32m[AndroidUiautomator2Driver@8c4f]&amp#27;[0m 
&amp#27;[38;5;32m[AndroidUiautomator2Driver@8c4f]&amp#27;[0m Creating session with W3C capabilities: {
  "alwaysMatch": {
    "platformName": "android",
    "appium:app": "/Users/debasishpruseth/Downloads/General-Store.apk",
    "appium:automationName": "UIAutomator2",
    "appium:deviceName": "emulator-5554"
  },
  "firstMatch": [
    {}
  ]
}
&amp#27;[38;5;32m[AndroidUiautomator2Driver@8c4f]&amp#27;[0m Session created with session id: 394c1628-da4c-42d6-874f-fc301c25e633
&amp#27;[38;5;48m[ADB]&amp#27;[0m Found 2 'build-tools' folders under '/Users/debasishpruseth/Library/Java/JavaVirtualMachines/openjdk-22.0.1-1/Contents/Home' (newest first):
&amp#27;[38;5;48m[ADB]&amp#27;[0m     /Users/debasishpruseth/Library/Java/JavaVirtualMachines/openjdk-22.0.1-1/Contents/Home/build-tools/35.0.0
&amp#27;[38;5;48m[ADB]&amp#27;[0m     /Users/debasishpruseth/Library/Java/JavaVirtualMachines/openjdk-22.0.1-1/Contents/Home/build-tools/34.0.0
&amp#27;[38;5;48m[ADB]&amp#27;[0m Using 'adb' from '/Users/debasishpruseth/Library/Java/JavaVirtualMachines/openjdk-22.0.1-1/Contents/Home/platform-tools/adb'
&amp#27;[38;5;48m[ADB]&amp#27;[0m Running '/Users/debasishpruseth/Library/Java/JavaVirtualMachines/openjdk-22.0.1-1/Contents/Home/platform-tools/adb -P 5037 start-server'
&amp#27;[38;5;32m[AndroidUiautomator2Driver@8c4f]&amp#27;[0m Retrieving device list
&amp#27;[38;5;48m[ADB]&amp#27;[0m Trying to find connected Android devices
&amp#27;[38;5;48m[ADB]&amp#27;[0m Getting connected devices
&amp#27;[38;5;48m[ADB]&amp#27;[0m Connected devices: [{"udid":"emulator-5554","state":"device"}]
&amp#27;[38;5;32m[AndroidUiautomator2Driver@8c4f]&amp#27;[0m Using device: emulator-5554
&amp#27;[38;5;48m[ADB]&amp#27;[0m Using 'adb' from '/Users/debasishpruseth/Library/Java/JavaVirtualMachines/openjdk-22.0.1-1/Contents/Home/platform-tools/adb'
&amp#27;[38;5;48m[ADB]&amp#27;[0m Running '/Users/debasishpruseth/Library/Java/JavaVirtualMachines/openjdk-22.0.1-1/Contents/Home/platform-tools/adb -P 5037 start-server'
&amp#27;[38;5;48m[ADB]&amp#27;[0m Setting device id to emulator-5554
&amp#27;[38;5;64m[BaseDriver]&amp#27;[0m Using local app '/Users/debasishpruseth/Downloads/General-Store.apk'
&amp#27;[38;5;32m[AndroidUiautomator2Driver@8c4f]&amp#27;[0m Checking whether app is actually present
&amp#27;[38;5;48m[ADB]&amp#27;[0m Running '/Users/debasishpruseth/Library/Java/JavaVirtualMachines/openjdk-22.0.1-1/Contents/Home/platform-tools/adb -P 5037 -s emulator-5554 shell getprop ro.build.version.sdk'
&amp#27;[38;5;48m[ADB]&amp#27;[0m Current device property 'ro.build.version.sdk': 35
&amp#27;[38;5;48m[ADB]&amp#27;[0m Getting device platform version
&amp#27;[38;5;48m[ADB]&amp#27;[0m Running '/Users/debasishpruseth/Library/Java/JavaVirtualMachines/openjdk-22.0.1-1/Contents/Home/platform-tools/adb -P 5037 -s emulator-5554 shell getprop ro.build.version.release'
&amp#27;[38;5;48m[ADB]&amp#27;[0m Current device property 'ro.build.version.release': 15
&amp#27;[38;5;48m[ADB]&amp#27;[0m Device API level: 35
&amp#27;[38;5;32m[AndroidUiautomator2Driver@8c4f]&amp#27;[0m Relaxing hidden api policy
&amp#27;[38;5;48m[ADB]&amp#27;[0m Running '/Users/debasishpruseth/Library/Java/JavaVirtualMachines/openjdk-22.0.1-1/Contents/Home/platform-tools/adb -P 5037 -s emulator-5554 shell 'settings put global hidden_api_policy_pre_p_apps 1;settings put global hidden_api_policy_p_apps 1;settings put global hidden_api_policy 1''
&amp#27;[38;5;32m[AndroidUiautomator2Driver@8c4f]&amp#27;[0m Parsing package and activity from app manifest
&amp#27;[38;5;48m[ADB]&amp#27;[0m Running '/Users/debasishpruseth/Library/Java/JavaVirtualMachines/openjdk-22.0.1-1/Contents/Home/platform-tools/adb -P 5037 -s emulator-5554 wait-for-device'
&amp#27;[38;5;48m[ADB]&amp#27;[0m Using 'aapt2' from '/Users/debasishpruseth/Library/Java/JavaVirtualMachines/openjdk-22.0.1-1/Contents/Home/build-tools/35.0.0/aapt2'
&amp#27;[38;5;48m[ADB]&amp#27;[0m Reading package manifest: '/Users/debasishpruseth/Library/Java/JavaVirtualMachines/openjdk-22.0.1-1/Contents/Home/build-tools/35.0.0/aapt2 dump badging /Users/debasishpruseth/Downloads/General-Store.apk'
&amp#27;[38;5;48m[ADB]&amp#27;[0m Running '/Users/debasishpruseth/Library/Java/JavaVirtualMachines/openjdk-22.0.1-1/Contents/Home/platform-tools/adb -P 5037 -s emulator-5554 shell echo ping'
&amp#27;[38;5;48m[ADB]&amp#27;[0m Package name: 'com.androidsample.generalstore'
&amp#27;[38;5;48m[ADB]&amp#27;[0m Main activity name: 'com.androidsample.generalstore.SplashActivity'
&amp#27;[38;5;32m[AndroidUiautomator2Driver@8c4f]&amp#27;[0m Parsed package and activity are: com.androidsample.generalstore/com.androidsample.generalstore.SplashActivity
&amp#27;[38;5;32m[AndroidUiautomator2Driver@8c4f]&amp#27;[0m Pushing settings apk to the device...
&amp#27;[38;5;48m[ADB]&amp#27;[0m Getting package info for 'io.appium.settings'
&amp#27;[38;5;48m[ADB]&amp#27;[0m Running '/Users/debasishpruseth/Library/Java/JavaVirtualMachines/openjdk-22.0.1-1/Contents/Home/platform-tools/adb -P 5037 -s emulator-5554 shell dumpsys package io.appium.settings'
&amp#27;[38;5;48m[ADB]&amp#27;[0m Reading package manifest: '/Users/debasishpruseth/Library/Java/JavaVirtualMachines/openjdk-22.0.1-1/Contents/Home/build-tools/35.0.0/aapt2 dump badging /Users/debasishpruseth/.appium/node_modules/appium-uiautomator2-driver/node_modules/io.appium.settings/apks/settings_apk-debug.apk'
&amp#27;[38;5;48m[ADB]&amp#27;[0m The version name of the installed 'io.appium.settings' is greater or equal to the application version name ('5.12.6' >= '5.12.6')
&amp#27;[38;5;48m[ADB]&amp#27;[0m There is no need to install/upgrade '/Users/debasishpruseth/.appium/node_modules/appium-uiautomator2-driver/node_modules/io.appium.settings/apks/settings_apk-debug.apk'
&amp#27;[38;5;48m[ADB]&amp#27;[0m Running '/Users/debasishpruseth/Library/Java/JavaVirtualMachines/openjdk-22.0.1-1/Contents/Home/platform-tools/adb -P 5037 -s emulator-5554 shell dumpsys activity services io.appium.settings'
&amp#27;[38;5;32m[AndroidUiautomator2Driver@8c4f]&amp#27;[0m io.appium.settings is already running. There is no need to reset its permissions.
&amp#27;[38;5;80m[Logcat]&amp#27;[0m Starting logs capture with command: /Users/debasishpruseth/Library/Java/JavaVirtualMachines/openjdk-22.0.1-1/Contents/Home/platform-tools/adb -P 5037 -s emulator-5554 logcat -v threadtime
&amp#27;[38;5;32m[AndroidUiautomator2Driver@8c4f]&amp#27;[0m Forwarding UiAutomator2 Server port 6790 to local port 8200
&amp#27;[38;5;48m[ADB]&amp#27;[0m Forwarding system: 8200 to device: 6790
&amp#27;[38;5;48m[ADB]&amp#27;[0m Running '/Users/debasishpruseth/Library/Java/JavaVirtualMachines/openjdk-22.0.1-1/Contents/Home/platform-tools/adb -P 5037 -s emulator-5554 forward tcp:8200 tcp:6790'
&amp#27;[38;5;48m[ADB]&amp#27;[0m Getting package info for 'io.appium.uiautomator2.server'
&amp#27;[38;5;48m[ADB]&amp#27;[0m Running '/Users/debasishpruseth/Library/Java/JavaVirtualMachines/openjdk-22.0.1-1/Contents/Home/platform-tools/adb -P 5037 -s emulator-5554 shell dumpsys package io.appium.uiautomator2.server'
&amp#27;[38;5;48m[ADB]&amp#27;[0m Getting install status for io.appium.uiautomator2.server.test
&amp#27;[38;5;48m[ADB]&amp#27;[0m Checking app cert for /Users/debasishpruseth/Downloads/General-Store.apk
&amp#27;[38;5;48m[ADB]&amp#27;[0m Running '/Users/debasishpruseth/Library/Java/JavaVirtualMachines/openjdk-22.0.1-1/Contents/Home/platform-tools/adb -P 5037 -s emulator-5554 shell cmd package list packages'
&amp#27;[38;5;48m[ADB]&amp#27;[0m Using 'apksigner.jar' from '/Users/debasishpruseth/Library/Java/JavaVirtualMachines/openjdk-22.0.1-1/Contents/Home/build-tools/35.0.0/lib/apksigner.jar'
&amp#27;[38;5;48m[ADB]&amp#27;[0m Starting apksigner: /Users/debasishpruseth/Library/Java/JavaVirtualMachines/openjdk-22.0.1/Contents/Home/bin/java -Xmx1024M -Xss1m -jar /Users/debasishpruseth/Library/Java/JavaVirtualMachines/openjdk-22.0.1-1/Contents/Home/build-tools/35.0.0/lib/apksigner.jar verify --print-certs /Users/debasishpruseth/Downloads/General-Store.apk
&amp#27;[38;5;48m[ADB]&amp#27;[0m Reading package manifest: '/Users/debasishpruseth/Library/Java/JavaVirtualMachines/openjdk-22.0.1-1/Contents/Home/build-tools/35.0.0/aapt2 dump badging /Users/debasishpruseth/.appium/node_modules/appium-uiautomator2-driver/node_modules/appium-uiautomator2-server/apks/appium-uiautomator2-server-v7.0.20.apk'
&amp#27;[38;5;48m[ADB]&amp#27;[0m 'io.appium.uiautomator2.server.test' is installed
&amp#27;[38;5;48m[ADB]&amp#27;[0m The version name of the installed 'io.appium.uiautomator2.server' is greater or equal to the application version name ('7.0.20' >= '7.0.20')
&amp#27;[38;5;32m[AndroidUiautomator2Driver@8c4f]&amp#27;[0m Server packages status: [{"installState":"sameVersionInstalled","appPath":"/Users/debasishpruseth/.appium/node_modules/appium-uiautomator2-driver/node_modules/appium-uiautomator2-server/apks/appium-uiautomator2-server-v7.0.20.apk","appId":"io.appium.uiautomator2.server"},{"installState":"sameVersionInstalled","appPath":"/Users/debasishpruseth/.appium/node_modules/appium-uiautomator2-driver/node_modules/appium-uiautomator2-server/apks/appium-uiautomator2-server-debug-androidTest.apk","appId":"io.appium.uiautomator2.server.test"}]
&amp#27;[38;5;32m[AndroidUiautomator2Driver@8c4f]&amp#27;[0m Server packages are not going to be (re)installed
&amp#27;[38;5;32m[AndroidUiautomator2Driver@8c4f]&amp#27;[0m Waiting up to 30000ms for services to be available
&amp#27;[38;5;48m[ADB]&amp#27;[0m Running '/Users/debasishpruseth/Library/Java/JavaVirtualMachines/openjdk-22.0.1-1/Contents/Home/platform-tools/adb -P 5037 -s emulator-5554 shell pm list instrumentation'
&amp#27;[38;5;32m[AndroidUiautomator2Driver@8c4f]&amp#27;[0m Instrumentation target 'io.appium.uiautomator2.server.test/androidx.test.runner.AndroidJUnitRunner' is available
&amp#27;[38;5;48m[ADB]&amp#27;[0m Adding packages ["io.appium.settings","io.appium.uiautomator2.server","io.appium.uiautomator2.server.test"] to Doze whitelist
&amp#27;[38;5;48m[ADB]&amp#27;[0m Got the following command chunks to execute: [["dumpsys","deviceidle","whitelist","+io.appium.settings",";","dumpsys","deviceidle","whitelist","+io.appium.uiautomator2.server",";","dumpsys","deviceidle","whitelist","+io.appium.uiautomator2.server.test",";"]]
&amp#27;[38;5;48m[ADB]&amp#27;[0m Running '/Users/debasishpruseth/Library/Java/JavaVirtualMachines/openjdk-22.0.1-1/Contents/Home/platform-tools/adb -P 5037 -s emulator-5554 shell dumpsys deviceidle whitelist +io.appium.settings ; dumpsys deviceidle whitelist +io.appium.uiautomator2.server ; dumpsys deviceidle whitelist +io.appium.uiautomator2.server.test ;'
&amp#27;[38;5;48m[ADB]&amp#27;[0m apksigner stdout: Signer #1 certificate DN: EMAILADDRESS=android@android.com, CN=Android, OU=Android, O=Android, L=Mountain View, ST=California, C=US
Signer #1 certificate SHA-256 digest: a40da80a59d170caa950cf15c18c454d47a39b26989d8b640ecd745ba71bf5dc
Signer #1 certificate SHA-1 digest: 61ed377e85d386a8dfee6b864bd85b0bfaa5af81
Signer #1 certificate MD5 digest: e89b158e4bcf988ebd09eb83f5378e87

&amp#27;[38;5;48m[ADB]&amp#27;[0m sha256 hash did match for 'General-Store.apk'
&amp#27;[38;5;48m[ADB]&amp#27;[0m '/Users/debasishpruseth/Downloads/General-Store.apk' is signed with the default certificate
&amp#27;[38;5;48m[ADB]&amp#27;[0m Getting package info for 'com.androidsample.generalstore'
&amp#27;[38;5;48m[ADB]&amp#27;[0m Running '/Users/debasishpruseth/Library/Java/JavaVirtualMachines/openjdk-22.0.1-1/Contents/Home/platform-tools/adb -P 5037 -s emulator-5554 shell dumpsys package com.androidsample.generalstore'
&amp#27;[38;5;48m[ADB]&amp#27;[0m Reading package manifest: '/Users/debasishpruseth/Library/Java/JavaVirtualMachines/openjdk-22.0.1-1/Contents/Home/build-tools/35.0.0/aapt2 dump badging /Users/debasishpruseth/Downloads/General-Store.apk'
&amp#27;[38;5;48m[ADB]&amp#27;[0m The version name of the installed 'com.androidsample.generalstore' is greater or equal to the application version name ('1.0.0' >= '1.0.0')
&amp#27;[38;5;48m[ADB]&amp#27;[0m There is no need to install/upgrade '/Users/debasishpruseth/Downloads/General-Store.apk'
&amp#27;[38;5;32m[AndroidUiautomator2Driver@8c4f]&amp#27;[0m Performing fast reset on 'com.androidsample.generalstore'
&amp#27;[38;5;48m[ADB]&amp#27;[0m Getting install status for com.androidsample.generalstore
&amp#27;[38;5;48m[ADB]&amp#27;[0m Running '/Users/debasishpruseth/Library/Java/JavaVirtualMachines/openjdk-22.0.1-1/Contents/Home/platform-tools/adb -P 5037 -s emulator-5554 shell cmd package list packages'
&amp#27;[38;5;48m[ADB]&amp#27;[0m 'com.androidsample.generalstore' is installed
&amp#27;[38;5;48m[ADB]&amp#27;[0m Running '/Users/debasishpruseth/Library/Java/JavaVirtualMachines/openjdk-22.0.1-1/Contents/Home/platform-tools/adb -P 5037 -s emulator-5554 shell am force-stop com.androidsample.generalstore'
&amp#27;[38;5;48m[ADB]&amp#27;[0m Running '/Users/debasishpruseth/Library/Java/JavaVirtualMachines/openjdk-22.0.1-1/Contents/Home/platform-tools/adb -P 5037 -s emulator-5554 shell pm clear com.androidsample.generalstore'
&amp#27;[38;5;32m[AndroidUiautomator2Driver@8c4f]&amp#27;[0m Performed fast reset on the installed 'com.androidsample.generalstore' application (stop and clear)
&amp#27;[38;5;32m[AndroidUiautomator2Driver@8c4f]&amp#27;[0m Performing shallow cleanup of automation leftovers
&amp#27;[38;5;32m[AndroidUiautomator2Driver@8c4f]&amp#27;[0m No obsolete sessions have been detected (socket hang up)
&amp#27;[38;5;48m[ADB]&amp#27;[0m Running '/Users/debasishpruseth/Library/Java/JavaVirtualMachines/openjdk-22.0.1-1/Contents/Home/platform-tools/adb -P 5037 -s emulator-5554 shell am force-stop io.appium.uiautomator2.server.test'
&amp#27;[38;5;32m[AndroidUiautomator2Driver@8c4f]&amp#27;[0m Starting UIAutomator2 server 7.0.20
&amp#27;[38;5;32m[AndroidUiautomator2Driver@8c4f]&amp#27;[0m Using UIAutomator2 server from '/Users/debasishpruseth/.appium/node_modules/appium-uiautomator2-driver/node_modules/appium-uiautomator2-server/apks/appium-uiautomator2-server-v7.0.20.apk' and test from '/Users/debasishpruseth/.appium/node_modules/appium-uiautomator2-driver/node_modules/appium-uiautomator2-server/apks/appium-uiautomator2-server-debug-androidTest.apk'
&amp#27;[38;5;32m[AndroidUiautomator2Driver@8c4f]&amp#27;[0m Waiting up to 30000ms for UiAutomator2 to be online...
&amp#27;[38;5;48m[ADB]&amp#27;[0m Creating ADB subprocess with args: ["-P","5037","-s","emulator-5554","shell","am","instrument","-w","-e","disableAnalytics","true","io.appium.uiautomator2.server.test/androidx.test.runner.AndroidJUnitRunner"]
&amp#27;[38;5;32m[AndroidUiautomator2Driver@8c4f]&amp#27;[0m Matched '/status' to command name 'getStatus'
&amp#27;[38;5;32m[AndroidUiautomator2Driver@8c4f]&amp#27;[0m Proxying [GET /status] to [GET http://127.0.0.1:8200/status] with no body
&amp#27;[38;5;32m[AndroidUiautomator2Driver@8c4f]&amp#27;[0m socket hang up
&amp#27;[38;5;32m[AndroidUiautomator2Driver@8c4f]&amp#27;[0m Matched '/status' to command name 'getStatus'
&amp#27;[38;5;32m[AndroidUiautomator2Driver@8c4f]&amp#27;[0m Proxying [GET /status] to [GET http://127.0.0.1:8200/status] with no body
&amp#27;[38;5;32m[AndroidUiautomator2Driver@8c4f]&amp#27;[0m socket hang up
&amp#27;[38;5;32m[AndroidUiautomator2Driver@8c4f]&amp#27;[0m [Instrumentation] 
&amp#27;[38;5;32m[AndroidUiautomator2Driver@8c4f]&amp#27;[0m Matched '/status' to command name 'getStatus'
&amp#27;[38;5;32m[AndroidUiautomator2Driver@8c4f]&amp#27;[0m Proxying [GET /status] to [GET http://127.0.0.1:8200/status] with no body
&amp#27;[38;5;32m[AndroidUiautomator2Driver@8c4f]&amp#27;[0m socket hang up
&amp#27;[38;5;32m[AndroidUiautomator2Driver@8c4f]&amp#27;[0m Matched '/status' to command name 'getStatus'
&amp#27;[38;5;32m[AndroidUiautomator2Driver@8c4f]&amp#27;[0m Proxying [GET /status] to [GET http://127.0.0.1:8200/status] with no body
&amp#27;[38;5;32m[AndroidUiautomator2Driver@8c4f]&amp#27;[0m Got response with status 200: {"sessionId":"None","value":{"message":"UiAutomator2 Server is ready to accept commands","ready":true}}
&amp#27;[38;5;32m[AndroidUiautomator2Driver@8c4f]&amp#27;[0m The initialization of the instrumentation process took 3102ms
&amp#27;[38;5;32m[AndroidUiautomator2Driver@8c4f]&amp#27;[0m Matched '/session' to command name 'createSession'
&amp#27;[38;5;32m[AndroidUiautomator2Driver@8c4f]&amp#27;[0m Proxying [POST /session] to [POST http://127.0.0.1:8200/session] with body: {"capabilities":{"firstMatch":[{"platformName":"android","app":"/Users/debasishpruseth/Downloads/General-Store.apk","automationName":"UIAutomator2","deviceName":"emulator-5554","platform":"LINUX","webStorageEnabled":false,"takesScreenshot":true,"javascriptEnabled":true,"databaseEnabled":false,"networkConnectionEnabled":true,"locationContextEnabled":false,"warnings":{},"desired":{"platformName":"android","app":"/Users/debasishpruseth/Downloads/General-Store.apk","automationName":"UIAutomator2","deviceName":"emulator-5554"},"deviceUDID":"emulator-5554","appPackage":"com.androidsample.generalstore"}],"alwaysMatch":{}}}
&amp#27;[38;5;32m[AndroidUiautomator2Driver@8c4f]&amp#27;[0m Got response with status 200: {"sessionId":"f2a661ed-4107-4490-9918-f8b583caa5fa","value":{"capabilities":{"firstMatch":[{"platformName":"android","app":"/Users/debasishpruseth/Downloads/General-Store.apk","automationName":"UIAutomator2","deviceName":"emulator-5554","platform":"LINUX","webStorageEnabled":false,"takesScreenshot":true,"javascriptEnabled":true,"databaseEnabled":false,"networkConnectionEnabled":true,"locationContextEnabled":false,"warnings":{},"desired":{"platformName":"android","app":"/Users/debasishpruseth/Downloads/General-Store.apk","automationName":"UIAutomator2","deviceName":"emulator-5554"},"deviceUDID":"emulator-5554","appPackage":"com.androidsample.generalstore"}],"alwaysMatch":{}},"sessionId":"f2a661ed-4107-4490-9918-f8b583caa5fa"}}
&amp#27;[38;5;32m[AndroidUiautomator2Driver@8c4f]&amp#27;[0m Determined the downstream protocol as 'W3C'
&amp#27;[38;5;32m[AndroidUiautomator2Driver@8c4f]&amp#27;[0m Proxying [GET /appium/device/pixel_ratio] to [GET http://127.0.0.1:8200/session/f2a661ed-4107-4490-9918-f8b583caa5fa/appium/device/pixel_ratio] with no body
&amp#27;[38;5;32m[AndroidUiautomator2Driver@8c4f]&amp#27;[0m Matched '/appium/device/system_bars' to command name 'getSystemBars'
&amp#27;[38;5;32m[AndroidUiautomator2Driver@8c4f]&amp#27;[0m Proxying [GET /appium/device/system_bars] to [GET http://127.0.0.1:8200/session/f2a661ed-4107-4490-9918-f8b583caa5fa/appium/device/system_bars] with no body
&amp#27;[38;5;32m[AndroidUiautomator2Driver@8c4f]&amp#27;[0m Matched '/window/current/size' to command name 'getWindowSize'
&amp#27;[38;5;32m[AndroidUiautomator2Driver@8c4f]&amp#27;[0m Proxying [GET /window/current/size] to [GET http://127.0.0.1:8200/session/f2a661ed-4107-4490-9918-f8b583caa5fa/window/current/size] with no body
&amp#27;[38;5;32m[AndroidUiautomator2Driver@8c4f]&amp#27;[0m Proxying [GET /appium/device/info] to [GET http://127.0.0.1:8200/session/f2a661ed-4107-4490-9918-f8b583caa5fa/appium/device/info] with no body
&amp#27;[38;5;48m[ADB]&amp#27;[0m Running '/Users/debasishpruseth/Library/Java/JavaVirtualMachines/openjdk-22.0.1-1/Contents/Home/platform-tools/adb -P 5037 -s emulator-5554 shell dumpsys window'
&amp#27;[38;5;48m[ADB]&amp#27;[0m Running '/Users/debasishpruseth/Library/Java/JavaVirtualMachines/openjdk-22.0.1-1/Contents/Home/platform-tools/adb -P 5037 -s emulator-5554 shell dumpsys power'
&amp#27;[38;5;32m[AndroidUiautomator2Driver@8c4f]&amp#27;[0m Got response with status 200: {"sessionId":"f2a661ed-4107-4490-9918-f8b583caa5fa","value":2.625}
&amp#27;[38;5;32m[AndroidUiautomator2Driver@8c4f]&amp#27;[0m Got response with status 200: {"sessionId":"f2a661ed-4107-4490-9918-f8b583caa5fa","value":{"height":2400,"width":1080}}
&amp#27;[38;5;32m[AndroidUiautomator2Driver@8c4f]&amp#27;[0m Got response with status 200: {"sessionId":"f2a661ed-4107-4490-9918-f8b583caa5fa","value":{"statusBar":63}}
&amp#27;[38;5;32m[AndroidUiautomator2Driver@8c4f]&amp#27;[0m Got response with status 200: {"sessionId":"f2a661ed-4107-4490-9918-f8b583caa5fa","value":{"androidId":"78c64d39d54ba055","apiVersion":"35","bluetooth":{"state":"ON"},"brand":"google","carrierName":"T-Mobile","displayDensity":420,"locale":"en_US","manufacturer":"Google","model":"sdk_gphone64_arm64","networks":[{"capabilities":{"SSID":null,"linkDownBandwidthKbps":30000,"linkUpstreamBandwidthKbps":12000,"networkCapabilities":"NET_CAPABILITY_NOT_METERED,NET_CAPABILITY_INTERNET,NET_CAPABILITY_NOT_RESTRICTED,NET_CAPABILITY_TRUSTED,NET_CAPABILITY_NOT_VPN,NET_CAPABILITY_VALIDATED,NET_CAPABILITY_NOT_ROAMING,NET_CAPABILITY_FOREGROUND,NET_CAPABILITY_NOT_CONGESTED,NET_CAPABILITY_NOT_SUSPENDED","signalStrength":-50,"transportTypes":"TRANSPORT_WIFI"},"detailedState":"CONNECTED","extraInfo":"","isAvailable":true,"isConnected":true,"isFailover":false,"isRoaming":false,"state":"CONNECTED","subtype":-1,"subtypeName":"","type":1,"typeName":"WIFI"},{"capabilities":{"SSID":null,"linkDownBandwidthKbps":4300,"linkUpstreamBandwidthKbps":1800,"networkCapabili...
&amp#27;[38;5;32m[AndroidUiautomator2Driver@8c4f]&amp#27;[0m Screen already unlocked, doing nothing
&amp#27;[38;5;32m[AndroidUiautomator2Driver@8c4f]&amp#27;[0m Starting 'com.androidsample.generalstore/com.androidsample.generalstore.SplashActivity and waiting for 'com.androidsample.generalstore/com.androidsample.generalstore.SplashActivity'
&amp#27;[38;5;48m[ADB]&amp#27;[0m Running '/Users/debasishpruseth/Library/Java/JavaVirtualMachines/openjdk-22.0.1-1/Contents/Home/platform-tools/adb -P 5037 -s emulator-5554 shell am start -W -n com.androidsample.generalstore/com.androidsample.generalstore.SplashActivity -S -a android.intent.action.MAIN -c android.intent.category.LAUNCHER -f 0x10200000'
&amp#27;[38;5;48m[ADB]&amp#27;[0m Waiting up to 20000ms for activity matching pkg: 'com.androidsample.generalstore' and activity: 'com.androidsample.generalstore.SplashActivity' to be focused
&amp#27;[38;5;48m[ADB]&amp#27;[0m Possible activities, to be checked: 'com.androidsample.generalstore.SplashActivity', 'com.androidsample.generalstore.com.androidsample.generalstore.SplashActivity'
&amp#27;[38;5;48m[ADB]&amp#27;[0m Getting focused package and activity
&amp#27;[38;5;48m[ADB]&amp#27;[0m Running '/Users/debasishpruseth/Library/Java/JavaVirtualMachines/openjdk-22.0.1-1/Contents/Home/platform-tools/adb -P 5037 -s emulator-5554 shell dumpsys window displays'
&amp#27;[38;5;48m[ADB]&amp#27;[0m Found package: 'com.androidsample.generalstore' and fully qualified activity name : 'com.androidsample.generalstore.SplashActivity'
&amp#27;[38;5;16m[AppiumDriver@39e8]&amp#27;[0m New AndroidUiautomator2Driver session created successfully, session 394c1628-da4c-42d6-874f-fc301c25e633 added to master session list
&amp#27;[38;5;16m[AppiumDriver@39e8]&amp#27;[0m Event 'newSessionStarted' logged at 1725200019763 (19:43:39 GMT+0530 (India Standard Time))
&amp#27;[38;5;32m[AndroidUiautomator2Driver@8c4f]&amp#27;[0m Cached the protocol value 'W3C' for the new session 394c1628-da4c-42d6-874f-fc301c25e633
&amp#27;[38;5;32m[AndroidUiautomator2Driver@8c4f]&amp#27;[0m Responding to client with driver.createSession() result: {"capabilities":{"platformName":"android","app":"/Users/debasishpruseth/Downloads/General-Store.apk","automationName":"UIAutomator2","deviceName":"emulator-5554","platform":"LINUX","webStorageEnabled":false,"takesScreenshot":true,"javascriptEnabled":true,"databaseEnabled":false,"networkConnectionEnabled":true,"locationContextEnabled":false,"warnings":{},"desired":{"platformName":"android","app":"/Users/debasishpruseth/Downloads/General-Store.apk","automationName":"UIAutomator2","deviceName":"emulator-5554"},"deviceUDID":"emulator-5554","appPackage":"com.androidsample.generalstore","pixelRatio":"2.625","statBarHeight":63,"viewportRect":{"left":0,"top":63,"width":1080,"height":2337},"deviceApiLevel":35,"platformVersion":"15","deviceManufacturer":"Google","deviceModel":"sdk_gphone64_arm64","deviceScreenSize":"1080x2400","deviceScreenDensity":420}}
&amp#27;[38;5;0m[HTTP]&amp#27;[0m &amp#27;[37m<-- POST /session &amp#27;[39m&amp#27;[32m200&amp#27;[39m &amp#27;[90m6288 ms - 917&amp#27;[39m
&amp#27;[38;5;0m[HTTP]&amp#27;[0m &amp#27;[90m&amp#27;[39m
&amp#27;[38;5;0m[HTTP]&amp#27;[0m &amp#27;[37m-->&amp#27;[39m &amp#27;[37mPOST&amp#27;[39m &amp#27;[37m/session/394c1628-da4c-42d6-874f-fc301c25e633/timeouts&amp#27;[39m
&amp#27;[38;5;0m[HTTP]&amp#27;[0m &amp#27;[90m{"implicit":30000}&amp#27;[39m
&amp#27;[38;5;32m[AndroidUiautomator2Driver@8c4f]&amp#27;[0m Calling AppiumDriver.timeouts() with args: [null,null,null,null,30000,"394c1628-da4c-42d6-874f-fc301c25e633"]
&amp#27;[38;5;32m[AndroidUiautomator2Driver@8c4f]&amp#27;[0m W3C timeout argument: {"implicit":30000}}
&amp#27;[38;5;32m[AndroidUiautomator2Driver@8c4f]&amp#27;[0m Set implicit wait to 30000ms
&amp#27;[38;5;32m[AndroidUiautomator2Driver@8c4f]&amp#27;[0m Responding to client with driver.timeouts() result: null
&amp#27;[38;5;0m[HTTP]&amp#27;[0m &amp#27;[37m<-- POST /session/394c1628-da4c-42d6-874f-fc301c25e633/timeouts &amp#27;[39m&amp#27;[32m200&amp#27;[39m &amp#27;[90m3 ms - 14&amp#27;[39m
&amp#27;[38;5;0m[HTTP]&amp#27;[0m &amp#27;[90m&amp#27;[39m
&amp#27;[38;5;0m[HTTP]&amp#27;[0m &amp#27;[37m-->&amp#27;[39m &amp#27;[37mPOST&amp#27;[39m &amp#27;[37m/session/394c1628-da4c-42d6-874f-fc301c25e633/element&amp#27;[39m
&amp#27;[38;5;0m[HTTP]&amp#27;[0m &amp#27;[90m{"using":"id","value":"com.androidsample.generalstore:id/nameField"}&amp#27;[39m
&amp#27;[38;5;32m[AndroidUiautomator2Driver@8c4f]&amp#27;[0m Calling AppiumDriver.findElement() with args: ["id","com.androidsample.generalstore:id/nameField","394c1628-da4c-42d6-874f-fc301c25e633"]
&amp#27;[38;5;32m[AndroidUiautomator2Driver@8c4f]&amp#27;[0m Valid locator strategies for this request: xpath, id, class name, accessibility id, css selector, -android uiautomator
&amp#27;[38;5;32m[AndroidUiautomator2Driver@8c4f]&amp#27;[0m Waiting up to 30000 ms for condition
&amp#27;[38;5;32m[AndroidUiautomator2Driver@8c4f]&amp#27;[0m Matched '/element' to command name 'findElement'
&amp#27;[38;5;32m[AndroidUiautomator2Driver@8c4f]&amp#27;[0m Proxying [POST /element] to [POST http://127.0.0.1:8200/session/f2a661ed-4107-4490-9918-f8b583caa5fa/element] with body: {"strategy":"id","selector":"com.androidsample.generalstore:id/nameField","context":"","multiple":false}
&amp#27;[38;5;32m[AndroidUiautomator2Driver@8c4f]&amp#27;[0m Got response with status 404: {"sessionId":"f2a661ed-4107-4490-9918-f8b583caa5fa","value":{"error":"no such element","message":"An element could not be located on the page using the given search parameters","stacktrace":"io.appium.uiautomator2.common.exceptions.ElementNotFoundException: An element could not be located on the page using the given search parameters\n\tat io.appium.uiautomator2.handler.FindElement.safeHandle(FindElement.java:63)\n\tat io.appium.uiautomator2.handler.request.SafeRequestHandler.handle(SafeRequestHandler.java:59)\n\tat io.appium.uiautomator2.server.AppiumServlet.handleRequest(AppiumServlet.java:259)\n\tat io.appium.uiautomator2.server.AppiumServlet.handleHttpRequest(AppiumServlet.java:253)\n\tat io.appium.uiautomator2.http.ServerHandler.channelRead(ServerHandler.java:77)\n\tat io.netty.channel.AbstractChannelHandlerContext.invokeChannelRead(AbstractChannelHandlerContext.java:366)\n\tat io.netty.channel.AbstractChannelHandlerContext.invokeChannelRead(AbstractChannelHandlerContext.java:352)\n\tat io.netty.chann...
&amp#27;[38;5;96m[W3C]&amp#27;[0m Matched W3C error code 'no such element' to NoSuchElementError
&amp#27;[38;5;32m[AndroidUiautomator2Driver@8c4f]&amp#27;[0m Waited for 616 ms so far
&amp#27;[38;5;32m[AndroidUiautomator2Driver@8c4f]&amp#27;[0m Matched '/element' to command name 'findElement'
&amp#27;[38;5;32m[AndroidUiautomator2Driver@8c4f]&amp#27;[0m Proxying [POST /element] to [POST http://127.0.0.1:8200/session/f2a661ed-4107-4490-9918-f8b583caa5fa/element] with body: {"strategy":"id","selector":"com.androidsample.generalstore:id/nameField","context":"","multiple":false}
&amp#27;[38;5;32m[AndroidUiautomator2Driver@8c4f]&amp#27;[0m Got response with status 404: {"sessionId":"f2a661ed-4107-4490-9918-f8b583caa5fa","value":{"error":"no such element","message":"An element could not be located on the page using the given search parameters","stacktrace":"io.appium.uiautomator2.common.exceptions.ElementNotFoundException: An element could not be located on the page using the given search parameters\n\tat io.appium.uiautomator2.handler.FindElement.safeHandle(FindElement.java:63)\n\tat io.appium.uiautomator2.handler.request.SafeRequestHandler.handle(SafeRequestHandler.java:59)\n\tat io.appium.uiautomator2.server.AppiumServlet.handleRequest(AppiumServlet.java:259)\n\tat io.appium.uiautomator2.server.AppiumServlet.handleHttpRequest(AppiumServlet.java:253)\n\tat io.appium.uiautomator2.http.ServerHandler.channelRead(ServerHandler.java:77)\n\tat io.netty.channel.AbstractChannelHandlerContext.invokeChannelRead(AbstractChannelHandlerContext.java:366)\n\tat io.netty.channel.AbstractChannelHandlerContext.invokeChannelRead(AbstractChannelHandlerContext.java:352)\n\tat io.netty.chann...
&amp#27;[38;5;96m[W3C]&amp#27;[0m Matched W3C error code 'no such element' to NoSuchElementError
&amp#27;[38;5;32m[AndroidUiautomator2Driver@8c4f]&amp#27;[0m Waited for 1160 ms so far
&amp#27;[38;5;32m[AndroidUiautomator2Driver@8c4f]&amp#27;[0m Matched '/element' to command name 'findElement'
&amp#27;[38;5;32m[AndroidUiautomator2Driver@8c4f]&amp#27;[0m Proxying [POST /element] to [POST http://127.0.0.1:8200/session/f2a661ed-4107-4490-9918-f8b583caa5fa/element] with body: {"strategy":"id","selector":"com.androidsample.generalstore:id/nameField","context":"","multiple":false}
&amp#27;[38;5;32m[AndroidUiautomator2Driver@8c4f]&amp#27;[0m Got response with status 404: {"sessionId":"f2a661ed-4107-4490-9918-f8b583caa5fa","value":{"error":"no such element","message":"An element could not be located on the page using the given search parameters","stacktrace":"io.appium.uiautomator2.common.exceptions.ElementNotFoundException: An element could not be located on the page using the given search parameters\n\tat io.appium.uiautomator2.handler.FindElement.safeHandle(FindElement.java:63)\n\tat io.appium.uiautomator2.handler.request.SafeRequestHandler.handle(SafeRequestHandler.java:59)\n\tat io.appium.uiautomator2.server.AppiumServlet.handleRequest(AppiumServlet.java:259)\n\tat io.appium.uiautomator2.server.AppiumServlet.handleHttpRequest(AppiumServlet.java:253)\n\tat io.appium.uiautomator2.http.ServerHandler.channelRead(ServerHandler.java:77)\n\tat io.netty.channel.AbstractChannelHandlerContext.invokeChannelRead(AbstractChannelHandlerContext.java:366)\n\tat io.netty.channel.AbstractChannelHandlerContext.invokeChannelRead(AbstractChannelHandlerContext.java:352)\n\tat io.netty.chann...
&amp#27;[38;5;96m[W3C]&amp#27;[0m Matched W3C error code 'no such element' to NoSuchElementError
&amp#27;[38;5;32m[AndroidUiautomator2Driver@8c4f]&amp#27;[0m Waited for 1697 ms so far
&amp#27;[38;5;32m[AndroidUiautomator2Driver@8c4f]&amp#27;[0m Matched '/element' to command name 'findElement'
&amp#27;[38;5;32m[AndroidUiautomator2Driver@8c4f]&amp#27;[0m Proxying [POST /element] to [POST http://127.0.0.1:8200/session/f2a661ed-4107-4490-9918-f8b583caa5fa/element] with body: {"strategy":"id","selector":"com.androidsample.generalstore:id/nameField","context":"","multiple":false}
&amp#27;[38;5;32m[AndroidUiautomator2Driver@8c4f]&amp#27;[0m Got response with status 404: {"sessionId":"f2a661ed-4107-4490-9918-f8b583caa5fa","value":{"error":"no such element","message":"An element could not be located on the page using the given search parameters","stacktrace":"io.appium.uiautomator2.common.exceptions.ElementNotFoundException: An element could not be located on the page using the given search parameters\n\tat io.appium.uiautomator2.handler.FindElement.safeHandle(FindElement.java:63)\n\tat io.appium.uiautomator2.handler.request.SafeRequestHandler.handle(SafeRequestHandler.java:59)\n\tat io.appium.uiautomator2.server.AppiumServlet.handleRequest(AppiumServlet.java:259)\n\tat io.appium.uiautomator2.server.AppiumServlet.handleHttpRequest(AppiumServlet.java:253)\n\tat io.appium.uiautomator2.http.ServerHandler.channelRead(ServerHandler.java:77)\n\tat io.netty.channel.AbstractChannelHandlerContext.invokeChannelRead(AbstractChannelHandlerContext.java:366)\n\tat io.netty.channel.AbstractChannelHandlerContext.invokeChannelRead(AbstractChannelHandlerContext.java:352)\n\tat io.netty.chann...
&amp#27;[38;5;96m[W3C]&amp#27;[0m Matched W3C error code 'no such element' to NoSuchElementError
&amp#27;[38;5;32m[AndroidUiautomator2Driver@8c4f]&amp#27;[0m Waited for 2218 ms so far
&amp#27;[38;5;32m[AndroidUiautomator2Driver@8c4f]&amp#27;[0m Matched '/element' to command name 'findElement'
&amp#27;[38;5;32m[AndroidUiautomator2Driver@8c4f]&amp#27;[0m Proxying [POST /element] to [POST http://127.0.0.1:8200/session/f2a661ed-4107-4490-9918-f8b583caa5fa/element] with body: {"strategy":"id","selector":"com.androidsample.generalstore:id/nameField","context":"","multiple":false}
&amp#27;[38;5;32m[AndroidUiautomator2Driver@8c4f]&amp#27;[0m Got response with status 200: {"sessionId":"f2a661ed-4107-4490-9918-f8b583caa5fa","value":{"ELEMENT":"00000000-0000-00a7-ffff-ffff0000001c","element-6066-11e4-a52e-4f735466cecf":"00000000-0000-00a7-ffff-ffff0000001c"}}
&amp#27;[38;5;32m[AndroidUiautomator2Driver@8c4f]&amp#27;[0m Responding to client with driver.findElement() result: {"element-6066-11e4-a52e-4f735466cecf":"00000000-0000-00a7-ffff-ffff0000001c","ELEMENT":"00000000-0000-00a7-ffff-ffff0000001c"}
&amp#27;[38;5;0m[HTTP]&amp#27;[0m &amp#27;[37m<-- POST /session/394c1628-da4c-42d6-874f-fc301c25e633/element &amp#27;[39m&amp#27;[32m200&amp#27;[39m &amp#27;[90m4306 ms - 137&amp#27;[39m
&amp#27;[38;5;0m[HTTP]&amp#27;[0m &amp#27;[90m&amp#27;[39m
&amp#27;[38;5;0m[HTTP]&amp#27;[0m &amp#27;[37m-->&amp#27;[39m &amp#27;[37mPOST&amp#27;[39m &amp#27;[37m/session/394c1628-da4c-42d6-874f-fc301c25e633/element/00000000-0000-00a7-ffff-ffff0000001c/value&amp#27;[39m
&amp#27;[38;5;0m[HTTP]&amp#27;[0m &amp#27;[90m{"id":"00000000-0000-00a7-ffff-ffff0000001c","text":"Debasish","value":["D","e","b","a","s","i","s","h"]}&amp#27;[39m
&amp#27;[38;5;32m[AndroidUiautomator2Driver@8c4f]&amp#27;[0m Calling AppiumDriver.setValue() with args: [["D","e","b","a","s","i","s","h"],"00000000-0000-00a7-ffff-ffff0000001c","394c1628-da4c-42d6-874f-fc301c25e633"]
&amp#27;[38;5;32m[AndroidUiautomator2Driver@8c4f]&amp#27;[0m Matched '/element/00000000-0000-00a7-ffff-ffff0000001c/value' to command name 'setValue'
&amp#27;[38;5;32m[AndroidUiautomator2Driver@8c4f]&amp#27;[0m Added 'value' property ["D","e","b","a","s","i","s","h"] to 'setValue' request body
&amp#27;[38;5;32m[AndroidUiautomator2Driver@8c4f]&amp#27;[0m Proxying [POST /element/00000000-0000-00a7-ffff-ffff0000001c/value] to [POST http://127.0.0.1:8200/session/f2a661ed-4107-4490-9918-f8b583caa5fa/element/00000000-0000-00a7-ffff-ffff0000001c/value] with body: {"elementId":"00000000-0000-00a7-ffff-ffff0000001c","text":"Debasish","replace":false,"value":["D","e","b","a","s","i","s","h"]}
&amp#27;[38;5;32m[AndroidUiautomator2Driver@8c4f]&amp#27;[0m Got response with status 200: {"sessionId":"f2a661ed-4107-4490-9918-f8b583caa5fa","value":null}
&amp#27;[38;5;32m[AndroidUiautomator2Driver@8c4f]&amp#27;[0m Responding to client with driver.setValue() result: null
&amp#27;[38;5;0m[HTTP]&amp#27;[0m &amp#27;[37m<-- POST /session/394c1628-da4c-42d6-874f-fc301c25e633/element/00000000-0000-00a7-ffff-ffff0000001c/value &amp#27;[39m&amp#27;[32m200&amp#27;[39m &amp#27;[90m633 ms - 14&amp#27;[39m
&amp#27;[38;5;0m[HTTP]&amp#27;[0m &amp#27;[90m&amp#27;[39m
&amp#27;[38;5;0m[HTTP]&amp#27;[0m &amp#27;[37m-->&amp#27;[39m &amp#27;[37mPOST&amp#27;[39m &amp#27;[37m/session/394c1628-da4c-42d6-874f-fc301c25e633/appium/device/hide_keyboard&amp#27;[39m
&amp#27;[38;5;0m[HTTP]&amp#27;[0m &amp#27;[90m{}&amp#27;[39m
&amp#27;[38;5;32m[AndroidUiautomator2Driver@8c4f]&amp#27;[0m Calling AppiumDriver.hideKeyboard() with args: [null,null,null,null,"394c1628-da4c-42d6-874f-fc301c25e633"]
&amp#27;[38;5;48m[ADB]&amp#27;[0m Running '/Users/debasishpruseth/Library/Java/JavaVirtualMachines/openjdk-22.0.1-1/Contents/Home/platform-tools/adb -P 5037 -s emulator-5554 shell dumpsys input_method'
&amp#27;[38;5;48m[ADB]&amp#27;[0m Keyboard has no UI; no closing necessary
&amp#27;[38;5;32m[AndroidUiautomator2Driver@8c4f]&amp#27;[0m Responding to client with driver.hideKeyboard() result: false
&amp#27;[38;5;0m[HTTP]&amp#27;[0m &amp#27;[37m<-- POST /session/394c1628-da4c-42d6-874f-fc301c25e633/appium/device/hide_keyboard &amp#27;[39m&amp#27;[32m200&amp#27;[39m &amp#27;[90m817 ms - 15&amp#27;[39m
&amp#27;[38;5;0m[HTTP]&amp#27;[0m &amp#27;[90m&amp#27;[39m
&amp#27;[38;5;0m[HTTP]&amp#27;[0m &amp#27;[37m-->&amp#27;[39m &amp#27;[37mPOST&amp#27;[39m &amp#27;[37m/session/394c1628-da4c-42d6-874f-fc301c25e633/element&amp#27;[39m
&amp#27;[38;5;0m[HTTP]&amp#27;[0m &amp#27;[90m{"using":"id","value":"com.androidsample.generalstore:id/radioFemale"}&amp#27;[39m
&amp#27;[38;5;32m[AndroidUiautomator2Driver@8c4f]&amp#27;[0m Calling AppiumDriver.findElement() with args: ["id","com.androidsample.generalstore:id/radioFemale","394c1628-da4c-42d6-874f-fc301c25e633"]
&amp#27;[38;5;32m[AndroidUiautomator2Driver@8c4f]&amp#27;[0m Valid locator strategies for this request: xpath, id, class name, accessibility id, css selector, -android uiautomator
&amp#27;[38;5;32m[AndroidUiautomator2Driver@8c4f]&amp#27;[0m Waiting up to 30000 ms for condition
&amp#27;[38;5;32m[AndroidUiautomator2Driver@8c4f]&amp#27;[0m Matched '/element' to command name 'findElement'
&amp#27;[38;5;32m[AndroidUiautomator2Driver@8c4f]&amp#27;[0m Proxying [POST /element] to [POST http://127.0.0.1:8200/session/f2a661ed-4107-4490-9918-f8b583caa5fa/element] with body: {"strategy":"id","selector":"com.androidsample.generalstore:id/radioFemale","context":"","multiple":false}
&amp#27;[38;5;32m[AndroidUiautomator2Driver@8c4f]&amp#27;[0m Got response with status 200: {"sessionId":"f2a661ed-4107-4490-9918-f8b583caa5fa","value":{"ELEMENT":"00000000-0000-00a7-ffff-ffff00000020","element-6066-11e4-a52e-4f735466cecf":"00000000-0000-00a7-ffff-ffff00000020"}}
&amp#27;[38;5;32m[AndroidUiautomator2Driver@8c4f]&amp#27;[0m Responding to client with driver.findElement() result: {"element-6066-11e4-a52e-4f735466cecf":"00000000-0000-00a7-ffff-ffff00000020","ELEMENT":"00000000-0000-00a7-ffff-ffff00000020"}
&amp#27;[38;5;0m[HTTP]&amp#27;[0m &amp#27;[37m<-- POST /session/394c1628-da4c-42d6-874f-fc301c25e633/element &amp#27;[39m&amp#27;[32m200&amp#27;[39m &amp#27;[90m68 ms - 137&amp#27;[39m
&amp#27;[38;5;0m[HTTP]&amp#27;[0m &amp#27;[90m&amp#27;[39m
&amp#27;[38;5;0m[HTTP]&amp#27;[0m &amp#27;[37m-->&amp#27;[39m &amp#27;[37mPOST&amp#27;[39m &amp#27;[37m/session/394c1628-da4c-42d6-874f-fc301c25e633/element/00000000-0000-00a7-ffff-ffff00000020/click&amp#27;[39m
&amp#27;[38;5;0m[HTTP]&amp#27;[0m &amp#27;[90m{"id":"00000000-0000-00a7-ffff-ffff00000020"}&amp#27;[39m
&amp#27;[38;5;32m[AndroidUiautomator2Driver@8c4f]&amp#27;[0m Calling AppiumDriver.click() with args: ["00000000-0000-00a7-ffff-ffff00000020","394c1628-da4c-42d6-874f-fc301c25e633"]
&amp#27;[38;5;32m[AndroidUiautomator2Driver@8c4f]&amp#27;[0m Matched '/element/00000000-0000-00a7-ffff-ffff00000020/click' to command name 'click'
&amp#27;[38;5;32m[AndroidUiautomator2Driver@8c4f]&amp#27;[0m Proxying [POST /element/00000000-0000-00a7-ffff-ffff00000020/click] to [POST http://127.0.0.1:8200/session/f2a661ed-4107-4490-9918-f8b583caa5fa/element/00000000-0000-00a7-ffff-ffff00000020/click] with body: {"element":"00000000-0000-00a7-ffff-ffff00000020"}
&amp#27;[38;5;32m[AndroidUiautomator2Driver@8c4f]&amp#27;[0m Got response with status 200: {"sessionId":"f2a661ed-4107-4490-9918-f8b583caa5fa","value":null}
&amp#27;[38;5;32m[AndroidUiautomator2Driver@8c4f]&amp#27;[0m Responding to client with driver.click() result: null
&amp#27;[38;5;0m[HTTP]&amp#27;[0m &amp#27;[37m<-- POST /session/394c1628-da4c-42d6-874f-fc301c25e633/element/00000000-0000-00a7-ffff-ffff00000020/click &amp#27;[39m&amp#27;[32m200&amp#27;[39m &amp#27;[90m115 ms - 14&amp#27;[39m
&amp#27;[38;5;0m[HTTP]&amp#27;[0m &amp#27;[90m&amp#27;[39m
&amp#27;[38;5;0m[HTTP]&amp#27;[0m &amp#27;[37m-->&amp#27;[39m &amp#27;[37mPOST&amp#27;[39m &amp#27;[37m/session/394c1628-da4c-42d6-874f-fc301c25e633/element&amp#27;[39m
&amp#27;[38;5;0m[HTTP]&amp#27;[0m &amp#27;[90m{"using":"id","value":"com.androidsample.generalstore:id/spinnerCountry"}&amp#27;[39m
&amp#27;[38;5;32m[AndroidUiautomator2Driver@8c4f]&amp#27;[0m Calling AppiumDriver.findElement() with args: ["id","com.androidsample.generalstore:id/spinnerCountry","394c1628-da4c-42d6-874f-fc301c25e633"]
&amp#27;[38;5;32m[AndroidUiautomator2Driver@8c4f]&amp#27;[0m Valid locator strategies for this request: xpath, id, class name, accessibility id, css selector, -android uiautomator
&amp#27;[38;5;32m[AndroidUiautomator2Driver@8c4f]&amp#27;[0m Waiting up to 30000 ms for condition
&amp#27;[38;5;32m[AndroidUiautomator2Driver@8c4f]&amp#27;[0m Matched '/element' to command name 'findElement'
&amp#27;[38;5;32m[AndroidUiautomator2Driver@8c4f]&amp#27;[0m Proxying [POST /element] to [POST http://127.0.0.1:8200/session/f2a661ed-4107-4490-9918-f8b583caa5fa/element] with body: {"strategy":"id","selector":"com.androidsample.generalstore:id/spinnerCountry","context":"","multiple":false}
&amp#27;[38;5;32m[AndroidUiautomator2Driver@8c4f]&amp#27;[0m Got response with status 200: {"sessionId":"f2a661ed-4107-4490-9918-f8b583caa5fa","value":{"ELEMENT":"00000000-0000-00a7-ffff-ffff0000001a","element-6066-11e4-a52e-4f735466cecf":"00000000-0000-00a7-ffff-ffff0000001a"}}
&amp#27;[38;5;32m[AndroidUiautomator2Driver@8c4f]&amp#27;[0m Responding to client with driver.findElement() result: {"element-6066-11e4-a52e-4f735466cecf":"00000000-0000-00a7-ffff-ffff0000001a","ELEMENT":"00000000-0000-00a7-ffff-ffff0000001a"}
&amp#27;[38;5;0m[HTTP]&amp#27;[0m &amp#27;[37m<-- POST /session/394c1628-da4c-42d6-874f-fc301c25e633/element &amp#27;[39m&amp#27;[32m200&amp#27;[39m &amp#27;[90m269 ms - 137&amp#27;[39m
&amp#27;[38;5;0m[HTTP]&amp#27;[0m &amp#27;[90m&amp#27;[39m
&amp#27;[38;5;0m[HTTP]&amp#27;[0m &amp#27;[37m-->&amp#27;[39m &amp#27;[37mPOST&amp#27;[39m &amp#27;[37m/session/394c1628-da4c-42d6-874f-fc301c25e633/element/00000000-0000-00a7-ffff-ffff0000001a/click&amp#27;[39m
&amp#27;[38;5;0m[HTTP]&amp#27;[0m &amp#27;[90m{"id":"00000000-0000-00a7-ffff-ffff0000001a"}&amp#27;[39m
&amp#27;[38;5;32m[AndroidUiautomator2Driver@8c4f]&amp#27;[0m Calling AppiumDriver.click() with args: ["00000000-0000-00a7-ffff-ffff0000001a","394c1628-da4c-42d6-874f-fc301c25e633"]
&amp#27;[38;5;32m[AndroidUiautomator2Driver@8c4f]&amp#27;[0m Matched '/element/00000000-0000-00a7-ffff-ffff0000001a/click' to command name 'click'
&amp#27;[38;5;32m[AndroidUiautomator2Driver@8c4f]&amp#27;[0m Proxying [POST /element/00000000-0000-00a7-ffff-ffff0000001a/click] to [POST http://127.0.0.1:8200/session/f2a661ed-4107-4490-9918-f8b583caa5fa/element/00000000-0000-00a7-ffff-ffff0000001a/click] with body: {"element":"00000000-0000-00a7-ffff-ffff0000001a"}
&amp#27;[38;5;32m[AndroidUiautomator2Driver@8c4f]&amp#27;[0m Got response with status 200: {"sessionId":"f2a661ed-4107-4490-9918-f8b583caa5fa","value":null}
&amp#27;[38;5;32m[AndroidUiautomator2Driver@8c4f]&amp#27;[0m Responding to client with driver.click() result: null
&amp#27;[38;5;0m[HTTP]&amp#27;[0m &amp#27;[37m<-- POST /session/394c1628-da4c-42d6-874f-fc301c25e633/element/00000000-0000-00a7-ffff-ffff0000001a/click &amp#27;[39m&amp#27;[32m200&amp#27;[39m &amp#27;[90m490 ms - 14&amp#27;[39m
&amp#27;[38;5;0m[HTTP]&amp#27;[0m &amp#27;[90m&amp#27;[39m
&amp#27;[38;5;0m[HTTP]&amp#27;[0m &amp#27;[37m-->&amp#27;[39m &amp#27;[37mPOST&amp#27;[39m &amp#27;[37m/session/394c1628-da4c-42d6-874f-fc301c25e633/element&amp#27;[39m
&amp#27;[38;5;0m[HTTP]&amp#27;[0m &amp#27;[90m{"using":"-android uiautomator","value":"new UiScrollable(new UiSelector()).scrollIntoView(text(\"India\"))"}&amp#27;[39m
&amp#27;[38;5;32m[AndroidUiautomator2Driver@8c4f]&amp#27;[0m Calling AppiumDriver.findElement() with args: ["-android uiautomator","new UiScrollable(new UiSelector()).scrollIntoView(text(\"India\"))","394c1628-da4c-42d6-874f-fc301c25e633"]
&amp#27;[38;5;32m[AndroidUiautomator2Driver@8c4f]&amp#27;[0m Valid locator strategies for this request: xpath, id, class name, accessibility id, css selector, -android uiautomator
&amp#27;[38;5;32m[AndroidUiautomator2Driver@8c4f]&amp#27;[0m Waiting up to 30000 ms for condition
&amp#27;[38;5;32m[AndroidUiautomator2Driver@8c4f]&amp#27;[0m Matched '/element' to command name 'findElement'
&amp#27;[38;5;32m[AndroidUiautomator2Driver@8c4f]&amp#27;[0m Proxying [POST /element] to [POST http://127.0.0.1:8200/session/f2a661ed-4107-4490-9918-f8b583caa5fa/element] with body: {"strategy":"-android uiautomator","selector":"new UiScrollable(new UiSelector()).scrollIntoView(text(\"India\"))","context":"","multiple":false}
&amp#27;[38;5;32m[AndroidUiautomator2Driver@8c4f]&amp#27;[0m Got response with status 200: {"sessionId":"f2a661ed-4107-4490-9918-f8b583caa5fa","value":{"ELEMENT":"00000000-0000-00a8-ffff-ffff0000002d","element-6066-11e4-a52e-4f735466cecf":"00000000-0000-00a8-ffff-ffff0000002d"}}
&amp#27;[38;5;32m[AndroidUiautomator2Driver@8c4f]&amp#27;[0m Responding to client with driver.findElement() result: {"element-6066-11e4-a52e-4f735466cecf":"00000000-0000-00a8-ffff-ffff0000002d","ELEMENT":"00000000-0000-00a8-ffff-ffff0000002d"}
&amp#27;[38;5;0m[HTTP]&amp#27;[0m &amp#27;[37m<-- POST /session/394c1628-da4c-42d6-874f-fc301c25e633/element &amp#27;[39m&amp#27;[32m200&amp#27;[39m &amp#27;[90m21845 ms - 137&amp#27;[39m
&amp#27;[38;5;0m[HTTP]&amp#27;[0m &amp#27;[90m&amp#27;[39m
&amp#27;[38;5;0m[HTTP]&amp#27;[0m &amp#27;[37m-->&amp#27;[39m &amp#27;[37mPOST&amp#27;[39m &amp#27;[37m/session/394c1628-da4c-42d6-874f-fc301c25e633/element&amp#27;[39m
&amp#27;[38;5;0m[HTTP]&amp#27;[0m &amp#27;[90m{"using":"xpath","value":"//android.widget.TextView[@text='India']"}&amp#27;[39m
&amp#27;[38;5;32m[AndroidUiautomator2Driver@8c4f]&amp#27;[0m Calling AppiumDriver.findElement() with args: ["xpath","//android.widget.TextView[@text='India']","394c1628-da4c-42d6-874f-fc301c25e633"]
&amp#27;[38;5;32m[AndroidUiautomator2Driver@8c4f]&amp#27;[0m Valid locator strategies for this request: xpath, id, class name, accessibility id, css selector, -android uiautomator
&amp#27;[38;5;32m[AndroidUiautomator2Driver@8c4f]&amp#27;[0m Waiting up to 30000 ms for condition
&amp#27;[38;5;32m[AndroidUiautomator2Driver@8c4f]&amp#27;[0m Matched '/element' to command name 'findElement'
&amp#27;[38;5;32m[AndroidUiautomator2Driver@8c4f]&amp#27;[0m Proxying [POST /element] to [POST http://127.0.0.1:8200/session/f2a661ed-4107-4490-9918-f8b583caa5fa/element] with body: {"strategy":"xpath","selector":"//android.widget.TextView[@text='India']","context":"","multiple":false}
&amp#27;[38;5;32m[AndroidUiautomator2Driver@8c4f]&amp#27;[0m Got response with status 200: {"sessionId":"f2a661ed-4107-4490-9918-f8b583caa5fa","value":{"ELEMENT":"00000000-0000-00a8-ffff-ffff0000002d","element-6066-11e4-a52e-4f735466cecf":"00000000-0000-00a8-ffff-ffff0000002d"}}
&amp#27;[38;5;32m[AndroidUiautomator2Driver@8c4f]&amp#27;[0m Responding to client with driver.findElement() result: {"element-6066-11e4-a52e-4f735466cecf":"00000000-0000-00a8-ffff-ffff0000002d","ELEMENT":"00000000-0000-00a8-ffff-ffff0000002d"}
&amp#27;[38;5;0m[HTTP]&amp#27;[0m &amp#27;[37m<-- POST /session/394c1628-da4c-42d6-874f-fc301c25e633/element &amp#27;[39m&amp#27;[32m200&amp#27;[39m &amp#27;[90m331 ms - 137&amp#27;[39m
&amp#27;[38;5;0m[HTTP]&amp#27;[0m &amp#27;[90m&amp#27;[39m
&amp#27;[38;5;0m[HTTP]&amp#27;[0m &amp#27;[37m-->&amp#27;[39m &amp#27;[37mGET&amp#27;[39m &amp#27;[37m/session/394c1628-da4c-42d6-874f-fc301c25e633/element/00000000-0000-00a8-ffff-ffff0000002d/displayed&amp#27;[39m
&amp#27;[38;5;0m[HTTP]&amp#27;[0m &amp#27;[90m{}&amp#27;[39m
&amp#27;[38;5;32m[AndroidUiautomator2Driver@8c4f]&amp#27;[0m Calling AppiumDriver.elementDisplayed() with args: ["00000000-0000-00a8-ffff-ffff0000002d","394c1628-da4c-42d6-874f-fc301c25e633"]
&amp#27;[38;5;32m[AndroidUiautomator2Driver@8c4f]&amp#27;[0m Matched '/element/00000000-0000-00a8-ffff-ffff0000002d/attribute/displayed' to command name 'getAttribute'
&amp#27;[38;5;32m[AndroidUiautomator2Driver@8c4f]&amp#27;[0m Proxying [GET /element/00000000-0000-00a8-ffff-ffff0000002d/attribute/displayed] to [GET http://127.0.0.1:8200/session/f2a661ed-4107-4490-9918-f8b583caa5fa/element/00000000-0000-00a8-ffff-ffff0000002d/attribute/displayed] with no body
&amp#27;[38;5;32m[AndroidUiautomator2Driver@8c4f]&amp#27;[0m Got response with status 200: {"sessionId":"f2a661ed-4107-4490-9918-f8b583caa5fa","value":"true"}
&amp#27;[38;5;32m[AndroidUiautomator2Driver@8c4f]&amp#27;[0m Responding to client with driver.elementDisplayed() result: true
&amp#27;[38;5;0m[HTTP]&amp#27;[0m &amp#27;[37m<-- GET /session/394c1628-da4c-42d6-874f-fc301c25e633/element/00000000-0000-00a8-ffff-ffff0000002d/displayed &amp#27;[39m&amp#27;[32m200&amp#27;[39m &amp#27;[90m10 ms - 14&amp#27;[39m
&amp#27;[38;5;0m[HTTP]&amp#27;[0m &amp#27;[90m&amp#27;[39m
&amp#27;[38;5;0m[HTTP]&amp#27;[0m &amp#27;[37m-->&amp#27;[39m &amp#27;[37mGET&amp#27;[39m &amp#27;[37m/session/394c1628-da4c-42d6-874f-fc301c25e633/element/00000000-0000-00a8-ffff-ffff0000002d/enabled&amp#27;[39m
&amp#27;[38;5;0m[HTTP]&amp#27;[0m &amp#27;[90m{}&amp#27;[39m
&amp#27;[38;5;32m[AndroidUiautomator2Driver@8c4f]&amp#27;[0m Calling AppiumDriver.elementEnabled() with args: ["00000000-0000-00a8-ffff-ffff0000002d","394c1628-da4c-42d6-874f-fc301c25e633"]
&amp#27;[38;5;32m[AndroidUiautomator2Driver@8c4f]&amp#27;[0m Matched '/element/00000000-0000-00a8-ffff-ffff0000002d/attribute/enabled' to command name 'getAttribute'
&amp#27;[38;5;32m[AndroidUiautomator2Driver@8c4f]&amp#27;[0m Proxying [GET /element/00000000-0000-00a8-ffff-ffff0000002d/attribute/enabled] to [GET http://127.0.0.1:8200/session/f2a661ed-4107-4490-9918-f8b583caa5fa/element/00000000-0000-00a8-ffff-ffff0000002d/attribute/enabled] with no body
&amp#27;[38;5;32m[AndroidUiautomator2Driver@8c4f]&amp#27;[0m Got response with status 200: {"sessionId":"f2a661ed-4107-4490-9918-f8b583caa5fa","value":"true"}
&amp#27;[38;5;32m[AndroidUiautomator2Driver@8c4f]&amp#27;[0m Responding to client with driver.elementEnabled() result: true
&amp#27;[38;5;0m[HTTP]&amp#27;[0m &amp#27;[37m<-- GET /session/394c1628-da4c-42d6-874f-fc301c25e633/element/00000000-0000-00a8-ffff-ffff0000002d/enabled &amp#27;[39m&amp#27;[32m200&amp#27;[39m &amp#27;[90m7 ms - 14&amp#27;[39m
&amp#27;[38;5;0m[HTTP]&amp#27;[0m &amp#27;[90m&amp#27;[39m
&amp#27;[38;5;0m[HTTP]&amp#27;[0m &amp#27;[37m-->&amp#27;[39m &amp#27;[37mPOST&amp#27;[39m &amp#27;[37m/session/394c1628-da4c-42d6-874f-fc301c25e633/element/00000000-0000-00a8-ffff-ffff0000002d/click&amp#27;[39m
&amp#27;[38;5;0m[HTTP]&amp#27;[0m &amp#27;[90m{"id":"00000000-0000-00a8-ffff-ffff0000002d"}&amp#27;[39m
&amp#27;[38;5;32m[AndroidUiautomator2Driver@8c4f]&amp#27;[0m Calling AppiumDriver.click() with args: ["00000000-0000-00a8-ffff-ffff0000002d","394c1628-da4c-42d6-874f-fc301c25e633"]
&amp#27;[38;5;32m[AndroidUiautomator2Driver@8c4f]&amp#27;[0m Matched '/element/00000000-0000-00a8-ffff-ffff0000002d/click' to command name 'click'
&amp#27;[38;5;32m[AndroidUiautomator2Driver@8c4f]&amp#27;[0m Proxying [POST /element/00000000-0000-00a8-ffff-ffff0000002d/click] to [POST http://127.0.0.1:8200/session/f2a661ed-4107-4490-9918-f8b583caa5fa/element/00000000-0000-00a8-ffff-ffff0000002d/click] with body: {"element":"00000000-0000-00a8-ffff-ffff0000002d"}
&amp#27;[38;5;32m[AndroidUiautomator2Driver@8c4f]&amp#27;[0m Got response with status 200: {"sessionId":"f2a661ed-4107-4490-9918-f8b583caa5fa","value":null}
&amp#27;[38;5;32m[AndroidUiautomator2Driver@8c4f]&amp#27;[0m Responding to client with driver.click() result: null
&amp#27;[38;5;0m[HTTP]&amp#27;[0m &amp#27;[37m<-- POST /session/394c1628-da4c-42d6-874f-fc301c25e633/element/00000000-0000-00a8-ffff-ffff0000002d/click &amp#27;[39m&amp#27;[32m200&amp#27;[39m &amp#27;[90m736 ms - 14&amp#27;[39m
&amp#27;[38;5;0m[HTTP]&amp#27;[0m &amp#27;[90m&amp#27;[39m
&amp#27;[38;5;0m[HTTP]&amp#27;[0m &amp#27;[37m-->&amp#27;[39m &amp#27;[37mPOST&amp#27;[39m &amp#27;[37m/session/394c1628-da4c-42d6-874f-fc301c25e633/element&amp#27;[39m
&amp#27;[38;5;0m[HTTP]&amp#27;[0m &amp#27;[90m{"using":"id","value":"com.androidsample.generalstore:id/btnLetsShop"}&amp#27;[39m
&amp#27;[38;5;32m[AndroidUiautomator2Driver@8c4f]&amp#27;[0m Calling AppiumDriver.findElement() with args: ["id","com.androidsample.generalstore:id/btnLetsShop","394c1628-da4c-42d6-874f-fc301c25e633"]
&amp#27;[38;5;32m[AndroidUiautomator2Driver@8c4f]&amp#27;[0m Valid locator strategies for this request: xpath, id, class name, accessibility id, css selector, -android uiautomator
&amp#27;[38;5;32m[AndroidUiautomator2Driver@8c4f]&amp#27;[0m Waiting up to 30000 ms for condition
&amp#27;[38;5;32m[AndroidUiautomator2Driver@8c4f]&amp#27;[0m Matched '/element' to command name 'findElement'
&amp#27;[38;5;32m[AndroidUiautomator2Driver@8c4f]&amp#27;[0m Proxying [POST /element] to [POST http://127.0.0.1:8200/session/f2a661ed-4107-4490-9918-f8b583caa5fa/element] with body: {"strategy":"id","selector":"com.androidsample.generalstore:id/btnLetsShop","context":"","multiple":false}
&amp#27;[38;5;32m[AndroidUiautomator2Driver@8c4f]&amp#27;[0m Got response with status 200: {"sessionId":"f2a661ed-4107-4490-9918-f8b583caa5fa","value":{"ELEMENT":"00000000-0000-00a7-ffff-ffff00000021","element-6066-11e4-a52e-4f735466cecf":"00000000-0000-00a7-ffff-ffff00000021"}}
&amp#27;[38;5;32m[AndroidUiautomator2Driver@8c4f]&amp#27;[0m Responding to client with driver.findElement() result: {"element-6066-11e4-a52e-4f735466cecf":"00000000-0000-00a7-ffff-ffff00000021","ELEMENT":"00000000-0000-00a7-ffff-ffff00000021"}
&amp#27;[38;5;0m[HTTP]&amp#27;[0m &amp#27;[37m<-- POST /session/394c1628-da4c-42d6-874f-fc301c25e633/element &amp#27;[39m&amp#27;[32m200&amp#27;[39m &amp#27;[90m30 ms - 137&amp#27;[39m
&amp#27;[38;5;0m[HTTP]&amp#27;[0m &amp#27;[90m&amp#27;[39m
&amp#27;[38;5;0m[HTTP]&amp#27;[0m &amp#27;[37m-->&amp#27;[39m &amp#27;[37mPOST&amp#27;[39m &amp#27;[37m/session/394c1628-da4c-42d6-874f-fc301c25e633/element/00000000-0000-00a7-ffff-ffff00000021/click&amp#27;[39m
&amp#27;[38;5;0m[HTTP]&amp#27;[0m &amp#27;[90m{"id":"00000000-0000-00a7-ffff-ffff00000021"}&amp#27;[39m
&amp#27;[38;5;32m[AndroidUiautomator2Driver@8c4f]&amp#27;[0m Calling AppiumDriver.click() with args: ["00000000-0000-00a7-ffff-ffff00000021","394c1628-da4c-42d6-874f-fc301c25e633"]
&amp#27;[38;5;32m[AndroidUiautomator2Driver@8c4f]&amp#27;[0m Matched '/element/00000000-0000-00a7-ffff-ffff00000021/click' to command name 'click'
&amp#27;[38;5;32m[AndroidUiautomator2Driver@8c4f]&amp#27;[0m Proxying [POST /element/00000000-0000-00a7-ffff-ffff00000021/click] to [POST http://127.0.0.1:8200/session/f2a661ed-4107-4490-9918-f8b583caa5fa/element/00000000-0000-00a7-ffff-ffff00000021/click] with body: {"element":"00000000-0000-00a7-ffff-ffff00000021"}
&amp#27;[38;5;32m[AndroidUiautomator2Driver@8c4f]&amp#27;[0m Got response with status 200: {"sessionId":"f2a661ed-4107-4490-9918-f8b583caa5fa","value":null}
&amp#27;[38;5;32m[AndroidUiautomator2Driver@8c4f]&amp#27;[0m Responding to client with driver.click() result: null
&amp#27;[38;5;0m[HTTP]&amp#27;[0m &amp#27;[37m<-- POST /session/394c1628-da4c-42d6-874f-fc301c25e633/element/00000000-0000-00a7-ffff-ffff00000021/click &amp#27;[39m&amp#27;[32m200&amp#27;[39m &amp#27;[90m53 ms - 14&amp#27;[39m
&amp#27;[38;5;0m[HTTP]&amp#27;[0m &amp#27;[90m&amp#27;[39m
&amp#27;[38;5;0m[HTTP]&amp#27;[0m &amp#27;[37m-->&amp#27;[39m &amp#27;[37mPOST&amp#27;[39m &amp#27;[37m/session/394c1628-da4c-42d6-874f-fc301c25e633/element&amp#27;[39m
&amp#27;[38;5;0m[HTTP]&amp#27;[0m &amp#27;[90m{"using":"id","value":"com.androidsample.generalstore:id/productAddCart"}&amp#27;[39m
&amp#27;[38;5;32m[AndroidUiautomator2Driver@8c4f]&amp#27;[0m Calling AppiumDriver.findElement() with args: ["id","com.androidsample.generalstore:id/productAddCart","394c1628-da4c-42d6-874f-fc301c25e633"]
&amp#27;[38;5;32m[AndroidUiautomator2Driver@8c4f]&amp#27;[0m Valid locator strategies for this request: xpath, id, class name, accessibility id, css selector, -android uiautomator
&amp#27;[38;5;32m[AndroidUiautomator2Driver@8c4f]&amp#27;[0m Waiting up to 30000 ms for condition
&amp#27;[38;5;32m[AndroidUiautomator2Driver@8c4f]&amp#27;[0m Matched '/element' to command name 'findElement'
&amp#27;[38;5;32m[AndroidUiautomator2Driver@8c4f]&amp#27;[0m Proxying [POST /element] to [POST http://127.0.0.1:8200/session/f2a661ed-4107-4490-9918-f8b583caa5fa/element] with body: {"strategy":"id","selector":"com.androidsample.generalstore:id/productAddCart","context":"","multiple":false}
&amp#27;[38;5;32m[AndroidUiautomator2Driver@8c4f]&amp#27;[0m Got response with status 404: {"sessionId":"f2a661ed-4107-4490-9918-f8b583caa5fa","value":{"error":"no such element","message":"An element could not be located on the page using the given search parameters","stacktrace":"io.appium.uiautomator2.common.exceptions.ElementNotFoundException: An element could not be located on the page using the given search parameters\n\tat io.appium.uiautomator2.handler.FindElement.safeHandle(FindElement.java:63)\n\tat io.appium.uiautomator2.handler.request.SafeRequestHandler.handle(SafeRequestHandler.java:59)\n\tat io.appium.uiautomator2.server.AppiumServlet.handleRequest(AppiumServlet.java:259)\n\tat io.appium.uiautomator2.server.AppiumServlet.handleHttpRequest(AppiumServlet.java:253)\n\tat io.appium.uiautomator2.http.ServerHandler.channelRead(ServerHandler.java:77)\n\tat io.netty.channel.AbstractChannelHandlerContext.invokeChannelRead(AbstractChannelHandlerContext.java:366)\n\tat io.netty.channel.AbstractChannelHandlerContext.invokeChannelRead(AbstractChannelHandlerContext.java:352)\n\tat io.netty.chann...
&amp#27;[38;5;96m[W3C]&amp#27;[0m Matched W3C error code 'no such element' to NoSuchElementError
&amp#27;[38;5;32m[AndroidUiautomator2Driver@8c4f]&amp#27;[0m Waited for 77 ms so far
&amp#27;[38;5;32m[AndroidUiautomator2Driver@8c4f]&amp#27;[0m Matched '/element' to command name 'findElement'
&amp#27;[38;5;32m[AndroidUiautomator2Driver@8c4f]&amp#27;[0m Proxying [POST /element] to [POST http://127.0.0.1:8200/session/f2a661ed-4107-4490-9918-f8b583caa5fa/element] with body: {"strategy":"id","selector":"com.androidsample.generalstore:id/productAddCart","context":"","multiple":false}
&amp#27;[38;5;32m[AndroidUiautomator2Driver@8c4f]&amp#27;[0m Got response with status 200: {"sessionId":"f2a661ed-4107-4490-9918-f8b583caa5fa","value":{"ELEMENT":"00000000-0000-00a9-ffff-ffff00000053","element-6066-11e4-a52e-4f735466cecf":"00000000-0000-00a9-ffff-ffff00000053"}}
&amp#27;[38;5;32m[AndroidUiautomator2Driver@8c4f]&amp#27;[0m Responding to client with driver.findElement() result: {"element-6066-11e4-a52e-4f735466cecf":"00000000-0000-00a9-ffff-ffff00000053","ELEMENT":"00000000-0000-00a9-ffff-ffff00000053"}
&amp#27;[38;5;0m[HTTP]&amp#27;[0m &amp#27;[37m<-- POST /session/394c1628-da4c-42d6-874f-fc301c25e633/element &amp#27;[39m&amp#27;[32m200&amp#27;[39m &amp#27;[90m1403 ms - 137&amp#27;[39m
&amp#27;[38;5;0m[HTTP]&amp#27;[0m &amp#27;[90m&amp#27;[39m
&amp#27;[38;5;0m[HTTP]&amp#27;[0m &amp#27;[37m-->&amp#27;[39m &amp#27;[37mGET&amp#27;[39m &amp#27;[37m/session/394c1628-da4c-42d6-874f-fc301c25e633/element/00000000-0000-00a9-ffff-ffff00000053/displayed&amp#27;[39m
&amp#27;[38;5;0m[HTTP]&amp#27;[0m &amp#27;[90m{}&amp#27;[39m
&amp#27;[38;5;32m[AndroidUiautomator2Driver@8c4f]&amp#27;[0m Calling AppiumDriver.elementDisplayed() with args: ["00000000-0000-00a9-ffff-ffff00000053","394c1628-da4c-42d6-874f-fc301c25e633"]
&amp#27;[38;5;32m[AndroidUiautomator2Driver@8c4f]&amp#27;[0m Matched '/element/00000000-0000-00a9-ffff-ffff00000053/attribute/displayed' to command name 'getAttribute'
&amp#27;[38;5;32m[AndroidUiautomator2Driver@8c4f]&amp#27;[0m Proxying [GET /element/00000000-0000-00a9-ffff-ffff00000053/attribute/displayed] to [GET http://127.0.0.1:8200/session/f2a661ed-4107-4490-9918-f8b583caa5fa/element/00000000-0000-00a9-ffff-ffff00000053/attribute/displayed] with no body
&amp#27;[38;5;32m[AndroidUiautomator2Driver@8c4f]&amp#27;[0m Got response with status 200: {"sessionId":"f2a661ed-4107-4490-9918-f8b583caa5fa","value":"true"}
&amp#27;[38;5;32m[AndroidUiautomator2Driver@8c4f]&amp#27;[0m Responding to client with driver.elementDisplayed() result: true
&amp#27;[38;5;0m[HTTP]&amp#27;[0m &amp#27;[37m<-- GET /session/394c1628-da4c-42d6-874f-fc301c25e633/element/00000000-0000-00a9-ffff-ffff00000053/displayed &amp#27;[39m&amp#27;[32m200&amp#27;[39m &amp#27;[90m13 ms - 14&amp#27;[39m
&amp#27;[38;5;0m[HTTP]&amp#27;[0m &amp#27;[90m&amp#27;[39m
&amp#27;[38;5;0m[HTTP]&amp#27;[0m &amp#27;[37m-->&amp#27;[39m &amp#27;[37mPOST&amp#27;[39m &amp#27;[37m/session/394c1628-da4c-42d6-874f-fc301c25e633/elements&amp#27;[39m
&amp#27;[38;5;0m[HTTP]&amp#27;[0m &amp#27;[90m{"using":"id","value":"com.androidsample.generalstore:id/productAddCart"}&amp#27;[39m
&amp#27;[38;5;32m[AndroidUiautomator2Driver@8c4f]&amp#27;[0m Calling AppiumDriver.findElements() with args: ["id","com.androidsample.generalstore:id/productAddCart","394c1628-da4c-42d6-874f-fc301c25e633"]
&amp#27;[38;5;32m[AndroidUiautomator2Driver@8c4f]&amp#27;[0m Valid locator strategies for this request: xpath, id, class name, accessibility id, css selector, -android uiautomator
&amp#27;[38;5;32m[AndroidUiautomator2Driver@8c4f]&amp#27;[0m Waiting up to 30000 ms for condition
&amp#27;[38;5;32m[AndroidUiautomator2Driver@8c4f]&amp#27;[0m Matched '/elements' to command name 'findElements'
&amp#27;[38;5;32m[AndroidUiautomator2Driver@8c4f]&amp#27;[0m Proxying [POST /elements] to [POST http://127.0.0.1:8200/session/f2a661ed-4107-4490-9918-f8b583caa5fa/elements] with body: {"strategy":"id","selector":"com.androidsample.generalstore:id/productAddCart","context":"","multiple":true}
&amp#27;[38;5;32m[AndroidUiautomator2Driver@8c4f]&amp#27;[0m Got response with status 200: {"sessionId":"f2a661ed-4107-4490-9918-f8b583caa5fa","value":[{"ELEMENT":"00000000-0000-00a9-ffff-ffff00000053","element-6066-11e4-a52e-4f735466cecf":"00000000-0000-00a9-ffff-ffff00000053"},{"ELEMENT":"00000000-0000-00a9-ffff-ffff0000005b","element-6066-11e4-a52e-4f735466cecf":"00000000-0000-00a9-ffff-ffff0000005b"}]}
&amp#27;[38;5;32m[AndroidUiautomator2Driver@8c4f]&amp#27;[0m Responding to client with driver.findElements() result: [{"element-6066-11e4-a52e-4f735466cecf":"00000000-0000-00a9-ffff-ffff00000053","ELEMENT":"00000000-0000-00a9-ffff-ffff00000053"},{"element-6066-11e4-a52e-4f735466cecf":"00000000-0000-00a9-ffff-ffff0000005b","ELEMENT":"00000000-0000-00a9-ffff-ffff0000005b"}]
&amp#27;[38;5;0m[HTTP]&amp#27;[0m &amp#27;[37m<-- POST /session/394c1628-da4c-42d6-874f-fc301c25e633/elements &amp#27;[39m&amp#27;[32m200&amp#27;[39m &amp#27;[90m26 ms - 267&amp#27;[39m
&amp#27;[38;5;0m[HTTP]&amp#27;[0m &amp#27;[90m&amp#27;[39m
&amp#27;[38;5;0m[HTTP]&amp#27;[0m &amp#27;[37m-->&amp#27;[39m &amp#27;[37mPOST&amp#27;[39m &amp#27;[37m/session/394c1628-da4c-42d6-874f-fc301c25e633/element/00000000-0000-00a9-ffff-ffff00000053/click&amp#27;[39m
&amp#27;[38;5;0m[HTTP]&amp#27;[0m &amp#27;[90m{"id":"00000000-0000-00a9-ffff-ffff00000053"}&amp#27;[39m
&amp#27;[38;5;32m[AndroidUiautomator2Driver@8c4f]&amp#27;[0m Calling AppiumDriver.click() with args: ["00000000-0000-00a9-ffff-ffff00000053","394c1628-da4c-42d6-874f-fc301c25e633"]
&amp#27;[38;5;32m[AndroidUiautomator2Driver@8c4f]&amp#27;[0m Matched '/element/00000000-0000-00a9-ffff-ffff00000053/click' to command name 'click'
&amp#27;[38;5;32m[AndroidUiautomator2Driver@8c4f]&amp#27;[0m Proxying [POST /element/00000000-0000-00a9-ffff-ffff00000053/click] to [POST http://127.0.0.1:8200/session/f2a661ed-4107-4490-9918-f8b583caa5fa/element/00000000-0000-00a9-ffff-ffff00000053/click] with body: {"element":"00000000-0000-00a9-ffff-ffff00000053"}
&amp#27;[38;5;32m[AndroidUiautomator2Driver@8c4f]&amp#27;[0m Got response with status 200: {"sessionId":"f2a661ed-4107-4490-9918-f8b583caa5fa","value":null}
&amp#27;[38;5;32m[AndroidUiautomator2Driver@8c4f]&amp#27;[0m Responding to client with driver.click() result: null
&amp#27;[38;5;0m[HTTP]&amp#27;[0m &amp#27;[37m<-- POST /session/394c1628-da4c-42d6-874f-fc301c25e633/element/00000000-0000-00a9-ffff-ffff00000053/click &amp#27;[39m&amp#27;[32m200&amp#27;[39m &amp#27;[90m543 ms - 14&amp#27;[39m
&amp#27;[38;5;0m[HTTP]&amp#27;[0m &amp#27;[90m&amp#27;[39m
&amp#27;[38;5;0m[HTTP]&amp#27;[0m &amp#27;[37m-->&amp#27;[39m &amp#27;[37mPOST&amp#27;[39m &amp#27;[37m/session/394c1628-da4c-42d6-874f-fc301c25e633/elements&amp#27;[39m
&amp#27;[38;5;0m[HTTP]&amp#27;[0m &amp#27;[90m{"using":"id","value":"com.androidsample.generalstore:id/productAddCart"}&amp#27;[39m
&amp#27;[38;5;32m[AndroidUiautomator2Driver@8c4f]&amp#27;[0m Calling AppiumDriver.findElements() with args: ["id","com.androidsample.generalstore:id/productAddCart","394c1628-da4c-42d6-874f-fc301c25e633"]
&amp#27;[38;5;32m[AndroidUiautomator2Driver@8c4f]&amp#27;[0m Valid locator strategies for this request: xpath, id, class name, accessibility id, css selector, -android uiautomator
&amp#27;[38;5;32m[AndroidUiautomator2Driver@8c4f]&amp#27;[0m Waiting up to 30000 ms for condition
&amp#27;[38;5;32m[AndroidUiautomator2Driver@8c4f]&amp#27;[0m Matched '/elements' to command name 'findElements'
&amp#27;[38;5;32m[AndroidUiautomator2Driver@8c4f]&amp#27;[0m Proxying [POST /elements] to [POST http://127.0.0.1:8200/session/f2a661ed-4107-4490-9918-f8b583caa5fa/elements] with body: {"strategy":"id","selector":"com.androidsample.generalstore:id/productAddCart","context":"","multiple":true}
&amp#27;[38;5;32m[AndroidUiautomator2Driver@8c4f]&amp#27;[0m Got response with status 200: {"sessionId":"f2a661ed-4107-4490-9918-f8b583caa5fa","value":[{"ELEMENT":"00000000-0000-00a9-ffff-ffff00000053","element-6066-11e4-a52e-4f735466cecf":"00000000-0000-00a9-ffff-ffff00000053"},{"ELEMENT":"00000000-0000-00a9-ffff-ffff0000005b","element-6066-11e4-a52e-4f735466cecf":"00000000-0000-00a9-ffff-ffff0000005b"}]}
&amp#27;[38;5;32m[AndroidUiautomator2Driver@8c4f]&amp#27;[0m Responding to client with driver.findElements() result: [{"element-6066-11e4-a52e-4f735466cecf":"00000000-0000-00a9-ffff-ffff00000053","ELEMENT":"00000000-0000-00a9-ffff-ffff00000053"},{"element-6066-11e4-a52e-4f735466cecf":"00000000-0000-00a9-ffff-ffff0000005b","ELEMENT":"00000000-0000-00a9-ffff-ffff0000005b"}]
&amp#27;[38;5;0m[HTTP]&amp#27;[0m &amp#27;[37m<-- POST /session/394c1628-da4c-42d6-874f-fc301c25e633/elements &amp#27;[39m&amp#27;[32m200&amp#27;[39m &amp#27;[90m35 ms - 267&amp#27;[39m
&amp#27;[38;5;0m[HTTP]&amp#27;[0m &amp#27;[90m&amp#27;[39m
&amp#27;[38;5;0m[HTTP]&amp#27;[0m &amp#27;[37m-->&amp#27;[39m &amp#27;[37mPOST&amp#27;[39m &amp#27;[37m/session/394c1628-da4c-42d6-874f-fc301c25e633/element/00000000-0000-00a9-ffff-ffff0000005b/click&amp#27;[39m
&amp#27;[38;5;0m[HTTP]&amp#27;[0m &amp#27;[90m{"id":"00000000-0000-00a9-ffff-ffff0000005b"}&amp#27;[39m
&amp#27;[38;5;32m[AndroidUiautomator2Driver@8c4f]&amp#27;[0m Calling AppiumDriver.click() with args: ["00000000-0000-00a9-ffff-ffff0000005b","394c1628-da4c-42d6-874f-fc301c25e633"]
&amp#27;[38;5;32m[AndroidUiautomator2Driver@8c4f]&amp#27;[0m Matched '/element/00000000-0000-00a9-ffff-ffff0000005b/click' to command name 'click'
&amp#27;[38;5;32m[AndroidUiautomator2Driver@8c4f]&amp#27;[0m Proxying [POST /element/00000000-0000-00a9-ffff-ffff0000005b/click] to [POST http://127.0.0.1:8200/session/f2a661ed-4107-4490-9918-f8b583caa5fa/element/00000000-0000-00a9-ffff-ffff0000005b/click] with body: {"element":"00000000-0000-00a9-ffff-ffff0000005b"}
&amp#27;[38;5;32m[AndroidUiautomator2Driver@8c4f]&amp#27;[0m Got response with status 200: {"sessionId":"f2a661ed-4107-4490-9918-f8b583caa5fa","value":null}
&amp#27;[38;5;32m[AndroidUiautomator2Driver@8c4f]&amp#27;[0m Responding to client with driver.click() result: null
&amp#27;[38;5;0m[HTTP]&amp#27;[0m &amp#27;[37m<-- POST /session/394c1628-da4c-42d6-874f-fc301c25e633/element/00000000-0000-00a9-ffff-ffff0000005b/click &amp#27;[39m&amp#27;[32m200&amp#27;[39m &amp#27;[90m50 ms - 14&amp#27;[39m
&amp#27;[38;5;0m[HTTP]&amp#27;[0m &amp#27;[90m&amp#27;[39m
&amp#27;[38;5;0m[HTTP]&amp#27;[0m &amp#27;[37m-->&amp#27;[39m &amp#27;[37mPOST&amp#27;[39m &amp#27;[37m/session/394c1628-da4c-42d6-874f-fc301c25e633/element&amp#27;[39m
&amp#27;[38;5;0m[HTTP]&amp#27;[0m &amp#27;[90m{"using":"id","value":"com.androidsample.generalstore:id/appbar_btn_cart"}&amp#27;[39m
&amp#27;[38;5;32m[AndroidUiautomator2Driver@8c4f]&amp#27;[0m Calling AppiumDriver.findElement() with args: ["id","com.androidsample.generalstore:id/appbar_btn_cart","394c1628-da4c-42d6-874f-fc301c25e633"]
&amp#27;[38;5;32m[AndroidUiautomator2Driver@8c4f]&amp#27;[0m Valid locator strategies for this request: xpath, id, class name, accessibility id, css selector, -android uiautomator
&amp#27;[38;5;32m[AndroidUiautomator2Driver@8c4f]&amp#27;[0m Waiting up to 30000 ms for condition
&amp#27;[38;5;32m[AndroidUiautomator2Driver@8c4f]&amp#27;[0m Matched '/element' to command name 'findElement'
&amp#27;[38;5;32m[AndroidUiautomator2Driver@8c4f]&amp#27;[0m Proxying [POST /element] to [POST http://127.0.0.1:8200/session/f2a661ed-4107-4490-9918-f8b583caa5fa/element] with body: {"strategy":"id","selector":"com.androidsample.generalstore:id/appbar_btn_cart","context":"","multiple":false}
&amp#27;[38;5;32m[AndroidUiautomator2Driver@8c4f]&amp#27;[0m Got response with status 200: {"sessionId":"f2a661ed-4107-4490-9918-f8b583caa5fa","value":{"ELEMENT":"00000000-0000-00a9-ffff-ffff00000046","element-6066-11e4-a52e-4f735466cecf":"00000000-0000-00a9-ffff-ffff00000046"}}
&amp#27;[38;5;32m[AndroidUiautomator2Driver@8c4f]&amp#27;[0m Responding to client with driver.findElement() result: {"element-6066-11e4-a52e-4f735466cecf":"00000000-0000-00a9-ffff-ffff00000046","ELEMENT":"00000000-0000-00a9-ffff-ffff00000046"}
&amp#27;[38;5;0m[HTTP]&amp#27;[0m &amp#27;[37m<-- POST /session/394c1628-da4c-42d6-874f-fc301c25e633/element &amp#27;[39m&amp#27;[32m200&amp#27;[39m &amp#27;[90m508 ms - 137&amp#27;[39m
&amp#27;[38;5;0m[HTTP]&amp#27;[0m &amp#27;[90m&amp#27;[39m
&amp#27;[38;5;0m[HTTP]&amp#27;[0m &amp#27;[37m-->&amp#27;[39m &amp#27;[37mPOST&amp#27;[39m &amp#27;[37m/session/394c1628-da4c-42d6-874f-fc301c25e633/element/00000000-0000-00a9-ffff-ffff00000046/click&amp#27;[39m
&amp#27;[38;5;0m[HTTP]&amp#27;[0m &amp#27;[90m{"id":"00000000-0000-00a9-ffff-ffff00000046"}&amp#27;[39m
&amp#27;[38;5;32m[AndroidUiautomator2Driver@8c4f]&amp#27;[0m Calling AppiumDriver.click() with args: ["00000000-0000-00a9-ffff-ffff00000046","394c1628-da4c-42d6-874f-fc301c25e633"]
&amp#27;[38;5;32m[AndroidUiautomator2Driver@8c4f]&amp#27;[0m Matched '/element/00000000-0000-00a9-ffff-ffff00000046/click' to command name 'click'
&amp#27;[38;5;32m[AndroidUiautomator2Driver@8c4f]&amp#27;[0m Proxying [POST /element/00000000-0000-00a9-ffff-ffff00000046/click] to [POST http://127.0.0.1:8200/session/f2a661ed-4107-4490-9918-f8b583caa5fa/element/00000000-0000-00a9-ffff-ffff00000046/click] with body: {"element":"00000000-0000-00a9-ffff-ffff00000046"}
&amp#27;[38;5;32m[AndroidUiautomator2Driver@8c4f]&amp#27;[0m Got response with status 200: {"sessionId":"f2a661ed-4107-4490-9918-f8b583caa5fa","value":null}
&amp#27;[38;5;32m[AndroidUiautomator2Driver@8c4f]&amp#27;[0m Responding to client with driver.click() result: null
&amp#27;[38;5;0m[HTTP]&amp#27;[0m &amp#27;[37m<-- POST /session/394c1628-da4c-42d6-874f-fc301c25e633/element/00000000-0000-00a9-ffff-ffff00000046/click &amp#27;[39m&amp#27;[32m200&amp#27;[39m &amp#27;[90m44 ms - 14&amp#27;[39m
&amp#27;[38;5;0m[HTTP]&amp#27;[0m &amp#27;[90m&amp#27;[39m
&amp#27;[38;5;0m[HTTP]&amp#27;[0m &amp#27;[37m-->&amp#27;[39m &amp#27;[37mPOST&amp#27;[39m &amp#27;[37m/session/394c1628-da4c-42d6-874f-fc301c25e633/element&amp#27;[39m
&amp#27;[38;5;0m[HTTP]&amp#27;[0m &amp#27;[90m{"using":"id","value":"com.androidsample.generalstore:id/toolbar_title"}&amp#27;[39m
&amp#27;[38;5;32m[AndroidUiautomator2Driver@8c4f]&amp#27;[0m Calling AppiumDriver.findElement() with args: ["id","com.androidsample.generalstore:id/toolbar_title","394c1628-da4c-42d6-874f-fc301c25e633"]
&amp#27;[38;5;32m[AndroidUiautomator2Driver@8c4f]&amp#27;[0m Valid locator strategies for this request: xpath, id, class name, accessibility id, css selector, -android uiautomator
&amp#27;[38;5;32m[AndroidUiautomator2Driver@8c4f]&amp#27;[0m Waiting up to 30000 ms for condition
&amp#27;[38;5;32m[AndroidUiautomator2Driver@8c4f]&amp#27;[0m Matched '/element' to command name 'findElement'
&amp#27;[38;5;32m[AndroidUiautomator2Driver@8c4f]&amp#27;[0m Proxying [POST /element] to [POST http://127.0.0.1:8200/session/f2a661ed-4107-4490-9918-f8b583caa5fa/element] with body: {"strategy":"id","selector":"com.androidsample.generalstore:id/toolbar_title","context":"","multiple":false}
&amp#27;[38;5;32m[AndroidUiautomator2Driver@8c4f]&amp#27;[0m Got response with status 200: {"sessionId":"f2a661ed-4107-4490-9918-f8b583caa5fa","value":{"ELEMENT":"00000000-0000-00a9-ffff-ffff00000042","element-6066-11e4-a52e-4f735466cecf":"00000000-0000-00a9-ffff-ffff00000042"}}
&amp#27;[38;5;32m[AndroidUiautomator2Driver@8c4f]&amp#27;[0m Responding to client with driver.findElement() result: {"element-6066-11e4-a52e-4f735466cecf":"00000000-0000-00a9-ffff-ffff00000042","ELEMENT":"00000000-0000-00a9-ffff-ffff00000042"}
&amp#27;[38;5;0m[HTTP]&amp#27;[0m &amp#27;[37m<-- POST /session/394c1628-da4c-42d6-874f-fc301c25e633/element &amp#27;[39m&amp#27;[32m200&amp#27;[39m &amp#27;[90m82 ms - 137&amp#27;[39m
&amp#27;[38;5;0m[HTTP]&amp#27;[0m &amp#27;[90m&amp#27;[39m
&amp#27;[38;5;0m[HTTP]&amp#27;[0m &amp#27;[37m-->&amp#27;[39m &amp#27;[37mGET&amp#27;[39m &amp#27;[37m/session/394c1628-da4c-42d6-874f-fc301c25e633/element/00000000-0000-00a9-ffff-ffff00000042/attribute/text&amp#27;[39m
&amp#27;[38;5;0m[HTTP]&amp#27;[0m &amp#27;[90m{}&amp#27;[39m
&amp#27;[38;5;32m[AndroidUiautomator2Driver@8c4f]&amp#27;[0m Calling AppiumDriver.getAttribute() with args: ["text","00000000-0000-00a9-ffff-ffff00000042","394c1628-da4c-42d6-874f-fc301c25e633"]
&amp#27;[38;5;32m[AndroidUiautomator2Driver@8c4f]&amp#27;[0m Matched '/element/00000000-0000-00a9-ffff-ffff00000042/attribute/text' to command name 'getAttribute'
&amp#27;[38;5;32m[AndroidUiautomator2Driver@8c4f]&amp#27;[0m Proxying [GET /element/00000000-0000-00a9-ffff-ffff00000042/attribute/text] to [GET http://127.0.0.1:8200/session/f2a661ed-4107-4490-9918-f8b583caa5fa/element/00000000-0000-00a9-ffff-ffff00000042/attribute/text] with no body
&amp#27;[38;5;32m[AndroidUiautomator2Driver@8c4f]&amp#27;[0m Got response with status 404: {"sessionId":"f2a661ed-4107-4490-9918-f8b583caa5fa","value":{"error":"stale element reference","message":"The element 'By.id: com.androidsample.generalstore:id/toolbar_title' does not exist in DOM anymore","stacktrace":"io.appium.uiautomator2.common.exceptions.StaleElementReferenceException: The element 'By.id: com.androidsample.generalstore:id/toolbar_title' does not exist in DOM anymore\n\tat io.appium.uiautomator2.model.ElementsCache.restore(ElementsCache.java:117)\n\tat io.appium.uiautomator2.model.ElementsCache.get(ElementsCache.java:153)\n\tat io.appium.uiautomator2.handler.GetElementAttribute.safeHandle(GetElementAttribute.java:23)\n\tat io.appium.uiautomator2.handler.request.SafeRequestHandler.handle(SafeRequestHandler.java:59)\n\tat io.appium.uiautomator2.server.AppiumServlet.handleRequest(AppiumServlet.java:259)\n\tat io.appium.uiautomator2.server.AppiumServlet.handleHttpRequest(AppiumServlet.java:253)\n\tat io.appium.uiautomator2.http.ServerHandler.channelRead(ServerHandler.java:77)\n\tat io.net...
&amp#27;[38;5;96m[W3C]&amp#27;[0m Matched W3C error code 'stale element reference' to StaleElementReferenceError
&amp#27;[38;5;32m[AndroidUiautomator2Driver@8c4f]&amp#27;[0m Encountered internal error running command: io.appium.uiautomator2.common.exceptions.StaleElementReferenceException: The element 'By.id: com.androidsample.generalstore:id/toolbar_title' does not exist in DOM anymore
	at io.appium.uiautomator2.model.ElementsCache.restore(ElementsCache.java:117)
	at io.appium.uiautomator2.model.ElementsCache.get(ElementsCache.java:153)
	at io.appium.uiautomator2.handler.GetElementAttribute.safeHandle(GetElementAttribute.java:23)
	at io.appium.uiautomator2.handler.request.SafeRequestHandler.handle(SafeRequestHandler.java:59)
	at io.appium.uiautomator2.server.AppiumServlet.handleRequest(AppiumServlet.java:259)
	at io.appium.uiautomator2.server.AppiumServlet.handleHttpRequest(AppiumServlet.java:253)
	at io.appium.uiautomator2.http.ServerHandler.channelRead(ServerHandler.java:77)
	at io.netty.channel.AbstractChannelHandlerContext.invokeChannelRead(AbstractChannelHandlerContext.java:366)
	at io.netty.channel.AbstractChannelHandlerContext.invokeChannelRead(AbstractChannelHandlerContext.java:352)
	at io.netty.channel.AbstractChannelHandlerContext.fireChannelRead(AbstractChannelHandlerContext.java:345)
	at io.netty.handler.codec.MessageToMessageDecoder.channelRead(MessageToMessageDecoder.java:102)
	at io.netty.channel.AbstractChannelHandlerContext.invokeChannelRead(AbstractChannelHandlerContext.java:366)
	at io.netty.channel.AbstractChannelHandlerContext.invokeChannelRead(AbstractChannelHandlerContext.java:352)
	at io.netty.channel.AbstractChannelHandlerContext.fireChannelRead(AbstractChannelHandlerContext.java:345)
	at io.netty.channel.CombinedChannelDuplexHandler$DelegatingChannelHandlerContext.fireChannelRead(CombinedChannelDuplexHandler.java:435)
	at io.netty.handler.codec.ByteToMessageDecoder.fireChannelRead(ByteToMessageDecoder.java:293)
	at io.netty.handler.codec.ByteToMessageDecoder.channelRead(ByteToMessageDecoder.java:267)
	at io.netty.channel.CombinedChannelDuplexHandler.channelRead(CombinedChannelDuplexHandler.java:250)
	at io.netty.channel.AbstractChannelHandlerContext.invokeChannelRead(AbstractChannelHandlerContext.java:366)
	at io.netty.channel.AbstractChannelHandlerContext.invokeChannelRead(AbstractChannelHandlerContext.java:352)
	at io.netty.channel.AbstractChannelHandlerContext.fireChannelRead(AbstractChannelHandlerContext.java:345)
	at io.netty.handler.timeout.IdleStateHandler.channelRead(IdleStateHandler.java:266)
	at io.netty.channel.AbstractChannelHandlerContext.invokeChannelRead(AbstractChannelHandlerContext.java:366)
	at io.netty.channel.AbstractChannelHandlerContext.invokeChannelRead(AbstractChannelHandlerContext.java:352)
	at io.netty.channel.AbstractChannelHandlerContext.fireChannelRead(AbstractChannelHandlerContext.java:345)
	at io.netty.channel.DefaultChannelPipeline$HeadContext.channelRead(DefaultChannelPipeline.java:1294)
	at io.netty.channel.AbstractChannelHandlerContext.invokeChannelRead(AbstractChannelHandlerContext.java:366)
	at io.netty.channel.AbstractChannelHandlerContext.invokeChannelRead(AbstractChannelHandlerContext.java:352)
	at io.netty.channel.DefaultChannelPipeline.fireChannelRead(DefaultChannelPipeline.java:911)
	at io.netty.channel.nio.AbstractNioByteChannel$NioByteUnsafe.read(AbstractNioByteChannel.java:131)
	at io.netty.channel.nio.NioEventLoop.processSelectedKey(NioEventLoop.java:611)
	at io.netty.channel.nio.NioEventLoop.processSelectedKeysOptimized(NioEventLoop.java:552)
	at io.netty.channel.nio.NioEventLoop.processSelectedKeys(NioEventLoop.java:466)
	at io.netty.channel.nio.NioEventLoop.run(NioEventLoop.java:438)
	at io.netty.util.concurrent.SingleThreadEventExecutor$2.run(SingleThreadEventExecutor.java:140)
	at io.netty.util.concurrent.DefaultThreadFactory$DefaultRunnableDecorator.run(DefaultThreadFactory.java:144)
	at java.lang.Thread.run(Thread.java:1012)

&amp#27;[38;5;0m[HTTP]&amp#27;[0m &amp#27;[37m<-- GET /session/394c1628-da4c-42d6-874f-fc301c25e633/element/00000000-0000-00a9-ffff-ffff00000042/attribute/text &amp#27;[39m&amp#27;[33m404&amp#27;[39m &amp#27;[90m1234 ms - 4007&amp#27;[39m
&amp#27;[38;5;0m[HTTP]&amp#27;[0m &amp#27;[90m&amp#27;[39m
Exception occurred: The element 'By.id: com.androidsample.generalstore:id/toolbar_title' does not exist in DOM anymore
For documentation on this error, please visit: https://selenium.dev/exceptions/#stale_element_reference
Build info: version: '4.6.0', revision: '79f1c02ae20'
System info: os.name: 'Mac OS X', os.arch: 'aarch64', os.version: '14.6.1', java.version: '22.0.1'
Driver info: io.appium.java_client.android.AndroidDriver
Command: [394c1628-da4c-42d6-874f-fc301c25e633, getElementAttribute {id=00000000-0000-00a9-ffff-ffff00000042, name=text}]
Capabilities {appium:app: /Users/debasishpruseth/Down..., appium:appPackage: com.androidsample.generalstore, appium:automationName: UIAutomator2, appium:databaseEnabled: false, appium:desired: {app: /Users/debasishpruseth/Down..., automationName: UIAutomator2, deviceName: emulator-5554, platformName: android}, appium:deviceApiLevel: 35, appium:deviceManufacturer: Google, appium:deviceModel: sdk_gphone64_arm64, appium:deviceName: emulator-5554, appium:deviceScreenDensity: 420, appium:deviceScreenSize: 1080x2400, appium:deviceUDID: emulator-5554, appium:javascriptEnabled: true, appium:locationContextEnabled: false, appium:networkConnectionEnabled: true, appium:pixelRatio: 2.625, appium:platformVersion: 15, appium:statBarHeight: 63, appium:takesScreenshot: true, appium:viewportRect: {height: 2337, left: 0, top: 63, width: 1080}, appium:warnings: {}, appium:webStorageEnabled: false, platformName: ANDROID}
Element: [[AndroidDriver:  on ANDROID (394c1628-da4c-42d6-874f-fc301c25e633)] -> id: com.androidsample.generalstore:id/toolbar_title]
Session ID: 394c1628-da4c-42d6-874f-fc301c25e633
]]></system-out>
    <system-err><![CDATA[[main] WARN org.testng.xml.TestNGContentHandler - It is strongly recommended to add "<!DOCTYPE suite SYSTEM "https://testng.org/testng-1.1.dtd" >" at the top of the suite file [/Users/debasishpruseth/eclipse-workspace/MobileAutomation/General_Store_testng.xml] otherwise TestNG may fail or not work as expected.
org.openqa.selenium.StaleElementReferenceException: The element 'By.id: com.androidsample.generalstore:id/toolbar_title' does not exist in DOM anymore
For documentation on this error, please visit: https://selenium.dev/exceptions/#stale_element_reference
Build info: version: '4.6.0', revision: '79f1c02ae20'
System info: os.name: 'Mac OS X', os.arch: 'aarch64', os.version: '14.6.1', java.version: '22.0.1'
Driver info: io.appium.java_client.android.AndroidDriver
Command: [394c1628-da4c-42d6-874f-fc301c25e633, getElementAttribute {id=00000000-0000-00a9-ffff-ffff00000042, name=text}]
Capabilities {appium:app: /Users/debasishpruseth/Down..., appium:appPackage: com.androidsample.generalstore, appium:automationName: UIAutomator2, appium:databaseEnabled: false, appium:desired: {app: /Users/debasishpruseth/Down..., automationName: UIAutomator2, deviceName: emulator-5554, platformName: android}, appium:deviceApiLevel: 35, appium:deviceManufacturer: Google, appium:deviceModel: sdk_gphone64_arm64, appium:deviceName: emulator-5554, appium:deviceScreenDensity: 420, appium:deviceScreenSize: 1080x2400, appium:deviceUDID: emulator-5554, appium:javascriptEnabled: true, appium:locationContextEnabled: false, appium:networkConnectionEnabled: true, appium:pixelRatio: 2.625, appium:platformVersion: 15, appium:statBarHeight: 63, appium:takesScreenshot: true, appium:viewportRect: {height: 2337, left: 0, top: 63, width: 1080}, appium:warnings: {}, appium:webStorageEnabled: false, platformName: ANDROID}
Element: [[AndroidDriver:  on ANDROID (394c1628-da4c-42d6-874f-fc301c25e633)] -> id: com.androidsample.generalstore:id/toolbar_title]
Session ID: 394c1628-da4c-42d6-874f-fc301c25e633
	at java.base/jdk.internal.reflect.DirectConstructorHandleAccessor.newInstance(DirectConstructorHandleAccessor.java:62)
	at java.base/java.lang.reflect.Constructor.newInstanceWithCaller(Constructor.java:502)
	at java.base/java.lang.reflect.Constructor.newInstance(Constructor.java:486)
	at org.openqa.selenium.remote.codec.w3c.W3CHttpResponseCodec.createException(W3CHttpResponseCodec.java:200)
	at org.openqa.selenium.remote.codec.w3c.W3CHttpResponseCodec.decode(W3CHttpResponseCodec.java:133)
	at org.openqa.selenium.remote.codec.w3c.W3CHttpResponseCodec.decode(W3CHttpResponseCodec.java:53)
	at org.openqa.selenium.remote.HttpCommandExecutor.execute(HttpCommandExecutor.java:184)
	at io.appium.java_client.remote.AppiumCommandExecutor.execute(AppiumCommandExecutor.java:189)
	at org.openqa.selenium.remote.RemoteWebDriver.execute(RemoteWebDriver.java:541)
	at org.openqa.selenium.remote.RemoteWebElement.execute(RemoteWebElement.java:257)
	at org.openqa.selenium.remote.RemoteWebElement.getAttribute(RemoteWebElement.java:158)
	at org.openqa.selenium.support.ui.ExpectedConditions.getAttributeOrCssValue(ExpectedConditions.java:1175)
	at org.openqa.selenium.support.ui.ExpectedConditions$40.apply(ExpectedConditions.java:1124)
	at org.openqa.selenium.support.ui.ExpectedConditions$40.apply(ExpectedConditions.java:1121)
	at org.openqa.selenium.support.ui.FluentWait.until(FluentWait.java:203)
	at in.debasish.generalStore.TC10_GeneralStoreAppTest.addtoCart(TC10_GeneralStoreAppTest.java:52)
	at java.base/jdk.internal.reflect.DirectMethodHandleAccessor.invoke(DirectMethodHandleAccessor.java:103)
	at java.base/java.lang.reflect.Method.invoke(Method.java:580)
	at org.testng.internal.invokers.MethodInvocationHelper.invokeMethod(MethodInvocationHelper.java:141)
	at org.testng.internal.invokers.TestInvoker.invokeMethod(TestInvoker.java:686)
	at org.testng.internal.invokers.TestInvoker.invokeTestMethod(TestInvoker.java:230)
	at org.testng.internal.invokers.MethodRunner.runInSequence(MethodRunner.java:63)
	at org.testng.internal.invokers.TestInvoker$MethodInvocationAgent.invoke(TestInvoker.java:992)
	at org.testng.internal.invokers.TestInvoker.invokeTestMethods(TestInvoker.java:203)
	at org.testng.internal.invokers.TestMethodWorker.invokeTestMethods(TestMethodWorker.java:154)
	at org.testng.internal.invokers.TestMethodWorker.run(TestMethodWorker.java:134)
	at java.base/java.util.ArrayList.forEach(ArrayList.java:1597)
	at org.testng.TestRunner.privateRun(TestRunner.java:739)
	at org.testng.TestRunner.run(TestRunner.java:614)
	at org.testng.SuiteRunner.runTest(SuiteRunner.java:421)
	at org.testng.SuiteRunner.runSequentially(SuiteRunner.java:413)
	at org.testng.SuiteRunner.privateRun(SuiteRunner.java:373)
	at org.testng.SuiteRunner.run(SuiteRunner.java:312)
	at org.testng.SuiteRunnerWorker.runSuite(SuiteRunnerWorker.java:52)
	at org.testng.SuiteRunnerWorker.run(SuiteRunnerWorker.java:95)
	at org.testng.TestNG.runSuitesSequentially(TestNG.java:1274)
	at org.testng.TestNG.runSuitesLocally(TestNG.java:1208)
	at org.testng.TestNG.runSuites(TestNG.java:1112)
	at org.testng.TestNG.run(TestNG.java:1079)
	at org.apache.maven.surefire.testng.TestNGExecutor.run(TestNGExecutor.java:308)
	at org.apache.maven.surefire.testng.TestNGXmlTestSuite.execute(TestNGXmlTestSuite.java:71)
	at org.apache.maven.surefire.testng.TestNGProvider.invoke(TestNGProvider.java:113)
	at org.apache.maven.surefire.booter.ForkedBooter.runSuitesInProcess(ForkedBooter.java:385)
	at org.apache.maven.surefire.booter.ForkedBooter.execute(ForkedBooter.java:162)
	at org.apache.maven.surefire.booter.ForkedBooter.run(ForkedBooter.java:507)
	at org.apache.maven.surefire.booter.ForkedBooter.main(ForkedBooter.java:495)
]]></system-err>
  </testcase>
  <testcase name="toastMsgValidation" classname="in.debasish.generalStore.TC8_GeneralStoreAppTest" time="31.901">
    <system-out><![CDATA[&amp#27;[38;5;0m[HTTP]&amp#27;[0m &amp#27;[37m-->&amp#27;[39m &amp#27;[37mDELETE&amp#27;[39m &amp#27;[37m/session/394c1628-da4c-42d6-874f-fc301c25e633&amp#27;[39m
&amp#27;[38;5;0m[HTTP]&amp#27;[0m &amp#27;[90m{}&amp#27;[39m
&amp#27;[38;5;32m[AndroidUiautomator2Driver@8c4f]&amp#27;[0m Calling AppiumDriver.deleteSession() with args: ["394c1628-da4c-42d6-874f-fc301c25e633"]
&amp#27;[38;5;16m[AppiumDriver@39e8]&amp#27;[0m Event 'quitSessionRequested' logged at 1725200053817 (19:44:13 GMT+0530 (India Standard Time))
&amp#27;[38;5;16m[AppiumDriver@39e8]&amp#27;[0m Removing session 394c1628-da4c-42d6-874f-fc301c25e633 from our master session list
&amp#27;[38;5;32m[AndroidUiautomator2Driver@8c4f]&amp#27;[0m Deleting UiAutomator2 session
&amp#27;[38;5;32m[AndroidUiautomator2Driver@8c4f]&amp#27;[0m Deleting UiAutomator2 server session
&amp#27;[38;5;32m[AndroidUiautomator2Driver@8c4f]&amp#27;[0m Matched '/' to command name 'deleteSession'
&amp#27;[38;5;32m[AndroidUiautomator2Driver@8c4f]&amp#27;[0m Proxying [DELETE /] to [DELETE http://127.0.0.1:8200/session/f2a661ed-4107-4490-9918-f8b583caa5fa] with no body
&amp#27;[38;5;32m[AndroidUiautomator2Driver@8c4f]&amp#27;[0m Got response with status 200: {"sessionId":"f2a661ed-4107-4490-9918-f8b583caa5fa","value":null}
&amp#27;[38;5;32m[AndroidUiautomator2Driver@8c4f]&amp#27;[0m [Instrumentation] io.appium.uiautomator2.server.test.AppiumUiAutomator2Server:
&amp#27;[38;5;32m[AndroidUiautomator2Driver@8c4f]&amp#27;[0m [Instrumentation] The process has exited with code null, signal SIGTERM
&amp#27;[38;5;48m[ADB]&amp#27;[0m Running '/Users/debasishpruseth/Library/Java/JavaVirtualMachines/openjdk-22.0.1-1/Contents/Home/platform-tools/adb -P 5037 -s emulator-5554 shell dumpsys activity services io.appium.settings/.recorder.RecorderService'
&amp#27;[38;5;48m[ADB]&amp#27;[0m Running '/Users/debasishpruseth/Library/Java/JavaVirtualMachines/openjdk-22.0.1-1/Contents/Home/platform-tools/adb -P 5037 -s emulator-5554 shell am force-stop com.androidsample.generalstore'
&amp#27;[38;5;48m[ADB]&amp#27;[0m Removing forwarded port socket connection: 8200 
&amp#27;[38;5;48m[ADB]&amp#27;[0m Running '/Users/debasishpruseth/Library/Java/JavaVirtualMachines/openjdk-22.0.1-1/Contents/Home/platform-tools/adb -P 5037 -s emulator-5554 forward --remove tcp:8200'
&amp#27;[38;5;32m[AndroidUiautomator2Driver@8c4f]&amp#27;[0m Restoring hidden api policy to the device default configuration
&amp#27;[38;5;48m[ADB]&amp#27;[0m Running '/Users/debasishpruseth/Library/Java/JavaVirtualMachines/openjdk-22.0.1-1/Contents/Home/platform-tools/adb -P 5037 -s emulator-5554 shell 'settings delete global hidden_api_policy_pre_p_apps;settings delete global hidden_api_policy_p_apps;settings delete global hidden_api_policy''
&amp#27;[38;5;80m[Logcat]&amp#27;[0m Stopping logcat capture
&amp#27;[38;5;16m[AppiumDriver@39e8]&amp#27;[0m Event 'quitSessionFinished' logged at 1725200054446 (19:44:14 GMT+0530 (India Standard Time))
&amp#27;[38;5;16m[AppiumDriver@39e8]&amp#27;[0m Received response: null
&amp#27;[38;5;16m[AppiumDriver@39e8]&amp#27;[0m But deleting session, so not returning
&amp#27;[38;5;16m[AppiumDriver@39e8]&amp#27;[0m Responding to client with driver.deleteSession() result: null
&amp#27;[38;5;0m[HTTP]&amp#27;[0m &amp#27;[37m<-- DELETE /session/394c1628-da4c-42d6-874f-fc301c25e633 &amp#27;[39m&amp#27;[32m200&amp#27;[39m &amp#27;[90m633 ms - 14&amp#27;[39m
&amp#27;[38;5;0m[HTTP]&amp#27;[0m &amp#27;[90m&amp#27;[39m
&amp#27;[35m[Appium]&amp#27;[39m Welcome to Appium v2.5.4 (REV abc0584215659c5a8716d0798ea2801388d01368)
&amp#27;[35m[Appium]&amp#27;[39m Non-default server args:
&amp#27;[35m[Appium]&amp#27;[39m { port: &amp#27;[33m4722&amp#27;[39m }
&amp#27;[35m[Appium]&amp#27;[39m The autodetected Appium home path: /Users/debasishpruseth/.appium
&amp#27;[35m[Appium]&amp#27;[39m Attempting to load driver uiautomator2...
&amp#27;[35m[Appium]&amp#27;[39m Attempting to load driver xcuitest...
&amp#27;[35m[Appium]&amp#27;[39m Requiring driver at /Users/debasishpruseth/.appium/node_modules/appium-uiautomator2-driver/build/index.js
&amp#27;[35m[Appium]&amp#27;[39m Requiring driver at /Users/debasishpruseth/.appium/node_modules/appium-xcuitest-driver/build/index.js
&amp#27;[35m[Appium]&amp#27;[39m AndroidUiautomator2Driver has been successfully loaded in 1.246s
&amp#27;[35m[Appium]&amp#27;[39m XCUITestDriver has been successfully loaded in 1.246s
&amp#27;[35m[Appium]&amp#27;[39m Appium REST http interface listener started on http://0.0.0.0:4722
&amp#27;[35m[Appium]&amp#27;[39m You can provide the following URLs in your client code to connect to this server:
&amp#27;[35m[Appium]&amp#27;[39m 	http://127.0.0.1:4722/ (only accessible from the same host)
&amp#27;[35m[Appium]&amp#27;[39m 	http://192.168.0.102:4722/
&amp#27;[35m[Appium]&amp#27;[39m Available drivers:
&amp#27;[35m[Appium]&amp#27;[39m   - uiautomator2@3.7.3 (automationName 'UiAutomator2')
&amp#27;[35m[Appium]&amp#27;[39m   - xcuitest@7.24.12 (automationName 'XCUITest')
&amp#27;[35m[Appium]&amp#27;[39m No plugins have been installed. Use the "appium plugin" command to install the one(s) you want to use.
&amp#27;[38;5;0m[HTTP]&amp#27;[0m &amp#27;[37m-->&amp#27;[39m &amp#27;[37mGET&amp#27;[39m &amp#27;[37m/status&amp#27;[39m
&amp#27;[38;5;0m[HTTP]&amp#27;[0m &amp#27;[90m{}&amp#27;[39m
&amp#27;[38;5;16m[AppiumDriver@4b38]&amp#27;[0m Calling AppiumDriver.getStatus() with args: []
&amp#27;[38;5;16m[AppiumDriver@4b38]&amp#27;[0m Responding to client with driver.getStatus() result: {"ready":true,"message":"The server is ready to accept new connections","build":{"version":"2.5.4","git-sha":"abc0584215659c5a8716d0798ea2801388d01368","built":"2024-08-26 09:35:52 +0100"}}
&amp#27;[38;5;0m[HTTP]&amp#27;[0m &amp#27;[37m<-- GET /status &amp#27;[39m&amp#27;[32m200&amp#27;[39m &amp#27;[90m4 ms - 199&amp#27;[39m
&amp#27;[38;5;0m[HTTP]&amp#27;[0m &amp#27;[90m&amp#27;[39m
&amp#27;[38;5;0m[HTTP]&amp#27;[0m Request idempotency key: 2bf8df53-ff65-4fa1-b265-06b9c14aa443
&amp#27;[38;5;0m[HTTP]&amp#27;[0m &amp#27;[37m-->&amp#27;[39m &amp#27;[37mPOST&amp#27;[39m &amp#27;[37m/session&amp#27;[39m
&amp#27;[38;5;0m[HTTP]&amp#27;[0m &amp#27;[90m{"capabilities":{"firstMatch":[{}],"alwaysMatch":{"appium:app":"/Users/debasishpruseth/Downloads/General-Store.apk","appium:automationName":"UIAutomator2","appium:deviceName":"emulator-5554","platformName":"android"}}}&amp#27;[39m
&amp#27;[38;5;16m[AppiumDriver@4b38]&amp#27;[0m Calling AppiumDriver.createSession() with args: [null,null,{"firstMatch":[{}],"alwaysMatch":{"appium:app":"/Users/debasishpruseth/Downloads/General-Store.apk","appium:automationName":"UIAutomator2","appium:deviceName":"emulator-5554","platformName":"android"}}]
&amp#27;[38;5;16m[AppiumDriver@4b38]&amp#27;[0m Event 'newSessionRequested' logged at 1725200060692 (19:44:20 GMT+0530 (India Standard Time))
&amp#27;[35m[Appium]&amp#27;[39m Attempting to find matching driver for automationName 'UIAutomator2' and platformName 'android'
&amp#27;[35m[Appium]&amp#27;[39m The 'uiautomator2' driver was installed and matched caps.
&amp#27;[35m[Appium]&amp#27;[39m Will require it at /Users/debasishpruseth/.appium/node_modules/appium-uiautomator2-driver
&amp#27;[35m[Appium]&amp#27;[39m Requiring driver at /Users/debasishpruseth/.appium/node_modules/appium-uiautomator2-driver/build/index.js
&amp#27;[38;5;16m[AppiumDriver@4b38]&amp#27;[0m Appium v2.5.4 creating new AndroidUiautomator2Driver (v3.7.3) session
&amp#27;[38;5;16m[AppiumDriver@4b38]&amp#27;[0m Checking BaseDriver versions for Appium and AndroidUiautomator2Driver
&amp#27;[38;5;16m[AppiumDriver@4b38]&amp#27;[0m Appium's BaseDriver version is 9.6.0
&amp#27;[38;5;16m[AppiumDriver@4b38]&amp#27;[0m AndroidUiautomator2Driver's BaseDriver version is 9.11.2
&amp#27;[38;5;32m[AndroidUiautomator2Driver@a768]&amp#27;[0m 
&amp#27;[38;5;32m[AndroidUiautomator2Driver@a768]&amp#27;[0m Creating session with W3C capabilities: {
  "alwaysMatch": {
    "platformName": "android",
    "appium:app": "/Users/debasishpruseth/Downloads/General-Store.apk",
    "appium:automationName": "UIAutomator2",
    "appium:deviceName": "emulator-5554"
  },
  "firstMatch": [
    {}
  ]
}
&amp#27;[38;5;32m[AndroidUiautomator2Driver@a768]&amp#27;[0m Session created with session id: 5d1e9f54-f12e-4992-9edf-ce03a395060a
&amp#27;[38;5;48m[ADB]&amp#27;[0m Found 2 'build-tools' folders under '/Users/debasishpruseth/Library/Java/JavaVirtualMachines/openjdk-22.0.1-1/Contents/Home' (newest first):
&amp#27;[38;5;48m[ADB]&amp#27;[0m     /Users/debasishpruseth/Library/Java/JavaVirtualMachines/openjdk-22.0.1-1/Contents/Home/build-tools/35.0.0
&amp#27;[38;5;48m[ADB]&amp#27;[0m     /Users/debasishpruseth/Library/Java/JavaVirtualMachines/openjdk-22.0.1-1/Contents/Home/build-tools/34.0.0
&amp#27;[38;5;48m[ADB]&amp#27;[0m Using 'adb' from '/Users/debasishpruseth/Library/Java/JavaVirtualMachines/openjdk-22.0.1-1/Contents/Home/platform-tools/adb'
&amp#27;[38;5;48m[ADB]&amp#27;[0m Running '/Users/debasishpruseth/Library/Java/JavaVirtualMachines/openjdk-22.0.1-1/Contents/Home/platform-tools/adb -P 5037 start-server'
&amp#27;[38;5;32m[AndroidUiautomator2Driver@a768]&amp#27;[0m Retrieving device list
&amp#27;[38;5;48m[ADB]&amp#27;[0m Trying to find connected Android devices
&amp#27;[38;5;48m[ADB]&amp#27;[0m Getting connected devices
&amp#27;[38;5;48m[ADB]&amp#27;[0m Connected devices: [{"udid":"emulator-5554","state":"device"}]
&amp#27;[38;5;32m[AndroidUiautomator2Driver@a768]&amp#27;[0m Using device: emulator-5554
&amp#27;[38;5;48m[ADB]&amp#27;[0m Using 'adb' from '/Users/debasishpruseth/Library/Java/JavaVirtualMachines/openjdk-22.0.1-1/Contents/Home/platform-tools/adb'
&amp#27;[38;5;48m[ADB]&amp#27;[0m Running '/Users/debasishpruseth/Library/Java/JavaVirtualMachines/openjdk-22.0.1-1/Contents/Home/platform-tools/adb -P 5037 start-server'
&amp#27;[38;5;48m[ADB]&amp#27;[0m Setting device id to emulator-5554
&amp#27;[38;5;64m[BaseDriver]&amp#27;[0m Using local app '/Users/debasishpruseth/Downloads/General-Store.apk'
&amp#27;[38;5;32m[AndroidUiautomator2Driver@a768]&amp#27;[0m Checking whether app is actually present
&amp#27;[38;5;48m[ADB]&amp#27;[0m Running '/Users/debasishpruseth/Library/Java/JavaVirtualMachines/openjdk-22.0.1-1/Contents/Home/platform-tools/adb -P 5037 -s emulator-5554 shell getprop ro.build.version.sdk'
&amp#27;[38;5;48m[ADB]&amp#27;[0m Current device property 'ro.build.version.sdk': 35
&amp#27;[38;5;48m[ADB]&amp#27;[0m Getting device platform version
&amp#27;[38;5;48m[ADB]&amp#27;[0m Running '/Users/debasishpruseth/Library/Java/JavaVirtualMachines/openjdk-22.0.1-1/Contents/Home/platform-tools/adb -P 5037 -s emulator-5554 shell getprop ro.build.version.release'
&amp#27;[38;5;48m[ADB]&amp#27;[0m Current device property 'ro.build.version.release': 15
&amp#27;[38;5;48m[ADB]&amp#27;[0m Device API level: 35
&amp#27;[38;5;32m[AndroidUiautomator2Driver@a768]&amp#27;[0m Relaxing hidden api policy
&amp#27;[38;5;48m[ADB]&amp#27;[0m Running '/Users/debasishpruseth/Library/Java/JavaVirtualMachines/openjdk-22.0.1-1/Contents/Home/platform-tools/adb -P 5037 -s emulator-5554 shell 'settings put global hidden_api_policy_pre_p_apps 1;settings put global hidden_api_policy_p_apps 1;settings put global hidden_api_policy 1''
&amp#27;[38;5;32m[AndroidUiautomator2Driver@a768]&amp#27;[0m Parsing package and activity from app manifest
&amp#27;[38;5;48m[ADB]&amp#27;[0m Running '/Users/debasishpruseth/Library/Java/JavaVirtualMachines/openjdk-22.0.1-1/Contents/Home/platform-tools/adb -P 5037 -s emulator-5554 wait-for-device'
&amp#27;[38;5;48m[ADB]&amp#27;[0m Using 'aapt2' from '/Users/debasishpruseth/Library/Java/JavaVirtualMachines/openjdk-22.0.1-1/Contents/Home/build-tools/35.0.0/aapt2'
&amp#27;[38;5;48m[ADB]&amp#27;[0m Reading package manifest: '/Users/debasishpruseth/Library/Java/JavaVirtualMachines/openjdk-22.0.1-1/Contents/Home/build-tools/35.0.0/aapt2 dump badging /Users/debasishpruseth/Downloads/General-Store.apk'
&amp#27;[38;5;48m[ADB]&amp#27;[0m Running '/Users/debasishpruseth/Library/Java/JavaVirtualMachines/openjdk-22.0.1-1/Contents/Home/platform-tools/adb -P 5037 -s emulator-5554 shell echo ping'
&amp#27;[38;5;48m[ADB]&amp#27;[0m Package name: 'com.androidsample.generalstore'
&amp#27;[38;5;48m[ADB]&amp#27;[0m Main activity name: 'com.androidsample.generalstore.SplashActivity'
&amp#27;[38;5;32m[AndroidUiautomator2Driver@a768]&amp#27;[0m Parsed package and activity are: com.androidsample.generalstore/com.androidsample.generalstore.SplashActivity
&amp#27;[38;5;32m[AndroidUiautomator2Driver@a768]&amp#27;[0m Pushing settings apk to the device...
&amp#27;[38;5;48m[ADB]&amp#27;[0m Getting package info for 'io.appium.settings'
&amp#27;[38;5;48m[ADB]&amp#27;[0m Running '/Users/debasishpruseth/Library/Java/JavaVirtualMachines/openjdk-22.0.1-1/Contents/Home/platform-tools/adb -P 5037 -s emulator-5554 shell dumpsys package io.appium.settings'
&amp#27;[38;5;48m[ADB]&amp#27;[0m Reading package manifest: '/Users/debasishpruseth/Library/Java/JavaVirtualMachines/openjdk-22.0.1-1/Contents/Home/build-tools/35.0.0/aapt2 dump badging /Users/debasishpruseth/.appium/node_modules/appium-uiautomator2-driver/node_modules/io.appium.settings/apks/settings_apk-debug.apk'
&amp#27;[38;5;48m[ADB]&amp#27;[0m The version name of the installed 'io.appium.settings' is greater or equal to the application version name ('5.12.6' >= '5.12.6')
&amp#27;[38;5;48m[ADB]&amp#27;[0m There is no need to install/upgrade '/Users/debasishpruseth/.appium/node_modules/appium-uiautomator2-driver/node_modules/io.appium.settings/apks/settings_apk-debug.apk'
&amp#27;[38;5;48m[ADB]&amp#27;[0m Running '/Users/debasishpruseth/Library/Java/JavaVirtualMachines/openjdk-22.0.1-1/Contents/Home/platform-tools/adb -P 5037 -s emulator-5554 shell dumpsys activity services io.appium.settings'
&amp#27;[38;5;32m[AndroidUiautomator2Driver@a768]&amp#27;[0m io.appium.settings is already running. There is no need to reset its permissions.
&amp#27;[38;5;80m[Logcat]&amp#27;[0m Starting logs capture with command: /Users/debasishpruseth/Library/Java/JavaVirtualMachines/openjdk-22.0.1-1/Contents/Home/platform-tools/adb -P 5037 -s emulator-5554 logcat -v threadtime
&amp#27;[38;5;32m[AndroidUiautomator2Driver@a768]&amp#27;[0m Forwarding UiAutomator2 Server port 6790 to local port 8200
&amp#27;[38;5;48m[ADB]&amp#27;[0m Forwarding system: 8200 to device: 6790
&amp#27;[38;5;48m[ADB]&amp#27;[0m Running '/Users/debasishpruseth/Library/Java/JavaVirtualMachines/openjdk-22.0.1-1/Contents/Home/platform-tools/adb -P 5037 -s emulator-5554 forward tcp:8200 tcp:6790'
&amp#27;[38;5;48m[ADB]&amp#27;[0m Getting package info for 'io.appium.uiautomator2.server'
&amp#27;[38;5;48m[ADB]&amp#27;[0m Running '/Users/debasishpruseth/Library/Java/JavaVirtualMachines/openjdk-22.0.1-1/Contents/Home/platform-tools/adb -P 5037 -s emulator-5554 shell dumpsys package io.appium.uiautomator2.server'
&amp#27;[38;5;48m[ADB]&amp#27;[0m Getting install status for io.appium.uiautomator2.server.test
&amp#27;[38;5;48m[ADB]&amp#27;[0m Checking app cert for /Users/debasishpruseth/Downloads/General-Store.apk
&amp#27;[38;5;48m[ADB]&amp#27;[0m Running '/Users/debasishpruseth/Library/Java/JavaVirtualMachines/openjdk-22.0.1-1/Contents/Home/platform-tools/adb -P 5037 -s emulator-5554 shell cmd package list packages'
&amp#27;[38;5;48m[ADB]&amp#27;[0m Using 'apksigner.jar' from '/Users/debasishpruseth/Library/Java/JavaVirtualMachines/openjdk-22.0.1-1/Contents/Home/build-tools/35.0.0/lib/apksigner.jar'
&amp#27;[38;5;48m[ADB]&amp#27;[0m Starting apksigner: /Users/debasishpruseth/Library/Java/JavaVirtualMachines/openjdk-22.0.1/Contents/Home/bin/java -Xmx1024M -Xss1m -jar /Users/debasishpruseth/Library/Java/JavaVirtualMachines/openjdk-22.0.1-1/Contents/Home/build-tools/35.0.0/lib/apksigner.jar verify --print-certs /Users/debasishpruseth/Downloads/General-Store.apk
&amp#27;[38;5;48m[ADB]&amp#27;[0m 'io.appium.uiautomator2.server.test' is installed
&amp#27;[38;5;48m[ADB]&amp#27;[0m Reading package manifest: '/Users/debasishpruseth/Library/Java/JavaVirtualMachines/openjdk-22.0.1-1/Contents/Home/build-tools/35.0.0/aapt2 dump badging /Users/debasishpruseth/.appium/node_modules/appium-uiautomator2-driver/node_modules/appium-uiautomator2-server/apks/appium-uiautomator2-server-v7.0.20.apk'
&amp#27;[38;5;48m[ADB]&amp#27;[0m The version name of the installed 'io.appium.uiautomator2.server' is greater or equal to the application version name ('7.0.20' >= '7.0.20')
&amp#27;[38;5;32m[AndroidUiautomator2Driver@a768]&amp#27;[0m Server packages status: [{"installState":"sameVersionInstalled","appPath":"/Users/debasishpruseth/.appium/node_modules/appium-uiautomator2-driver/node_modules/appium-uiautomator2-server/apks/appium-uiautomator2-server-v7.0.20.apk","appId":"io.appium.uiautomator2.server"},{"installState":"sameVersionInstalled","appPath":"/Users/debasishpruseth/.appium/node_modules/appium-uiautomator2-driver/node_modules/appium-uiautomator2-server/apks/appium-uiautomator2-server-debug-androidTest.apk","appId":"io.appium.uiautomator2.server.test"}]
&amp#27;[38;5;32m[AndroidUiautomator2Driver@a768]&amp#27;[0m Server packages are not going to be (re)installed
&amp#27;[38;5;32m[AndroidUiautomator2Driver@a768]&amp#27;[0m Waiting up to 30000ms for services to be available
&amp#27;[38;5;48m[ADB]&amp#27;[0m Running '/Users/debasishpruseth/Library/Java/JavaVirtualMachines/openjdk-22.0.1-1/Contents/Home/platform-tools/adb -P 5037 -s emulator-5554 shell pm list instrumentation'
&amp#27;[38;5;32m[AndroidUiautomator2Driver@a768]&amp#27;[0m Instrumentation target 'io.appium.uiautomator2.server.test/androidx.test.runner.AndroidJUnitRunner' is available
&amp#27;[38;5;48m[ADB]&amp#27;[0m Adding packages ["io.appium.settings","io.appium.uiautomator2.server","io.appium.uiautomator2.server.test"] to Doze whitelist
&amp#27;[38;5;48m[ADB]&amp#27;[0m Got the following command chunks to execute: [["dumpsys","deviceidle","whitelist","+io.appium.settings",";","dumpsys","deviceidle","whitelist","+io.appium.uiautomator2.server",";","dumpsys","deviceidle","whitelist","+io.appium.uiautomator2.server.test",";"]]
&amp#27;[38;5;48m[ADB]&amp#27;[0m Running '/Users/debasishpruseth/Library/Java/JavaVirtualMachines/openjdk-22.0.1-1/Contents/Home/platform-tools/adb -P 5037 -s emulator-5554 shell dumpsys deviceidle whitelist +io.appium.settings ; dumpsys deviceidle whitelist +io.appium.uiautomator2.server ; dumpsys deviceidle whitelist +io.appium.uiautomator2.server.test ;'
&amp#27;[38;5;48m[ADB]&amp#27;[0m apksigner stdout: Signer #1 certificate DN: EMAILADDRESS=android@android.com, CN=Android, OU=Android, O=Android, L=Mountain View, ST=California, C=US
Signer #1 certificate SHA-256 digest: a40da80a59d170caa950cf15c18c454d47a39b26989d8b640ecd745ba71bf5dc
Signer #1 certificate SHA-1 digest: 61ed377e85d386a8dfee6b864bd85b0bfaa5af81
Signer #1 certificate MD5 digest: e89b158e4bcf988ebd09eb83f5378e87

&amp#27;[38;5;48m[ADB]&amp#27;[0m sha256 hash did match for 'General-Store.apk'
&amp#27;[38;5;48m[ADB]&amp#27;[0m '/Users/debasishpruseth/Downloads/General-Store.apk' is signed with the default certificate
&amp#27;[38;5;48m[ADB]&amp#27;[0m Getting package info for 'com.androidsample.generalstore'
&amp#27;[38;5;48m[ADB]&amp#27;[0m Running '/Users/debasishpruseth/Library/Java/JavaVirtualMachines/openjdk-22.0.1-1/Contents/Home/platform-tools/adb -P 5037 -s emulator-5554 shell dumpsys package com.androidsample.generalstore'
&amp#27;[38;5;48m[ADB]&amp#27;[0m Reading package manifest: '/Users/debasishpruseth/Library/Java/JavaVirtualMachines/openjdk-22.0.1-1/Contents/Home/build-tools/35.0.0/aapt2 dump badging /Users/debasishpruseth/Downloads/General-Store.apk'
&amp#27;[38;5;48m[ADB]&amp#27;[0m The version name of the installed 'com.androidsample.generalstore' is greater or equal to the application version name ('1.0.0' >= '1.0.0')
&amp#27;[38;5;48m[ADB]&amp#27;[0m There is no need to install/upgrade '/Users/debasishpruseth/Downloads/General-Store.apk'
&amp#27;[38;5;32m[AndroidUiautomator2Driver@a768]&amp#27;[0m Performing fast reset on 'com.androidsample.generalstore'
&amp#27;[38;5;48m[ADB]&amp#27;[0m Getting install status for com.androidsample.generalstore
&amp#27;[38;5;48m[ADB]&amp#27;[0m Running '/Users/debasishpruseth/Library/Java/JavaVirtualMachines/openjdk-22.0.1-1/Contents/Home/platform-tools/adb -P 5037 -s emulator-5554 shell cmd package list packages'
&amp#27;[38;5;48m[ADB]&amp#27;[0m 'com.androidsample.generalstore' is installed
&amp#27;[38;5;48m[ADB]&amp#27;[0m Running '/Users/debasishpruseth/Library/Java/JavaVirtualMachines/openjdk-22.0.1-1/Contents/Home/platform-tools/adb -P 5037 -s emulator-5554 shell am force-stop com.androidsample.generalstore'
&amp#27;[38;5;48m[ADB]&amp#27;[0m Running '/Users/debasishpruseth/Library/Java/JavaVirtualMachines/openjdk-22.0.1-1/Contents/Home/platform-tools/adb -P 5037 -s emulator-5554 shell pm clear com.androidsample.generalstore'
&amp#27;[38;5;32m[AndroidUiautomator2Driver@a768]&amp#27;[0m Performed fast reset on the installed 'com.androidsample.generalstore' application (stop and clear)
&amp#27;[38;5;32m[AndroidUiautomator2Driver@a768]&amp#27;[0m Performing shallow cleanup of automation leftovers
&amp#27;[38;5;32m[AndroidUiautomator2Driver@a768]&amp#27;[0m No obsolete sessions have been detected (socket hang up)
&amp#27;[38;5;48m[ADB]&amp#27;[0m Running '/Users/debasishpruseth/Library/Java/JavaVirtualMachines/openjdk-22.0.1-1/Contents/Home/platform-tools/adb -P 5037 -s emulator-5554 shell am force-stop io.appium.uiautomator2.server.test'
&amp#27;[38;5;32m[AndroidUiautomator2Driver@a768]&amp#27;[0m Starting UIAutomator2 server 7.0.20
&amp#27;[38;5;32m[AndroidUiautomator2Driver@a768]&amp#27;[0m Using UIAutomator2 server from '/Users/debasishpruseth/.appium/node_modules/appium-uiautomator2-driver/node_modules/appium-uiautomator2-server/apks/appium-uiautomator2-server-v7.0.20.apk' and test from '/Users/debasishpruseth/.appium/node_modules/appium-uiautomator2-driver/node_modules/appium-uiautomator2-server/apks/appium-uiautomator2-server-debug-androidTest.apk'
&amp#27;[38;5;32m[AndroidUiautomator2Driver@a768]&amp#27;[0m Waiting up to 30000ms for UiAutomator2 to be online...
&amp#27;[38;5;48m[ADB]&amp#27;[0m Creating ADB subprocess with args: ["-P","5037","-s","emulator-5554","shell","am","instrument","-w","-e","disableAnalytics","true","io.appium.uiautomator2.server.test/androidx.test.runner.AndroidJUnitRunner"]
&amp#27;[38;5;32m[AndroidUiautomator2Driver@a768]&amp#27;[0m Matched '/status' to command name 'getStatus'
&amp#27;[38;5;32m[AndroidUiautomator2Driver@a768]&amp#27;[0m Proxying [GET /status] to [GET http://127.0.0.1:8200/status] with no body
&amp#27;[38;5;32m[AndroidUiautomator2Driver@a768]&amp#27;[0m socket hang up
&amp#27;[38;5;32m[AndroidUiautomator2Driver@a768]&amp#27;[0m Matched '/status' to command name 'getStatus'
&amp#27;[38;5;32m[AndroidUiautomator2Driver@a768]&amp#27;[0m Proxying [GET /status] to [GET http://127.0.0.1:8200/status] with no body
&amp#27;[38;5;32m[AndroidUiautomator2Driver@a768]&amp#27;[0m socket hang up
&amp#27;[38;5;32m[AndroidUiautomator2Driver@a768]&amp#27;[0m [Instrumentation] 
&amp#27;[38;5;32m[AndroidUiautomator2Driver@a768]&amp#27;[0m Matched '/status' to command name 'getStatus'
&amp#27;[38;5;32m[AndroidUiautomator2Driver@a768]&amp#27;[0m Proxying [GET /status] to [GET http://127.0.0.1:8200/status] with no body
&amp#27;[38;5;32m[AndroidUiautomator2Driver@a768]&amp#27;[0m socket hang up
&amp#27;[38;5;32m[AndroidUiautomator2Driver@a768]&amp#27;[0m Matched '/status' to command name 'getStatus'
&amp#27;[38;5;32m[AndroidUiautomator2Driver@a768]&amp#27;[0m Proxying [GET /status] to [GET http://127.0.0.1:8200/status] with no body
&amp#27;[38;5;32m[AndroidUiautomator2Driver@a768]&amp#27;[0m Got response with status 200: {"sessionId":"None","value":{"message":"UiAutomator2 Server is ready to accept commands","ready":true}}
&amp#27;[38;5;32m[AndroidUiautomator2Driver@a768]&amp#27;[0m The initialization of the instrumentation process took 3093ms
&amp#27;[38;5;32m[AndroidUiautomator2Driver@a768]&amp#27;[0m Matched '/session' to command name 'createSession'
&amp#27;[38;5;32m[AndroidUiautomator2Driver@a768]&amp#27;[0m Proxying [POST /session] to [POST http://127.0.0.1:8200/session] with body: {"capabilities":{"firstMatch":[{"platformName":"android","app":"/Users/debasishpruseth/Downloads/General-Store.apk","automationName":"UIAutomator2","deviceName":"emulator-5554","platform":"LINUX","webStorageEnabled":false,"takesScreenshot":true,"javascriptEnabled":true,"databaseEnabled":false,"networkConnectionEnabled":true,"locationContextEnabled":false,"warnings":{},"desired":{"platformName":"android","app":"/Users/debasishpruseth/Downloads/General-Store.apk","automationName":"UIAutomator2","deviceName":"emulator-5554"},"deviceUDID":"emulator-5554","appPackage":"com.androidsample.generalstore"}],"alwaysMatch":{}}}
&amp#27;[38;5;32m[AndroidUiautomator2Driver@a768]&amp#27;[0m Got response with status 200: {"sessionId":"d505d208-0fa8-49ac-a7bb-7c997bf28ca0","value":{"capabilities":{"firstMatch":[{"platformName":"android","app":"/Users/debasishpruseth/Downloads/General-Store.apk","automationName":"UIAutomator2","deviceName":"emulator-5554","platform":"LINUX","webStorageEnabled":false,"takesScreenshot":true,"javascriptEnabled":true,"databaseEnabled":false,"networkConnectionEnabled":true,"locationContextEnabled":false,"warnings":{},"desired":{"platformName":"android","app":"/Users/debasishpruseth/Downloads/General-Store.apk","automationName":"UIAutomator2","deviceName":"emulator-5554"},"deviceUDID":"emulator-5554","appPackage":"com.androidsample.generalstore"}],"alwaysMatch":{}},"sessionId":"d505d208-0fa8-49ac-a7bb-7c997bf28ca0"}}
&amp#27;[38;5;32m[AndroidUiautomator2Driver@a768]&amp#27;[0m Determined the downstream protocol as 'W3C'
&amp#27;[38;5;32m[AndroidUiautomator2Driver@a768]&amp#27;[0m Proxying [GET /appium/device/pixel_ratio] to [GET http://127.0.0.1:8200/session/d505d208-0fa8-49ac-a7bb-7c997bf28ca0/appium/device/pixel_ratio] with no body
&amp#27;[38;5;32m[AndroidUiautomator2Driver@a768]&amp#27;[0m Matched '/appium/device/system_bars' to command name 'getSystemBars'
&amp#27;[38;5;32m[AndroidUiautomator2Driver@a768]&amp#27;[0m Proxying [GET /appium/device/system_bars] to [GET http://127.0.0.1:8200/session/d505d208-0fa8-49ac-a7bb-7c997bf28ca0/appium/device/system_bars] with no body
&amp#27;[38;5;32m[AndroidUiautomator2Driver@a768]&amp#27;[0m Matched '/window/current/size' to command name 'getWindowSize'
&amp#27;[38;5;32m[AndroidUiautomator2Driver@a768]&amp#27;[0m Proxying [GET /window/current/size] to [GET http://127.0.0.1:8200/session/d505d208-0fa8-49ac-a7bb-7c997bf28ca0/window/current/size] with no body
&amp#27;[38;5;32m[AndroidUiautomator2Driver@a768]&amp#27;[0m Proxying [GET /appium/device/info] to [GET http://127.0.0.1:8200/session/d505d208-0fa8-49ac-a7bb-7c997bf28ca0/appium/device/info] with no body
&amp#27;[38;5;48m[ADB]&amp#27;[0m Running '/Users/debasishpruseth/Library/Java/JavaVirtualMachines/openjdk-22.0.1-1/Contents/Home/platform-tools/adb -P 5037 -s emulator-5554 shell dumpsys window'
&amp#27;[38;5;48m[ADB]&amp#27;[0m Running '/Users/debasishpruseth/Library/Java/JavaVirtualMachines/openjdk-22.0.1-1/Contents/Home/platform-tools/adb -P 5037 -s emulator-5554 shell dumpsys power'
&amp#27;[38;5;32m[AndroidUiautomator2Driver@a768]&amp#27;[0m Got response with status 200: {"sessionId":"d505d208-0fa8-49ac-a7bb-7c997bf28ca0","value":2.625}
&amp#27;[38;5;32m[AndroidUiautomator2Driver@a768]&amp#27;[0m Got response with status 200: {"sessionId":"d505d208-0fa8-49ac-a7bb-7c997bf28ca0","value":{"height":2400,"width":1080}}
&amp#27;[38;5;32m[AndroidUiautomator2Driver@a768]&amp#27;[0m Got response with status 200: {"sessionId":"d505d208-0fa8-49ac-a7bb-7c997bf28ca0","value":{"statusBar":63}}
&amp#27;[38;5;32m[AndroidUiautomator2Driver@a768]&amp#27;[0m Got response with status 200: {"sessionId":"d505d208-0fa8-49ac-a7bb-7c997bf28ca0","value":{"androidId":"78c64d39d54ba055","apiVersion":"35","bluetooth":{"state":"ON"},"brand":"google","carrierName":"T-Mobile","displayDensity":420,"locale":"en_US","manufacturer":"Google","model":"sdk_gphone64_arm64","networks":[{"capabilities":{"SSID":null,"linkDownBandwidthKbps":30000,"linkUpstreamBandwidthKbps":12000,"networkCapabilities":"NET_CAPABILITY_NOT_METERED,NET_CAPABILITY_INTERNET,NET_CAPABILITY_NOT_RESTRICTED,NET_CAPABILITY_TRUSTED,NET_CAPABILITY_NOT_VPN,NET_CAPABILITY_VALIDATED,NET_CAPABILITY_NOT_ROAMING,NET_CAPABILITY_FOREGROUND,NET_CAPABILITY_NOT_CONGESTED,NET_CAPABILITY_NOT_SUSPENDED","signalStrength":-50,"transportTypes":"TRANSPORT_WIFI"},"detailedState":"CONNECTED","extraInfo":"","isAvailable":true,"isConnected":true,"isFailover":false,"isRoaming":false,"state":"CONNECTED","subtype":-1,"subtypeName":"","type":1,"typeName":"WIFI"},{"capabilities":{"SSID":null,"linkDownBandwidthKbps":4300,"linkUpstreamBandwidthKbps":1800,"networkCapabili...
&amp#27;[38;5;32m[AndroidUiautomator2Driver@a768]&amp#27;[0m Screen already unlocked, doing nothing
&amp#27;[38;5;32m[AndroidUiautomator2Driver@a768]&amp#27;[0m Starting 'com.androidsample.generalstore/com.androidsample.generalstore.SplashActivity and waiting for 'com.androidsample.generalstore/com.androidsample.generalstore.SplashActivity'
&amp#27;[38;5;48m[ADB]&amp#27;[0m Running '/Users/debasishpruseth/Library/Java/JavaVirtualMachines/openjdk-22.0.1-1/Contents/Home/platform-tools/adb -P 5037 -s emulator-5554 shell am start -W -n com.androidsample.generalstore/com.androidsample.generalstore.SplashActivity -S -a android.intent.action.MAIN -c android.intent.category.LAUNCHER -f 0x10200000'
&amp#27;[38;5;48m[ADB]&amp#27;[0m Waiting up to 20000ms for activity matching pkg: 'com.androidsample.generalstore' and activity: 'com.androidsample.generalstore.SplashActivity' to be focused
&amp#27;[38;5;48m[ADB]&amp#27;[0m Possible activities, to be checked: 'com.androidsample.generalstore.SplashActivity', 'com.androidsample.generalstore.com.androidsample.generalstore.SplashActivity'
&amp#27;[38;5;48m[ADB]&amp#27;[0m Getting focused package and activity
&amp#27;[38;5;48m[ADB]&amp#27;[0m Running '/Users/debasishpruseth/Library/Java/JavaVirtualMachines/openjdk-22.0.1-1/Contents/Home/platform-tools/adb -P 5037 -s emulator-5554 shell dumpsys window displays'
&amp#27;[38;5;48m[ADB]&amp#27;[0m Found package: 'com.androidsample.generalstore' and fully qualified activity name : 'com.androidsample.generalstore.SplashActivity'
&amp#27;[38;5;16m[AppiumDriver@4b38]&amp#27;[0m New AndroidUiautomator2Driver session created successfully, session 5d1e9f54-f12e-4992-9edf-ce03a395060a added to master session list
&amp#27;[38;5;16m[AppiumDriver@4b38]&amp#27;[0m Event 'newSessionStarted' logged at 1725200066078 (19:44:26 GMT+0530 (India Standard Time))
&amp#27;[38;5;32m[AndroidUiautomator2Driver@a768]&amp#27;[0m Cached the protocol value 'W3C' for the new session 5d1e9f54-f12e-4992-9edf-ce03a395060a
&amp#27;[38;5;32m[AndroidUiautomator2Driver@a768]&amp#27;[0m Responding to client with driver.createSession() result: {"capabilities":{"platformName":"android","app":"/Users/debasishpruseth/Downloads/General-Store.apk","automationName":"UIAutomator2","deviceName":"emulator-5554","platform":"LINUX","webStorageEnabled":false,"takesScreenshot":true,"javascriptEnabled":true,"databaseEnabled":false,"networkConnectionEnabled":true,"locationContextEnabled":false,"warnings":{},"desired":{"platformName":"android","app":"/Users/debasishpruseth/Downloads/General-Store.apk","automationName":"UIAutomator2","deviceName":"emulator-5554"},"deviceUDID":"emulator-5554","appPackage":"com.androidsample.generalstore","pixelRatio":"2.625","statBarHeight":63,"viewportRect":{"left":0,"top":63,"width":1080,"height":2337},"deviceApiLevel":35,"platformVersion":"15","deviceManufacturer":"Google","deviceModel":"sdk_gphone64_arm64","deviceScreenSize":"1080x2400","deviceScreenDensity":420}}
&amp#27;[38;5;0m[HTTP]&amp#27;[0m &amp#27;[37m<-- POST /session &amp#27;[39m&amp#27;[32m200&amp#27;[39m &amp#27;[90m5389 ms - 917&amp#27;[39m
&amp#27;[38;5;0m[HTTP]&amp#27;[0m &amp#27;[90m&amp#27;[39m
&amp#27;[38;5;0m[HTTP]&amp#27;[0m &amp#27;[37m-->&amp#27;[39m &amp#27;[37mPOST&amp#27;[39m &amp#27;[37m/session/5d1e9f54-f12e-4992-9edf-ce03a395060a/timeouts&amp#27;[39m
&amp#27;[38;5;0m[HTTP]&amp#27;[0m &amp#27;[90m{"implicit":30000}&amp#27;[39m
&amp#27;[38;5;32m[AndroidUiautomator2Driver@a768]&amp#27;[0m Calling AppiumDriver.timeouts() with args: [null,null,null,null,30000,"5d1e9f54-f12e-4992-9edf-ce03a395060a"]
&amp#27;[38;5;32m[AndroidUiautomator2Driver@a768]&amp#27;[0m W3C timeout argument: {"implicit":30000}}
&amp#27;[38;5;32m[AndroidUiautomator2Driver@a768]&amp#27;[0m Set implicit wait to 30000ms
&amp#27;[38;5;32m[AndroidUiautomator2Driver@a768]&amp#27;[0m Responding to client with driver.timeouts() result: null
&amp#27;[38;5;0m[HTTP]&amp#27;[0m &amp#27;[37m<-- POST /session/5d1e9f54-f12e-4992-9edf-ce03a395060a/timeouts &amp#27;[39m&amp#27;[32m200&amp#27;[39m &amp#27;[90m2 ms - 14&amp#27;[39m
&amp#27;[38;5;0m[HTTP]&amp#27;[0m &amp#27;[90m&amp#27;[39m
&amp#27;[38;5;0m[HTTP]&amp#27;[0m &amp#27;[37m-->&amp#27;[39m &amp#27;[37mPOST&amp#27;[39m &amp#27;[37m/session/5d1e9f54-f12e-4992-9edf-ce03a395060a/element&amp#27;[39m
&amp#27;[38;5;0m[HTTP]&amp#27;[0m &amp#27;[90m{"using":"id","value":"com.androidsample.generalstore:id/radioFemale"}&amp#27;[39m
&amp#27;[38;5;32m[AndroidUiautomator2Driver@a768]&amp#27;[0m Calling AppiumDriver.findElement() with args: ["id","com.androidsample.generalstore:id/radioFemale","5d1e9f54-f12e-4992-9edf-ce03a395060a"]
&amp#27;[38;5;32m[AndroidUiautomator2Driver@a768]&amp#27;[0m Valid locator strategies for this request: xpath, id, class name, accessibility id, css selector, -android uiautomator
&amp#27;[38;5;32m[AndroidUiautomator2Driver@a768]&amp#27;[0m Waiting up to 30000 ms for condition
&amp#27;[38;5;32m[AndroidUiautomator2Driver@a768]&amp#27;[0m Matched '/element' to command name 'findElement'
&amp#27;[38;5;32m[AndroidUiautomator2Driver@a768]&amp#27;[0m Proxying [POST /element] to [POST http://127.0.0.1:8200/session/d505d208-0fa8-49ac-a7bb-7c997bf28ca0/element] with body: {"strategy":"id","selector":"com.androidsample.generalstore:id/radioFemale","context":"","multiple":false}
&amp#27;[38;5;32m[AndroidUiautomator2Driver@a768]&amp#27;[0m Got response with status 404: {"sessionId":"d505d208-0fa8-49ac-a7bb-7c997bf28ca0","value":{"error":"no such element","message":"An element could not be located on the page using the given search parameters","stacktrace":"io.appium.uiautomator2.common.exceptions.ElementNotFoundException: An element could not be located on the page using the given search parameters\n\tat io.appium.uiautomator2.handler.FindElement.safeHandle(FindElement.java:63)\n\tat io.appium.uiautomator2.handler.request.SafeRequestHandler.handle(SafeRequestHandler.java:59)\n\tat io.appium.uiautomator2.server.AppiumServlet.handleRequest(AppiumServlet.java:259)\n\tat io.appium.uiautomator2.server.AppiumServlet.handleHttpRequest(AppiumServlet.java:253)\n\tat io.appium.uiautomator2.http.ServerHandler.channelRead(ServerHandler.java:77)\n\tat io.netty.channel.AbstractChannelHandlerContext.invokeChannelRead(AbstractChannelHandlerContext.java:366)\n\tat io.netty.channel.AbstractChannelHandlerContext.invokeChannelRead(AbstractChannelHandlerContext.java:352)\n\tat io.netty.chann...
&amp#27;[38;5;96m[W3C]&amp#27;[0m Matched W3C error code 'no such element' to NoSuchElementError
&amp#27;[38;5;32m[AndroidUiautomator2Driver@a768]&amp#27;[0m Waited for 795 ms so far
&amp#27;[38;5;32m[AndroidUiautomator2Driver@a768]&amp#27;[0m Matched '/element' to command name 'findElement'
&amp#27;[38;5;32m[AndroidUiautomator2Driver@a768]&amp#27;[0m Proxying [POST /element] to [POST http://127.0.0.1:8200/session/d505d208-0fa8-49ac-a7bb-7c997bf28ca0/element] with body: {"strategy":"id","selector":"com.androidsample.generalstore:id/radioFemale","context":"","multiple":false}
&amp#27;[38;5;32m[AndroidUiautomator2Driver@a768]&amp#27;[0m Got response with status 404: {"sessionId":"d505d208-0fa8-49ac-a7bb-7c997bf28ca0","value":{"error":"no such element","message":"An element could not be located on the page using the given search parameters","stacktrace":"io.appium.uiautomator2.common.exceptions.ElementNotFoundException: An element could not be located on the page using the given search parameters\n\tat io.appium.uiautomator2.handler.FindElement.safeHandle(FindElement.java:63)\n\tat io.appium.uiautomator2.handler.request.SafeRequestHandler.handle(SafeRequestHandler.java:59)\n\tat io.appium.uiautomator2.server.AppiumServlet.handleRequest(AppiumServlet.java:259)\n\tat io.appium.uiautomator2.server.AppiumServlet.handleHttpRequest(AppiumServlet.java:253)\n\tat io.appium.uiautomator2.http.ServerHandler.channelRead(ServerHandler.java:77)\n\tat io.netty.channel.AbstractChannelHandlerContext.invokeChannelRead(AbstractChannelHandlerContext.java:366)\n\tat io.netty.channel.AbstractChannelHandlerContext.invokeChannelRead(AbstractChannelHandlerContext.java:352)\n\tat io.netty.chann...
&amp#27;[38;5;96m[W3C]&amp#27;[0m Matched W3C error code 'no such element' to NoSuchElementError
&amp#27;[38;5;32m[AndroidUiautomator2Driver@a768]&amp#27;[0m Waited for 1319 ms so far
&amp#27;[38;5;32m[AndroidUiautomator2Driver@a768]&amp#27;[0m Matched '/element' to command name 'findElement'
&amp#27;[38;5;32m[AndroidUiautomator2Driver@a768]&amp#27;[0m Proxying [POST /element] to [POST http://127.0.0.1:8200/session/d505d208-0fa8-49ac-a7bb-7c997bf28ca0/element] with body: {"strategy":"id","selector":"com.androidsample.generalstore:id/radioFemale","context":"","multiple":false}
&amp#27;[38;5;32m[AndroidUiautomator2Driver@a768]&amp#27;[0m Got response with status 404: {"sessionId":"d505d208-0fa8-49ac-a7bb-7c997bf28ca0","value":{"error":"no such element","message":"An element could not be located on the page using the given search parameters","stacktrace":"io.appium.uiautomator2.common.exceptions.ElementNotFoundException: An element could not be located on the page using the given search parameters\n\tat io.appium.uiautomator2.handler.FindElement.safeHandle(FindElement.java:63)\n\tat io.appium.uiautomator2.handler.request.SafeRequestHandler.handle(SafeRequestHandler.java:59)\n\tat io.appium.uiautomator2.server.AppiumServlet.handleRequest(AppiumServlet.java:259)\n\tat io.appium.uiautomator2.server.AppiumServlet.handleHttpRequest(AppiumServlet.java:253)\n\tat io.appium.uiautomator2.http.ServerHandler.channelRead(ServerHandler.java:77)\n\tat io.netty.channel.AbstractChannelHandlerContext.invokeChannelRead(AbstractChannelHandlerContext.java:366)\n\tat io.netty.channel.AbstractChannelHandlerContext.invokeChannelRead(AbstractChannelHandlerContext.java:352)\n\tat io.netty.chann...
&amp#27;[38;5;96m[W3C]&amp#27;[0m Matched W3C error code 'no such element' to NoSuchElementError
&amp#27;[38;5;32m[AndroidUiautomator2Driver@a768]&amp#27;[0m Waited for 1844 ms so far
&amp#27;[38;5;32m[AndroidUiautomator2Driver@a768]&amp#27;[0m Matched '/element' to command name 'findElement'
&amp#27;[38;5;32m[AndroidUiautomator2Driver@a768]&amp#27;[0m Proxying [POST /element] to [POST http://127.0.0.1:8200/session/d505d208-0fa8-49ac-a7bb-7c997bf28ca0/element] with body: {"strategy":"id","selector":"com.androidsample.generalstore:id/radioFemale","context":"","multiple":false}
&amp#27;[38;5;32m[AndroidUiautomator2Driver@a768]&amp#27;[0m Got response with status 404: {"sessionId":"d505d208-0fa8-49ac-a7bb-7c997bf28ca0","value":{"error":"no such element","message":"An element could not be located on the page using the given search parameters","stacktrace":"io.appium.uiautomator2.common.exceptions.ElementNotFoundException: An element could not be located on the page using the given search parameters\n\tat io.appium.uiautomator2.handler.FindElement.safeHandle(FindElement.java:63)\n\tat io.appium.uiautomator2.handler.request.SafeRequestHandler.handle(SafeRequestHandler.java:59)\n\tat io.appium.uiautomator2.server.AppiumServlet.handleRequest(AppiumServlet.java:259)\n\tat io.appium.uiautomator2.server.AppiumServlet.handleHttpRequest(AppiumServlet.java:253)\n\tat io.appium.uiautomator2.http.ServerHandler.channelRead(ServerHandler.java:77)\n\tat io.netty.channel.AbstractChannelHandlerContext.invokeChannelRead(AbstractChannelHandlerContext.java:366)\n\tat io.netty.channel.AbstractChannelHandlerContext.invokeChannelRead(AbstractChannelHandlerContext.java:352)\n\tat io.netty.chann...
&amp#27;[38;5;96m[W3C]&amp#27;[0m Matched W3C error code 'no such element' to NoSuchElementError
&amp#27;[38;5;32m[AndroidUiautomator2Driver@a768]&amp#27;[0m Waited for 2386 ms so far
&amp#27;[38;5;32m[AndroidUiautomator2Driver@a768]&amp#27;[0m Matched '/element' to command name 'findElement'
&amp#27;[38;5;32m[AndroidUiautomator2Driver@a768]&amp#27;[0m Proxying [POST /element] to [POST http://127.0.0.1:8200/session/d505d208-0fa8-49ac-a7bb-7c997bf28ca0/element] with body: {"strategy":"id","selector":"com.androidsample.generalstore:id/radioFemale","context":"","multiple":false}
&amp#27;[38;5;32m[AndroidUiautomator2Driver@a768]&amp#27;[0m Got response with status 404: {"sessionId":"d505d208-0fa8-49ac-a7bb-7c997bf28ca0","value":{"error":"no such element","message":"An element could not be located on the page using the given search parameters","stacktrace":"io.appium.uiautomator2.common.exceptions.ElementNotFoundException: An element could not be located on the page using the given search parameters\n\tat io.appium.uiautomator2.handler.FindElement.safeHandle(FindElement.java:63)\n\tat io.appium.uiautomator2.handler.request.SafeRequestHandler.handle(SafeRequestHandler.java:59)\n\tat io.appium.uiautomator2.server.AppiumServlet.handleRequest(AppiumServlet.java:259)\n\tat io.appium.uiautomator2.server.AppiumServlet.handleHttpRequest(AppiumServlet.java:253)\n\tat io.appium.uiautomator2.http.ServerHandler.channelRead(ServerHandler.java:77)\n\tat io.netty.channel.AbstractChannelHandlerContext.invokeChannelRead(AbstractChannelHandlerContext.java:366)\n\tat io.netty.channel.AbstractChannelHandlerContext.invokeChannelRead(AbstractChannelHandlerContext.java:352)\n\tat io.netty.chann...
&amp#27;[38;5;96m[W3C]&amp#27;[0m Matched W3C error code 'no such element' to NoSuchElementError
&amp#27;[38;5;32m[AndroidUiautomator2Driver@a768]&amp#27;[0m Waited for 3005 ms so far
&amp#27;[38;5;32m[AndroidUiautomator2Driver@a768]&amp#27;[0m Matched '/element' to command name 'findElement'
&amp#27;[38;5;32m[AndroidUiautomator2Driver@a768]&amp#27;[0m Proxying [POST /element] to [POST http://127.0.0.1:8200/session/d505d208-0fa8-49ac-a7bb-7c997bf28ca0/element] with body: {"strategy":"id","selector":"com.androidsample.generalstore:id/radioFemale","context":"","multiple":false}
&amp#27;[38;5;32m[AndroidUiautomator2Driver@a768]&amp#27;[0m Got response with status 200: {"sessionId":"d505d208-0fa8-49ac-a7bb-7c997bf28ca0","value":{"ELEMENT":"00000000-0000-00b5-ffff-ffff00000020","element-6066-11e4-a52e-4f735466cecf":"00000000-0000-00b5-ffff-ffff00000020"}}
&amp#27;[38;5;32m[AndroidUiautomator2Driver@a768]&amp#27;[0m Responding to client with driver.findElement() result: {"element-6066-11e4-a52e-4f735466cecf":"00000000-0000-00b5-ffff-ffff00000020","ELEMENT":"00000000-0000-00b5-ffff-ffff00000020"}
&amp#27;[38;5;0m[HTTP]&amp#27;[0m &amp#27;[37m<-- POST /session/5d1e9f54-f12e-4992-9edf-ce03a395060a/element &amp#27;[39m&amp#27;[32m200&amp#27;[39m &amp#27;[90m4352 ms - 137&amp#27;[39m
&amp#27;[38;5;0m[HTTP]&amp#27;[0m &amp#27;[90m&amp#27;[39m
&amp#27;[38;5;0m[HTTP]&amp#27;[0m &amp#27;[37m-->&amp#27;[39m &amp#27;[37mPOST&amp#27;[39m &amp#27;[37m/session/5d1e9f54-f12e-4992-9edf-ce03a395060a/element/00000000-0000-00b5-ffff-ffff00000020/click&amp#27;[39m
&amp#27;[38;5;0m[HTTP]&amp#27;[0m &amp#27;[90m{"id":"00000000-0000-00b5-ffff-ffff00000020"}&amp#27;[39m
&amp#27;[38;5;32m[AndroidUiautomator2Driver@a768]&amp#27;[0m Calling AppiumDriver.click() with args: ["00000000-0000-00b5-ffff-ffff00000020","5d1e9f54-f12e-4992-9edf-ce03a395060a"]
&amp#27;[38;5;32m[AndroidUiautomator2Driver@a768]&amp#27;[0m Matched '/element/00000000-0000-00b5-ffff-ffff00000020/click' to command name 'click'
&amp#27;[38;5;32m[AndroidUiautomator2Driver@a768]&amp#27;[0m Proxying [POST /element/00000000-0000-00b5-ffff-ffff00000020/click] to [POST http://127.0.0.1:8200/session/d505d208-0fa8-49ac-a7bb-7c997bf28ca0/element/00000000-0000-00b5-ffff-ffff00000020/click] with body: {"element":"00000000-0000-00b5-ffff-ffff00000020"}
&amp#27;[38;5;32m[AndroidUiautomator2Driver@a768]&amp#27;[0m Got response with status 200: {"sessionId":"d505d208-0fa8-49ac-a7bb-7c997bf28ca0","value":null}
&amp#27;[38;5;32m[AndroidUiautomator2Driver@a768]&amp#27;[0m Responding to client with driver.click() result: null
&amp#27;[38;5;0m[HTTP]&amp#27;[0m &amp#27;[37m<-- POST /session/5d1e9f54-f12e-4992-9edf-ce03a395060a/element/00000000-0000-00b5-ffff-ffff00000020/click &amp#27;[39m&amp#27;[32m200&amp#27;[39m &amp#27;[90m50 ms - 14&amp#27;[39m
&amp#27;[38;5;0m[HTTP]&amp#27;[0m &amp#27;[90m&amp#27;[39m
&amp#27;[38;5;0m[HTTP]&amp#27;[0m &amp#27;[37m-->&amp#27;[39m &amp#27;[37mPOST&amp#27;[39m &amp#27;[37m/session/5d1e9f54-f12e-4992-9edf-ce03a395060a/element&amp#27;[39m
&amp#27;[38;5;0m[HTTP]&amp#27;[0m &amp#27;[90m{"using":"id","value":"com.androidsample.generalstore:id/spinnerCountry"}&amp#27;[39m
&amp#27;[38;5;32m[AndroidUiautomator2Driver@a768]&amp#27;[0m Calling AppiumDriver.findElement() with args: ["id","com.androidsample.generalstore:id/spinnerCountry","5d1e9f54-f12e-4992-9edf-ce03a395060a"]
&amp#27;[38;5;32m[AndroidUiautomator2Driver@a768]&amp#27;[0m Valid locator strategies for this request: xpath, id, class name, accessibility id, css selector, -android uiautomator
&amp#27;[38;5;32m[AndroidUiautomator2Driver@a768]&amp#27;[0m Waiting up to 30000 ms for condition
&amp#27;[38;5;32m[AndroidUiautomator2Driver@a768]&amp#27;[0m Matched '/element' to command name 'findElement'
&amp#27;[38;5;32m[AndroidUiautomator2Driver@a768]&amp#27;[0m Proxying [POST /element] to [POST http://127.0.0.1:8200/session/d505d208-0fa8-49ac-a7bb-7c997bf28ca0/element] with body: {"strategy":"id","selector":"com.androidsample.generalstore:id/spinnerCountry","context":"","multiple":false}
&amp#27;[38;5;32m[AndroidUiautomator2Driver@a768]&amp#27;[0m Got response with status 200: {"sessionId":"d505d208-0fa8-49ac-a7bb-7c997bf28ca0","value":{"ELEMENT":"00000000-0000-00b5-ffff-ffff0000001a","element-6066-11e4-a52e-4f735466cecf":"00000000-0000-00b5-ffff-ffff0000001a"}}
&amp#27;[38;5;32m[AndroidUiautomator2Driver@a768]&amp#27;[0m Responding to client with driver.findElement() result: {"element-6066-11e4-a52e-4f735466cecf":"00000000-0000-00b5-ffff-ffff0000001a","ELEMENT":"00000000-0000-00b5-ffff-ffff0000001a"}
&amp#27;[38;5;0m[HTTP]&amp#27;[0m &amp#27;[37m<-- POST /session/5d1e9f54-f12e-4992-9edf-ce03a395060a/element &amp#27;[39m&amp#27;[32m200&amp#27;[39m &amp#27;[90m144 ms - 137&amp#27;[39m
&amp#27;[38;5;0m[HTTP]&amp#27;[0m &amp#27;[90m&amp#27;[39m
&amp#27;[38;5;0m[HTTP]&amp#27;[0m &amp#27;[37m-->&amp#27;[39m &amp#27;[37mPOST&amp#27;[39m &amp#27;[37m/session/5d1e9f54-f12e-4992-9edf-ce03a395060a/element/00000000-0000-00b5-ffff-ffff0000001a/click&amp#27;[39m
&amp#27;[38;5;0m[HTTP]&amp#27;[0m &amp#27;[90m{"id":"00000000-0000-00b5-ffff-ffff0000001a"}&amp#27;[39m
&amp#27;[38;5;32m[AndroidUiautomator2Driver@a768]&amp#27;[0m Calling AppiumDriver.click() with args: ["00000000-0000-00b5-ffff-ffff0000001a","5d1e9f54-f12e-4992-9edf-ce03a395060a"]
&amp#27;[38;5;32m[AndroidUiautomator2Driver@a768]&amp#27;[0m Matched '/element/00000000-0000-00b5-ffff-ffff0000001a/click' to command name 'click'
&amp#27;[38;5;32m[AndroidUiautomator2Driver@a768]&amp#27;[0m Proxying [POST /element/00000000-0000-00b5-ffff-ffff0000001a/click] to [POST http://127.0.0.1:8200/session/d505d208-0fa8-49ac-a7bb-7c997bf28ca0/element/00000000-0000-00b5-ffff-ffff0000001a/click] with body: {"element":"00000000-0000-00b5-ffff-ffff0000001a"}
&amp#27;[38;5;32m[AndroidUiautomator2Driver@a768]&amp#27;[0m Got response with status 200: {"sessionId":"d505d208-0fa8-49ac-a7bb-7c997bf28ca0","value":null}
&amp#27;[38;5;32m[AndroidUiautomator2Driver@a768]&amp#27;[0m Responding to client with driver.click() result: null
&amp#27;[38;5;0m[HTTP]&amp#27;[0m &amp#27;[37m<-- POST /session/5d1e9f54-f12e-4992-9edf-ce03a395060a/element/00000000-0000-00b5-ffff-ffff0000001a/click &amp#27;[39m&amp#27;[32m200&amp#27;[39m &amp#27;[90m513 ms - 14&amp#27;[39m
&amp#27;[38;5;0m[HTTP]&amp#27;[0m &amp#27;[90m&amp#27;[39m
&amp#27;[38;5;0m[HTTP]&amp#27;[0m &amp#27;[37m-->&amp#27;[39m &amp#27;[37mPOST&amp#27;[39m &amp#27;[37m/session/5d1e9f54-f12e-4992-9edf-ce03a395060a/element&amp#27;[39m
&amp#27;[38;5;0m[HTTP]&amp#27;[0m &amp#27;[90m{"using":"-android uiautomator","value":"new UiScrollable(new UiSelector()).scrollIntoView(text(\"India\"))"}&amp#27;[39m
&amp#27;[38;5;32m[AndroidUiautomator2Driver@a768]&amp#27;[0m Calling AppiumDriver.findElement() with args: ["-android uiautomator","new UiScrollable(new UiSelector()).scrollIntoView(text(\"India\"))","5d1e9f54-f12e-4992-9edf-ce03a395060a"]
&amp#27;[38;5;32m[AndroidUiautomator2Driver@a768]&amp#27;[0m Valid locator strategies for this request: xpath, id, class name, accessibility id, css selector, -android uiautomator
&amp#27;[38;5;32m[AndroidUiautomator2Driver@a768]&amp#27;[0m Waiting up to 30000 ms for condition
&amp#27;[38;5;32m[AndroidUiautomator2Driver@a768]&amp#27;[0m Matched '/element' to command name 'findElement'
&amp#27;[38;5;32m[AndroidUiautomator2Driver@a768]&amp#27;[0m Proxying [POST /element] to [POST http://127.0.0.1:8200/session/d505d208-0fa8-49ac-a7bb-7c997bf28ca0/element] with body: {"strategy":"-android uiautomator","selector":"new UiScrollable(new UiSelector()).scrollIntoView(text(\"India\"))","context":"","multiple":false}
&amp#27;[38;5;32m[AndroidUiautomator2Driver@a768]&amp#27;[0m Got response with status 200: {"sessionId":"d505d208-0fa8-49ac-a7bb-7c997bf28ca0","value":{"ELEMENT":"00000000-0000-00b6-ffff-ffff0000002d","element-6066-11e4-a52e-4f735466cecf":"00000000-0000-00b6-ffff-ffff0000002d"}}
&amp#27;[38;5;32m[AndroidUiautomator2Driver@a768]&amp#27;[0m Responding to client with driver.findElement() result: {"element-6066-11e4-a52e-4f735466cecf":"00000000-0000-00b6-ffff-ffff0000002d","ELEMENT":"00000000-0000-00b6-ffff-ffff0000002d"}
&amp#27;[38;5;0m[HTTP]&amp#27;[0m &amp#27;[37m<-- POST /session/5d1e9f54-f12e-4992-9edf-ce03a395060a/element &amp#27;[39m&amp#27;[32m200&amp#27;[39m &amp#27;[90m21997 ms - 137&amp#27;[39m
&amp#27;[38;5;0m[HTTP]&amp#27;[0m &amp#27;[90m&amp#27;[39m
&amp#27;[38;5;0m[HTTP]&amp#27;[0m &amp#27;[37m-->&amp#27;[39m &amp#27;[37mPOST&amp#27;[39m &amp#27;[37m/session/5d1e9f54-f12e-4992-9edf-ce03a395060a/element&amp#27;[39m
&amp#27;[38;5;0m[HTTP]&amp#27;[0m &amp#27;[90m{"using":"xpath","value":"//android.widget.TextView[@text='India']"}&amp#27;[39m
&amp#27;[38;5;32m[AndroidUiautomator2Driver@a768]&amp#27;[0m Calling AppiumDriver.findElement() with args: ["xpath","//android.widget.TextView[@text='India']","5d1e9f54-f12e-4992-9edf-ce03a395060a"]
&amp#27;[38;5;32m[AndroidUiautomator2Driver@a768]&amp#27;[0m Valid locator strategies for this request: xpath, id, class name, accessibility id, css selector, -android uiautomator
&amp#27;[38;5;32m[AndroidUiautomator2Driver@a768]&amp#27;[0m Waiting up to 30000 ms for condition
&amp#27;[38;5;32m[AndroidUiautomator2Driver@a768]&amp#27;[0m Matched '/element' to command name 'findElement'
&amp#27;[38;5;32m[AndroidUiautomator2Driver@a768]&amp#27;[0m Proxying [POST /element] to [POST http://127.0.0.1:8200/session/d505d208-0fa8-49ac-a7bb-7c997bf28ca0/element] with body: {"strategy":"xpath","selector":"//android.widget.TextView[@text='India']","context":"","multiple":false}
&amp#27;[38;5;32m[AndroidUiautomator2Driver@a768]&amp#27;[0m Got response with status 200: {"sessionId":"d505d208-0fa8-49ac-a7bb-7c997bf28ca0","value":{"ELEMENT":"00000000-0000-00b6-ffff-ffff0000002d","element-6066-11e4-a52e-4f735466cecf":"00000000-0000-00b6-ffff-ffff0000002d"}}
&amp#27;[38;5;32m[AndroidUiautomator2Driver@a768]&amp#27;[0m Responding to client with driver.findElement() result: {"element-6066-11e4-a52e-4f735466cecf":"00000000-0000-00b6-ffff-ffff0000002d","ELEMENT":"00000000-0000-00b6-ffff-ffff0000002d"}
&amp#27;[38;5;0m[HTTP]&amp#27;[0m &amp#27;[37m<-- POST /session/5d1e9f54-f12e-4992-9edf-ce03a395060a/element &amp#27;[39m&amp#27;[32m200&amp#27;[39m &amp#27;[90m320 ms - 137&amp#27;[39m
&amp#27;[38;5;0m[HTTP]&amp#27;[0m &amp#27;[90m&amp#27;[39m
&amp#27;[38;5;0m[HTTP]&amp#27;[0m &amp#27;[37m-->&amp#27;[39m &amp#27;[37mPOST&amp#27;[39m &amp#27;[37m/session/5d1e9f54-f12e-4992-9edf-ce03a395060a/element/00000000-0000-00b6-ffff-ffff0000002d/click&amp#27;[39m
&amp#27;[38;5;0m[HTTP]&amp#27;[0m &amp#27;[90m{"id":"00000000-0000-00b6-ffff-ffff0000002d"}&amp#27;[39m
&amp#27;[38;5;32m[AndroidUiautomator2Driver@a768]&amp#27;[0m Calling AppiumDriver.click() with args: ["00000000-0000-00b6-ffff-ffff0000002d","5d1e9f54-f12e-4992-9edf-ce03a395060a"]
&amp#27;[38;5;32m[AndroidUiautomator2Driver@a768]&amp#27;[0m Matched '/element/00000000-0000-00b6-ffff-ffff0000002d/click' to command name 'click'
&amp#27;[38;5;32m[AndroidUiautomator2Driver@a768]&amp#27;[0m Proxying [POST /element/00000000-0000-00b6-ffff-ffff0000002d/click] to [POST http://127.0.0.1:8200/session/d505d208-0fa8-49ac-a7bb-7c997bf28ca0/element/00000000-0000-00b6-ffff-ffff0000002d/click] with body: {"element":"00000000-0000-00b6-ffff-ffff0000002d"}
&amp#27;[38;5;32m[AndroidUiautomator2Driver@a768]&amp#27;[0m Got response with status 200: {"sessionId":"d505d208-0fa8-49ac-a7bb-7c997bf28ca0","value":null}
&amp#27;[38;5;32m[AndroidUiautomator2Driver@a768]&amp#27;[0m Responding to client with driver.click() result: null
&amp#27;[38;5;0m[HTTP]&amp#27;[0m &amp#27;[37m<-- POST /session/5d1e9f54-f12e-4992-9edf-ce03a395060a/element/00000000-0000-00b6-ffff-ffff0000002d/click &amp#27;[39m&amp#27;[32m200&amp#27;[39m &amp#27;[90m58 ms - 14&amp#27;[39m
&amp#27;[38;5;0m[HTTP]&amp#27;[0m &amp#27;[90m&amp#27;[39m
&amp#27;[38;5;0m[HTTP]&amp#27;[0m &amp#27;[37m-->&amp#27;[39m &amp#27;[37mPOST&amp#27;[39m &amp#27;[37m/session/5d1e9f54-f12e-4992-9edf-ce03a395060a/element&amp#27;[39m
&amp#27;[38;5;0m[HTTP]&amp#27;[0m &amp#27;[90m{"using":"id","value":"com.androidsample.generalstore:id/btnLetsShop"}&amp#27;[39m
&amp#27;[38;5;32m[AndroidUiautomator2Driver@a768]&amp#27;[0m Calling AppiumDriver.findElement() with args: ["id","com.androidsample.generalstore:id/btnLetsShop","5d1e9f54-f12e-4992-9edf-ce03a395060a"]
&amp#27;[38;5;32m[AndroidUiautomator2Driver@a768]&amp#27;[0m Valid locator strategies for this request: xpath, id, class name, accessibility id, css selector, -android uiautomator
&amp#27;[38;5;32m[AndroidUiautomator2Driver@a768]&amp#27;[0m Waiting up to 30000 ms for condition
&amp#27;[38;5;32m[AndroidUiautomator2Driver@a768]&amp#27;[0m Matched '/element' to command name 'findElement'
&amp#27;[38;5;32m[AndroidUiautomator2Driver@a768]&amp#27;[0m Proxying [POST /element] to [POST http://127.0.0.1:8200/session/d505d208-0fa8-49ac-a7bb-7c997bf28ca0/element] with body: {"strategy":"id","selector":"com.androidsample.generalstore:id/btnLetsShop","context":"","multiple":false}
&amp#27;[38;5;32m[AndroidUiautomator2Driver@a768]&amp#27;[0m Got response with status 200: {"sessionId":"d505d208-0fa8-49ac-a7bb-7c997bf28ca0","value":{"ELEMENT":"00000000-0000-00b5-ffff-ffff00000021","element-6066-11e4-a52e-4f735466cecf":"00000000-0000-00b5-ffff-ffff00000021"}}
&amp#27;[38;5;32m[AndroidUiautomator2Driver@a768]&amp#27;[0m Responding to client with driver.findElement() result: {"element-6066-11e4-a52e-4f735466cecf":"00000000-0000-00b5-ffff-ffff00000021","ELEMENT":"00000000-0000-00b5-ffff-ffff00000021"}
&amp#27;[38;5;0m[HTTP]&amp#27;[0m &amp#27;[37m<-- POST /session/5d1e9f54-f12e-4992-9edf-ce03a395060a/element &amp#27;[39m&amp#27;[32m200&amp#27;[39m &amp#27;[90m705 ms - 137&amp#27;[39m
&amp#27;[38;5;0m[HTTP]&amp#27;[0m &amp#27;[90m&amp#27;[39m
&amp#27;[38;5;0m[HTTP]&amp#27;[0m &amp#27;[37m-->&amp#27;[39m &amp#27;[37mPOST&amp#27;[39m &amp#27;[37m/session/5d1e9f54-f12e-4992-9edf-ce03a395060a/element/00000000-0000-00b5-ffff-ffff00000021/click&amp#27;[39m
&amp#27;[38;5;0m[HTTP]&amp#27;[0m &amp#27;[90m{"id":"00000000-0000-00b5-ffff-ffff00000021"}&amp#27;[39m
&amp#27;[38;5;32m[AndroidUiautomator2Driver@a768]&amp#27;[0m Calling AppiumDriver.click() with args: ["00000000-0000-00b5-ffff-ffff00000021","5d1e9f54-f12e-4992-9edf-ce03a395060a"]
&amp#27;[38;5;32m[AndroidUiautomator2Driver@a768]&amp#27;[0m Matched '/element/00000000-0000-00b5-ffff-ffff00000021/click' to command name 'click'
&amp#27;[38;5;32m[AndroidUiautomator2Driver@a768]&amp#27;[0m Proxying [POST /element/00000000-0000-00b5-ffff-ffff00000021/click] to [POST http://127.0.0.1:8200/session/d505d208-0fa8-49ac-a7bb-7c997bf28ca0/element/00000000-0000-00b5-ffff-ffff00000021/click] with body: {"element":"00000000-0000-00b5-ffff-ffff00000021"}
&amp#27;[38;5;32m[AndroidUiautomator2Driver@a768]&amp#27;[0m Got response with status 200: {"sessionId":"d505d208-0fa8-49ac-a7bb-7c997bf28ca0","value":null}
&amp#27;[38;5;32m[AndroidUiautomator2Driver@a768]&amp#27;[0m Responding to client with driver.click() result: null
&amp#27;[38;5;0m[HTTP]&amp#27;[0m &amp#27;[37m<-- POST /session/5d1e9f54-f12e-4992-9edf-ce03a395060a/element/00000000-0000-00b5-ffff-ffff00000021/click &amp#27;[39m&amp#27;[32m200&amp#27;[39m &amp#27;[90m70 ms - 14&amp#27;[39m
&amp#27;[38;5;0m[HTTP]&amp#27;[0m &amp#27;[90m&amp#27;[39m
&amp#27;[38;5;0m[HTTP]&amp#27;[0m &amp#27;[37m-->&amp#27;[39m &amp#27;[37mPOST&amp#27;[39m &amp#27;[37m/session/5d1e9f54-f12e-4992-9edf-ce03a395060a/element&amp#27;[39m
&amp#27;[38;5;0m[HTTP]&amp#27;[0m &amp#27;[90m{"using":"xpath","value":"//android.widget.Toast[@text='Please enter your name']"}&amp#27;[39m
&amp#27;[38;5;32m[AndroidUiautomator2Driver@a768]&amp#27;[0m Calling AppiumDriver.findElement() with args: ["xpath","//android.widget.Toast[@text='Please enter your name']","5d1e9f54-f12e-4992-9edf-ce03a395060a"]
&amp#27;[38;5;32m[AndroidUiautomator2Driver@a768]&amp#27;[0m Valid locator strategies for this request: xpath, id, class name, accessibility id, css selector, -android uiautomator
&amp#27;[38;5;32m[AndroidUiautomator2Driver@a768]&amp#27;[0m Waiting up to 30000 ms for condition
&amp#27;[38;5;32m[AndroidUiautomator2Driver@a768]&amp#27;[0m Matched '/element' to command name 'findElement'
&amp#27;[38;5;32m[AndroidUiautomator2Driver@a768]&amp#27;[0m Proxying [POST /element] to [POST http://127.0.0.1:8200/session/d505d208-0fa8-49ac-a7bb-7c997bf28ca0/element] with body: {"strategy":"xpath","selector":"//android.widget.Toast[@text='Please enter your name']","context":"","multiple":false}
&amp#27;[38;5;32m[AndroidUiautomator2Driver@a768]&amp#27;[0m Got response with status 200: {"sessionId":"d505d208-0fa8-49ac-a7bb-7c997bf28ca0","value":{"ELEMENT":"e0868e7d-8819-47a2-82bc-695e0caf5e42","element-6066-11e4-a52e-4f735466cecf":"e0868e7d-8819-47a2-82bc-695e0caf5e42"}}
&amp#27;[38;5;32m[AndroidUiautomator2Driver@a768]&amp#27;[0m Responding to client with driver.findElement() result: {"element-6066-11e4-a52e-4f735466cecf":"e0868e7d-8819-47a2-82bc-695e0caf5e42","ELEMENT":"e0868e7d-8819-47a2-82bc-695e0caf5e42"}
&amp#27;[38;5;0m[HTTP]&amp#27;[0m &amp#27;[37m<-- POST /session/5d1e9f54-f12e-4992-9edf-ce03a395060a/element &amp#27;[39m&amp#27;[32m200&amp#27;[39m &amp#27;[90m100 ms - 137&amp#27;[39m
&amp#27;[38;5;0m[HTTP]&amp#27;[0m &amp#27;[90m&amp#27;[39m
&amp#27;[38;5;0m[HTTP]&amp#27;[0m &amp#27;[37m-->&amp#27;[39m &amp#27;[37mGET&amp#27;[39m &amp#27;[37m/session/5d1e9f54-f12e-4992-9edf-ce03a395060a/element/e0868e7d-8819-47a2-82bc-695e0caf5e42/text&amp#27;[39m
&amp#27;[38;5;0m[HTTP]&amp#27;[0m &amp#27;[90m{}&amp#27;[39m
&amp#27;[38;5;32m[AndroidUiautomator2Driver@a768]&amp#27;[0m Driver proxy active, passing request on via HTTP proxy
&amp#27;[38;5;32m[AndroidUiautomator2Driver@a768]&amp#27;[0m Matched '/session/5d1e9f54-f12e-4992-9edf-ce03a395060a/element/e0868e7d-8819-47a2-82bc-695e0caf5e42/text' to command name 'getText'
&amp#27;[38;5;32m[AndroidUiautomator2Driver@a768]&amp#27;[0m Proxying [GET /session/5d1e9f54-f12e-4992-9edf-ce03a395060a/element/e0868e7d-8819-47a2-82bc-695e0caf5e42/text] to [GET http://127.0.0.1:8200/session/d505d208-0fa8-49ac-a7bb-7c997bf28ca0/element/e0868e7d-8819-47a2-82bc-695e0caf5e42/text] with no body
&amp#27;[38;5;32m[AndroidUiautomator2Driver@a768]&amp#27;[0m Got response with status 200: {"sessionId":"d505d208-0fa8-49ac-a7bb-7c997bf28ca0","value":"Please enter your name"}
&amp#27;[38;5;32m[AndroidUiautomator2Driver@a768]&amp#27;[0m Replacing sessionId d505d208-0fa8-49ac-a7bb-7c997bf28ca0 with 5d1e9f54-f12e-4992-9edf-ce03a395060a
&amp#27;[38;5;0m[HTTP]&amp#27;[0m &amp#27;[37m<-- GET /session/5d1e9f54-f12e-4992-9edf-ce03a395060a/element/e0868e7d-8819-47a2-82bc-695e0caf5e42/text &amp#27;[39m&amp#27;[32m200&amp#27;[39m &amp#27;[90m500 ms - 85&amp#27;[39m
&amp#27;[38;5;0m[HTTP]&amp#27;[0m &amp#27;[90m&amp#27;[39m
]]></system-out>
  </testcase>
  <testcase name="fillForm" classname="in.debasish.generalStore.TC7_GeneralStoreAppTest" time="35.305">
    <system-out><![CDATA[&amp#27;[38;5;0m[HTTP]&amp#27;[0m &amp#27;[37m-->&amp#27;[39m &amp#27;[37mDELETE&amp#27;[39m &amp#27;[37m/session/5d1e9f54-f12e-4992-9edf-ce03a395060a&amp#27;[39m
&amp#27;[38;5;0m[HTTP]&amp#27;[0m &amp#27;[90m{}&amp#27;[39m
&amp#27;[38;5;32m[AndroidUiautomator2Driver@a768]&amp#27;[0m Calling AppiumDriver.deleteSession() with args: ["5d1e9f54-f12e-4992-9edf-ce03a395060a"]
&amp#27;[38;5;16m[AppiumDriver@4b38]&amp#27;[0m Event 'quitSessionRequested' logged at 1725200098011 (19:44:58 GMT+0530 (India Standard Time))
&amp#27;[38;5;16m[AppiumDriver@4b38]&amp#27;[0m Removing session 5d1e9f54-f12e-4992-9edf-ce03a395060a from our master session list
&amp#27;[38;5;32m[AndroidUiautomator2Driver@a768]&amp#27;[0m Deleting UiAutomator2 session
&amp#27;[38;5;32m[AndroidUiautomator2Driver@a768]&amp#27;[0m Deleting UiAutomator2 server session
&amp#27;[38;5;32m[AndroidUiautomator2Driver@a768]&amp#27;[0m Matched '/' to command name 'deleteSession'
&amp#27;[38;5;32m[AndroidUiautomator2Driver@a768]&amp#27;[0m Proxying [DELETE /] to [DELETE http://127.0.0.1:8200/session/d505d208-0fa8-49ac-a7bb-7c997bf28ca0] with no body
&amp#27;[38;5;32m[AndroidUiautomator2Driver@a768]&amp#27;[0m Got response with status 200: {"sessionId":"d505d208-0fa8-49ac-a7bb-7c997bf28ca0","value":null}
&amp#27;[38;5;32m[AndroidUiautomator2Driver@a768]&amp#27;[0m [Instrumentation] io.appium.uiautomator2.server.test.AppiumUiAutomator2Server:
&amp#27;[38;5;32m[AndroidUiautomator2Driver@a768]&amp#27;[0m [Instrumentation] The process has exited with code null, signal SIGTERM
&amp#27;[38;5;48m[ADB]&amp#27;[0m Running '/Users/debasishpruseth/Library/Java/JavaVirtualMachines/openjdk-22.0.1-1/Contents/Home/platform-tools/adb -P 5037 -s emulator-5554 shell dumpsys activity services io.appium.settings/.recorder.RecorderService'
&amp#27;[38;5;48m[ADB]&amp#27;[0m Running '/Users/debasishpruseth/Library/Java/JavaVirtualMachines/openjdk-22.0.1-1/Contents/Home/platform-tools/adb -P 5037 -s emulator-5554 shell am force-stop com.androidsample.generalstore'
&amp#27;[38;5;48m[ADB]&amp#27;[0m Removing forwarded port socket connection: 8200 
&amp#27;[38;5;48m[ADB]&amp#27;[0m Running '/Users/debasishpruseth/Library/Java/JavaVirtualMachines/openjdk-22.0.1-1/Contents/Home/platform-tools/adb -P 5037 -s emulator-5554 forward --remove tcp:8200'
&amp#27;[38;5;32m[AndroidUiautomator2Driver@a768]&amp#27;[0m Restoring hidden api policy to the device default configuration
&amp#27;[38;5;48m[ADB]&amp#27;[0m Running '/Users/debasishpruseth/Library/Java/JavaVirtualMachines/openjdk-22.0.1-1/Contents/Home/platform-tools/adb -P 5037 -s emulator-5554 shell 'settings delete global hidden_api_policy_pre_p_apps;settings delete global hidden_api_policy_p_apps;settings delete global hidden_api_policy''
&amp#27;[38;5;80m[Logcat]&amp#27;[0m Stopping logcat capture
&amp#27;[38;5;16m[AppiumDriver@4b38]&amp#27;[0m Event 'quitSessionFinished' logged at 1725200098928 (19:44:58 GMT+0530 (India Standard Time))
&amp#27;[38;5;16m[AppiumDriver@4b38]&amp#27;[0m Received response: null
&amp#27;[38;5;16m[AppiumDriver@4b38]&amp#27;[0m But deleting session, so not returning
&amp#27;[38;5;16m[AppiumDriver@4b38]&amp#27;[0m Responding to client with driver.deleteSession() result: null
&amp#27;[38;5;0m[HTTP]&amp#27;[0m &amp#27;[37m<-- DELETE /session/5d1e9f54-f12e-4992-9edf-ce03a395060a &amp#27;[39m&amp#27;[32m200&amp#27;[39m &amp#27;[90m920 ms - 14&amp#27;[39m
&amp#27;[38;5;0m[HTTP]&amp#27;[0m &amp#27;[90m&amp#27;[39m
&amp#27;[35m[Appium]&amp#27;[39m Welcome to Appium v2.5.4 (REV abc0584215659c5a8716d0798ea2801388d01368)
&amp#27;[35m[Appium]&amp#27;[39m Non-default server args:
&amp#27;[35m[Appium]&amp#27;[39m { port: &amp#27;[33m4722&amp#27;[39m }
&amp#27;[35m[Appium]&amp#27;[39m The autodetected Appium home path: /Users/debasishpruseth/.appium
&amp#27;[35m[Appium]&amp#27;[39m Attempting to load driver uiautomator2...
&amp#27;[35m[Appium]&amp#27;[39m Attempting to load driver xcuitest...
&amp#27;[35m[Appium]&amp#27;[39m Requiring driver at /Users/debasishpruseth/.appium/node_modules/appium-uiautomator2-driver/build/index.js
&amp#27;[35m[Appium]&amp#27;[39m Requiring driver at /Users/debasishpruseth/.appium/node_modules/appium-xcuitest-driver/build/index.js
&amp#27;[35m[Appium]&amp#27;[39m AndroidUiautomator2Driver has been successfully loaded in 1.115s
&amp#27;[35m[Appium]&amp#27;[39m XCUITestDriver has been successfully loaded in 1.115s
&amp#27;[35m[Appium]&amp#27;[39m Appium REST http interface listener started on http://0.0.0.0:4722
&amp#27;[35m[Appium]&amp#27;[39m You can provide the following URLs in your client code to connect to this server:
&amp#27;[35m[Appium]&amp#27;[39m 	http://127.0.0.1:4722/ (only accessible from the same host)
&amp#27;[35m[Appium]&amp#27;[39m 	http://192.168.0.102:4722/
&amp#27;[35m[Appium]&amp#27;[39m Available drivers:
&amp#27;[35m[Appium]&amp#27;[39m   - uiautomator2@3.7.3 (automationName 'UiAutomator2')
&amp#27;[35m[Appium]&amp#27;[39m   - xcuitest@7.24.12 (automationName 'XCUITest')
&amp#27;[35m[Appium]&amp#27;[39m No plugins have been installed. Use the "appium plugin" command to install the one(s) you want to use.
&amp#27;[38;5;0m[HTTP]&amp#27;[0m &amp#27;[37m-->&amp#27;[39m &amp#27;[37mGET&amp#27;[39m &amp#27;[37m/status&amp#27;[39m
&amp#27;[38;5;0m[HTTP]&amp#27;[0m &amp#27;[90m{}&amp#27;[39m
&amp#27;[38;5;16m[AppiumDriver@510c]&amp#27;[0m Calling AppiumDriver.getStatus() with args: []
&amp#27;[38;5;16m[AppiumDriver@510c]&amp#27;[0m Responding to client with driver.getStatus() result: {"ready":true,"message":"The server is ready to accept new connections","build":{"version":"2.5.4","git-sha":"abc0584215659c5a8716d0798ea2801388d01368","built":"2024-08-26 09:35:52 +0100"}}
&amp#27;[38;5;0m[HTTP]&amp#27;[0m &amp#27;[37m<-- GET /status &amp#27;[39m&amp#27;[32m200&amp#27;[39m &amp#27;[90m4 ms - 199&amp#27;[39m
&amp#27;[38;5;0m[HTTP]&amp#27;[0m &amp#27;[90m&amp#27;[39m
&amp#27;[38;5;0m[HTTP]&amp#27;[0m Request idempotency key: 5ac7641f-ec1a-4473-9ab3-2c69c9209f70
&amp#27;[38;5;0m[HTTP]&amp#27;[0m &amp#27;[37m-->&amp#27;[39m &amp#27;[37mPOST&amp#27;[39m &amp#27;[37m/session&amp#27;[39m
&amp#27;[38;5;0m[HTTP]&amp#27;[0m &amp#27;[90m{"capabilities":{"firstMatch":[{}],"alwaysMatch":{"appium:app":"/Users/debasishpruseth/Downloads/General-Store.apk","appium:automationName":"UIAutomator2","appium:deviceName":"emulator-5554","platformName":"android"}}}&amp#27;[39m
&amp#27;[38;5;16m[AppiumDriver@510c]&amp#27;[0m Calling AppiumDriver.createSession() with args: [null,null,{"firstMatch":[{}],"alwaysMatch":{"appium:app":"/Users/debasishpruseth/Downloads/General-Store.apk","appium:automationName":"UIAutomator2","appium:deviceName":"emulator-5554","platformName":"android"}}]
&amp#27;[38;5;16m[AppiumDriver@510c]&amp#27;[0m Event 'newSessionRequested' logged at 1725200104193 (19:45:04 GMT+0530 (India Standard Time))
&amp#27;[35m[Appium]&amp#27;[39m Attempting to find matching driver for automationName 'UIAutomator2' and platformName 'android'
&amp#27;[35m[Appium]&amp#27;[39m The 'uiautomator2' driver was installed and matched caps.
&amp#27;[35m[Appium]&amp#27;[39m Will require it at /Users/debasishpruseth/.appium/node_modules/appium-uiautomator2-driver
&amp#27;[35m[Appium]&amp#27;[39m Requiring driver at /Users/debasishpruseth/.appium/node_modules/appium-uiautomator2-driver/build/index.js
&amp#27;[38;5;16m[AppiumDriver@510c]&amp#27;[0m Appium v2.5.4 creating new AndroidUiautomator2Driver (v3.7.3) session
&amp#27;[38;5;16m[AppiumDriver@510c]&amp#27;[0m Checking BaseDriver versions for Appium and AndroidUiautomator2Driver
&amp#27;[38;5;16m[AppiumDriver@510c]&amp#27;[0m Appium's BaseDriver version is 9.6.0
&amp#27;[38;5;16m[AppiumDriver@510c]&amp#27;[0m AndroidUiautomator2Driver's BaseDriver version is 9.11.2
&amp#27;[38;5;32m[AndroidUiautomator2Driver@ddb3]&amp#27;[0m 
&amp#27;[38;5;32m[AndroidUiautomator2Driver@ddb3]&amp#27;[0m Creating session with W3C capabilities: {
  "alwaysMatch": {
    "platformName": "android",
    "appium:app": "/Users/debasishpruseth/Downloads/General-Store.apk",
    "appium:automationName": "UIAutomator2",
    "appium:deviceName": "emulator-5554"
  },
  "firstMatch": [
    {}
  ]
}
&amp#27;[38;5;32m[AndroidUiautomator2Driver@ddb3]&amp#27;[0m Session created with session id: 5c7fd469-de0b-46d1-ace9-ce0e295cf15f
&amp#27;[38;5;48m[ADB]&amp#27;[0m Found 2 'build-tools' folders under '/Users/debasishpruseth/Library/Java/JavaVirtualMachines/openjdk-22.0.1-1/Contents/Home' (newest first):
&amp#27;[38;5;48m[ADB]&amp#27;[0m     /Users/debasishpruseth/Library/Java/JavaVirtualMachines/openjdk-22.0.1-1/Contents/Home/build-tools/35.0.0
&amp#27;[38;5;48m[ADB]&amp#27;[0m     /Users/debasishpruseth/Library/Java/JavaVirtualMachines/openjdk-22.0.1-1/Contents/Home/build-tools/34.0.0
&amp#27;[38;5;48m[ADB]&amp#27;[0m Using 'adb' from '/Users/debasishpruseth/Library/Java/JavaVirtualMachines/openjdk-22.0.1-1/Contents/Home/platform-tools/adb'
&amp#27;[38;5;48m[ADB]&amp#27;[0m Running '/Users/debasishpruseth/Library/Java/JavaVirtualMachines/openjdk-22.0.1-1/Contents/Home/platform-tools/adb -P 5037 start-server'
&amp#27;[38;5;32m[AndroidUiautomator2Driver@ddb3]&amp#27;[0m Retrieving device list
&amp#27;[38;5;48m[ADB]&amp#27;[0m Trying to find connected Android devices
&amp#27;[38;5;48m[ADB]&amp#27;[0m Getting connected devices
&amp#27;[38;5;48m[ADB]&amp#27;[0m Connected devices: [{"udid":"emulator-5554","state":"device"}]
&amp#27;[38;5;32m[AndroidUiautomator2Driver@ddb3]&amp#27;[0m Using device: emulator-5554
&amp#27;[38;5;48m[ADB]&amp#27;[0m Using 'adb' from '/Users/debasishpruseth/Library/Java/JavaVirtualMachines/openjdk-22.0.1-1/Contents/Home/platform-tools/adb'
&amp#27;[38;5;48m[ADB]&amp#27;[0m Running '/Users/debasishpruseth/Library/Java/JavaVirtualMachines/openjdk-22.0.1-1/Contents/Home/platform-tools/adb -P 5037 start-server'
&amp#27;[38;5;48m[ADB]&amp#27;[0m Setting device id to emulator-5554
&amp#27;[38;5;64m[BaseDriver]&amp#27;[0m Using local app '/Users/debasishpruseth/Downloads/General-Store.apk'
&amp#27;[38;5;32m[AndroidUiautomator2Driver@ddb3]&amp#27;[0m Checking whether app is actually present
&amp#27;[38;5;48m[ADB]&amp#27;[0m Running '/Users/debasishpruseth/Library/Java/JavaVirtualMachines/openjdk-22.0.1-1/Contents/Home/platform-tools/adb -P 5037 -s emulator-5554 shell getprop ro.build.version.sdk'
&amp#27;[38;5;48m[ADB]&amp#27;[0m Current device property 'ro.build.version.sdk': 35
&amp#27;[38;5;48m[ADB]&amp#27;[0m Getting device platform version
&amp#27;[38;5;48m[ADB]&amp#27;[0m Running '/Users/debasishpruseth/Library/Java/JavaVirtualMachines/openjdk-22.0.1-1/Contents/Home/platform-tools/adb -P 5037 -s emulator-5554 shell getprop ro.build.version.release'
&amp#27;[38;5;48m[ADB]&amp#27;[0m Current device property 'ro.build.version.release': 15
&amp#27;[38;5;48m[ADB]&amp#27;[0m Device API level: 35
&amp#27;[38;5;32m[AndroidUiautomator2Driver@ddb3]&amp#27;[0m Relaxing hidden api policy
&amp#27;[38;5;48m[ADB]&amp#27;[0m Running '/Users/debasishpruseth/Library/Java/JavaVirtualMachines/openjdk-22.0.1-1/Contents/Home/platform-tools/adb -P 5037 -s emulator-5554 shell 'settings put global hidden_api_policy_pre_p_apps 1;settings put global hidden_api_policy_p_apps 1;settings put global hidden_api_policy 1''
&amp#27;[38;5;32m[AndroidUiautomator2Driver@ddb3]&amp#27;[0m Parsing package and activity from app manifest
&amp#27;[38;5;48m[ADB]&amp#27;[0m Running '/Users/debasishpruseth/Library/Java/JavaVirtualMachines/openjdk-22.0.1-1/Contents/Home/platform-tools/adb -P 5037 -s emulator-5554 wait-for-device'
&amp#27;[38;5;48m[ADB]&amp#27;[0m Using 'aapt2' from '/Users/debasishpruseth/Library/Java/JavaVirtualMachines/openjdk-22.0.1-1/Contents/Home/build-tools/35.0.0/aapt2'
&amp#27;[38;5;48m[ADB]&amp#27;[0m Reading package manifest: '/Users/debasishpruseth/Library/Java/JavaVirtualMachines/openjdk-22.0.1-1/Contents/Home/build-tools/35.0.0/aapt2 dump badging /Users/debasishpruseth/Downloads/General-Store.apk'
&amp#27;[38;5;48m[ADB]&amp#27;[0m Running '/Users/debasishpruseth/Library/Java/JavaVirtualMachines/openjdk-22.0.1-1/Contents/Home/platform-tools/adb -P 5037 -s emulator-5554 shell echo ping'
&amp#27;[38;5;48m[ADB]&amp#27;[0m Package name: 'com.androidsample.generalstore'
&amp#27;[38;5;48m[ADB]&amp#27;[0m Main activity name: 'com.androidsample.generalstore.SplashActivity'
&amp#27;[38;5;32m[AndroidUiautomator2Driver@ddb3]&amp#27;[0m Parsed package and activity are: com.androidsample.generalstore/com.androidsample.generalstore.SplashActivity
&amp#27;[38;5;32m[AndroidUiautomator2Driver@ddb3]&amp#27;[0m Pushing settings apk to the device...
&amp#27;[38;5;48m[ADB]&amp#27;[0m Getting package info for 'io.appium.settings'
&amp#27;[38;5;48m[ADB]&amp#27;[0m Running '/Users/debasishpruseth/Library/Java/JavaVirtualMachines/openjdk-22.0.1-1/Contents/Home/platform-tools/adb -P 5037 -s emulator-5554 shell dumpsys package io.appium.settings'
&amp#27;[38;5;48m[ADB]&amp#27;[0m Reading package manifest: '/Users/debasishpruseth/Library/Java/JavaVirtualMachines/openjdk-22.0.1-1/Contents/Home/build-tools/35.0.0/aapt2 dump badging /Users/debasishpruseth/.appium/node_modules/appium-uiautomator2-driver/node_modules/io.appium.settings/apks/settings_apk-debug.apk'
&amp#27;[38;5;48m[ADB]&amp#27;[0m The version name of the installed 'io.appium.settings' is greater or equal to the application version name ('5.12.6' >= '5.12.6')
&amp#27;[38;5;48m[ADB]&amp#27;[0m There is no need to install/upgrade '/Users/debasishpruseth/.appium/node_modules/appium-uiautomator2-driver/node_modules/io.appium.settings/apks/settings_apk-debug.apk'
&amp#27;[38;5;48m[ADB]&amp#27;[0m Running '/Users/debasishpruseth/Library/Java/JavaVirtualMachines/openjdk-22.0.1-1/Contents/Home/platform-tools/adb -P 5037 -s emulator-5554 shell dumpsys activity services io.appium.settings'
&amp#27;[38;5;32m[AndroidUiautomator2Driver@ddb3]&amp#27;[0m io.appium.settings is already running. There is no need to reset its permissions.
&amp#27;[38;5;80m[Logcat]&amp#27;[0m Starting logs capture with command: /Users/debasishpruseth/Library/Java/JavaVirtualMachines/openjdk-22.0.1-1/Contents/Home/platform-tools/adb -P 5037 -s emulator-5554 logcat -v threadtime
&amp#27;[38;5;32m[AndroidUiautomator2Driver@ddb3]&amp#27;[0m Forwarding UiAutomator2 Server port 6790 to local port 8200
&amp#27;[38;5;48m[ADB]&amp#27;[0m Forwarding system: 8200 to device: 6790
&amp#27;[38;5;48m[ADB]&amp#27;[0m Running '/Users/debasishpruseth/Library/Java/JavaVirtualMachines/openjdk-22.0.1-1/Contents/Home/platform-tools/adb -P 5037 -s emulator-5554 forward tcp:8200 tcp:6790'
&amp#27;[38;5;48m[ADB]&amp#27;[0m Getting package info for 'io.appium.uiautomator2.server'
&amp#27;[38;5;48m[ADB]&amp#27;[0m Running '/Users/debasishpruseth/Library/Java/JavaVirtualMachines/openjdk-22.0.1-1/Contents/Home/platform-tools/adb -P 5037 -s emulator-5554 shell dumpsys package io.appium.uiautomator2.server'
&amp#27;[38;5;48m[ADB]&amp#27;[0m Getting install status for io.appium.uiautomator2.server.test
&amp#27;[38;5;48m[ADB]&amp#27;[0m Checking app cert for /Users/debasishpruseth/Downloads/General-Store.apk
&amp#27;[38;5;48m[ADB]&amp#27;[0m Running '/Users/debasishpruseth/Library/Java/JavaVirtualMachines/openjdk-22.0.1-1/Contents/Home/platform-tools/adb -P 5037 -s emulator-5554 shell cmd package list packages'
&amp#27;[38;5;48m[ADB]&amp#27;[0m Using 'apksigner.jar' from '/Users/debasishpruseth/Library/Java/JavaVirtualMachines/openjdk-22.0.1-1/Contents/Home/build-tools/35.0.0/lib/apksigner.jar'
&amp#27;[38;5;48m[ADB]&amp#27;[0m Starting apksigner: /Users/debasishpruseth/Library/Java/JavaVirtualMachines/openjdk-22.0.1/Contents/Home/bin/java -Xmx1024M -Xss1m -jar /Users/debasishpruseth/Library/Java/JavaVirtualMachines/openjdk-22.0.1-1/Contents/Home/build-tools/35.0.0/lib/apksigner.jar verify --print-certs /Users/debasishpruseth/Downloads/General-Store.apk
&amp#27;[38;5;48m[ADB]&amp#27;[0m Reading package manifest: '/Users/debasishpruseth/Library/Java/JavaVirtualMachines/openjdk-22.0.1-1/Contents/Home/build-tools/35.0.0/aapt2 dump badging /Users/debasishpruseth/.appium/node_modules/appium-uiautomator2-driver/node_modules/appium-uiautomator2-server/apks/appium-uiautomator2-server-v7.0.20.apk'
&amp#27;[38;5;48m[ADB]&amp#27;[0m 'io.appium.uiautomator2.server.test' is installed
&amp#27;[38;5;48m[ADB]&amp#27;[0m The version name of the installed 'io.appium.uiautomator2.server' is greater or equal to the application version name ('7.0.20' >= '7.0.20')
&amp#27;[38;5;32m[AndroidUiautomator2Driver@ddb3]&amp#27;[0m Server packages status: [{"installState":"sameVersionInstalled","appPath":"/Users/debasishpruseth/.appium/node_modules/appium-uiautomator2-driver/node_modules/appium-uiautomator2-server/apks/appium-uiautomator2-server-v7.0.20.apk","appId":"io.appium.uiautomator2.server"},{"installState":"sameVersionInstalled","appPath":"/Users/debasishpruseth/.appium/node_modules/appium-uiautomator2-driver/node_modules/appium-uiautomator2-server/apks/appium-uiautomator2-server-debug-androidTest.apk","appId":"io.appium.uiautomator2.server.test"}]
&amp#27;[38;5;32m[AndroidUiautomator2Driver@ddb3]&amp#27;[0m Server packages are not going to be (re)installed
&amp#27;[38;5;32m[AndroidUiautomator2Driver@ddb3]&amp#27;[0m Waiting up to 30000ms for services to be available
&amp#27;[38;5;48m[ADB]&amp#27;[0m Running '/Users/debasishpruseth/Library/Java/JavaVirtualMachines/openjdk-22.0.1-1/Contents/Home/platform-tools/adb -P 5037 -s emulator-5554 shell pm list instrumentation'
&amp#27;[38;5;32m[AndroidUiautomator2Driver@ddb3]&amp#27;[0m Instrumentation target 'io.appium.uiautomator2.server.test/androidx.test.runner.AndroidJUnitRunner' is available
&amp#27;[38;5;48m[ADB]&amp#27;[0m Adding packages ["io.appium.settings","io.appium.uiautomator2.server","io.appium.uiautomator2.server.test"] to Doze whitelist
&amp#27;[38;5;48m[ADB]&amp#27;[0m Got the following command chunks to execute: [["dumpsys","deviceidle","whitelist","+io.appium.settings",";","dumpsys","deviceidle","whitelist","+io.appium.uiautomator2.server",";","dumpsys","deviceidle","whitelist","+io.appium.uiautomator2.server.test",";"]]
&amp#27;[38;5;48m[ADB]&amp#27;[0m Running '/Users/debasishpruseth/Library/Java/JavaVirtualMachines/openjdk-22.0.1-1/Contents/Home/platform-tools/adb -P 5037 -s emulator-5554 shell dumpsys deviceidle whitelist +io.appium.settings ; dumpsys deviceidle whitelist +io.appium.uiautomator2.server ; dumpsys deviceidle whitelist +io.appium.uiautomator2.server.test ;'
&amp#27;[38;5;48m[ADB]&amp#27;[0m apksigner stdout: Signer #1 certificate DN: EMAILADDRESS=android@android.com, CN=Android, OU=Android, O=Android, L=Mountain View, ST=California, C=US
Signer #1 certificate SHA-256 digest: a40da80a59d170caa950cf15c18c454d47a39b26989d8b640ecd745ba71bf5dc
Signer #1 certificate SHA-1 digest: 61ed377e85d386a8dfee6b864bd85b0bfaa5af81
Signer #1 certificate MD5 digest: e89b158e4bcf988ebd09eb83f5378e87

&amp#27;[38;5;48m[ADB]&amp#27;[0m sha256 hash did match for 'General-Store.apk'
&amp#27;[38;5;48m[ADB]&amp#27;[0m '/Users/debasishpruseth/Downloads/General-Store.apk' is signed with the default certificate
&amp#27;[38;5;48m[ADB]&amp#27;[0m Getting package info for 'com.androidsample.generalstore'
&amp#27;[38;5;48m[ADB]&amp#27;[0m Running '/Users/debasishpruseth/Library/Java/JavaVirtualMachines/openjdk-22.0.1-1/Contents/Home/platform-tools/adb -P 5037 -s emulator-5554 shell dumpsys package com.androidsample.generalstore'
&amp#27;[38;5;48m[ADB]&amp#27;[0m Reading package manifest: '/Users/debasishpruseth/Library/Java/JavaVirtualMachines/openjdk-22.0.1-1/Contents/Home/build-tools/35.0.0/aapt2 dump badging /Users/debasishpruseth/Downloads/General-Store.apk'
&amp#27;[38;5;48m[ADB]&amp#27;[0m The version name of the installed 'com.androidsample.generalstore' is greater or equal to the application version name ('1.0.0' >= '1.0.0')
&amp#27;[38;5;48m[ADB]&amp#27;[0m There is no need to install/upgrade '/Users/debasishpruseth/Downloads/General-Store.apk'
&amp#27;[38;5;32m[AndroidUiautomator2Driver@ddb3]&amp#27;[0m Performing fast reset on 'com.androidsample.generalstore'
&amp#27;[38;5;48m[ADB]&amp#27;[0m Getting install status for com.androidsample.generalstore
&amp#27;[38;5;48m[ADB]&amp#27;[0m Running '/Users/debasishpruseth/Library/Java/JavaVirtualMachines/openjdk-22.0.1-1/Contents/Home/platform-tools/adb -P 5037 -s emulator-5554 shell cmd package list packages'
&amp#27;[38;5;48m[ADB]&amp#27;[0m 'com.androidsample.generalstore' is installed
&amp#27;[38;5;48m[ADB]&amp#27;[0m Running '/Users/debasishpruseth/Library/Java/JavaVirtualMachines/openjdk-22.0.1-1/Contents/Home/platform-tools/adb -P 5037 -s emulator-5554 shell am force-stop com.androidsample.generalstore'
&amp#27;[38;5;48m[ADB]&amp#27;[0m Running '/Users/debasishpruseth/Library/Java/JavaVirtualMachines/openjdk-22.0.1-1/Contents/Home/platform-tools/adb -P 5037 -s emulator-5554 shell pm clear com.androidsample.generalstore'
&amp#27;[38;5;32m[AndroidUiautomator2Driver@ddb3]&amp#27;[0m Performed fast reset on the installed 'com.androidsample.generalstore' application (stop and clear)
&amp#27;[38;5;32m[AndroidUiautomator2Driver@ddb3]&amp#27;[0m Performing shallow cleanup of automation leftovers
&amp#27;[38;5;32m[AndroidUiautomator2Driver@ddb3]&amp#27;[0m No obsolete sessions have been detected (socket hang up)
&amp#27;[38;5;48m[ADB]&amp#27;[0m Running '/Users/debasishpruseth/Library/Java/JavaVirtualMachines/openjdk-22.0.1-1/Contents/Home/platform-tools/adb -P 5037 -s emulator-5554 shell am force-stop io.appium.uiautomator2.server.test'
&amp#27;[38;5;32m[AndroidUiautomator2Driver@ddb3]&amp#27;[0m Starting UIAutomator2 server 7.0.20
&amp#27;[38;5;32m[AndroidUiautomator2Driver@ddb3]&amp#27;[0m Using UIAutomator2 server from '/Users/debasishpruseth/.appium/node_modules/appium-uiautomator2-driver/node_modules/appium-uiautomator2-server/apks/appium-uiautomator2-server-v7.0.20.apk' and test from '/Users/debasishpruseth/.appium/node_modules/appium-uiautomator2-driver/node_modules/appium-uiautomator2-server/apks/appium-uiautomator2-server-debug-androidTest.apk'
&amp#27;[38;5;32m[AndroidUiautomator2Driver@ddb3]&amp#27;[0m Waiting up to 30000ms for UiAutomator2 to be online...
&amp#27;[38;5;48m[ADB]&amp#27;[0m Creating ADB subprocess with args: ["-P","5037","-s","emulator-5554","shell","am","instrument","-w","-e","disableAnalytics","true","io.appium.uiautomator2.server.test/androidx.test.runner.AndroidJUnitRunner"]
&amp#27;[38;5;32m[AndroidUiautomator2Driver@ddb3]&amp#27;[0m Matched '/status' to command name 'getStatus'
&amp#27;[38;5;32m[AndroidUiautomator2Driver@ddb3]&amp#27;[0m Proxying [GET /status] to [GET http://127.0.0.1:8200/status] with no body
&amp#27;[38;5;32m[AndroidUiautomator2Driver@ddb3]&amp#27;[0m socket hang up
&amp#27;[38;5;32m[AndroidUiautomator2Driver@ddb3]&amp#27;[0m [Instrumentation] 
&amp#27;[38;5;32m[AndroidUiautomator2Driver@ddb3]&amp#27;[0m Matched '/status' to command name 'getStatus'
&amp#27;[38;5;32m[AndroidUiautomator2Driver@ddb3]&amp#27;[0m Proxying [GET /status] to [GET http://127.0.0.1:8200/status] with no body
&amp#27;[38;5;32m[AndroidUiautomator2Driver@ddb3]&amp#27;[0m socket hang up
&amp#27;[38;5;32m[AndroidUiautomator2Driver@ddb3]&amp#27;[0m Matched '/status' to command name 'getStatus'
&amp#27;[38;5;32m[AndroidUiautomator2Driver@ddb3]&amp#27;[0m Proxying [GET /status] to [GET http://127.0.0.1:8200/status] with no body
&amp#27;[38;5;32m[AndroidUiautomator2Driver@ddb3]&amp#27;[0m socket hang up
&amp#27;[38;5;32m[AndroidUiautomator2Driver@ddb3]&amp#27;[0m Matched '/status' to command name 'getStatus'
&amp#27;[38;5;32m[AndroidUiautomator2Driver@ddb3]&amp#27;[0m Proxying [GET /status] to [GET http://127.0.0.1:8200/status] with no body
&amp#27;[38;5;32m[AndroidUiautomator2Driver@ddb3]&amp#27;[0m Got response with status 200: {"sessionId":"None","value":{"message":"UiAutomator2 Server is ready to accept commands","ready":true}}
&amp#27;[38;5;32m[AndroidUiautomator2Driver@ddb3]&amp#27;[0m The initialization of the instrumentation process took 3111ms
&amp#27;[38;5;32m[AndroidUiautomator2Driver@ddb3]&amp#27;[0m Matched '/session' to command name 'createSession'
&amp#27;[38;5;32m[AndroidUiautomator2Driver@ddb3]&amp#27;[0m Proxying [POST /session] to [POST http://127.0.0.1:8200/session] with body: {"capabilities":{"firstMatch":[{"platformName":"android","app":"/Users/debasishpruseth/Downloads/General-Store.apk","automationName":"UIAutomator2","deviceName":"emulator-5554","platform":"LINUX","webStorageEnabled":false,"takesScreenshot":true,"javascriptEnabled":true,"databaseEnabled":false,"networkConnectionEnabled":true,"locationContextEnabled":false,"warnings":{},"desired":{"platformName":"android","app":"/Users/debasishpruseth/Downloads/General-Store.apk","automationName":"UIAutomator2","deviceName":"emulator-5554"},"deviceUDID":"emulator-5554","appPackage":"com.androidsample.generalstore"}],"alwaysMatch":{}}}
&amp#27;[38;5;32m[AndroidUiautomator2Driver@ddb3]&amp#27;[0m Got response with status 200: {"sessionId":"38809224-b259-4c01-afdc-0c544a9dd544","value":{"capabilities":{"firstMatch":[{"platformName":"android","app":"/Users/debasishpruseth/Downloads/General-Store.apk","automationName":"UIAutomator2","deviceName":"emulator-5554","platform":"LINUX","webStorageEnabled":false,"takesScreenshot":true,"javascriptEnabled":true,"databaseEnabled":false,"networkConnectionEnabled":true,"locationContextEnabled":false,"warnings":{},"desired":{"platformName":"android","app":"/Users/debasishpruseth/Downloads/General-Store.apk","automationName":"UIAutomator2","deviceName":"emulator-5554"},"deviceUDID":"emulator-5554","appPackage":"com.androidsample.generalstore"}],"alwaysMatch":{}},"sessionId":"38809224-b259-4c01-afdc-0c544a9dd544"}}
&amp#27;[38;5;32m[AndroidUiautomator2Driver@ddb3]&amp#27;[0m Determined the downstream protocol as 'W3C'
&amp#27;[38;5;32m[AndroidUiautomator2Driver@ddb3]&amp#27;[0m Proxying [GET /appium/device/pixel_ratio] to [GET http://127.0.0.1:8200/session/38809224-b259-4c01-afdc-0c544a9dd544/appium/device/pixel_ratio] with no body
&amp#27;[38;5;32m[AndroidUiautomator2Driver@ddb3]&amp#27;[0m Matched '/appium/device/system_bars' to command name 'getSystemBars'
&amp#27;[38;5;32m[AndroidUiautomator2Driver@ddb3]&amp#27;[0m Proxying [GET /appium/device/system_bars] to [GET http://127.0.0.1:8200/session/38809224-b259-4c01-afdc-0c544a9dd544/appium/device/system_bars] with no body
&amp#27;[38;5;32m[AndroidUiautomator2Driver@ddb3]&amp#27;[0m Matched '/window/current/size' to command name 'getWindowSize'
&amp#27;[38;5;32m[AndroidUiautomator2Driver@ddb3]&amp#27;[0m Proxying [GET /window/current/size] to [GET http://127.0.0.1:8200/session/38809224-b259-4c01-afdc-0c544a9dd544/window/current/size] with no body
&amp#27;[38;5;32m[AndroidUiautomator2Driver@ddb3]&amp#27;[0m Proxying [GET /appium/device/info] to [GET http://127.0.0.1:8200/session/38809224-b259-4c01-afdc-0c544a9dd544/appium/device/info] with no body
&amp#27;[38;5;48m[ADB]&amp#27;[0m Running '/Users/debasishpruseth/Library/Java/JavaVirtualMachines/openjdk-22.0.1-1/Contents/Home/platform-tools/adb -P 5037 -s emulator-5554 shell dumpsys window'
&amp#27;[38;5;48m[ADB]&amp#27;[0m Running '/Users/debasishpruseth/Library/Java/JavaVirtualMachines/openjdk-22.0.1-1/Contents/Home/platform-tools/adb -P 5037 -s emulator-5554 shell dumpsys power'
&amp#27;[38;5;32m[AndroidUiautomator2Driver@ddb3]&amp#27;[0m Got response with status 200: {"sessionId":"38809224-b259-4c01-afdc-0c544a9dd544","value":2.625}
&amp#27;[38;5;32m[AndroidUiautomator2Driver@ddb3]&amp#27;[0m Got response with status 200: {"sessionId":"38809224-b259-4c01-afdc-0c544a9dd544","value":{"statusBar":63}}
&amp#27;[38;5;32m[AndroidUiautomator2Driver@ddb3]&amp#27;[0m Got response with status 200: {"sessionId":"38809224-b259-4c01-afdc-0c544a9dd544","value":{"height":2400,"width":1080}}
&amp#27;[38;5;32m[AndroidUiautomator2Driver@ddb3]&amp#27;[0m Got response with status 200: {"sessionId":"38809224-b259-4c01-afdc-0c544a9dd544","value":{"androidId":"78c64d39d54ba055","apiVersion":"35","bluetooth":{"state":"ON"},"brand":"google","carrierName":"T-Mobile","displayDensity":420,"locale":"en_US","manufacturer":"Google","model":"sdk_gphone64_arm64","networks":[{"capabilities":{"SSID":null,"linkDownBandwidthKbps":30000,"linkUpstreamBandwidthKbps":12000,"networkCapabilities":"NET_CAPABILITY_NOT_METERED,NET_CAPABILITY_INTERNET,NET_CAPABILITY_NOT_RESTRICTED,NET_CAPABILITY_TRUSTED,NET_CAPABILITY_NOT_VPN,NET_CAPABILITY_VALIDATED,NET_CAPABILITY_NOT_ROAMING,NET_CAPABILITY_FOREGROUND,NET_CAPABILITY_NOT_CONGESTED,NET_CAPABILITY_NOT_SUSPENDED","signalStrength":-50,"transportTypes":"TRANSPORT_WIFI"},"detailedState":"CONNECTED","extraInfo":"","isAvailable":true,"isConnected":true,"isFailover":false,"isRoaming":false,"state":"CONNECTED","subtype":-1,"subtypeName":"","type":1,"typeName":"WIFI"},{"capabilities":{"SSID":null,"linkDownBandwidthKbps":4300,"linkUpstreamBandwidthKbps":1800,"networkCapabili...
&amp#27;[38;5;32m[AndroidUiautomator2Driver@ddb3]&amp#27;[0m Screen already unlocked, doing nothing
&amp#27;[38;5;32m[AndroidUiautomator2Driver@ddb3]&amp#27;[0m Starting 'com.androidsample.generalstore/com.androidsample.generalstore.SplashActivity and waiting for 'com.androidsample.generalstore/com.androidsample.generalstore.SplashActivity'
&amp#27;[38;5;48m[ADB]&amp#27;[0m Running '/Users/debasishpruseth/Library/Java/JavaVirtualMachines/openjdk-22.0.1-1/Contents/Home/platform-tools/adb -P 5037 -s emulator-5554 shell am start -W -n com.androidsample.generalstore/com.androidsample.generalstore.SplashActivity -S -a android.intent.action.MAIN -c android.intent.category.LAUNCHER -f 0x10200000'
&amp#27;[38;5;48m[ADB]&amp#27;[0m Waiting up to 20000ms for activity matching pkg: 'com.androidsample.generalstore' and activity: 'com.androidsample.generalstore.SplashActivity' to be focused
&amp#27;[38;5;48m[ADB]&amp#27;[0m Possible activities, to be checked: 'com.androidsample.generalstore.SplashActivity', 'com.androidsample.generalstore.com.androidsample.generalstore.SplashActivity'
&amp#27;[38;5;48m[ADB]&amp#27;[0m Getting focused package and activity
&amp#27;[38;5;48m[ADB]&amp#27;[0m Running '/Users/debasishpruseth/Library/Java/JavaVirtualMachines/openjdk-22.0.1-1/Contents/Home/platform-tools/adb -P 5037 -s emulator-5554 shell dumpsys window displays'
&amp#27;[38;5;48m[ADB]&amp#27;[0m Found package: 'com.androidsample.generalstore' and fully qualified activity name : 'com.androidsample.generalstore.SplashActivity'
&amp#27;[38;5;16m[AppiumDriver@510c]&amp#27;[0m New AndroidUiautomator2Driver session created successfully, session 5c7fd469-de0b-46d1-ace9-ce0e295cf15f added to master session list
&amp#27;[38;5;16m[AppiumDriver@510c]&amp#27;[0m Event 'newSessionStarted' logged at 1725200109822 (19:45:09 GMT+0530 (India Standard Time))
&amp#27;[38;5;32m[AndroidUiautomator2Driver@ddb3]&amp#27;[0m Cached the protocol value 'W3C' for the new session 5c7fd469-de0b-46d1-ace9-ce0e295cf15f
&amp#27;[38;5;32m[AndroidUiautomator2Driver@ddb3]&amp#27;[0m Responding to client with driver.createSession() result: {"capabilities":{"platformName":"android","app":"/Users/debasishpruseth/Downloads/General-Store.apk","automationName":"UIAutomator2","deviceName":"emulator-5554","platform":"LINUX","webStorageEnabled":false,"takesScreenshot":true,"javascriptEnabled":true,"databaseEnabled":false,"networkConnectionEnabled":true,"locationContextEnabled":false,"warnings":{},"desired":{"platformName":"android","app":"/Users/debasishpruseth/Downloads/General-Store.apk","automationName":"UIAutomator2","deviceName":"emulator-5554"},"deviceUDID":"emulator-5554","appPackage":"com.androidsample.generalstore","pixelRatio":"2.625","statBarHeight":63,"viewportRect":{"left":0,"top":63,"width":1080,"height":2337},"deviceApiLevel":35,"platformVersion":"15","deviceManufacturer":"Google","deviceModel":"sdk_gphone64_arm64","deviceScreenSize":"1080x2400","deviceScreenDensity":420}}
&amp#27;[38;5;0m[HTTP]&amp#27;[0m &amp#27;[37m<-- POST /session &amp#27;[39m&amp#27;[32m200&amp#27;[39m &amp#27;[90m5631 ms - 917&amp#27;[39m
&amp#27;[38;5;0m[HTTP]&amp#27;[0m &amp#27;[90m&amp#27;[39m
&amp#27;[38;5;0m[HTTP]&amp#27;[0m &amp#27;[37m-->&amp#27;[39m &amp#27;[37mPOST&amp#27;[39m &amp#27;[37m/session/5c7fd469-de0b-46d1-ace9-ce0e295cf15f/timeouts&amp#27;[39m
&amp#27;[38;5;0m[HTTP]&amp#27;[0m &amp#27;[90m{"implicit":30000}&amp#27;[39m
&amp#27;[38;5;32m[AndroidUiautomator2Driver@ddb3]&amp#27;[0m Calling AppiumDriver.timeouts() with args: [null,null,null,null,30000,"5c7fd469-de0b-46d1-ace9-ce0e295cf15f"]
&amp#27;[38;5;32m[AndroidUiautomator2Driver@ddb3]&amp#27;[0m W3C timeout argument: {"implicit":30000}}
&amp#27;[38;5;32m[AndroidUiautomator2Driver@ddb3]&amp#27;[0m Set implicit wait to 30000ms
&amp#27;[38;5;32m[AndroidUiautomator2Driver@ddb3]&amp#27;[0m Responding to client with driver.timeouts() result: null
&amp#27;[38;5;0m[HTTP]&amp#27;[0m &amp#27;[37m<-- POST /session/5c7fd469-de0b-46d1-ace9-ce0e295cf15f/timeouts &amp#27;[39m&amp#27;[32m200&amp#27;[39m &amp#27;[90m3 ms - 14&amp#27;[39m
&amp#27;[38;5;0m[HTTP]&amp#27;[0m &amp#27;[90m&amp#27;[39m
&amp#27;[38;5;0m[HTTP]&amp#27;[0m &amp#27;[37m-->&amp#27;[39m &amp#27;[37mPOST&amp#27;[39m &amp#27;[37m/session/5c7fd469-de0b-46d1-ace9-ce0e295cf15f/element&amp#27;[39m
&amp#27;[38;5;0m[HTTP]&amp#27;[0m &amp#27;[90m{"using":"id","value":"com.androidsample.generalstore:id/nameField"}&amp#27;[39m
&amp#27;[38;5;32m[AndroidUiautomator2Driver@ddb3]&amp#27;[0m Calling AppiumDriver.findElement() with args: ["id","com.androidsample.generalstore:id/nameField","5c7fd469-de0b-46d1-ace9-ce0e295cf15f"]
&amp#27;[38;5;32m[AndroidUiautomator2Driver@ddb3]&amp#27;[0m Valid locator strategies for this request: xpath, id, class name, accessibility id, css selector, -android uiautomator
&amp#27;[38;5;32m[AndroidUiautomator2Driver@ddb3]&amp#27;[0m Waiting up to 30000 ms for condition
&amp#27;[38;5;32m[AndroidUiautomator2Driver@ddb3]&amp#27;[0m Matched '/element' to command name 'findElement'
&amp#27;[38;5;32m[AndroidUiautomator2Driver@ddb3]&amp#27;[0m Proxying [POST /element] to [POST http://127.0.0.1:8200/session/38809224-b259-4c01-afdc-0c544a9dd544/element] with body: {"strategy":"id","selector":"com.androidsample.generalstore:id/nameField","context":"","multiple":false}
&amp#27;[38;5;32m[AndroidUiautomator2Driver@ddb3]&amp#27;[0m Got response with status 404: {"sessionId":"38809224-b259-4c01-afdc-0c544a9dd544","value":{"error":"no such element","message":"An element could not be located on the page using the given search parameters","stacktrace":"io.appium.uiautomator2.common.exceptions.ElementNotFoundException: An element could not be located on the page using the given search parameters\n\tat io.appium.uiautomator2.handler.FindElement.safeHandle(FindElement.java:63)\n\tat io.appium.uiautomator2.handler.request.SafeRequestHandler.handle(SafeRequestHandler.java:59)\n\tat io.appium.uiautomator2.server.AppiumServlet.handleRequest(AppiumServlet.java:259)\n\tat io.appium.uiautomator2.server.AppiumServlet.handleHttpRequest(AppiumServlet.java:253)\n\tat io.appium.uiautomator2.http.ServerHandler.channelRead(ServerHandler.java:77)\n\tat io.netty.channel.AbstractChannelHandlerContext.invokeChannelRead(AbstractChannelHandlerContext.java:366)\n\tat io.netty.channel.AbstractChannelHandlerContext.invokeChannelRead(AbstractChannelHandlerContext.java:352)\n\tat io.netty.chann...
&amp#27;[38;5;96m[W3C]&amp#27;[0m Matched W3C error code 'no such element' to NoSuchElementError
&amp#27;[38;5;32m[AndroidUiautomator2Driver@ddb3]&amp#27;[0m Waited for 818 ms so far
&amp#27;[38;5;32m[AndroidUiautomator2Driver@ddb3]&amp#27;[0m Matched '/element' to command name 'findElement'
&amp#27;[38;5;32m[AndroidUiautomator2Driver@ddb3]&amp#27;[0m Proxying [POST /element] to [POST http://127.0.0.1:8200/session/38809224-b259-4c01-afdc-0c544a9dd544/element] with body: {"strategy":"id","selector":"com.androidsample.generalstore:id/nameField","context":"","multiple":false}
&amp#27;[38;5;32m[AndroidUiautomator2Driver@ddb3]&amp#27;[0m Got response with status 404: {"sessionId":"38809224-b259-4c01-afdc-0c544a9dd544","value":{"error":"no such element","message":"An element could not be located on the page using the given search parameters","stacktrace":"io.appium.uiautomator2.common.exceptions.ElementNotFoundException: An element could not be located on the page using the given search parameters\n\tat io.appium.uiautomator2.handler.FindElement.safeHandle(FindElement.java:63)\n\tat io.appium.uiautomator2.handler.request.SafeRequestHandler.handle(SafeRequestHandler.java:59)\n\tat io.appium.uiautomator2.server.AppiumServlet.handleRequest(AppiumServlet.java:259)\n\tat io.appium.uiautomator2.server.AppiumServlet.handleHttpRequest(AppiumServlet.java:253)\n\tat io.appium.uiautomator2.http.ServerHandler.channelRead(ServerHandler.java:77)\n\tat io.netty.channel.AbstractChannelHandlerContext.invokeChannelRead(AbstractChannelHandlerContext.java:366)\n\tat io.netty.channel.AbstractChannelHandlerContext.invokeChannelRead(AbstractChannelHandlerContext.java:352)\n\tat io.netty.chann...
&amp#27;[38;5;96m[W3C]&amp#27;[0m Matched W3C error code 'no such element' to NoSuchElementError
&amp#27;[38;5;32m[AndroidUiautomator2Driver@ddb3]&amp#27;[0m Waited for 1352 ms so far
&amp#27;[38;5;32m[AndroidUiautomator2Driver@ddb3]&amp#27;[0m Matched '/element' to command name 'findElement'
&amp#27;[38;5;32m[AndroidUiautomator2Driver@ddb3]&amp#27;[0m Proxying [POST /element] to [POST http://127.0.0.1:8200/session/38809224-b259-4c01-afdc-0c544a9dd544/element] with body: {"strategy":"id","selector":"com.androidsample.generalstore:id/nameField","context":"","multiple":false}
&amp#27;[38;5;32m[AndroidUiautomator2Driver@ddb3]&amp#27;[0m Got response with status 404: {"sessionId":"38809224-b259-4c01-afdc-0c544a9dd544","value":{"error":"no such element","message":"An element could not be located on the page using the given search parameters","stacktrace":"io.appium.uiautomator2.common.exceptions.ElementNotFoundException: An element could not be located on the page using the given search parameters\n\tat io.appium.uiautomator2.handler.FindElement.safeHandle(FindElement.java:63)\n\tat io.appium.uiautomator2.handler.request.SafeRequestHandler.handle(SafeRequestHandler.java:59)\n\tat io.appium.uiautomator2.server.AppiumServlet.handleRequest(AppiumServlet.java:259)\n\tat io.appium.uiautomator2.server.AppiumServlet.handleHttpRequest(AppiumServlet.java:253)\n\tat io.appium.uiautomator2.http.ServerHandler.channelRead(ServerHandler.java:77)\n\tat io.netty.channel.AbstractChannelHandlerContext.invokeChannelRead(AbstractChannelHandlerContext.java:366)\n\tat io.netty.channel.AbstractChannelHandlerContext.invokeChannelRead(AbstractChannelHandlerContext.java:352)\n\tat io.netty.chann...
&amp#27;[38;5;96m[W3C]&amp#27;[0m Matched W3C error code 'no such element' to NoSuchElementError
&amp#27;[38;5;32m[AndroidUiautomator2Driver@ddb3]&amp#27;[0m Waited for 1893 ms so far
&amp#27;[38;5;32m[AndroidUiautomator2Driver@ddb3]&amp#27;[0m Matched '/element' to command name 'findElement'
&amp#27;[38;5;32m[AndroidUiautomator2Driver@ddb3]&amp#27;[0m Proxying [POST /element] to [POST http://127.0.0.1:8200/session/38809224-b259-4c01-afdc-0c544a9dd544/element] with body: {"strategy":"id","selector":"com.androidsample.generalstore:id/nameField","context":"","multiple":false}
&amp#27;[38;5;32m[AndroidUiautomator2Driver@ddb3]&amp#27;[0m Got response with status 404: {"sessionId":"38809224-b259-4c01-afdc-0c544a9dd544","value":{"error":"no such element","message":"An element could not be located on the page using the given search parameters","stacktrace":"io.appium.uiautomator2.common.exceptions.ElementNotFoundException: An element could not be located on the page using the given search parameters\n\tat io.appium.uiautomator2.handler.FindElement.safeHandle(FindElement.java:63)\n\tat io.appium.uiautomator2.handler.request.SafeRequestHandler.handle(SafeRequestHandler.java:59)\n\tat io.appium.uiautomator2.server.AppiumServlet.handleRequest(AppiumServlet.java:259)\n\tat io.appium.uiautomator2.server.AppiumServlet.handleHttpRequest(AppiumServlet.java:253)\n\tat io.appium.uiautomator2.http.ServerHandler.channelRead(ServerHandler.java:77)\n\tat io.netty.channel.AbstractChannelHandlerContext.invokeChannelRead(AbstractChannelHandlerContext.java:366)\n\tat io.netty.channel.AbstractChannelHandlerContext.invokeChannelRead(AbstractChannelHandlerContext.java:352)\n\tat io.netty.chann...
&amp#27;[38;5;96m[W3C]&amp#27;[0m Matched W3C error code 'no such element' to NoSuchElementError
&amp#27;[38;5;32m[AndroidUiautomator2Driver@ddb3]&amp#27;[0m Waited for 2428 ms so far
&amp#27;[38;5;32m[AndroidUiautomator2Driver@ddb3]&amp#27;[0m Matched '/element' to command name 'findElement'
&amp#27;[38;5;32m[AndroidUiautomator2Driver@ddb3]&amp#27;[0m Proxying [POST /element] to [POST http://127.0.0.1:8200/session/38809224-b259-4c01-afdc-0c544a9dd544/element] with body: {"strategy":"id","selector":"com.androidsample.generalstore:id/nameField","context":"","multiple":false}
&amp#27;[38;5;32m[AndroidUiautomator2Driver@ddb3]&amp#27;[0m Got response with status 200: {"sessionId":"38809224-b259-4c01-afdc-0c544a9dd544","value":{"ELEMENT":"00000000-0000-00c2-ffff-ffff0000001c","element-6066-11e4-a52e-4f735466cecf":"00000000-0000-00c2-ffff-ffff0000001c"}}
&amp#27;[38;5;32m[AndroidUiautomator2Driver@ddb3]&amp#27;[0m Responding to client with driver.findElement() result: {"element-6066-11e4-a52e-4f735466cecf":"00000000-0000-00c2-ffff-ffff0000001c","ELEMENT":"00000000-0000-00c2-ffff-ffff0000001c"}
&amp#27;[38;5;0m[HTTP]&amp#27;[0m &amp#27;[37m<-- POST /session/5c7fd469-de0b-46d1-ace9-ce0e295cf15f/element &amp#27;[39m&amp#27;[32m200&amp#27;[39m &amp#27;[90m4302 ms - 137&amp#27;[39m
&amp#27;[38;5;0m[HTTP]&amp#27;[0m &amp#27;[90m&amp#27;[39m
&amp#27;[38;5;0m[HTTP]&amp#27;[0m &amp#27;[37m-->&amp#27;[39m &amp#27;[37mPOST&amp#27;[39m &amp#27;[37m/session/5c7fd469-de0b-46d1-ace9-ce0e295cf15f/element/00000000-0000-00c2-ffff-ffff0000001c/value&amp#27;[39m
&amp#27;[38;5;0m[HTTP]&amp#27;[0m &amp#27;[90m{"id":"00000000-0000-00c2-ffff-ffff0000001c","text":"Debasish","value":["D","e","b","a","s","i","s","h"]}&amp#27;[39m
&amp#27;[38;5;32m[AndroidUiautomator2Driver@ddb3]&amp#27;[0m Calling AppiumDriver.setValue() with args: [["D","e","b","a","s","i","s","h"],"00000000-0000-00c2-ffff-ffff0000001c","5c7fd469-de0b-46d1-ace9-ce0e295cf15f"]
&amp#27;[38;5;32m[AndroidUiautomator2Driver@ddb3]&amp#27;[0m Matched '/element/00000000-0000-00c2-ffff-ffff0000001c/value' to command name 'setValue'
&amp#27;[38;5;32m[AndroidUiautomator2Driver@ddb3]&amp#27;[0m Added 'value' property ["D","e","b","a","s","i","s","h"] to 'setValue' request body
&amp#27;[38;5;32m[AndroidUiautomator2Driver@ddb3]&amp#27;[0m Proxying [POST /element/00000000-0000-00c2-ffff-ffff0000001c/value] to [POST http://127.0.0.1:8200/session/38809224-b259-4c01-afdc-0c544a9dd544/element/00000000-0000-00c2-ffff-ffff0000001c/value] with body: {"elementId":"00000000-0000-00c2-ffff-ffff0000001c","text":"Debasish","replace":false,"value":["D","e","b","a","s","i","s","h"]}
&amp#27;[38;5;32m[AndroidUiautomator2Driver@ddb3]&amp#27;[0m Got response with status 200: {"sessionId":"38809224-b259-4c01-afdc-0c544a9dd544","value":null}
&amp#27;[38;5;32m[AndroidUiautomator2Driver@ddb3]&amp#27;[0m Responding to client with driver.setValue() result: null
&amp#27;[38;5;0m[HTTP]&amp#27;[0m &amp#27;[37m<-- POST /session/5c7fd469-de0b-46d1-ace9-ce0e295cf15f/element/00000000-0000-00c2-ffff-ffff0000001c/value &amp#27;[39m&amp#27;[32m200&amp#27;[39m &amp#27;[90m70 ms - 14&amp#27;[39m
&amp#27;[38;5;0m[HTTP]&amp#27;[0m &amp#27;[90m&amp#27;[39m
&amp#27;[38;5;0m[HTTP]&amp#27;[0m &amp#27;[37m-->&amp#27;[39m &amp#27;[37mPOST&amp#27;[39m &amp#27;[37m/session/5c7fd469-de0b-46d1-ace9-ce0e295cf15f/appium/device/hide_keyboard&amp#27;[39m
&amp#27;[38;5;0m[HTTP]&amp#27;[0m &amp#27;[90m{}&amp#27;[39m
&amp#27;[38;5;32m[AndroidUiautomator2Driver@ddb3]&amp#27;[0m Calling AppiumDriver.hideKeyboard() with args: [null,null,null,null,"5c7fd469-de0b-46d1-ace9-ce0e295cf15f"]
&amp#27;[38;5;48m[ADB]&amp#27;[0m Running '/Users/debasishpruseth/Library/Java/JavaVirtualMachines/openjdk-22.0.1-1/Contents/Home/platform-tools/adb -P 5037 -s emulator-5554 shell dumpsys input_method'
&amp#27;[38;5;48m[ADB]&amp#27;[0m Keyboard has no UI; no closing necessary
&amp#27;[38;5;32m[AndroidUiautomator2Driver@ddb3]&amp#27;[0m Responding to client with driver.hideKeyboard() result: false
&amp#27;[38;5;0m[HTTP]&amp#27;[0m &amp#27;[37m<-- POST /session/5c7fd469-de0b-46d1-ace9-ce0e295cf15f/appium/device/hide_keyboard &amp#27;[39m&amp#27;[32m200&amp#27;[39m &amp#27;[90m292 ms - 15&amp#27;[39m
&amp#27;[38;5;0m[HTTP]&amp#27;[0m &amp#27;[90m&amp#27;[39m
&amp#27;[38;5;0m[HTTP]&amp#27;[0m &amp#27;[37m-->&amp#27;[39m &amp#27;[37mPOST&amp#27;[39m &amp#27;[37m/session/5c7fd469-de0b-46d1-ace9-ce0e295cf15f/element&amp#27;[39m
&amp#27;[38;5;0m[HTTP]&amp#27;[0m &amp#27;[90m{"using":"id","value":"com.androidsample.generalstore:id/radioFemale"}&amp#27;[39m
&amp#27;[38;5;32m[AndroidUiautomator2Driver@ddb3]&amp#27;[0m Calling AppiumDriver.findElement() with args: ["id","com.androidsample.generalstore:id/radioFemale","5c7fd469-de0b-46d1-ace9-ce0e295cf15f"]
&amp#27;[38;5;32m[AndroidUiautomator2Driver@ddb3]&amp#27;[0m Valid locator strategies for this request: xpath, id, class name, accessibility id, css selector, -android uiautomator
&amp#27;[38;5;32m[AndroidUiautomator2Driver@ddb3]&amp#27;[0m Waiting up to 30000 ms for condition
&amp#27;[38;5;32m[AndroidUiautomator2Driver@ddb3]&amp#27;[0m Matched '/element' to command name 'findElement'
&amp#27;[38;5;32m[AndroidUiautomator2Driver@ddb3]&amp#27;[0m Proxying [POST /element] to [POST http://127.0.0.1:8200/session/38809224-b259-4c01-afdc-0c544a9dd544/element] with body: {"strategy":"id","selector":"com.androidsample.generalstore:id/radioFemale","context":"","multiple":false}
&amp#27;[38;5;32m[AndroidUiautomator2Driver@ddb3]&amp#27;[0m Got response with status 200: {"sessionId":"38809224-b259-4c01-afdc-0c544a9dd544","value":{"ELEMENT":"00000000-0000-00c2-ffff-ffff00000020","element-6066-11e4-a52e-4f735466cecf":"00000000-0000-00c2-ffff-ffff00000020"}}
&amp#27;[38;5;32m[AndroidUiautomator2Driver@ddb3]&amp#27;[0m Responding to client with driver.findElement() result: {"element-6066-11e4-a52e-4f735466cecf":"00000000-0000-00c2-ffff-ffff00000020","ELEMENT":"00000000-0000-00c2-ffff-ffff00000020"}
&amp#27;[38;5;0m[HTTP]&amp#27;[0m &amp#27;[37m<-- POST /session/5c7fd469-de0b-46d1-ace9-ce0e295cf15f/element &amp#27;[39m&amp#27;[32m200&amp#27;[39m &amp#27;[90m51 ms - 137&amp#27;[39m
&amp#27;[38;5;0m[HTTP]&amp#27;[0m &amp#27;[90m&amp#27;[39m
&amp#27;[38;5;0m[HTTP]&amp#27;[0m &amp#27;[37m-->&amp#27;[39m &amp#27;[37mPOST&amp#27;[39m &amp#27;[37m/session/5c7fd469-de0b-46d1-ace9-ce0e295cf15f/element/00000000-0000-00c2-ffff-ffff00000020/click&amp#27;[39m
&amp#27;[38;5;0m[HTTP]&amp#27;[0m &amp#27;[90m{"id":"00000000-0000-00c2-ffff-ffff00000020"}&amp#27;[39m
&amp#27;[38;5;32m[AndroidUiautomator2Driver@ddb3]&amp#27;[0m Calling AppiumDriver.click() with args: ["00000000-0000-00c2-ffff-ffff00000020","5c7fd469-de0b-46d1-ace9-ce0e295cf15f"]
&amp#27;[38;5;32m[AndroidUiautomator2Driver@ddb3]&amp#27;[0m Matched '/element/00000000-0000-00c2-ffff-ffff00000020/click' to command name 'click'
&amp#27;[38;5;32m[AndroidUiautomator2Driver@ddb3]&amp#27;[0m Proxying [POST /element/00000000-0000-00c2-ffff-ffff00000020/click] to [POST http://127.0.0.1:8200/session/38809224-b259-4c01-afdc-0c544a9dd544/element/00000000-0000-00c2-ffff-ffff00000020/click] with body: {"element":"00000000-0000-00c2-ffff-ffff00000020"}
&amp#27;[38;5;32m[AndroidUiautomator2Driver@ddb3]&amp#27;[0m Got response with status 200: {"sessionId":"38809224-b259-4c01-afdc-0c544a9dd544","value":null}
&amp#27;[38;5;32m[AndroidUiautomator2Driver@ddb3]&amp#27;[0m Responding to client with driver.click() result: null
&amp#27;[38;5;0m[HTTP]&amp#27;[0m &amp#27;[37m<-- POST /session/5c7fd469-de0b-46d1-ace9-ce0e295cf15f/element/00000000-0000-00c2-ffff-ffff00000020/click &amp#27;[39m&amp#27;[32m200&amp#27;[39m &amp#27;[90m84 ms - 14&amp#27;[39m
&amp#27;[38;5;0m[HTTP]&amp#27;[0m &amp#27;[90m&amp#27;[39m
&amp#27;[38;5;0m[HTTP]&amp#27;[0m &amp#27;[37m-->&amp#27;[39m &amp#27;[37mPOST&amp#27;[39m &amp#27;[37m/session/5c7fd469-de0b-46d1-ace9-ce0e295cf15f/element&amp#27;[39m
&amp#27;[38;5;0m[HTTP]&amp#27;[0m &amp#27;[90m{"using":"id","value":"com.androidsample.generalstore:id/spinnerCountry"}&amp#27;[39m
&amp#27;[38;5;32m[AndroidUiautomator2Driver@ddb3]&amp#27;[0m Calling AppiumDriver.findElement() with args: ["id","com.androidsample.generalstore:id/spinnerCountry","5c7fd469-de0b-46d1-ace9-ce0e295cf15f"]
&amp#27;[38;5;32m[AndroidUiautomator2Driver@ddb3]&amp#27;[0m Valid locator strategies for this request: xpath, id, class name, accessibility id, css selector, -android uiautomator
&amp#27;[38;5;32m[AndroidUiautomator2Driver@ddb3]&amp#27;[0m Waiting up to 30000 ms for condition
&amp#27;[38;5;32m[AndroidUiautomator2Driver@ddb3]&amp#27;[0m Matched '/element' to command name 'findElement'
&amp#27;[38;5;32m[AndroidUiautomator2Driver@ddb3]&amp#27;[0m Proxying [POST /element] to [POST http://127.0.0.1:8200/session/38809224-b259-4c01-afdc-0c544a9dd544/element] with body: {"strategy":"id","selector":"com.androidsample.generalstore:id/spinnerCountry","context":"","multiple":false}
&amp#27;[38;5;32m[AndroidUiautomator2Driver@ddb3]&amp#27;[0m Got response with status 200: {"sessionId":"38809224-b259-4c01-afdc-0c544a9dd544","value":{"ELEMENT":"00000000-0000-00c2-ffff-ffff0000001a","element-6066-11e4-a52e-4f735466cecf":"00000000-0000-00c2-ffff-ffff0000001a"}}
&amp#27;[38;5;32m[AndroidUiautomator2Driver@ddb3]&amp#27;[0m Responding to client with driver.findElement() result: {"element-6066-11e4-a52e-4f735466cecf":"00000000-0000-00c2-ffff-ffff0000001a","ELEMENT":"00000000-0000-00c2-ffff-ffff0000001a"}
&amp#27;[38;5;0m[HTTP]&amp#27;[0m &amp#27;[37m<-- POST /session/5c7fd469-de0b-46d1-ace9-ce0e295cf15f/element &amp#27;[39m&amp#27;[32m200&amp#27;[39m &amp#27;[90m89 ms - 137&amp#27;[39m
&amp#27;[38;5;0m[HTTP]&amp#27;[0m &amp#27;[90m&amp#27;[39m
&amp#27;[38;5;0m[HTTP]&amp#27;[0m &amp#27;[37m-->&amp#27;[39m &amp#27;[37mPOST&amp#27;[39m &amp#27;[37m/session/5c7fd469-de0b-46d1-ace9-ce0e295cf15f/element/00000000-0000-00c2-ffff-ffff0000001a/click&amp#27;[39m
&amp#27;[38;5;0m[HTTP]&amp#27;[0m &amp#27;[90m{"id":"00000000-0000-00c2-ffff-ffff0000001a"}&amp#27;[39m
&amp#27;[38;5;32m[AndroidUiautomator2Driver@ddb3]&amp#27;[0m Calling AppiumDriver.click() with args: ["00000000-0000-00c2-ffff-ffff0000001a","5c7fd469-de0b-46d1-ace9-ce0e295cf15f"]
&amp#27;[38;5;32m[AndroidUiautomator2Driver@ddb3]&amp#27;[0m Matched '/element/00000000-0000-00c2-ffff-ffff0000001a/click' to command name 'click'
&amp#27;[38;5;32m[AndroidUiautomator2Driver@ddb3]&amp#27;[0m Proxying [POST /element/00000000-0000-00c2-ffff-ffff0000001a/click] to [POST http://127.0.0.1:8200/session/38809224-b259-4c01-afdc-0c544a9dd544/element/00000000-0000-00c2-ffff-ffff0000001a/click] with body: {"element":"00000000-0000-00c2-ffff-ffff0000001a"}
&amp#27;[38;5;32m[AndroidUiautomator2Driver@ddb3]&amp#27;[0m Got response with status 200: {"sessionId":"38809224-b259-4c01-afdc-0c544a9dd544","value":null}
&amp#27;[38;5;32m[AndroidUiautomator2Driver@ddb3]&amp#27;[0m Responding to client with driver.click() result: null
&amp#27;[38;5;0m[HTTP]&amp#27;[0m &amp#27;[37m<-- POST /session/5c7fd469-de0b-46d1-ace9-ce0e295cf15f/element/00000000-0000-00c2-ffff-ffff0000001a/click &amp#27;[39m&amp#27;[32m200&amp#27;[39m &amp#27;[90m529 ms - 14&amp#27;[39m
&amp#27;[38;5;0m[HTTP]&amp#27;[0m &amp#27;[90m&amp#27;[39m
&amp#27;[38;5;0m[HTTP]&amp#27;[0m &amp#27;[37m-->&amp#27;[39m &amp#27;[37mPOST&amp#27;[39m &amp#27;[37m/session/5c7fd469-de0b-46d1-ace9-ce0e295cf15f/element&amp#27;[39m
&amp#27;[38;5;0m[HTTP]&amp#27;[0m &amp#27;[90m{"using":"-android uiautomator","value":"new UiScrollable(new UiSelector()).scrollIntoView(text(\"India\"))"}&amp#27;[39m
&amp#27;[38;5;32m[AndroidUiautomator2Driver@ddb3]&amp#27;[0m Calling AppiumDriver.findElement() with args: ["-android uiautomator","new UiScrollable(new UiSelector()).scrollIntoView(text(\"India\"))","5c7fd469-de0b-46d1-ace9-ce0e295cf15f"]
&amp#27;[38;5;32m[AndroidUiautomator2Driver@ddb3]&amp#27;[0m Valid locator strategies for this request: xpath, id, class name, accessibility id, css selector, -android uiautomator
&amp#27;[38;5;32m[AndroidUiautomator2Driver@ddb3]&amp#27;[0m Waiting up to 30000 ms for condition
&amp#27;[38;5;32m[AndroidUiautomator2Driver@ddb3]&amp#27;[0m Matched '/element' to command name 'findElement'
&amp#27;[38;5;32m[AndroidUiautomator2Driver@ddb3]&amp#27;[0m Proxying [POST /element] to [POST http://127.0.0.1:8200/session/38809224-b259-4c01-afdc-0c544a9dd544/element] with body: {"strategy":"-android uiautomator","selector":"new UiScrollable(new UiSelector()).scrollIntoView(text(\"India\"))","context":"","multiple":false}
&amp#27;[38;5;32m[AndroidUiautomator2Driver@ddb3]&amp#27;[0m Got response with status 200: {"sessionId":"38809224-b259-4c01-afdc-0c544a9dd544","value":{"ELEMENT":"00000000-0000-00c3-ffff-ffff0000002d","element-6066-11e4-a52e-4f735466cecf":"00000000-0000-00c3-ffff-ffff0000002d"}}
&amp#27;[38;5;32m[AndroidUiautomator2Driver@ddb3]&amp#27;[0m Responding to client with driver.findElement() result: {"element-6066-11e4-a52e-4f735466cecf":"00000000-0000-00c3-ffff-ffff0000002d","ELEMENT":"00000000-0000-00c3-ffff-ffff0000002d"}
&amp#27;[38;5;0m[HTTP]&amp#27;[0m &amp#27;[37m<-- POST /session/5c7fd469-de0b-46d1-ace9-ce0e295cf15f/element &amp#27;[39m&amp#27;[32m200&amp#27;[39m &amp#27;[90m21557 ms - 137&amp#27;[39m
&amp#27;[38;5;0m[HTTP]&amp#27;[0m &amp#27;[90m&amp#27;[39m
&amp#27;[38;5;0m[HTTP]&amp#27;[0m &amp#27;[37m-->&amp#27;[39m &amp#27;[37mPOST&amp#27;[39m &amp#27;[37m/session/5c7fd469-de0b-46d1-ace9-ce0e295cf15f/element&amp#27;[39m
&amp#27;[38;5;0m[HTTP]&amp#27;[0m &amp#27;[90m{"using":"xpath","value":"//android.widget.TextView[@text='India']"}&amp#27;[39m
&amp#27;[38;5;32m[AndroidUiautomator2Driver@ddb3]&amp#27;[0m Calling AppiumDriver.findElement() with args: ["xpath","//android.widget.TextView[@text='India']","5c7fd469-de0b-46d1-ace9-ce0e295cf15f"]
&amp#27;[38;5;32m[AndroidUiautomator2Driver@ddb3]&amp#27;[0m Valid locator strategies for this request: xpath, id, class name, accessibility id, css selector, -android uiautomator
&amp#27;[38;5;32m[AndroidUiautomator2Driver@ddb3]&amp#27;[0m Waiting up to 30000 ms for condition
&amp#27;[38;5;32m[AndroidUiautomator2Driver@ddb3]&amp#27;[0m Matched '/element' to command name 'findElement'
&amp#27;[38;5;32m[AndroidUiautomator2Driver@ddb3]&amp#27;[0m Proxying [POST /element] to [POST http://127.0.0.1:8200/session/38809224-b259-4c01-afdc-0c544a9dd544/element] with body: {"strategy":"xpath","selector":"//android.widget.TextView[@text='India']","context":"","multiple":false}
&amp#27;[38;5;32m[AndroidUiautomator2Driver@ddb3]&amp#27;[0m Got response with status 200: {"sessionId":"38809224-b259-4c01-afdc-0c544a9dd544","value":{"ELEMENT":"00000000-0000-00c3-ffff-ffff0000002d","element-6066-11e4-a52e-4f735466cecf":"00000000-0000-00c3-ffff-ffff0000002d"}}
&amp#27;[38;5;32m[AndroidUiautomator2Driver@ddb3]&amp#27;[0m Responding to client with driver.findElement() result: {"element-6066-11e4-a52e-4f735466cecf":"00000000-0000-00c3-ffff-ffff0000002d","ELEMENT":"00000000-0000-00c3-ffff-ffff0000002d"}
&amp#27;[38;5;0m[HTTP]&amp#27;[0m &amp#27;[37m<-- POST /session/5c7fd469-de0b-46d1-ace9-ce0e295cf15f/element &amp#27;[39m&amp#27;[32m200&amp#27;[39m &amp#27;[90m364 ms - 137&amp#27;[39m
&amp#27;[38;5;0m[HTTP]&amp#27;[0m &amp#27;[90m&amp#27;[39m
&amp#27;[38;5;0m[HTTP]&amp#27;[0m &amp#27;[37m-->&amp#27;[39m &amp#27;[37mPOST&amp#27;[39m &amp#27;[37m/session/5c7fd469-de0b-46d1-ace9-ce0e295cf15f/element/00000000-0000-00c3-ffff-ffff0000002d/click&amp#27;[39m
&amp#27;[38;5;0m[HTTP]&amp#27;[0m &amp#27;[90m{"id":"00000000-0000-00c3-ffff-ffff0000002d"}&amp#27;[39m
&amp#27;[38;5;32m[AndroidUiautomator2Driver@ddb3]&amp#27;[0m Calling AppiumDriver.click() with args: ["00000000-0000-00c3-ffff-ffff0000002d","5c7fd469-de0b-46d1-ace9-ce0e295cf15f"]
&amp#27;[38;5;32m[AndroidUiautomator2Driver@ddb3]&amp#27;[0m Matched '/element/00000000-0000-00c3-ffff-ffff0000002d/click' to command name 'click'
&amp#27;[38;5;32m[AndroidUiautomator2Driver@ddb3]&amp#27;[0m Proxying [POST /element/00000000-0000-00c3-ffff-ffff0000002d/click] to [POST http://127.0.0.1:8200/session/38809224-b259-4c01-afdc-0c544a9dd544/element/00000000-0000-00c3-ffff-ffff0000002d/click] with body: {"element":"00000000-0000-00c3-ffff-ffff0000002d"}
&amp#27;[38;5;32m[AndroidUiautomator2Driver@ddb3]&amp#27;[0m Got response with status 200: {"sessionId":"38809224-b259-4c01-afdc-0c544a9dd544","value":null}
&amp#27;[38;5;32m[AndroidUiautomator2Driver@ddb3]&amp#27;[0m Responding to client with driver.click() result: null
&amp#27;[38;5;0m[HTTP]&amp#27;[0m &amp#27;[37m<-- POST /session/5c7fd469-de0b-46d1-ace9-ce0e295cf15f/element/00000000-0000-00c3-ffff-ffff0000002d/click &amp#27;[39m&amp#27;[32m200&amp#27;[39m &amp#27;[90m759 ms - 14&amp#27;[39m
&amp#27;[38;5;0m[HTTP]&amp#27;[0m &amp#27;[90m&amp#27;[39m
&amp#27;[38;5;0m[HTTP]&amp#27;[0m &amp#27;[37m-->&amp#27;[39m &amp#27;[37mPOST&amp#27;[39m &amp#27;[37m/session/5c7fd469-de0b-46d1-ace9-ce0e295cf15f/element&amp#27;[39m
&amp#27;[38;5;0m[HTTP]&amp#27;[0m &amp#27;[90m{"using":"id","value":"com.androidsample.generalstore:id/btnLetsShop"}&amp#27;[39m
&amp#27;[38;5;32m[AndroidUiautomator2Driver@ddb3]&amp#27;[0m Calling AppiumDriver.findElement() with args: ["id","com.androidsample.generalstore:id/btnLetsShop","5c7fd469-de0b-46d1-ace9-ce0e295cf15f"]
&amp#27;[38;5;32m[AndroidUiautomator2Driver@ddb3]&amp#27;[0m Valid locator strategies for this request: xpath, id, class name, accessibility id, css selector, -android uiautomator
&amp#27;[38;5;32m[AndroidUiautomator2Driver@ddb3]&amp#27;[0m Waiting up to 30000 ms for condition
&amp#27;[38;5;32m[AndroidUiautomator2Driver@ddb3]&amp#27;[0m Matched '/element' to command name 'findElement'
&amp#27;[38;5;32m[AndroidUiautomator2Driver@ddb3]&amp#27;[0m Proxying [POST /element] to [POST http://127.0.0.1:8200/session/38809224-b259-4c01-afdc-0c544a9dd544/element] with body: {"strategy":"id","selector":"com.androidsample.generalstore:id/btnLetsShop","context":"","multiple":false}
&amp#27;[38;5;32m[AndroidUiautomator2Driver@ddb3]&amp#27;[0m Got response with status 200: {"sessionId":"38809224-b259-4c01-afdc-0c544a9dd544","value":{"ELEMENT":"00000000-0000-00c2-ffff-ffff00000021","element-6066-11e4-a52e-4f735466cecf":"00000000-0000-00c2-ffff-ffff00000021"}}
&amp#27;[38;5;32m[AndroidUiautomator2Driver@ddb3]&amp#27;[0m Responding to client with driver.findElement() result: {"element-6066-11e4-a52e-4f735466cecf":"00000000-0000-00c2-ffff-ffff00000021","ELEMENT":"00000000-0000-00c2-ffff-ffff00000021"}
&amp#27;[38;5;0m[HTTP]&amp#27;[0m &amp#27;[37m<-- POST /session/5c7fd469-de0b-46d1-ace9-ce0e295cf15f/element &amp#27;[39m&amp#27;[32m200&amp#27;[39m &amp#27;[90m38 ms - 137&amp#27;[39m
&amp#27;[38;5;0m[HTTP]&amp#27;[0m &amp#27;[90m&amp#27;[39m
&amp#27;[38;5;0m[HTTP]&amp#27;[0m &amp#27;[37m-->&amp#27;[39m &amp#27;[37mPOST&amp#27;[39m &amp#27;[37m/session/5c7fd469-de0b-46d1-ace9-ce0e295cf15f/element/00000000-0000-00c2-ffff-ffff00000021/click&amp#27;[39m
&amp#27;[38;5;0m[HTTP]&amp#27;[0m &amp#27;[90m{"id":"00000000-0000-00c2-ffff-ffff00000021"}&amp#27;[39m
&amp#27;[38;5;32m[AndroidUiautomator2Driver@ddb3]&amp#27;[0m Calling AppiumDriver.click() with args: ["00000000-0000-00c2-ffff-ffff00000021","5c7fd469-de0b-46d1-ace9-ce0e295cf15f"]
&amp#27;[38;5;32m[AndroidUiautomator2Driver@ddb3]&amp#27;[0m Matched '/element/00000000-0000-00c2-ffff-ffff00000021/click' to command name 'click'
&amp#27;[38;5;32m[AndroidUiautomator2Driver@ddb3]&amp#27;[0m Proxying [POST /element/00000000-0000-00c2-ffff-ffff00000021/click] to [POST http://127.0.0.1:8200/session/38809224-b259-4c01-afdc-0c544a9dd544/element/00000000-0000-00c2-ffff-ffff00000021/click] with body: {"element":"00000000-0000-00c2-ffff-ffff00000021"}
&amp#27;[38;5;32m[AndroidUiautomator2Driver@ddb3]&amp#27;[0m Got response with status 200: {"sessionId":"38809224-b259-4c01-afdc-0c544a9dd544","value":null}
&amp#27;[38;5;32m[AndroidUiautomator2Driver@ddb3]&amp#27;[0m Responding to client with driver.click() result: null
&amp#27;[38;5;0m[HTTP]&amp#27;[0m &amp#27;[37m<-- POST /session/5c7fd469-de0b-46d1-ace9-ce0e295cf15f/element/00000000-0000-00c2-ffff-ffff00000021/click &amp#27;[39m&amp#27;[32m200&amp#27;[39m &amp#27;[90m43 ms - 14&amp#27;[39m
&amp#27;[38;5;0m[HTTP]&amp#27;[0m &amp#27;[90m&amp#27;[39m
]]></system-out>
  </testcase>
  <testcase name="addtoCart" classname="in.debasish.generalStore.TC9_GeneralStoreAppTest" time="78.836">
    <system-out><![CDATA[&amp#27;[38;5;0m[HTTP]&amp#27;[0m &amp#27;[37m-->&amp#27;[39m &amp#27;[37mDELETE&amp#27;[39m &amp#27;[37m/session/5c7fd469-de0b-46d1-ace9-ce0e295cf15f&amp#27;[39m
&amp#27;[38;5;0m[HTTP]&amp#27;[0m &amp#27;[90m{}&amp#27;[39m
&amp#27;[38;5;32m[AndroidUiautomator2Driver@ddb3]&amp#27;[0m Calling AppiumDriver.deleteSession() with args: ["5c7fd469-de0b-46d1-ace9-ce0e295cf15f"]
&amp#27;[38;5;16m[AppiumDriver@510c]&amp#27;[0m Event 'quitSessionRequested' logged at 1725200145163 (19:45:45 GMT+0530 (India Standard Time))
&amp#27;[38;5;16m[AppiumDriver@510c]&amp#27;[0m Removing session 5c7fd469-de0b-46d1-ace9-ce0e295cf15f from our master session list
&amp#27;[38;5;32m[AndroidUiautomator2Driver@ddb3]&amp#27;[0m Deleting UiAutomator2 session
&amp#27;[38;5;32m[AndroidUiautomator2Driver@ddb3]&amp#27;[0m Deleting UiAutomator2 server session
&amp#27;[38;5;32m[AndroidUiautomator2Driver@ddb3]&amp#27;[0m Matched '/' to command name 'deleteSession'
&amp#27;[38;5;32m[AndroidUiautomator2Driver@ddb3]&amp#27;[0m Proxying [DELETE /] to [DELETE http://127.0.0.1:8200/session/38809224-b259-4c01-afdc-0c544a9dd544] with no body
&amp#27;[38;5;32m[AndroidUiautomator2Driver@ddb3]&amp#27;[0m Got response with status 200: {"sessionId":"38809224-b259-4c01-afdc-0c544a9dd544","value":null}
&amp#27;[38;5;32m[AndroidUiautomator2Driver@ddb3]&amp#27;[0m [Instrumentation] io.appium.uiautomator2.server.test.AppiumUiAutomator2Server:
&amp#27;[38;5;32m[AndroidUiautomator2Driver@ddb3]&amp#27;[0m [Instrumentation] The process has exited with code null, signal SIGTERM
&amp#27;[38;5;48m[ADB]&amp#27;[0m Running '/Users/debasishpruseth/Library/Java/JavaVirtualMachines/openjdk-22.0.1-1/Contents/Home/platform-tools/adb -P 5037 -s emulator-5554 shell dumpsys activity services io.appium.settings/.recorder.RecorderService'
&amp#27;[38;5;48m[ADB]&amp#27;[0m Running '/Users/debasishpruseth/Library/Java/JavaVirtualMachines/openjdk-22.0.1-1/Contents/Home/platform-tools/adb -P 5037 -s emulator-5554 shell am force-stop com.androidsample.generalstore'
&amp#27;[38;5;48m[ADB]&amp#27;[0m Removing forwarded port socket connection: 8200 
&amp#27;[38;5;48m[ADB]&amp#27;[0m Running '/Users/debasishpruseth/Library/Java/JavaVirtualMachines/openjdk-22.0.1-1/Contents/Home/platform-tools/adb -P 5037 -s emulator-5554 forward --remove tcp:8200'
&amp#27;[38;5;32m[AndroidUiautomator2Driver@ddb3]&amp#27;[0m Restoring hidden api policy to the device default configuration
&amp#27;[38;5;48m[ADB]&amp#27;[0m Running '/Users/debasishpruseth/Library/Java/JavaVirtualMachines/openjdk-22.0.1-1/Contents/Home/platform-tools/adb -P 5037 -s emulator-5554 shell 'settings delete global hidden_api_policy_pre_p_apps;settings delete global hidden_api_policy_p_apps;settings delete global hidden_api_policy''
&amp#27;[38;5;80m[Logcat]&amp#27;[0m Stopping logcat capture
&amp#27;[38;5;16m[AppiumDriver@510c]&amp#27;[0m Event 'quitSessionFinished' logged at 1725200145829 (19:45:45 GMT+0530 (India Standard Time))
&amp#27;[38;5;16m[AppiumDriver@510c]&amp#27;[0m Received response: null
&amp#27;[38;5;16m[AppiumDriver@510c]&amp#27;[0m But deleting session, so not returning
&amp#27;[38;5;16m[AppiumDriver@510c]&amp#27;[0m Responding to client with driver.deleteSession() result: null
&amp#27;[38;5;0m[HTTP]&amp#27;[0m &amp#27;[37m<-- DELETE /session/5c7fd469-de0b-46d1-ace9-ce0e295cf15f &amp#27;[39m&amp#27;[32m200&amp#27;[39m &amp#27;[90m669 ms - 14&amp#27;[39m
&amp#27;[38;5;0m[HTTP]&amp#27;[0m &amp#27;[90m&amp#27;[39m
&amp#27;[35m[Appium]&amp#27;[39m Welcome to Appium v2.5.4 (REV abc0584215659c5a8716d0798ea2801388d01368)
&amp#27;[35m[Appium]&amp#27;[39m Non-default server args:
&amp#27;[35m[Appium]&amp#27;[39m { port: &amp#27;[33m4722&amp#27;[39m }
&amp#27;[35m[Appium]&amp#27;[39m The autodetected Appium home path: /Users/debasishpruseth/.appium
&amp#27;[35m[Appium]&amp#27;[39m Attempting to load driver uiautomator2...
&amp#27;[35m[Appium]&amp#27;[39m Attempting to load driver xcuitest...
&amp#27;[35m[Appium]&amp#27;[39m Requiring driver at /Users/debasishpruseth/.appium/node_modules/appium-uiautomator2-driver/build/index.js
&amp#27;[35m[Appium]&amp#27;[39m Requiring driver at /Users/debasishpruseth/.appium/node_modules/appium-xcuitest-driver/build/index.js
&amp#27;[35m[Appium]&amp#27;[39m AndroidUiautomator2Driver has been successfully loaded in 1.229s
&amp#27;[35m[Appium]&amp#27;[39m XCUITestDriver has been successfully loaded in 1.229s
&amp#27;[35m[Appium]&amp#27;[39m Appium REST http interface listener started on http://0.0.0.0:4722
&amp#27;[35m[Appium]&amp#27;[39m You can provide the following URLs in your client code to connect to this server:
&amp#27;[35m[Appium]&amp#27;[39m 	http://127.0.0.1:4722/ (only accessible from the same host)
&amp#27;[35m[Appium]&amp#27;[39m 	http://192.168.0.102:4722/
&amp#27;[35m[Appium]&amp#27;[39m Available drivers:
&amp#27;[35m[Appium]&amp#27;[39m   - uiautomator2@3.7.3 (automationName 'UiAutomator2')
&amp#27;[35m[Appium]&amp#27;[39m   - xcuitest@7.24.12 (automationName 'XCUITest')
&amp#27;[35m[Appium]&amp#27;[39m No plugins have been installed. Use the "appium plugin" command to install the one(s) you want to use.
&amp#27;[38;5;0m[HTTP]&amp#27;[0m &amp#27;[37m-->&amp#27;[39m &amp#27;[37mGET&amp#27;[39m &amp#27;[37m/status&amp#27;[39m
&amp#27;[38;5;0m[HTTP]&amp#27;[0m &amp#27;[90m{}&amp#27;[39m
&amp#27;[38;5;16m[AppiumDriver@9bff]&amp#27;[0m Calling AppiumDriver.getStatus() with args: []
&amp#27;[38;5;16m[AppiumDriver@9bff]&amp#27;[0m Responding to client with driver.getStatus() result: {"ready":true,"message":"The server is ready to accept new connections","build":{"version":"2.5.4","git-sha":"abc0584215659c5a8716d0798ea2801388d01368","built":"2024-08-26 09:35:52 +0100"}}
&amp#27;[38;5;0m[HTTP]&amp#27;[0m &amp#27;[37m<-- GET /status &amp#27;[39m&amp#27;[32m200&amp#27;[39m &amp#27;[90m5 ms - 199&amp#27;[39m
&amp#27;[38;5;0m[HTTP]&amp#27;[0m &amp#27;[90m&amp#27;[39m
&amp#27;[38;5;0m[HTTP]&amp#27;[0m Request idempotency key: 7b617ed0-78b2-47f3-833d-20c8722d4809
&amp#27;[38;5;0m[HTTP]&amp#27;[0m &amp#27;[37m-->&amp#27;[39m &amp#27;[37mPOST&amp#27;[39m &amp#27;[37m/session&amp#27;[39m
&amp#27;[38;5;0m[HTTP]&amp#27;[0m &amp#27;[90m{"capabilities":{"firstMatch":[{}],"alwaysMatch":{"appium:app":"/Users/debasishpruseth/Downloads/General-Store.apk","appium:automationName":"UIAutomator2","appium:deviceName":"emulator-5554","platformName":"android"}}}&amp#27;[39m
&amp#27;[38;5;16m[AppiumDriver@9bff]&amp#27;[0m Calling AppiumDriver.createSession() with args: [null,null,{"firstMatch":[{}],"alwaysMatch":{"appium:app":"/Users/debasishpruseth/Downloads/General-Store.apk","appium:automationName":"UIAutomator2","appium:deviceName":"emulator-5554","platformName":"android"}}]
&amp#27;[38;5;16m[AppiumDriver@9bff]&amp#27;[0m Event 'newSessionRequested' logged at 1725200151395 (19:45:51 GMT+0530 (India Standard Time))
&amp#27;[35m[Appium]&amp#27;[39m Attempting to find matching driver for automationName 'UIAutomator2' and platformName 'android'
&amp#27;[35m[Appium]&amp#27;[39m The 'uiautomator2' driver was installed and matched caps.
&amp#27;[35m[Appium]&amp#27;[39m Will require it at /Users/debasishpruseth/.appium/node_modules/appium-uiautomator2-driver
&amp#27;[35m[Appium]&amp#27;[39m Requiring driver at /Users/debasishpruseth/.appium/node_modules/appium-uiautomator2-driver/build/index.js
&amp#27;[38;5;16m[AppiumDriver@9bff]&amp#27;[0m Appium v2.5.4 creating new AndroidUiautomator2Driver (v3.7.3) session
&amp#27;[38;5;16m[AppiumDriver@9bff]&amp#27;[0m Checking BaseDriver versions for Appium and AndroidUiautomator2Driver
&amp#27;[38;5;16m[AppiumDriver@9bff]&amp#27;[0m Appium's BaseDriver version is 9.6.0
&amp#27;[38;5;16m[AppiumDriver@9bff]&amp#27;[0m AndroidUiautomator2Driver's BaseDriver version is 9.11.2
&amp#27;[38;5;32m[AndroidUiautomator2Driver@f853]&amp#27;[0m 
&amp#27;[38;5;32m[AndroidUiautomator2Driver@f853]&amp#27;[0m Creating session with W3C capabilities: {
  "alwaysMatch": {
    "platformName": "android",
    "appium:app": "/Users/debasishpruseth/Downloads/General-Store.apk",
    "appium:automationName": "UIAutomator2",
    "appium:deviceName": "emulator-5554"
  },
  "firstMatch": [
    {}
  ]
}
&amp#27;[38;5;32m[AndroidUiautomator2Driver@f853]&amp#27;[0m Session created with session id: b8520aa8-6625-4887-a370-cc04f757d388
&amp#27;[38;5;48m[ADB]&amp#27;[0m Found 2 'build-tools' folders under '/Users/debasishpruseth/Library/Java/JavaVirtualMachines/openjdk-22.0.1-1/Contents/Home' (newest first):
&amp#27;[38;5;48m[ADB]&amp#27;[0m     /Users/debasishpruseth/Library/Java/JavaVirtualMachines/openjdk-22.0.1-1/Contents/Home/build-tools/35.0.0
&amp#27;[38;5;48m[ADB]&amp#27;[0m     /Users/debasishpruseth/Library/Java/JavaVirtualMachines/openjdk-22.0.1-1/Contents/Home/build-tools/34.0.0
&amp#27;[38;5;48m[ADB]&amp#27;[0m Using 'adb' from '/Users/debasishpruseth/Library/Java/JavaVirtualMachines/openjdk-22.0.1-1/Contents/Home/platform-tools/adb'
&amp#27;[38;5;48m[ADB]&amp#27;[0m Running '/Users/debasishpruseth/Library/Java/JavaVirtualMachines/openjdk-22.0.1-1/Contents/Home/platform-tools/adb -P 5037 start-server'
&amp#27;[38;5;32m[AndroidUiautomator2Driver@f853]&amp#27;[0m Retrieving device list
&amp#27;[38;5;48m[ADB]&amp#27;[0m Trying to find connected Android devices
&amp#27;[38;5;48m[ADB]&amp#27;[0m Getting connected devices
&amp#27;[38;5;48m[ADB]&amp#27;[0m Connected devices: [{"udid":"emulator-5554","state":"device"}]
&amp#27;[38;5;32m[AndroidUiautomator2Driver@f853]&amp#27;[0m Using device: emulator-5554
&amp#27;[38;5;48m[ADB]&amp#27;[0m Using 'adb' from '/Users/debasishpruseth/Library/Java/JavaVirtualMachines/openjdk-22.0.1-1/Contents/Home/platform-tools/adb'
&amp#27;[38;5;48m[ADB]&amp#27;[0m Running '/Users/debasishpruseth/Library/Java/JavaVirtualMachines/openjdk-22.0.1-1/Contents/Home/platform-tools/adb -P 5037 start-server'
&amp#27;[38;5;48m[ADB]&amp#27;[0m Setting device id to emulator-5554
&amp#27;[38;5;64m[BaseDriver]&amp#27;[0m Using local app '/Users/debasishpruseth/Downloads/General-Store.apk'
&amp#27;[38;5;32m[AndroidUiautomator2Driver@f853]&amp#27;[0m Checking whether app is actually present
&amp#27;[38;5;48m[ADB]&amp#27;[0m Running '/Users/debasishpruseth/Library/Java/JavaVirtualMachines/openjdk-22.0.1-1/Contents/Home/platform-tools/adb -P 5037 -s emulator-5554 shell getprop ro.build.version.sdk'
&amp#27;[38;5;48m[ADB]&amp#27;[0m Current device property 'ro.build.version.sdk': 35
&amp#27;[38;5;48m[ADB]&amp#27;[0m Getting device platform version
&amp#27;[38;5;48m[ADB]&amp#27;[0m Running '/Users/debasishpruseth/Library/Java/JavaVirtualMachines/openjdk-22.0.1-1/Contents/Home/platform-tools/adb -P 5037 -s emulator-5554 shell getprop ro.build.version.release'
&amp#27;[38;5;48m[ADB]&amp#27;[0m Current device property 'ro.build.version.release': 15
&amp#27;[38;5;48m[ADB]&amp#27;[0m Device API level: 35
&amp#27;[38;5;32m[AndroidUiautomator2Driver@f853]&amp#27;[0m Relaxing hidden api policy
&amp#27;[38;5;48m[ADB]&amp#27;[0m Running '/Users/debasishpruseth/Library/Java/JavaVirtualMachines/openjdk-22.0.1-1/Contents/Home/platform-tools/adb -P 5037 -s emulator-5554 shell 'settings put global hidden_api_policy_pre_p_apps 1;settings put global hidden_api_policy_p_apps 1;settings put global hidden_api_policy 1''
&amp#27;[38;5;32m[AndroidUiautomator2Driver@f853]&amp#27;[0m Parsing package and activity from app manifest
&amp#27;[38;5;48m[ADB]&amp#27;[0m Running '/Users/debasishpruseth/Library/Java/JavaVirtualMachines/openjdk-22.0.1-1/Contents/Home/platform-tools/adb -P 5037 -s emulator-5554 wait-for-device'
&amp#27;[38;5;48m[ADB]&amp#27;[0m Using 'aapt2' from '/Users/debasishpruseth/Library/Java/JavaVirtualMachines/openjdk-22.0.1-1/Contents/Home/build-tools/35.0.0/aapt2'
&amp#27;[38;5;48m[ADB]&amp#27;[0m Reading package manifest: '/Users/debasishpruseth/Library/Java/JavaVirtualMachines/openjdk-22.0.1-1/Contents/Home/build-tools/35.0.0/aapt2 dump badging /Users/debasishpruseth/Downloads/General-Store.apk'
&amp#27;[38;5;48m[ADB]&amp#27;[0m Running '/Users/debasishpruseth/Library/Java/JavaVirtualMachines/openjdk-22.0.1-1/Contents/Home/platform-tools/adb -P 5037 -s emulator-5554 shell echo ping'
&amp#27;[38;5;32m[AndroidUiautomator2Driver@f853]&amp#27;[0m Pushing settings apk to the device...
&amp#27;[38;5;48m[ADB]&amp#27;[0m Getting package info for 'io.appium.settings'
&amp#27;[38;5;48m[ADB]&amp#27;[0m Running '/Users/debasishpruseth/Library/Java/JavaVirtualMachines/openjdk-22.0.1-1/Contents/Home/platform-tools/adb -P 5037 -s emulator-5554 shell dumpsys package io.appium.settings'
&amp#27;[38;5;48m[ADB]&amp#27;[0m Package name: 'com.androidsample.generalstore'
&amp#27;[38;5;48m[ADB]&amp#27;[0m Main activity name: 'com.androidsample.generalstore.SplashActivity'
&amp#27;[38;5;32m[AndroidUiautomator2Driver@f853]&amp#27;[0m Parsed package and activity are: com.androidsample.generalstore/com.androidsample.generalstore.SplashActivity
&amp#27;[38;5;48m[ADB]&amp#27;[0m Reading package manifest: '/Users/debasishpruseth/Library/Java/JavaVirtualMachines/openjdk-22.0.1-1/Contents/Home/build-tools/35.0.0/aapt2 dump badging /Users/debasishpruseth/.appium/node_modules/appium-uiautomator2-driver/node_modules/io.appium.settings/apks/settings_apk-debug.apk'
&amp#27;[38;5;48m[ADB]&amp#27;[0m The version name of the installed 'io.appium.settings' is greater or equal to the application version name ('5.12.6' >= '5.12.6')
&amp#27;[38;5;48m[ADB]&amp#27;[0m There is no need to install/upgrade '/Users/debasishpruseth/.appium/node_modules/appium-uiautomator2-driver/node_modules/io.appium.settings/apks/settings_apk-debug.apk'
&amp#27;[38;5;48m[ADB]&amp#27;[0m Running '/Users/debasishpruseth/Library/Java/JavaVirtualMachines/openjdk-22.0.1-1/Contents/Home/platform-tools/adb -P 5037 -s emulator-5554 shell dumpsys activity services io.appium.settings'
&amp#27;[38;5;32m[AndroidUiautomator2Driver@f853]&amp#27;[0m io.appium.settings is already running. There is no need to reset its permissions.
&amp#27;[38;5;80m[Logcat]&amp#27;[0m Starting logs capture with command: /Users/debasishpruseth/Library/Java/JavaVirtualMachines/openjdk-22.0.1-1/Contents/Home/platform-tools/adb -P 5037 -s emulator-5554 logcat -v threadtime
&amp#27;[38;5;32m[AndroidUiautomator2Driver@f853]&amp#27;[0m Forwarding UiAutomator2 Server port 6790 to local port 8200
&amp#27;[38;5;48m[ADB]&amp#27;[0m Forwarding system: 8200 to device: 6790
&amp#27;[38;5;48m[ADB]&amp#27;[0m Running '/Users/debasishpruseth/Library/Java/JavaVirtualMachines/openjdk-22.0.1-1/Contents/Home/platform-tools/adb -P 5037 -s emulator-5554 forward tcp:8200 tcp:6790'
&amp#27;[38;5;48m[ADB]&amp#27;[0m Getting package info for 'io.appium.uiautomator2.server'
&amp#27;[38;5;48m[ADB]&amp#27;[0m Running '/Users/debasishpruseth/Library/Java/JavaVirtualMachines/openjdk-22.0.1-1/Contents/Home/platform-tools/adb -P 5037 -s emulator-5554 shell dumpsys package io.appium.uiautomator2.server'
&amp#27;[38;5;48m[ADB]&amp#27;[0m Getting install status for io.appium.uiautomator2.server.test
&amp#27;[38;5;48m[ADB]&amp#27;[0m Checking app cert for /Users/debasishpruseth/Downloads/General-Store.apk
&amp#27;[38;5;48m[ADB]&amp#27;[0m Running '/Users/debasishpruseth/Library/Java/JavaVirtualMachines/openjdk-22.0.1-1/Contents/Home/platform-tools/adb -P 5037 -s emulator-5554 shell cmd package list packages'
&amp#27;[38;5;48m[ADB]&amp#27;[0m Using 'apksigner.jar' from '/Users/debasishpruseth/Library/Java/JavaVirtualMachines/openjdk-22.0.1-1/Contents/Home/build-tools/35.0.0/lib/apksigner.jar'
&amp#27;[38;5;48m[ADB]&amp#27;[0m Starting apksigner: /Users/debasishpruseth/Library/Java/JavaVirtualMachines/openjdk-22.0.1/Contents/Home/bin/java -Xmx1024M -Xss1m -jar /Users/debasishpruseth/Library/Java/JavaVirtualMachines/openjdk-22.0.1-1/Contents/Home/build-tools/35.0.0/lib/apksigner.jar verify --print-certs /Users/debasishpruseth/Downloads/General-Store.apk
&amp#27;[38;5;48m[ADB]&amp#27;[0m 'io.appium.uiautomator2.server.test' is installed
&amp#27;[38;5;48m[ADB]&amp#27;[0m Reading package manifest: '/Users/debasishpruseth/Library/Java/JavaVirtualMachines/openjdk-22.0.1-1/Contents/Home/build-tools/35.0.0/aapt2 dump badging /Users/debasishpruseth/.appium/node_modules/appium-uiautomator2-driver/node_modules/appium-uiautomator2-server/apks/appium-uiautomator2-server-v7.0.20.apk'
&amp#27;[38;5;48m[ADB]&amp#27;[0m The version name of the installed 'io.appium.uiautomator2.server' is greater or equal to the application version name ('7.0.20' >= '7.0.20')
&amp#27;[38;5;32m[AndroidUiautomator2Driver@f853]&amp#27;[0m Server packages status: [{"installState":"sameVersionInstalled","appPath":"/Users/debasishpruseth/.appium/node_modules/appium-uiautomator2-driver/node_modules/appium-uiautomator2-server/apks/appium-uiautomator2-server-v7.0.20.apk","appId":"io.appium.uiautomator2.server"},{"installState":"sameVersionInstalled","appPath":"/Users/debasishpruseth/.appium/node_modules/appium-uiautomator2-driver/node_modules/appium-uiautomator2-server/apks/appium-uiautomator2-server-debug-androidTest.apk","appId":"io.appium.uiautomator2.server.test"}]
&amp#27;[38;5;32m[AndroidUiautomator2Driver@f853]&amp#27;[0m Server packages are not going to be (re)installed
&amp#27;[38;5;32m[AndroidUiautomator2Driver@f853]&amp#27;[0m Waiting up to 30000ms for services to be available
&amp#27;[38;5;48m[ADB]&amp#27;[0m Running '/Users/debasishpruseth/Library/Java/JavaVirtualMachines/openjdk-22.0.1-1/Contents/Home/platform-tools/adb -P 5037 -s emulator-5554 shell pm list instrumentation'
&amp#27;[38;5;32m[AndroidUiautomator2Driver@f853]&amp#27;[0m Instrumentation target 'io.appium.uiautomator2.server.test/androidx.test.runner.AndroidJUnitRunner' is available
&amp#27;[38;5;48m[ADB]&amp#27;[0m Adding packages ["io.appium.settings","io.appium.uiautomator2.server","io.appium.uiautomator2.server.test"] to Doze whitelist
&amp#27;[38;5;48m[ADB]&amp#27;[0m Got the following command chunks to execute: [["dumpsys","deviceidle","whitelist","+io.appium.settings",";","dumpsys","deviceidle","whitelist","+io.appium.uiautomator2.server",";","dumpsys","deviceidle","whitelist","+io.appium.uiautomator2.server.test",";"]]
&amp#27;[38;5;48m[ADB]&amp#27;[0m Running '/Users/debasishpruseth/Library/Java/JavaVirtualMachines/openjdk-22.0.1-1/Contents/Home/platform-tools/adb -P 5037 -s emulator-5554 shell dumpsys deviceidle whitelist +io.appium.settings ; dumpsys deviceidle whitelist +io.appium.uiautomator2.server ; dumpsys deviceidle whitelist +io.appium.uiautomator2.server.test ;'
&amp#27;[38;5;48m[ADB]&amp#27;[0m apksigner stdout: Signer #1 certificate DN: EMAILADDRESS=android@android.com, CN=Android, OU=Android, O=Android, L=Mountain View, ST=California, C=US
Signer #1 certificate SHA-256 digest: a40da80a59d170caa950cf15c18c454d47a39b26989d8b640ecd745ba71bf5dc
Signer #1 certificate SHA-1 digest: 61ed377e85d386a8dfee6b864bd85b0bfaa5af81
Signer #1 certificate MD5 digest: e89b158e4bcf988ebd09eb83f5378e87

&amp#27;[38;5;48m[ADB]&amp#27;[0m sha256 hash did match for 'General-Store.apk'
&amp#27;[38;5;48m[ADB]&amp#27;[0m '/Users/debasishpruseth/Downloads/General-Store.apk' is signed with the default certificate
&amp#27;[38;5;48m[ADB]&amp#27;[0m Getting package info for 'com.androidsample.generalstore'
&amp#27;[38;5;48m[ADB]&amp#27;[0m Running '/Users/debasishpruseth/Library/Java/JavaVirtualMachines/openjdk-22.0.1-1/Contents/Home/platform-tools/adb -P 5037 -s emulator-5554 shell dumpsys package com.androidsample.generalstore'
&amp#27;[38;5;48m[ADB]&amp#27;[0m Reading package manifest: '/Users/debasishpruseth/Library/Java/JavaVirtualMachines/openjdk-22.0.1-1/Contents/Home/build-tools/35.0.0/aapt2 dump badging /Users/debasishpruseth/Downloads/General-Store.apk'
&amp#27;[38;5;48m[ADB]&amp#27;[0m The version name of the installed 'com.androidsample.generalstore' is greater or equal to the application version name ('1.0.0' >= '1.0.0')
&amp#27;[38;5;48m[ADB]&amp#27;[0m There is no need to install/upgrade '/Users/debasishpruseth/Downloads/General-Store.apk'
&amp#27;[38;5;32m[AndroidUiautomator2Driver@f853]&amp#27;[0m Performing fast reset on 'com.androidsample.generalstore'
&amp#27;[38;5;48m[ADB]&amp#27;[0m Getting install status for com.androidsample.generalstore
&amp#27;[38;5;48m[ADB]&amp#27;[0m Running '/Users/debasishpruseth/Library/Java/JavaVirtualMachines/openjdk-22.0.1-1/Contents/Home/platform-tools/adb -P 5037 -s emulator-5554 shell cmd package list packages'
&amp#27;[38;5;48m[ADB]&amp#27;[0m 'com.androidsample.generalstore' is installed
&amp#27;[38;5;48m[ADB]&amp#27;[0m Running '/Users/debasishpruseth/Library/Java/JavaVirtualMachines/openjdk-22.0.1-1/Contents/Home/platform-tools/adb -P 5037 -s emulator-5554 shell am force-stop com.androidsample.generalstore'
&amp#27;[38;5;48m[ADB]&amp#27;[0m Running '/Users/debasishpruseth/Library/Java/JavaVirtualMachines/openjdk-22.0.1-1/Contents/Home/platform-tools/adb -P 5037 -s emulator-5554 shell pm clear com.androidsample.generalstore'
&amp#27;[38;5;32m[AndroidUiautomator2Driver@f853]&amp#27;[0m Performed fast reset on the installed 'com.androidsample.generalstore' application (stop and clear)
&amp#27;[38;5;32m[AndroidUiautomator2Driver@f853]&amp#27;[0m Performing shallow cleanup of automation leftovers
&amp#27;[38;5;32m[AndroidUiautomator2Driver@f853]&amp#27;[0m No obsolete sessions have been detected (socket hang up)
&amp#27;[38;5;48m[ADB]&amp#27;[0m Running '/Users/debasishpruseth/Library/Java/JavaVirtualMachines/openjdk-22.0.1-1/Contents/Home/platform-tools/adb -P 5037 -s emulator-5554 shell am force-stop io.appium.uiautomator2.server.test'
&amp#27;[38;5;32m[AndroidUiautomator2Driver@f853]&amp#27;[0m Starting UIAutomator2 server 7.0.20
&amp#27;[38;5;32m[AndroidUiautomator2Driver@f853]&amp#27;[0m Using UIAutomator2 server from '/Users/debasishpruseth/.appium/node_modules/appium-uiautomator2-driver/node_modules/appium-uiautomator2-server/apks/appium-uiautomator2-server-v7.0.20.apk' and test from '/Users/debasishpruseth/.appium/node_modules/appium-uiautomator2-driver/node_modules/appium-uiautomator2-server/apks/appium-uiautomator2-server-debug-androidTest.apk'
&amp#27;[38;5;32m[AndroidUiautomator2Driver@f853]&amp#27;[0m Waiting up to 30000ms for UiAutomator2 to be online...
&amp#27;[38;5;48m[ADB]&amp#27;[0m Creating ADB subprocess with args: ["-P","5037","-s","emulator-5554","shell","am","instrument","-w","-e","disableAnalytics","true","io.appium.uiautomator2.server.test/androidx.test.runner.AndroidJUnitRunner"]
&amp#27;[38;5;32m[AndroidUiautomator2Driver@f853]&amp#27;[0m Matched '/status' to command name 'getStatus'
&amp#27;[38;5;32m[AndroidUiautomator2Driver@f853]&amp#27;[0m Proxying [GET /status] to [GET http://127.0.0.1:8200/status] with no body
&amp#27;[38;5;32m[AndroidUiautomator2Driver@f853]&amp#27;[0m socket hang up
&amp#27;[38;5;32m[AndroidUiautomator2Driver@f853]&amp#27;[0m Matched '/status' to command name 'getStatus'
&amp#27;[38;5;32m[AndroidUiautomator2Driver@f853]&amp#27;[0m Proxying [GET /status] to [GET http://127.0.0.1:8200/status] with no body
&amp#27;[38;5;32m[AndroidUiautomator2Driver@f853]&amp#27;[0m socket hang up
&amp#27;[38;5;32m[AndroidUiautomator2Driver@f853]&amp#27;[0m [Instrumentation] 
&amp#27;[38;5;32m[AndroidUiautomator2Driver@f853]&amp#27;[0m Matched '/status' to command name 'getStatus'
&amp#27;[38;5;32m[AndroidUiautomator2Driver@f853]&amp#27;[0m Proxying [GET /status] to [GET http://127.0.0.1:8200/status] with no body
&amp#27;[38;5;32m[AndroidUiautomator2Driver@f853]&amp#27;[0m socket hang up
&amp#27;[38;5;32m[AndroidUiautomator2Driver@f853]&amp#27;[0m Matched '/status' to command name 'getStatus'
&amp#27;[38;5;32m[AndroidUiautomator2Driver@f853]&amp#27;[0m Proxying [GET /status] to [GET http://127.0.0.1:8200/status] with no body
&amp#27;[38;5;32m[AndroidUiautomator2Driver@f853]&amp#27;[0m Got response with status 200: {"sessionId":"None","value":{"message":"UiAutomator2 Server is ready to accept commands","ready":true}}
&amp#27;[38;5;32m[AndroidUiautomator2Driver@f853]&amp#27;[0m The initialization of the instrumentation process took 3097ms
&amp#27;[38;5;32m[AndroidUiautomator2Driver@f853]&amp#27;[0m Matched '/session' to command name 'createSession'
&amp#27;[38;5;32m[AndroidUiautomator2Driver@f853]&amp#27;[0m Proxying [POST /session] to [POST http://127.0.0.1:8200/session] with body: {"capabilities":{"firstMatch":[{"platformName":"android","app":"/Users/debasishpruseth/Downloads/General-Store.apk","automationName":"UIAutomator2","deviceName":"emulator-5554","platform":"LINUX","webStorageEnabled":false,"takesScreenshot":true,"javascriptEnabled":true,"databaseEnabled":false,"networkConnectionEnabled":true,"locationContextEnabled":false,"warnings":{},"desired":{"platformName":"android","app":"/Users/debasishpruseth/Downloads/General-Store.apk","automationName":"UIAutomator2","deviceName":"emulator-5554"},"deviceUDID":"emulator-5554","appPackage":"com.androidsample.generalstore"}],"alwaysMatch":{}}}
&amp#27;[38;5;32m[AndroidUiautomator2Driver@f853]&amp#27;[0m Got response with status 200: {"sessionId":"3bed2441-a25a-4d54-878d-59aa3e0ac368","value":{"capabilities":{"firstMatch":[{"platformName":"android","app":"/Users/debasishpruseth/Downloads/General-Store.apk","automationName":"UIAutomator2","deviceName":"emulator-5554","platform":"LINUX","webStorageEnabled":false,"takesScreenshot":true,"javascriptEnabled":true,"databaseEnabled":false,"networkConnectionEnabled":true,"locationContextEnabled":false,"warnings":{},"desired":{"platformName":"android","app":"/Users/debasishpruseth/Downloads/General-Store.apk","automationName":"UIAutomator2","deviceName":"emulator-5554"},"deviceUDID":"emulator-5554","appPackage":"com.androidsample.generalstore"}],"alwaysMatch":{}},"sessionId":"3bed2441-a25a-4d54-878d-59aa3e0ac368"}}
&amp#27;[38;5;32m[AndroidUiautomator2Driver@f853]&amp#27;[0m Determined the downstream protocol as 'W3C'
&amp#27;[38;5;32m[AndroidUiautomator2Driver@f853]&amp#27;[0m Proxying [GET /appium/device/pixel_ratio] to [GET http://127.0.0.1:8200/session/3bed2441-a25a-4d54-878d-59aa3e0ac368/appium/device/pixel_ratio] with no body
&amp#27;[38;5;32m[AndroidUiautomator2Driver@f853]&amp#27;[0m Matched '/appium/device/system_bars' to command name 'getSystemBars'
&amp#27;[38;5;32m[AndroidUiautomator2Driver@f853]&amp#27;[0m Proxying [GET /appium/device/system_bars] to [GET http://127.0.0.1:8200/session/3bed2441-a25a-4d54-878d-59aa3e0ac368/appium/device/system_bars] with no body
&amp#27;[38;5;32m[AndroidUiautomator2Driver@f853]&amp#27;[0m Matched '/window/current/size' to command name 'getWindowSize'
&amp#27;[38;5;32m[AndroidUiautomator2Driver@f853]&amp#27;[0m Proxying [GET /window/current/size] to [GET http://127.0.0.1:8200/session/3bed2441-a25a-4d54-878d-59aa3e0ac368/window/current/size] with no body
&amp#27;[38;5;32m[AndroidUiautomator2Driver@f853]&amp#27;[0m Proxying [GET /appium/device/info] to [GET http://127.0.0.1:8200/session/3bed2441-a25a-4d54-878d-59aa3e0ac368/appium/device/info] with no body
&amp#27;[38;5;48m[ADB]&amp#27;[0m Running '/Users/debasishpruseth/Library/Java/JavaVirtualMachines/openjdk-22.0.1-1/Contents/Home/platform-tools/adb -P 5037 -s emulator-5554 shell dumpsys window'
&amp#27;[38;5;48m[ADB]&amp#27;[0m Running '/Users/debasishpruseth/Library/Java/JavaVirtualMachines/openjdk-22.0.1-1/Contents/Home/platform-tools/adb -P 5037 -s emulator-5554 shell dumpsys power'
&amp#27;[38;5;32m[AndroidUiautomator2Driver@f853]&amp#27;[0m Got response with status 200: {"sessionId":"3bed2441-a25a-4d54-878d-59aa3e0ac368","value":{"statusBar":63}}
&amp#27;[38;5;32m[AndroidUiautomator2Driver@f853]&amp#27;[0m Got response with status 200: {"sessionId":"3bed2441-a25a-4d54-878d-59aa3e0ac368","value":2.625}
&amp#27;[38;5;32m[AndroidUiautomator2Driver@f853]&amp#27;[0m Got response with status 200: {"sessionId":"3bed2441-a25a-4d54-878d-59aa3e0ac368","value":{"height":2400,"width":1080}}
&amp#27;[38;5;32m[AndroidUiautomator2Driver@f853]&amp#27;[0m Got response with status 200: {"sessionId":"3bed2441-a25a-4d54-878d-59aa3e0ac368","value":{"androidId":"78c64d39d54ba055","apiVersion":"35","bluetooth":{"state":"ON"},"brand":"google","carrierName":"T-Mobile","displayDensity":420,"locale":"en_US","manufacturer":"Google","model":"sdk_gphone64_arm64","networks":[{"capabilities":{"SSID":null,"linkDownBandwidthKbps":30000,"linkUpstreamBandwidthKbps":12000,"networkCapabilities":"NET_CAPABILITY_NOT_METERED,NET_CAPABILITY_INTERNET,NET_CAPABILITY_NOT_RESTRICTED,NET_CAPABILITY_TRUSTED,NET_CAPABILITY_NOT_VPN,NET_CAPABILITY_VALIDATED,NET_CAPABILITY_NOT_ROAMING,NET_CAPABILITY_FOREGROUND,NET_CAPABILITY_NOT_CONGESTED,NET_CAPABILITY_NOT_SUSPENDED","signalStrength":-50,"transportTypes":"TRANSPORT_WIFI"},"detailedState":"CONNECTED","extraInfo":"","isAvailable":true,"isConnected":true,"isFailover":false,"isRoaming":false,"state":"CONNECTED","subtype":-1,"subtypeName":"","type":1,"typeName":"WIFI"},{"capabilities":{"SSID":null,"linkDownBandwidthKbps":4300,"linkUpstreamBandwidthKbps":1800,"networkCapabili...
&amp#27;[38;5;32m[AndroidUiautomator2Driver@f853]&amp#27;[0m Screen already unlocked, doing nothing
&amp#27;[38;5;32m[AndroidUiautomator2Driver@f853]&amp#27;[0m Starting 'com.androidsample.generalstore/com.androidsample.generalstore.SplashActivity and waiting for 'com.androidsample.generalstore/com.androidsample.generalstore.SplashActivity'
&amp#27;[38;5;48m[ADB]&amp#27;[0m Running '/Users/debasishpruseth/Library/Java/JavaVirtualMachines/openjdk-22.0.1-1/Contents/Home/platform-tools/adb -P 5037 -s emulator-5554 shell am start -W -n com.androidsample.generalstore/com.androidsample.generalstore.SplashActivity -S -a android.intent.action.MAIN -c android.intent.category.LAUNCHER -f 0x10200000'
&amp#27;[38;5;48m[ADB]&amp#27;[0m Waiting up to 20000ms for activity matching pkg: 'com.androidsample.generalstore' and activity: 'com.androidsample.generalstore.SplashActivity' to be focused
&amp#27;[38;5;48m[ADB]&amp#27;[0m Possible activities, to be checked: 'com.androidsample.generalstore.SplashActivity', 'com.androidsample.generalstore.com.androidsample.generalstore.SplashActivity'
&amp#27;[38;5;48m[ADB]&amp#27;[0m Getting focused package and activity
&amp#27;[38;5;48m[ADB]&amp#27;[0m Running '/Users/debasishpruseth/Library/Java/JavaVirtualMachines/openjdk-22.0.1-1/Contents/Home/platform-tools/adb -P 5037 -s emulator-5554 shell dumpsys window displays'
&amp#27;[38;5;48m[ADB]&amp#27;[0m Found package: 'com.androidsample.generalstore' and fully qualified activity name : 'com.androidsample.generalstore.SplashActivity'
&amp#27;[38;5;16m[AppiumDriver@9bff]&amp#27;[0m New AndroidUiautomator2Driver session created successfully, session b8520aa8-6625-4887-a370-cc04f757d388 added to master session list
&amp#27;[38;5;16m[AppiumDriver@9bff]&amp#27;[0m Event 'newSessionStarted' logged at 1725200157049 (19:45:57 GMT+0530 (India Standard Time))
&amp#27;[38;5;32m[AndroidUiautomator2Driver@f853]&amp#27;[0m Cached the protocol value 'W3C' for the new session b8520aa8-6625-4887-a370-cc04f757d388
&amp#27;[38;5;32m[AndroidUiautomator2Driver@f853]&amp#27;[0m Responding to client with driver.createSession() result: {"capabilities":{"platformName":"android","app":"/Users/debasishpruseth/Downloads/General-Store.apk","automationName":"UIAutomator2","deviceName":"emulator-5554","platform":"LINUX","webStorageEnabled":false,"takesScreenshot":true,"javascriptEnabled":true,"databaseEnabled":false,"networkConnectionEnabled":true,"locationContextEnabled":false,"warnings":{},"desired":{"platformName":"android","app":"/Users/debasishpruseth/Downloads/General-Store.apk","automationName":"UIAutomator2","deviceName":"emulator-5554"},"deviceUDID":"emulator-5554","appPackage":"com.androidsample.generalstore","pixelRatio":"2.625","statBarHeight":63,"viewportRect":{"left":0,"top":63,"width":1080,"height":2337},"deviceApiLevel":35,"platformVersion":"15","deviceManufacturer":"Google","deviceModel":"sdk_gphone64_arm64","deviceScreenSize":"1080x2400","deviceScreenDensity":420}}
&amp#27;[38;5;0m[HTTP]&amp#27;[0m &amp#27;[37m<-- POST /session &amp#27;[39m&amp#27;[32m200&amp#27;[39m &amp#27;[90m5658 ms - 917&amp#27;[39m
&amp#27;[38;5;0m[HTTP]&amp#27;[0m &amp#27;[90m&amp#27;[39m
&amp#27;[38;5;0m[HTTP]&amp#27;[0m &amp#27;[37m-->&amp#27;[39m &amp#27;[37mPOST&amp#27;[39m &amp#27;[37m/session/b8520aa8-6625-4887-a370-cc04f757d388/timeouts&amp#27;[39m
&amp#27;[38;5;0m[HTTP]&amp#27;[0m &amp#27;[90m{"implicit":30000}&amp#27;[39m
&amp#27;[38;5;32m[AndroidUiautomator2Driver@f853]&amp#27;[0m Calling AppiumDriver.timeouts() with args: [null,null,null,null,30000,"b8520aa8-6625-4887-a370-cc04f757d388"]
&amp#27;[38;5;32m[AndroidUiautomator2Driver@f853]&amp#27;[0m W3C timeout argument: {"implicit":30000}}
&amp#27;[38;5;32m[AndroidUiautomator2Driver@f853]&amp#27;[0m Set implicit wait to 30000ms
&amp#27;[38;5;32m[AndroidUiautomator2Driver@f853]&amp#27;[0m Responding to client with driver.timeouts() result: null
&amp#27;[38;5;0m[HTTP]&amp#27;[0m &amp#27;[37m<-- POST /session/b8520aa8-6625-4887-a370-cc04f757d388/timeouts &amp#27;[39m&amp#27;[32m200&amp#27;[39m &amp#27;[90m14 ms - 14&amp#27;[39m
&amp#27;[38;5;0m[HTTP]&amp#27;[0m &amp#27;[90m&amp#27;[39m
&amp#27;[38;5;0m[HTTP]&amp#27;[0m &amp#27;[37m-->&amp#27;[39m &amp#27;[37mPOST&amp#27;[39m &amp#27;[37m/session/b8520aa8-6625-4887-a370-cc04f757d388/element&amp#27;[39m
&amp#27;[38;5;0m[HTTP]&amp#27;[0m &amp#27;[90m{"using":"id","value":"com.androidsample.generalstore:id/nameField"}&amp#27;[39m
&amp#27;[38;5;32m[AndroidUiautomator2Driver@f853]&amp#27;[0m Calling AppiumDriver.findElement() with args: ["id","com.androidsample.generalstore:id/nameField","b8520aa8-6625-4887-a370-cc04f757d388"]
&amp#27;[38;5;32m[AndroidUiautomator2Driver@f853]&amp#27;[0m Valid locator strategies for this request: xpath, id, class name, accessibility id, css selector, -android uiautomator
&amp#27;[38;5;32m[AndroidUiautomator2Driver@f853]&amp#27;[0m Waiting up to 30000 ms for condition
&amp#27;[38;5;32m[AndroidUiautomator2Driver@f853]&amp#27;[0m Matched '/element' to command name 'findElement'
&amp#27;[38;5;32m[AndroidUiautomator2Driver@f853]&amp#27;[0m Proxying [POST /element] to [POST http://127.0.0.1:8200/session/3bed2441-a25a-4d54-878d-59aa3e0ac368/element] with body: {"strategy":"id","selector":"com.androidsample.generalstore:id/nameField","context":"","multiple":false}
&amp#27;[38;5;32m[AndroidUiautomator2Driver@f853]&amp#27;[0m Got response with status 404: {"sessionId":"3bed2441-a25a-4d54-878d-59aa3e0ac368","value":{"error":"no such element","message":"An element could not be located on the page using the given search parameters","stacktrace":"io.appium.uiautomator2.common.exceptions.ElementNotFoundException: An element could not be located on the page using the given search parameters\n\tat io.appium.uiautomator2.handler.FindElement.safeHandle(FindElement.java:63)\n\tat io.appium.uiautomator2.handler.request.SafeRequestHandler.handle(SafeRequestHandler.java:59)\n\tat io.appium.uiautomator2.server.AppiumServlet.handleRequest(AppiumServlet.java:259)\n\tat io.appium.uiautomator2.server.AppiumServlet.handleHttpRequest(AppiumServlet.java:253)\n\tat io.appium.uiautomator2.http.ServerHandler.channelRead(ServerHandler.java:77)\n\tat io.netty.channel.AbstractChannelHandlerContext.invokeChannelRead(AbstractChannelHandlerContext.java:366)\n\tat io.netty.channel.AbstractChannelHandlerContext.invokeChannelRead(AbstractChannelHandlerContext.java:352)\n\tat io.netty.chann...
&amp#27;[38;5;96m[W3C]&amp#27;[0m Matched W3C error code 'no such element' to NoSuchElementError
&amp#27;[38;5;32m[AndroidUiautomator2Driver@f853]&amp#27;[0m Waited for 678 ms so far
&amp#27;[38;5;32m[AndroidUiautomator2Driver@f853]&amp#27;[0m Matched '/element' to command name 'findElement'
&amp#27;[38;5;32m[AndroidUiautomator2Driver@f853]&amp#27;[0m Proxying [POST /element] to [POST http://127.0.0.1:8200/session/3bed2441-a25a-4d54-878d-59aa3e0ac368/element] with body: {"strategy":"id","selector":"com.androidsample.generalstore:id/nameField","context":"","multiple":false}
&amp#27;[38;5;32m[AndroidUiautomator2Driver@f853]&amp#27;[0m Got response with status 404: {"sessionId":"3bed2441-a25a-4d54-878d-59aa3e0ac368","value":{"error":"no such element","message":"An element could not be located on the page using the given search parameters","stacktrace":"io.appium.uiautomator2.common.exceptions.ElementNotFoundException: An element could not be located on the page using the given search parameters\n\tat io.appium.uiautomator2.handler.FindElement.safeHandle(FindElement.java:63)\n\tat io.appium.uiautomator2.handler.request.SafeRequestHandler.handle(SafeRequestHandler.java:59)\n\tat io.appium.uiautomator2.server.AppiumServlet.handleRequest(AppiumServlet.java:259)\n\tat io.appium.uiautomator2.server.AppiumServlet.handleHttpRequest(AppiumServlet.java:253)\n\tat io.appium.uiautomator2.http.ServerHandler.channelRead(ServerHandler.java:77)\n\tat io.netty.channel.AbstractChannelHandlerContext.invokeChannelRead(AbstractChannelHandlerContext.java:366)\n\tat io.netty.channel.AbstractChannelHandlerContext.invokeChannelRead(AbstractChannelHandlerContext.java:352)\n\tat io.netty.chann...
&amp#27;[38;5;96m[W3C]&amp#27;[0m Matched W3C error code 'no such element' to NoSuchElementError
&amp#27;[38;5;32m[AndroidUiautomator2Driver@f853]&amp#27;[0m Waited for 1213 ms so far
&amp#27;[38;5;32m[AndroidUiautomator2Driver@f853]&amp#27;[0m Matched '/element' to command name 'findElement'
&amp#27;[38;5;32m[AndroidUiautomator2Driver@f853]&amp#27;[0m Proxying [POST /element] to [POST http://127.0.0.1:8200/session/3bed2441-a25a-4d54-878d-59aa3e0ac368/element] with body: {"strategy":"id","selector":"com.androidsample.generalstore:id/nameField","context":"","multiple":false}
&amp#27;[38;5;32m[AndroidUiautomator2Driver@f853]&amp#27;[0m Got response with status 404: {"sessionId":"3bed2441-a25a-4d54-878d-59aa3e0ac368","value":{"error":"no such element","message":"An element could not be located on the page using the given search parameters","stacktrace":"io.appium.uiautomator2.common.exceptions.ElementNotFoundException: An element could not be located on the page using the given search parameters\n\tat io.appium.uiautomator2.handler.FindElement.safeHandle(FindElement.java:63)\n\tat io.appium.uiautomator2.handler.request.SafeRequestHandler.handle(SafeRequestHandler.java:59)\n\tat io.appium.uiautomator2.server.AppiumServlet.handleRequest(AppiumServlet.java:259)\n\tat io.appium.uiautomator2.server.AppiumServlet.handleHttpRequest(AppiumServlet.java:253)\n\tat io.appium.uiautomator2.http.ServerHandler.channelRead(ServerHandler.java:77)\n\tat io.netty.channel.AbstractChannelHandlerContext.invokeChannelRead(AbstractChannelHandlerContext.java:366)\n\tat io.netty.channel.AbstractChannelHandlerContext.invokeChannelRead(AbstractChannelHandlerContext.java:352)\n\tat io.netty.chann...
&amp#27;[38;5;96m[W3C]&amp#27;[0m Matched W3C error code 'no such element' to NoSuchElementError
&amp#27;[38;5;32m[AndroidUiautomator2Driver@f853]&amp#27;[0m Waited for 1759 ms so far
&amp#27;[38;5;32m[AndroidUiautomator2Driver@f853]&amp#27;[0m Matched '/element' to command name 'findElement'
&amp#27;[38;5;32m[AndroidUiautomator2Driver@f853]&amp#27;[0m Proxying [POST /element] to [POST http://127.0.0.1:8200/session/3bed2441-a25a-4d54-878d-59aa3e0ac368/element] with body: {"strategy":"id","selector":"com.androidsample.generalstore:id/nameField","context":"","multiple":false}
&amp#27;[38;5;32m[AndroidUiautomator2Driver@f853]&amp#27;[0m Got response with status 404: {"sessionId":"3bed2441-a25a-4d54-878d-59aa3e0ac368","value":{"error":"no such element","message":"An element could not be located on the page using the given search parameters","stacktrace":"io.appium.uiautomator2.common.exceptions.ElementNotFoundException: An element could not be located on the page using the given search parameters\n\tat io.appium.uiautomator2.handler.FindElement.safeHandle(FindElement.java:63)\n\tat io.appium.uiautomator2.handler.request.SafeRequestHandler.handle(SafeRequestHandler.java:59)\n\tat io.appium.uiautomator2.server.AppiumServlet.handleRequest(AppiumServlet.java:259)\n\tat io.appium.uiautomator2.server.AppiumServlet.handleHttpRequest(AppiumServlet.java:253)\n\tat io.appium.uiautomator2.http.ServerHandler.channelRead(ServerHandler.java:77)\n\tat io.netty.channel.AbstractChannelHandlerContext.invokeChannelRead(AbstractChannelHandlerContext.java:366)\n\tat io.netty.channel.AbstractChannelHandlerContext.invokeChannelRead(AbstractChannelHandlerContext.java:352)\n\tat io.netty.chann...
&amp#27;[38;5;96m[W3C]&amp#27;[0m Matched W3C error code 'no such element' to NoSuchElementError
&amp#27;[38;5;32m[AndroidUiautomator2Driver@f853]&amp#27;[0m Waited for 2294 ms so far
&amp#27;[38;5;32m[AndroidUiautomator2Driver@f853]&amp#27;[0m Matched '/element' to command name 'findElement'
&amp#27;[38;5;32m[AndroidUiautomator2Driver@f853]&amp#27;[0m Proxying [POST /element] to [POST http://127.0.0.1:8200/session/3bed2441-a25a-4d54-878d-59aa3e0ac368/element] with body: {"strategy":"id","selector":"com.androidsample.generalstore:id/nameField","context":"","multiple":false}
&amp#27;[38;5;32m[AndroidUiautomator2Driver@f853]&amp#27;[0m Got response with status 200: {"sessionId":"3bed2441-a25a-4d54-878d-59aa3e0ac368","value":{"ELEMENT":"00000000-0000-00cf-ffff-ffff0000001c","element-6066-11e4-a52e-4f735466cecf":"00000000-0000-00cf-ffff-ffff0000001c"}}
&amp#27;[38;5;32m[AndroidUiautomator2Driver@f853]&amp#27;[0m Responding to client with driver.findElement() result: {"element-6066-11e4-a52e-4f735466cecf":"00000000-0000-00cf-ffff-ffff0000001c","ELEMENT":"00000000-0000-00cf-ffff-ffff0000001c"}
&amp#27;[38;5;0m[HTTP]&amp#27;[0m &amp#27;[37m<-- POST /session/b8520aa8-6625-4887-a370-cc04f757d388/element &amp#27;[39m&amp#27;[32m200&amp#27;[39m &amp#27;[90m4246 ms - 137&amp#27;[39m
&amp#27;[38;5;0m[HTTP]&amp#27;[0m &amp#27;[90m&amp#27;[39m
&amp#27;[38;5;0m[HTTP]&amp#27;[0m &amp#27;[37m-->&amp#27;[39m &amp#27;[37mPOST&amp#27;[39m &amp#27;[37m/session/b8520aa8-6625-4887-a370-cc04f757d388/element/00000000-0000-00cf-ffff-ffff0000001c/value&amp#27;[39m
&amp#27;[38;5;0m[HTTP]&amp#27;[0m &amp#27;[90m{"id":"00000000-0000-00cf-ffff-ffff0000001c","text":"Debasish","value":["D","e","b","a","s","i","s","h"]}&amp#27;[39m
&amp#27;[38;5;32m[AndroidUiautomator2Driver@f853]&amp#27;[0m Calling AppiumDriver.setValue() with args: [["D","e","b","a","s","i","s","h"],"00000000-0000-00cf-ffff-ffff0000001c","b8520aa8-6625-4887-a370-cc04f757d388"]
&amp#27;[38;5;32m[AndroidUiautomator2Driver@f853]&amp#27;[0m Matched '/element/00000000-0000-00cf-ffff-ffff0000001c/value' to command name 'setValue'
&amp#27;[38;5;32m[AndroidUiautomator2Driver@f853]&amp#27;[0m Added 'value' property ["D","e","b","a","s","i","s","h"] to 'setValue' request body
&amp#27;[38;5;32m[AndroidUiautomator2Driver@f853]&amp#27;[0m Proxying [POST /element/00000000-0000-00cf-ffff-ffff0000001c/value] to [POST http://127.0.0.1:8200/session/3bed2441-a25a-4d54-878d-59aa3e0ac368/element/00000000-0000-00cf-ffff-ffff0000001c/value] with body: {"elementId":"00000000-0000-00cf-ffff-ffff0000001c","text":"Debasish","replace":false,"value":["D","e","b","a","s","i","s","h"]}
&amp#27;[38;5;32m[AndroidUiautomator2Driver@f853]&amp#27;[0m Got response with status 200: {"sessionId":"3bed2441-a25a-4d54-878d-59aa3e0ac368","value":null}
&amp#27;[38;5;32m[AndroidUiautomator2Driver@f853]&amp#27;[0m Responding to client with driver.setValue() result: null
&amp#27;[38;5;0m[HTTP]&amp#27;[0m &amp#27;[37m<-- POST /session/b8520aa8-6625-4887-a370-cc04f757d388/element/00000000-0000-00cf-ffff-ffff0000001c/value &amp#27;[39m&amp#27;[32m200&amp#27;[39m &amp#27;[90m88 ms - 14&amp#27;[39m
&amp#27;[38;5;0m[HTTP]&amp#27;[0m &amp#27;[90m&amp#27;[39m
&amp#27;[38;5;0m[HTTP]&amp#27;[0m &amp#27;[37m-->&amp#27;[39m &amp#27;[37mPOST&amp#27;[39m &amp#27;[37m/session/b8520aa8-6625-4887-a370-cc04f757d388/appium/device/hide_keyboard&amp#27;[39m
&amp#27;[38;5;0m[HTTP]&amp#27;[0m &amp#27;[90m{}&amp#27;[39m
&amp#27;[38;5;32m[AndroidUiautomator2Driver@f853]&amp#27;[0m Calling AppiumDriver.hideKeyboard() with args: [null,null,null,null,"b8520aa8-6625-4887-a370-cc04f757d388"]
&amp#27;[38;5;48m[ADB]&amp#27;[0m Running '/Users/debasishpruseth/Library/Java/JavaVirtualMachines/openjdk-22.0.1-1/Contents/Home/platform-tools/adb -P 5037 -s emulator-5554 shell dumpsys input_method'
&amp#27;[38;5;48m[ADB]&amp#27;[0m Keyboard has no UI; no closing necessary
&amp#27;[38;5;32m[AndroidUiautomator2Driver@f853]&amp#27;[0m Responding to client with driver.hideKeyboard() result: false
&amp#27;[38;5;0m[HTTP]&amp#27;[0m &amp#27;[37m<-- POST /session/b8520aa8-6625-4887-a370-cc04f757d388/appium/device/hide_keyboard &amp#27;[39m&amp#27;[32m200&amp#27;[39m &amp#27;[90m446 ms - 15&amp#27;[39m
&amp#27;[38;5;0m[HTTP]&amp#27;[0m &amp#27;[90m&amp#27;[39m
&amp#27;[38;5;0m[HTTP]&amp#27;[0m &amp#27;[37m-->&amp#27;[39m &amp#27;[37mPOST&amp#27;[39m &amp#27;[37m/session/b8520aa8-6625-4887-a370-cc04f757d388/element&amp#27;[39m
&amp#27;[38;5;0m[HTTP]&amp#27;[0m &amp#27;[90m{"using":"id","value":"com.androidsample.generalstore:id/radioFemale"}&amp#27;[39m
&amp#27;[38;5;32m[AndroidUiautomator2Driver@f853]&amp#27;[0m Calling AppiumDriver.findElement() with args: ["id","com.androidsample.generalstore:id/radioFemale","b8520aa8-6625-4887-a370-cc04f757d388"]
&amp#27;[38;5;32m[AndroidUiautomator2Driver@f853]&amp#27;[0m Valid locator strategies for this request: xpath, id, class name, accessibility id, css selector, -android uiautomator
&amp#27;[38;5;32m[AndroidUiautomator2Driver@f853]&amp#27;[0m Waiting up to 30000 ms for condition
&amp#27;[38;5;32m[AndroidUiautomator2Driver@f853]&amp#27;[0m Matched '/element' to command name 'findElement'
&amp#27;[38;5;32m[AndroidUiautomator2Driver@f853]&amp#27;[0m Proxying [POST /element] to [POST http://127.0.0.1:8200/session/3bed2441-a25a-4d54-878d-59aa3e0ac368/element] with body: {"strategy":"id","selector":"com.androidsample.generalstore:id/radioFemale","context":"","multiple":false}
&amp#27;[38;5;32m[AndroidUiautomator2Driver@f853]&amp#27;[0m Got response with status 200: {"sessionId":"3bed2441-a25a-4d54-878d-59aa3e0ac368","value":{"ELEMENT":"00000000-0000-00cf-ffff-ffff00000020","element-6066-11e4-a52e-4f735466cecf":"00000000-0000-00cf-ffff-ffff00000020"}}
&amp#27;[38;5;32m[AndroidUiautomator2Driver@f853]&amp#27;[0m Responding to client with driver.findElement() result: {"element-6066-11e4-a52e-4f735466cecf":"00000000-0000-00cf-ffff-ffff00000020","ELEMENT":"00000000-0000-00cf-ffff-ffff00000020"}
&amp#27;[38;5;0m[HTTP]&amp#27;[0m &amp#27;[37m<-- POST /session/b8520aa8-6625-4887-a370-cc04f757d388/element &amp#27;[39m&amp#27;[32m200&amp#27;[39m &amp#27;[90m68 ms - 137&amp#27;[39m
&amp#27;[38;5;0m[HTTP]&amp#27;[0m &amp#27;[90m&amp#27;[39m
&amp#27;[38;5;0m[HTTP]&amp#27;[0m &amp#27;[37m-->&amp#27;[39m &amp#27;[37mPOST&amp#27;[39m &amp#27;[37m/session/b8520aa8-6625-4887-a370-cc04f757d388/element/00000000-0000-00cf-ffff-ffff00000020/click&amp#27;[39m
&amp#27;[38;5;0m[HTTP]&amp#27;[0m &amp#27;[90m{"id":"00000000-0000-00cf-ffff-ffff00000020"}&amp#27;[39m
&amp#27;[38;5;32m[AndroidUiautomator2Driver@f853]&amp#27;[0m Calling AppiumDriver.click() with args: ["00000000-0000-00cf-ffff-ffff00000020","b8520aa8-6625-4887-a370-cc04f757d388"]
&amp#27;[38;5;32m[AndroidUiautomator2Driver@f853]&amp#27;[0m Matched '/element/00000000-0000-00cf-ffff-ffff00000020/click' to command name 'click'
&amp#27;[38;5;32m[AndroidUiautomator2Driver@f853]&amp#27;[0m Proxying [POST /element/00000000-0000-00cf-ffff-ffff00000020/click] to [POST http://127.0.0.1:8200/session/3bed2441-a25a-4d54-878d-59aa3e0ac368/element/00000000-0000-00cf-ffff-ffff00000020/click] with body: {"element":"00000000-0000-00cf-ffff-ffff00000020"}
&amp#27;[38;5;32m[AndroidUiautomator2Driver@f853]&amp#27;[0m Got response with status 200: {"sessionId":"3bed2441-a25a-4d54-878d-59aa3e0ac368","value":null}
&amp#27;[38;5;32m[AndroidUiautomator2Driver@f853]&amp#27;[0m Responding to client with driver.click() result: null
&amp#27;[38;5;0m[HTTP]&amp#27;[0m &amp#27;[37m<-- POST /session/b8520aa8-6625-4887-a370-cc04f757d388/element/00000000-0000-00cf-ffff-ffff00000020/click &amp#27;[39m&amp#27;[32m200&amp#27;[39m &amp#27;[90m106 ms - 14&amp#27;[39m
&amp#27;[38;5;0m[HTTP]&amp#27;[0m &amp#27;[90m&amp#27;[39m
&amp#27;[38;5;0m[HTTP]&amp#27;[0m &amp#27;[37m-->&amp#27;[39m &amp#27;[37mPOST&amp#27;[39m &amp#27;[37m/session/b8520aa8-6625-4887-a370-cc04f757d388/element&amp#27;[39m
&amp#27;[38;5;0m[HTTP]&amp#27;[0m &amp#27;[90m{"using":"id","value":"com.androidsample.generalstore:id/spinnerCountry"}&amp#27;[39m
&amp#27;[38;5;32m[AndroidUiautomator2Driver@f853]&amp#27;[0m Calling AppiumDriver.findElement() with args: ["id","com.androidsample.generalstore:id/spinnerCountry","b8520aa8-6625-4887-a370-cc04f757d388"]
&amp#27;[38;5;32m[AndroidUiautomator2Driver@f853]&amp#27;[0m Valid locator strategies for this request: xpath, id, class name, accessibility id, css selector, -android uiautomator
&amp#27;[38;5;32m[AndroidUiautomator2Driver@f853]&amp#27;[0m Waiting up to 30000 ms for condition
&amp#27;[38;5;32m[AndroidUiautomator2Driver@f853]&amp#27;[0m Matched '/element' to command name 'findElement'
&amp#27;[38;5;32m[AndroidUiautomator2Driver@f853]&amp#27;[0m Proxying [POST /element] to [POST http://127.0.0.1:8200/session/3bed2441-a25a-4d54-878d-59aa3e0ac368/element] with body: {"strategy":"id","selector":"com.androidsample.generalstore:id/spinnerCountry","context":"","multiple":false}
&amp#27;[38;5;32m[AndroidUiautomator2Driver@f853]&amp#27;[0m Got response with status 200: {"sessionId":"3bed2441-a25a-4d54-878d-59aa3e0ac368","value":{"ELEMENT":"00000000-0000-00cf-ffff-ffff0000001a","element-6066-11e4-a52e-4f735466cecf":"00000000-0000-00cf-ffff-ffff0000001a"}}
&amp#27;[38;5;32m[AndroidUiautomator2Driver@f853]&amp#27;[0m Responding to client with driver.findElement() result: {"element-6066-11e4-a52e-4f735466cecf":"00000000-0000-00cf-ffff-ffff0000001a","ELEMENT":"00000000-0000-00cf-ffff-ffff0000001a"}
&amp#27;[38;5;0m[HTTP]&amp#27;[0m &amp#27;[37m<-- POST /session/b8520aa8-6625-4887-a370-cc04f757d388/element &amp#27;[39m&amp#27;[32m200&amp#27;[39m &amp#27;[90m243 ms - 137&amp#27;[39m
&amp#27;[38;5;0m[HTTP]&amp#27;[0m &amp#27;[90m&amp#27;[39m
&amp#27;[38;5;0m[HTTP]&amp#27;[0m &amp#27;[37m-->&amp#27;[39m &amp#27;[37mPOST&amp#27;[39m &amp#27;[37m/session/b8520aa8-6625-4887-a370-cc04f757d388/element/00000000-0000-00cf-ffff-ffff0000001a/click&amp#27;[39m
&amp#27;[38;5;0m[HTTP]&amp#27;[0m &amp#27;[90m{"id":"00000000-0000-00cf-ffff-ffff0000001a"}&amp#27;[39m
&amp#27;[38;5;32m[AndroidUiautomator2Driver@f853]&amp#27;[0m Calling AppiumDriver.click() with args: ["00000000-0000-00cf-ffff-ffff0000001a","b8520aa8-6625-4887-a370-cc04f757d388"]
&amp#27;[38;5;32m[AndroidUiautomator2Driver@f853]&amp#27;[0m Matched '/element/00000000-0000-00cf-ffff-ffff0000001a/click' to command name 'click'
&amp#27;[38;5;32m[AndroidUiautomator2Driver@f853]&amp#27;[0m Proxying [POST /element/00000000-0000-00cf-ffff-ffff0000001a/click] to [POST http://127.0.0.1:8200/session/3bed2441-a25a-4d54-878d-59aa3e0ac368/element/00000000-0000-00cf-ffff-ffff0000001a/click] with body: {"element":"00000000-0000-00cf-ffff-ffff0000001a"}
&amp#27;[38;5;32m[AndroidUiautomator2Driver@f853]&amp#27;[0m Got response with status 200: {"sessionId":"3bed2441-a25a-4d54-878d-59aa3e0ac368","value":null}
&amp#27;[38;5;32m[AndroidUiautomator2Driver@f853]&amp#27;[0m Responding to client with driver.click() result: null
&amp#27;[38;5;0m[HTTP]&amp#27;[0m &amp#27;[37m<-- POST /session/b8520aa8-6625-4887-a370-cc04f757d388/element/00000000-0000-00cf-ffff-ffff0000001a/click &amp#27;[39m&amp#27;[32m200&amp#27;[39m &amp#27;[90m448 ms - 14&amp#27;[39m
&amp#27;[38;5;0m[HTTP]&amp#27;[0m &amp#27;[90m&amp#27;[39m
&amp#27;[38;5;0m[HTTP]&amp#27;[0m &amp#27;[37m-->&amp#27;[39m &amp#27;[37mPOST&amp#27;[39m &amp#27;[37m/session/b8520aa8-6625-4887-a370-cc04f757d388/element&amp#27;[39m
&amp#27;[38;5;0m[HTTP]&amp#27;[0m &amp#27;[90m{"using":"-android uiautomator","value":"new UiScrollable(new UiSelector()).scrollIntoView(text(\"India\"))"}&amp#27;[39m
&amp#27;[38;5;32m[AndroidUiautomator2Driver@f853]&amp#27;[0m Calling AppiumDriver.findElement() with args: ["-android uiautomator","new UiScrollable(new UiSelector()).scrollIntoView(text(\"India\"))","b8520aa8-6625-4887-a370-cc04f757d388"]
&amp#27;[38;5;32m[AndroidUiautomator2Driver@f853]&amp#27;[0m Valid locator strategies for this request: xpath, id, class name, accessibility id, css selector, -android uiautomator
&amp#27;[38;5;32m[AndroidUiautomator2Driver@f853]&amp#27;[0m Waiting up to 30000 ms for condition
&amp#27;[38;5;32m[AndroidUiautomator2Driver@f853]&amp#27;[0m Matched '/element' to command name 'findElement'
&amp#27;[38;5;32m[AndroidUiautomator2Driver@f853]&amp#27;[0m Proxying [POST /element] to [POST http://127.0.0.1:8200/session/3bed2441-a25a-4d54-878d-59aa3e0ac368/element] with body: {"strategy":"-android uiautomator","selector":"new UiScrollable(new UiSelector()).scrollIntoView(text(\"India\"))","context":"","multiple":false}
&amp#27;[38;5;32m[AndroidUiautomator2Driver@f853]&amp#27;[0m Got response with status 200: {"sessionId":"3bed2441-a25a-4d54-878d-59aa3e0ac368","value":{"ELEMENT":"00000000-0000-00d0-ffff-ffff0000002d","element-6066-11e4-a52e-4f735466cecf":"00000000-0000-00d0-ffff-ffff0000002d"}}
&amp#27;[38;5;32m[AndroidUiautomator2Driver@f853]&amp#27;[0m Responding to client with driver.findElement() result: {"element-6066-11e4-a52e-4f735466cecf":"00000000-0000-00d0-ffff-ffff0000002d","ELEMENT":"00000000-0000-00d0-ffff-ffff0000002d"}
&amp#27;[38;5;0m[HTTP]&amp#27;[0m &amp#27;[37m<-- POST /session/b8520aa8-6625-4887-a370-cc04f757d388/element &amp#27;[39m&amp#27;[32m200&amp#27;[39m &amp#27;[90m21687 ms - 137&amp#27;[39m
&amp#27;[38;5;0m[HTTP]&amp#27;[0m &amp#27;[90m&amp#27;[39m
&amp#27;[38;5;0m[HTTP]&amp#27;[0m &amp#27;[37m-->&amp#27;[39m &amp#27;[37mPOST&amp#27;[39m &amp#27;[37m/session/b8520aa8-6625-4887-a370-cc04f757d388/element&amp#27;[39m
&amp#27;[38;5;0m[HTTP]&amp#27;[0m &amp#27;[90m{"using":"xpath","value":"//android.widget.TextView[@text='India']"}&amp#27;[39m
&amp#27;[38;5;32m[AndroidUiautomator2Driver@f853]&amp#27;[0m Calling AppiumDriver.findElement() with args: ["xpath","//android.widget.TextView[@text='India']","b8520aa8-6625-4887-a370-cc04f757d388"]
&amp#27;[38;5;32m[AndroidUiautomator2Driver@f853]&amp#27;[0m Valid locator strategies for this request: xpath, id, class name, accessibility id, css selector, -android uiautomator
&amp#27;[38;5;32m[AndroidUiautomator2Driver@f853]&amp#27;[0m Waiting up to 30000 ms for condition
&amp#27;[38;5;32m[AndroidUiautomator2Driver@f853]&amp#27;[0m Matched '/element' to command name 'findElement'
&amp#27;[38;5;32m[AndroidUiautomator2Driver@f853]&amp#27;[0m Proxying [POST /element] to [POST http://127.0.0.1:8200/session/3bed2441-a25a-4d54-878d-59aa3e0ac368/element] with body: {"strategy":"xpath","selector":"//android.widget.TextView[@text='India']","context":"","multiple":false}
&amp#27;[38;5;32m[AndroidUiautomator2Driver@f853]&amp#27;[0m Got response with status 200: {"sessionId":"3bed2441-a25a-4d54-878d-59aa3e0ac368","value":{"ELEMENT":"00000000-0000-00d0-ffff-ffff0000002d","element-6066-11e4-a52e-4f735466cecf":"00000000-0000-00d0-ffff-ffff0000002d"}}
&amp#27;[38;5;32m[AndroidUiautomator2Driver@f853]&amp#27;[0m Responding to client with driver.findElement() result: {"element-6066-11e4-a52e-4f735466cecf":"00000000-0000-00d0-ffff-ffff0000002d","ELEMENT":"00000000-0000-00d0-ffff-ffff0000002d"}
&amp#27;[38;5;0m[HTTP]&amp#27;[0m &amp#27;[37m<-- POST /session/b8520aa8-6625-4887-a370-cc04f757d388/element &amp#27;[39m&amp#27;[32m200&amp#27;[39m &amp#27;[90m345 ms - 137&amp#27;[39m
&amp#27;[38;5;0m[HTTP]&amp#27;[0m &amp#27;[90m&amp#27;[39m
&amp#27;[38;5;0m[HTTP]&amp#27;[0m &amp#27;[37m-->&amp#27;[39m &amp#27;[37mPOST&amp#27;[39m &amp#27;[37m/session/b8520aa8-6625-4887-a370-cc04f757d388/element/00000000-0000-00d0-ffff-ffff0000002d/click&amp#27;[39m
&amp#27;[38;5;0m[HTTP]&amp#27;[0m &amp#27;[90m{"id":"00000000-0000-00d0-ffff-ffff0000002d"}&amp#27;[39m
&amp#27;[38;5;32m[AndroidUiautomator2Driver@f853]&amp#27;[0m Calling AppiumDriver.click() with args: ["00000000-0000-00d0-ffff-ffff0000002d","b8520aa8-6625-4887-a370-cc04f757d388"]
&amp#27;[38;5;32m[AndroidUiautomator2Driver@f853]&amp#27;[0m Matched '/element/00000000-0000-00d0-ffff-ffff0000002d/click' to command name 'click'
&amp#27;[38;5;32m[AndroidUiautomator2Driver@f853]&amp#27;[0m Proxying [POST /element/00000000-0000-00d0-ffff-ffff0000002d/click] to [POST http://127.0.0.1:8200/session/3bed2441-a25a-4d54-878d-59aa3e0ac368/element/00000000-0000-00d0-ffff-ffff0000002d/click] with body: {"element":"00000000-0000-00d0-ffff-ffff0000002d"}
&amp#27;[38;5;32m[AndroidUiautomator2Driver@f853]&amp#27;[0m Got response with status 200: {"sessionId":"3bed2441-a25a-4d54-878d-59aa3e0ac368","value":null}
&amp#27;[38;5;32m[AndroidUiautomator2Driver@f853]&amp#27;[0m Responding to client with driver.click() result: null
&amp#27;[38;5;0m[HTTP]&amp#27;[0m &amp#27;[37m<-- POST /session/b8520aa8-6625-4887-a370-cc04f757d388/element/00000000-0000-00d0-ffff-ffff0000002d/click &amp#27;[39m&amp#27;[32m200&amp#27;[39m &amp#27;[90m86 ms - 14&amp#27;[39m
&amp#27;[38;5;0m[HTTP]&amp#27;[0m &amp#27;[90m&amp#27;[39m
&amp#27;[38;5;0m[HTTP]&amp#27;[0m &amp#27;[37m-->&amp#27;[39m &amp#27;[37mPOST&amp#27;[39m &amp#27;[37m/session/b8520aa8-6625-4887-a370-cc04f757d388/element&amp#27;[39m
&amp#27;[38;5;0m[HTTP]&amp#27;[0m &amp#27;[90m{"using":"id","value":"com.androidsample.generalstore:id/btnLetsShop"}&amp#27;[39m
&amp#27;[38;5;32m[AndroidUiautomator2Driver@f853]&amp#27;[0m Calling AppiumDriver.findElement() with args: ["id","com.androidsample.generalstore:id/btnLetsShop","b8520aa8-6625-4887-a370-cc04f757d388"]
&amp#27;[38;5;32m[AndroidUiautomator2Driver@f853]&amp#27;[0m Valid locator strategies for this request: xpath, id, class name, accessibility id, css selector, -android uiautomator
&amp#27;[38;5;32m[AndroidUiautomator2Driver@f853]&amp#27;[0m Waiting up to 30000 ms for condition
&amp#27;[38;5;32m[AndroidUiautomator2Driver@f853]&amp#27;[0m Matched '/element' to command name 'findElement'
&amp#27;[38;5;32m[AndroidUiautomator2Driver@f853]&amp#27;[0m Proxying [POST /element] to [POST http://127.0.0.1:8200/session/3bed2441-a25a-4d54-878d-59aa3e0ac368/element] with body: {"strategy":"id","selector":"com.androidsample.generalstore:id/btnLetsShop","context":"","multiple":false}
&amp#27;[38;5;32m[AndroidUiautomator2Driver@f853]&amp#27;[0m Got response with status 200: {"sessionId":"3bed2441-a25a-4d54-878d-59aa3e0ac368","value":{"ELEMENT":"00000000-0000-00cf-ffff-ffff00000021","element-6066-11e4-a52e-4f735466cecf":"00000000-0000-00cf-ffff-ffff00000021"}}
&amp#27;[38;5;32m[AndroidUiautomator2Driver@f853]&amp#27;[0m Responding to client with driver.findElement() result: {"element-6066-11e4-a52e-4f735466cecf":"00000000-0000-00cf-ffff-ffff00000021","ELEMENT":"00000000-0000-00cf-ffff-ffff00000021"}
&amp#27;[38;5;0m[HTTP]&amp#27;[0m &amp#27;[37m<-- POST /session/b8520aa8-6625-4887-a370-cc04f757d388/element &amp#27;[39m&amp#27;[32m200&amp#27;[39m &amp#27;[90m775 ms - 137&amp#27;[39m
&amp#27;[38;5;0m[HTTP]&amp#27;[0m &amp#27;[90m&amp#27;[39m
&amp#27;[38;5;0m[HTTP]&amp#27;[0m &amp#27;[37m-->&amp#27;[39m &amp#27;[37mPOST&amp#27;[39m &amp#27;[37m/session/b8520aa8-6625-4887-a370-cc04f757d388/element/00000000-0000-00cf-ffff-ffff00000021/click&amp#27;[39m
&amp#27;[38;5;0m[HTTP]&amp#27;[0m &amp#27;[90m{"id":"00000000-0000-00cf-ffff-ffff00000021"}&amp#27;[39m
&amp#27;[38;5;32m[AndroidUiautomator2Driver@f853]&amp#27;[0m Calling AppiumDriver.click() with args: ["00000000-0000-00cf-ffff-ffff00000021","b8520aa8-6625-4887-a370-cc04f757d388"]
&amp#27;[38;5;32m[AndroidUiautomator2Driver@f853]&amp#27;[0m Matched '/element/00000000-0000-00cf-ffff-ffff00000021/click' to command name 'click'
&amp#27;[38;5;32m[AndroidUiautomator2Driver@f853]&amp#27;[0m Proxying [POST /element/00000000-0000-00cf-ffff-ffff00000021/click] to [POST http://127.0.0.1:8200/session/3bed2441-a25a-4d54-878d-59aa3e0ac368/element/00000000-0000-00cf-ffff-ffff00000021/click] with body: {"element":"00000000-0000-00cf-ffff-ffff00000021"}
&amp#27;[38;5;32m[AndroidUiautomator2Driver@f853]&amp#27;[0m Got response with status 200: {"sessionId":"3bed2441-a25a-4d54-878d-59aa3e0ac368","value":null}
&amp#27;[38;5;32m[AndroidUiautomator2Driver@f853]&amp#27;[0m Responding to client with driver.click() result: null
&amp#27;[38;5;0m[HTTP]&amp#27;[0m &amp#27;[37m<-- POST /session/b8520aa8-6625-4887-a370-cc04f757d388/element/00000000-0000-00cf-ffff-ffff00000021/click &amp#27;[39m&amp#27;[32m200&amp#27;[39m &amp#27;[90m76 ms - 14&amp#27;[39m
&amp#27;[38;5;0m[HTTP]&amp#27;[0m &amp#27;[90m&amp#27;[39m
&amp#27;[38;5;0m[HTTP]&amp#27;[0m &amp#27;[37m-->&amp#27;[39m &amp#27;[37mPOST&amp#27;[39m &amp#27;[37m/session/b8520aa8-6625-4887-a370-cc04f757d388/elements&amp#27;[39m
&amp#27;[38;5;0m[HTTP]&amp#27;[0m &amp#27;[90m{"using":"id","value":"com.androidsample.generalstore:id/productName"}&amp#27;[39m
&amp#27;[38;5;32m[AndroidUiautomator2Driver@f853]&amp#27;[0m Calling AppiumDriver.findElements() with args: ["id","com.androidsample.generalstore:id/productName","b8520aa8-6625-4887-a370-cc04f757d388"]
&amp#27;[38;5;32m[AndroidUiautomator2Driver@f853]&amp#27;[0m Valid locator strategies for this request: xpath, id, class name, accessibility id, css selector, -android uiautomator
&amp#27;[38;5;32m[AndroidUiautomator2Driver@f853]&amp#27;[0m Waiting up to 30000 ms for condition
&amp#27;[38;5;32m[AndroidUiautomator2Driver@f853]&amp#27;[0m Matched '/elements' to command name 'findElements'
&amp#27;[38;5;32m[AndroidUiautomator2Driver@f853]&amp#27;[0m Proxying [POST /elements] to [POST http://127.0.0.1:8200/session/3bed2441-a25a-4d54-878d-59aa3e0ac368/elements] with body: {"strategy":"id","selector":"com.androidsample.generalstore:id/productName","context":"","multiple":true}
&amp#27;[38;5;32m[AndroidUiautomator2Driver@f853]&amp#27;[0m Got response with status 200: {"sessionId":"3bed2441-a25a-4d54-878d-59aa3e0ac368","value":[{"ELEMENT":"00000000-0000-00d1-ffff-ffff0000004f","element-6066-11e4-a52e-4f735466cecf":"00000000-0000-00d1-ffff-ffff0000004f"},{"ELEMENT":"00000000-0000-00d1-ffff-ffff00000057","element-6066-11e4-a52e-4f735466cecf":"00000000-0000-00d1-ffff-ffff00000057"}]}
&amp#27;[38;5;32m[AndroidUiautomator2Driver@f853]&amp#27;[0m Responding to client with driver.findElements() result: [{"element-6066-11e4-a52e-4f735466cecf":"00000000-0000-00d1-ffff-ffff0000004f","ELEMENT":"00000000-0000-00d1-ffff-ffff0000004f"},{"element-6066-11e4-a52e-4f735466cecf":"00000000-0000-00d1-ffff-ffff00000057","ELEMENT":"00000000-0000-00d1-ffff-ffff00000057"}]
&amp#27;[38;5;0m[HTTP]&amp#27;[0m &amp#27;[37m<-- POST /session/b8520aa8-6625-4887-a370-cc04f757d388/elements &amp#27;[39m&amp#27;[32m200&amp#27;[39m &amp#27;[90m59 ms - 267&amp#27;[39m
&amp#27;[38;5;0m[HTTP]&amp#27;[0m &amp#27;[90m&amp#27;[39m
&amp#27;[38;5;0m[HTTP]&amp#27;[0m &amp#27;[37m-->&amp#27;[39m &amp#27;[37mPOST&amp#27;[39m &amp#27;[37m/session/b8520aa8-6625-4887-a370-cc04f757d388/elements&amp#27;[39m
&amp#27;[38;5;0m[HTTP]&amp#27;[0m &amp#27;[90m{"using":"id","value":"com.androidsample.generalstore:id/productAddCart"}&amp#27;[39m
&amp#27;[38;5;32m[AndroidUiautomator2Driver@f853]&amp#27;[0m Calling AppiumDriver.findElements() with args: ["id","com.androidsample.generalstore:id/productAddCart","b8520aa8-6625-4887-a370-cc04f757d388"]
&amp#27;[38;5;32m[AndroidUiautomator2Driver@f853]&amp#27;[0m Valid locator strategies for this request: xpath, id, class name, accessibility id, css selector, -android uiautomator
&amp#27;[38;5;32m[AndroidUiautomator2Driver@f853]&amp#27;[0m Waiting up to 30000 ms for condition
&amp#27;[38;5;32m[AndroidUiautomator2Driver@f853]&amp#27;[0m Matched '/elements' to command name 'findElements'
&amp#27;[38;5;32m[AndroidUiautomator2Driver@f853]&amp#27;[0m Proxying [POST /elements] to [POST http://127.0.0.1:8200/session/3bed2441-a25a-4d54-878d-59aa3e0ac368/elements] with body: {"strategy":"id","selector":"com.androidsample.generalstore:id/productAddCart","context":"","multiple":true}
&amp#27;[38;5;32m[AndroidUiautomator2Driver@f853]&amp#27;[0m Got response with status 200: {"sessionId":"3bed2441-a25a-4d54-878d-59aa3e0ac368","value":[{"ELEMENT":"00000000-0000-00d1-ffff-ffff00000053","element-6066-11e4-a52e-4f735466cecf":"00000000-0000-00d1-ffff-ffff00000053"},{"ELEMENT":"00000000-0000-00d1-ffff-ffff0000005b","element-6066-11e4-a52e-4f735466cecf":"00000000-0000-00d1-ffff-ffff0000005b"}]}
&amp#27;[38;5;32m[AndroidUiautomator2Driver@f853]&amp#27;[0m Responding to client with driver.findElements() result: [{"element-6066-11e4-a52e-4f735466cecf":"00000000-0000-00d1-ffff-ffff00000053","ELEMENT":"00000000-0000-00d1-ffff-ffff00000053"},{"element-6066-11e4-a52e-4f735466cecf":"00000000-0000-00d1-ffff-ffff0000005b","ELEMENT":"00000000-0000-00d1-ffff-ffff0000005b"}]
&amp#27;[38;5;0m[HTTP]&amp#27;[0m &amp#27;[37m<-- POST /session/b8520aa8-6625-4887-a370-cc04f757d388/elements &amp#27;[39m&amp#27;[32m200&amp#27;[39m &amp#27;[90m20 ms - 267&amp#27;[39m
&amp#27;[38;5;0m[HTTP]&amp#27;[0m &amp#27;[90m&amp#27;[39m
&amp#27;[38;5;0m[HTTP]&amp#27;[0m &amp#27;[37m-->&amp#27;[39m &amp#27;[37mGET&amp#27;[39m &amp#27;[37m/session/b8520aa8-6625-4887-a370-cc04f757d388/element/00000000-0000-00d1-ffff-ffff0000004f/text&amp#27;[39m
&amp#27;[38;5;0m[HTTP]&amp#27;[0m &amp#27;[90m{}&amp#27;[39m
&amp#27;[38;5;32m[AndroidUiautomator2Driver@f853]&amp#27;[0m Driver proxy active, passing request on via HTTP proxy
&amp#27;[38;5;32m[AndroidUiautomator2Driver@f853]&amp#27;[0m Matched '/session/b8520aa8-6625-4887-a370-cc04f757d388/element/00000000-0000-00d1-ffff-ffff0000004f/text' to command name 'getText'
&amp#27;[38;5;32m[AndroidUiautomator2Driver@f853]&amp#27;[0m Proxying [GET /session/b8520aa8-6625-4887-a370-cc04f757d388/element/00000000-0000-00d1-ffff-ffff0000004f/text] to [GET http://127.0.0.1:8200/session/3bed2441-a25a-4d54-878d-59aa3e0ac368/element/00000000-0000-00d1-ffff-ffff0000004f/text] with no body
&amp#27;[38;5;32m[AndroidUiautomator2Driver@f853]&amp#27;[0m Got response with status 200: {"sessionId":"3bed2441-a25a-4d54-878d-59aa3e0ac368","value":"Air Jordan 4 Retro"}
&amp#27;[38;5;32m[AndroidUiautomator2Driver@f853]&amp#27;[0m Replacing sessionId 3bed2441-a25a-4d54-878d-59aa3e0ac368 with b8520aa8-6625-4887-a370-cc04f757d388
&amp#27;[38;5;0m[HTTP]&amp#27;[0m &amp#27;[37m<-- GET /session/b8520aa8-6625-4887-a370-cc04f757d388/element/00000000-0000-00d1-ffff-ffff0000004f/text &amp#27;[39m&amp#27;[32m200&amp#27;[39m &amp#27;[90m12 ms - 81&amp#27;[39m
&amp#27;[38;5;0m[HTTP]&amp#27;[0m &amp#27;[90m&amp#27;[39m
&amp#27;[38;5;0m[HTTP]&amp#27;[0m &amp#27;[37m-->&amp#27;[39m &amp#27;[37mGET&amp#27;[39m &amp#27;[37m/session/b8520aa8-6625-4887-a370-cc04f757d388/element/00000000-0000-00d1-ffff-ffff00000057/text&amp#27;[39m
&amp#27;[38;5;0m[HTTP]&amp#27;[0m &amp#27;[90m{}&amp#27;[39m
&amp#27;[38;5;32m[AndroidUiautomator2Driver@f853]&amp#27;[0m Driver proxy active, passing request on via HTTP proxy
&amp#27;[38;5;32m[AndroidUiautomator2Driver@f853]&amp#27;[0m Matched '/session/b8520aa8-6625-4887-a370-cc04f757d388/element/00000000-0000-00d1-ffff-ffff00000057/text' to command name 'getText'
&amp#27;[38;5;32m[AndroidUiautomator2Driver@f853]&amp#27;[0m Proxying [GET /session/b8520aa8-6625-4887-a370-cc04f757d388/element/00000000-0000-00d1-ffff-ffff00000057/text] to [GET http://127.0.0.1:8200/session/3bed2441-a25a-4d54-878d-59aa3e0ac368/element/00000000-0000-00d1-ffff-ffff00000057/text] with no body
&amp#27;[38;5;32m[AndroidUiautomator2Driver@f853]&amp#27;[0m Got response with status 200: {"sessionId":"3bed2441-a25a-4d54-878d-59aa3e0ac368","value":"Air Jordan 1 Mid SE"}
&amp#27;[38;5;32m[AndroidUiautomator2Driver@f853]&amp#27;[0m Replacing sessionId 3bed2441-a25a-4d54-878d-59aa3e0ac368 with b8520aa8-6625-4887-a370-cc04f757d388
&amp#27;[38;5;0m[HTTP]&amp#27;[0m &amp#27;[37m<-- GET /session/b8520aa8-6625-4887-a370-cc04f757d388/element/00000000-0000-00d1-ffff-ffff00000057/text &amp#27;[39m&amp#27;[32m200&amp#27;[39m &amp#27;[90m8 ms - 82&amp#27;[39m
&amp#27;[38;5;0m[HTTP]&amp#27;[0m &amp#27;[90m&amp#27;[39m
&amp#27;[38;5;0m[HTTP]&amp#27;[0m &amp#27;[37m-->&amp#27;[39m &amp#27;[37mPOST&amp#27;[39m &amp#27;[37m/session/b8520aa8-6625-4887-a370-cc04f757d388/execute/sync&amp#27;[39m
&amp#27;[38;5;0m[HTTP]&amp#27;[0m &amp#27;[90m{"script":"mobile: scrollGesture","args":[{"width":200,"top":100,"left":100,"percent":5,"height":200,"direction":"down"}]}&amp#27;[39m
&amp#27;[38;5;32m[AndroidUiautomator2Driver@f853]&amp#27;[0m Calling AppiumDriver.execute() with args: ["mobile: scrollGesture",[{"width":200,"top":100,"left":100,"percent":5,"height":200,"direction":"down"}],"b8520aa8-6625-4887-a370-cc04f757d388"]
&amp#27;[38;5;32m[AndroidUiautomator2Driver@f853]&amp#27;[0m Executing native command 'mobile: scrollGesture'
&amp#27;[38;5;32m[AndroidUiautomator2Driver@f853]&amp#27;[0m Proxying [POST /appium/gestures/scroll] to [POST http://127.0.0.1:8200/session/3bed2441-a25a-4d54-878d-59aa3e0ac368/appium/gestures/scroll] with body: {"area":{"left":100,"top":100,"width":200,"height":200},"direction":"down","percent":5}
&amp#27;[38;5;32m[AndroidUiautomator2Driver@f853]&amp#27;[0m Got response with status 200: {"sessionId":"3bed2441-a25a-4d54-878d-59aa3e0ac368","value":true}
&amp#27;[38;5;32m[AndroidUiautomator2Driver@f853]&amp#27;[0m Responding to client with driver.execute() result: true
&amp#27;[38;5;0m[HTTP]&amp#27;[0m &amp#27;[37m<-- POST /session/b8520aa8-6625-4887-a370-cc04f757d388/execute/sync &amp#27;[39m&amp#27;[32m200&amp#27;[39m &amp#27;[90m7116 ms - 14&amp#27;[39m
&amp#27;[38;5;0m[HTTP]&amp#27;[0m &amp#27;[90m&amp#27;[39m
&amp#27;[38;5;0m[HTTP]&amp#27;[0m &amp#27;[37m-->&amp#27;[39m &amp#27;[37mPOST&amp#27;[39m &amp#27;[37m/session/b8520aa8-6625-4887-a370-cc04f757d388/elements&amp#27;[39m
&amp#27;[38;5;0m[HTTP]&amp#27;[0m &amp#27;[90m{"using":"id","value":"com.androidsample.generalstore:id/productName"}&amp#27;[39m
&amp#27;[38;5;32m[AndroidUiautomator2Driver@f853]&amp#27;[0m Calling AppiumDriver.findElements() with args: ["id","com.androidsample.generalstore:id/productName","b8520aa8-6625-4887-a370-cc04f757d388"]
&amp#27;[38;5;32m[AndroidUiautomator2Driver@f853]&amp#27;[0m Valid locator strategies for this request: xpath, id, class name, accessibility id, css selector, -android uiautomator
&amp#27;[38;5;32m[AndroidUiautomator2Driver@f853]&amp#27;[0m Waiting up to 30000 ms for condition
&amp#27;[38;5;32m[AndroidUiautomator2Driver@f853]&amp#27;[0m Matched '/elements' to command name 'findElements'
&amp#27;[38;5;32m[AndroidUiautomator2Driver@f853]&amp#27;[0m Proxying [POST /elements] to [POST http://127.0.0.1:8200/session/3bed2441-a25a-4d54-878d-59aa3e0ac368/elements] with body: {"strategy":"id","selector":"com.androidsample.generalstore:id/productName","context":"","multiple":true}
&amp#27;[38;5;32m[AndroidUiautomator2Driver@f853]&amp#27;[0m Got response with status 200: {"sessionId":"3bed2441-a25a-4d54-878d-59aa3e0ac368","value":[{"ELEMENT":"00000000-0000-00d1-ffff-ffff00000057","element-6066-11e4-a52e-4f735466cecf":"00000000-0000-00d1-ffff-ffff00000057"},{"ELEMENT":"00000000-0000-00d1-ffff-ffff0000005f","element-6066-11e4-a52e-4f735466cecf":"00000000-0000-00d1-ffff-ffff0000005f"},{"ELEMENT":"00000000-0000-00d1-ffff-ffff00000068","element-6066-11e4-a52e-4f735466cecf":"00000000-0000-00d1-ffff-ffff00000068"}]}
&amp#27;[38;5;32m[AndroidUiautomator2Driver@f853]&amp#27;[0m Responding to client with driver.findElements() result: [{"element-6066-11e4-a52e-4f735466cecf":"00000000-0000-00d1-ffff-ffff00000057","ELEMENT":"00000000-0000-00d1-ffff-ffff00000057"},{"element-6066-11e4-a52e-4f735466cecf":"00000000-0000-00d1-ffff-ffff0000005f","ELEMENT":"00000000-0000-00d1-ffff-ffff0000005f"},{"element-6066-11e4-a52e-4f735466cecf":"00000000-0000-00d1-ffff-ffff00000068","ELEMENT":"00000000-0000-00d1-ffff-ffff00000068"}]
&amp#27;[38;5;0m[HTTP]&amp#27;[0m &amp#27;[37m<-- POST /session/b8520aa8-6625-4887-a370-cc04f757d388/elements &amp#27;[39m&amp#27;[32m200&amp#27;[39m &amp#27;[90m33 ms - 395&amp#27;[39m
&amp#27;[38;5;0m[HTTP]&amp#27;[0m &amp#27;[90m&amp#27;[39m
&amp#27;[38;5;0m[HTTP]&amp#27;[0m &amp#27;[37m-->&amp#27;[39m &amp#27;[37mPOST&amp#27;[39m &amp#27;[37m/session/b8520aa8-6625-4887-a370-cc04f757d388/elements&amp#27;[39m
&amp#27;[38;5;0m[HTTP]&amp#27;[0m &amp#27;[90m{"using":"id","value":"com.androidsample.generalstore:id/productAddCart"}&amp#27;[39m
&amp#27;[38;5;32m[AndroidUiautomator2Driver@f853]&amp#27;[0m Calling AppiumDriver.findElements() with args: ["id","com.androidsample.generalstore:id/productAddCart","b8520aa8-6625-4887-a370-cc04f757d388"]
&amp#27;[38;5;32m[AndroidUiautomator2Driver@f853]&amp#27;[0m Valid locator strategies for this request: xpath, id, class name, accessibility id, css selector, -android uiautomator
&amp#27;[38;5;32m[AndroidUiautomator2Driver@f853]&amp#27;[0m Waiting up to 30000 ms for condition
&amp#27;[38;5;32m[AndroidUiautomator2Driver@f853]&amp#27;[0m Matched '/elements' to command name 'findElements'
&amp#27;[38;5;32m[AndroidUiautomator2Driver@f853]&amp#27;[0m Proxying [POST /elements] to [POST http://127.0.0.1:8200/session/3bed2441-a25a-4d54-878d-59aa3e0ac368/elements] with body: {"strategy":"id","selector":"com.androidsample.generalstore:id/productAddCart","context":"","multiple":true}
&amp#27;[38;5;32m[AndroidUiautomator2Driver@f853]&amp#27;[0m Got response with status 200: {"sessionId":"3bed2441-a25a-4d54-878d-59aa3e0ac368","value":[{"ELEMENT":"00000000-0000-00d1-ffff-ffff0000005b","element-6066-11e4-a52e-4f735466cecf":"00000000-0000-00d1-ffff-ffff0000005b"},{"ELEMENT":"00000000-0000-00d1-ffff-ffff00000063","element-6066-11e4-a52e-4f735466cecf":"00000000-0000-00d1-ffff-ffff00000063"}]}
&amp#27;[38;5;32m[AndroidUiautomator2Driver@f853]&amp#27;[0m Responding to client with driver.findElements() result: [{"element-6066-11e4-a52e-4f735466cecf":"00000000-0000-00d1-ffff-ffff0000005b","ELEMENT":"00000000-0000-00d1-ffff-ffff0000005b"},{"element-6066-11e4-a52e-4f735466cecf":"00000000-0000-00d1-ffff-ffff00000063","ELEMENT":"00000000-0000-00d1-ffff-ffff00000063"}]
&amp#27;[38;5;0m[HTTP]&amp#27;[0m &amp#27;[37m<-- POST /session/b8520aa8-6625-4887-a370-cc04f757d388/elements &amp#27;[39m&amp#27;[32m200&amp#27;[39m &amp#27;[90m29 ms - 267&amp#27;[39m
&amp#27;[38;5;0m[HTTP]&amp#27;[0m &amp#27;[90m&amp#27;[39m
&amp#27;[38;5;0m[HTTP]&amp#27;[0m &amp#27;[37m-->&amp#27;[39m &amp#27;[37mGET&amp#27;[39m &amp#27;[37m/session/b8520aa8-6625-4887-a370-cc04f757d388/element/00000000-0000-00d1-ffff-ffff00000057/text&amp#27;[39m
&amp#27;[38;5;0m[HTTP]&amp#27;[0m &amp#27;[90m{}&amp#27;[39m
&amp#27;[38;5;32m[AndroidUiautomator2Driver@f853]&amp#27;[0m Driver proxy active, passing request on via HTTP proxy
&amp#27;[38;5;32m[AndroidUiautomator2Driver@f853]&amp#27;[0m Matched '/session/b8520aa8-6625-4887-a370-cc04f757d388/element/00000000-0000-00d1-ffff-ffff00000057/text' to command name 'getText'
&amp#27;[38;5;32m[AndroidUiautomator2Driver@f853]&amp#27;[0m Proxying [GET /session/b8520aa8-6625-4887-a370-cc04f757d388/element/00000000-0000-00d1-ffff-ffff00000057/text] to [GET http://127.0.0.1:8200/session/3bed2441-a25a-4d54-878d-59aa3e0ac368/element/00000000-0000-00d1-ffff-ffff00000057/text] with no body
&amp#27;[38;5;32m[AndroidUiautomator2Driver@f853]&amp#27;[0m Got response with status 200: {"sessionId":"3bed2441-a25a-4d54-878d-59aa3e0ac368","value":"Air Jordan 1 Mid SE"}
&amp#27;[38;5;32m[AndroidUiautomator2Driver@f853]&amp#27;[0m Replacing sessionId 3bed2441-a25a-4d54-878d-59aa3e0ac368 with b8520aa8-6625-4887-a370-cc04f757d388
&amp#27;[38;5;0m[HTTP]&amp#27;[0m &amp#27;[37m<-- GET /session/b8520aa8-6625-4887-a370-cc04f757d388/element/00000000-0000-00d1-ffff-ffff00000057/text &amp#27;[39m&amp#27;[32m200&amp#27;[39m &amp#27;[90m11 ms - 82&amp#27;[39m
&amp#27;[38;5;0m[HTTP]&amp#27;[0m &amp#27;[90m&amp#27;[39m
&amp#27;[38;5;0m[HTTP]&amp#27;[0m &amp#27;[37m-->&amp#27;[39m &amp#27;[37mGET&amp#27;[39m &amp#27;[37m/session/b8520aa8-6625-4887-a370-cc04f757d388/element/00000000-0000-00d1-ffff-ffff0000005f/text&amp#27;[39m
&amp#27;[38;5;0m[HTTP]&amp#27;[0m &amp#27;[90m{}&amp#27;[39m
&amp#27;[38;5;32m[AndroidUiautomator2Driver@f853]&amp#27;[0m Driver proxy active, passing request on via HTTP proxy
&amp#27;[38;5;32m[AndroidUiautomator2Driver@f853]&amp#27;[0m Matched '/session/b8520aa8-6625-4887-a370-cc04f757d388/element/00000000-0000-00d1-ffff-ffff0000005f/text' to command name 'getText'
&amp#27;[38;5;32m[AndroidUiautomator2Driver@f853]&amp#27;[0m Proxying [GET /session/b8520aa8-6625-4887-a370-cc04f757d388/element/00000000-0000-00d1-ffff-ffff0000005f/text] to [GET http://127.0.0.1:8200/session/3bed2441-a25a-4d54-878d-59aa3e0ac368/element/00000000-0000-00d1-ffff-ffff0000005f/text] with no body
&amp#27;[38;5;32m[AndroidUiautomator2Driver@f853]&amp#27;[0m Got response with status 200: {"sessionId":"3bed2441-a25a-4d54-878d-59aa3e0ac368","value":"Nike Blazer Mid '77"}
&amp#27;[38;5;32m[AndroidUiautomator2Driver@f853]&amp#27;[0m Replacing sessionId 3bed2441-a25a-4d54-878d-59aa3e0ac368 with b8520aa8-6625-4887-a370-cc04f757d388
&amp#27;[38;5;0m[HTTP]&amp#27;[0m &amp#27;[37m<-- GET /session/b8520aa8-6625-4887-a370-cc04f757d388/element/00000000-0000-00d1-ffff-ffff0000005f/text &amp#27;[39m&amp#27;[32m200&amp#27;[39m &amp#27;[90m8 ms - 82&amp#27;[39m
&amp#27;[38;5;0m[HTTP]&amp#27;[0m &amp#27;[90m&amp#27;[39m
&amp#27;[38;5;0m[HTTP]&amp#27;[0m &amp#27;[37m-->&amp#27;[39m &amp#27;[37mGET&amp#27;[39m &amp#27;[37m/session/b8520aa8-6625-4887-a370-cc04f757d388/element/00000000-0000-00d1-ffff-ffff00000068/text&amp#27;[39m
&amp#27;[38;5;0m[HTTP]&amp#27;[0m &amp#27;[90m{}&amp#27;[39m
&amp#27;[38;5;32m[AndroidUiautomator2Driver@f853]&amp#27;[0m Driver proxy active, passing request on via HTTP proxy
&amp#27;[38;5;32m[AndroidUiautomator2Driver@f853]&amp#27;[0m Matched '/session/b8520aa8-6625-4887-a370-cc04f757d388/element/00000000-0000-00d1-ffff-ffff00000068/text' to command name 'getText'
&amp#27;[38;5;32m[AndroidUiautomator2Driver@f853]&amp#27;[0m Proxying [GET /session/b8520aa8-6625-4887-a370-cc04f757d388/element/00000000-0000-00d1-ffff-ffff00000068/text] to [GET http://127.0.0.1:8200/session/3bed2441-a25a-4d54-878d-59aa3e0ac368/element/00000000-0000-00d1-ffff-ffff00000068/text] with no body
&amp#27;[38;5;32m[AndroidUiautomator2Driver@f853]&amp#27;[0m Got response with status 200: {"sessionId":"3bed2441-a25a-4d54-878d-59aa3e0ac368","value":"Converse All Star"}
&amp#27;[38;5;32m[AndroidUiautomator2Driver@f853]&amp#27;[0m Replacing sessionId 3bed2441-a25a-4d54-878d-59aa3e0ac368 with b8520aa8-6625-4887-a370-cc04f757d388
&amp#27;[38;5;0m[HTTP]&amp#27;[0m &amp#27;[37m<-- GET /session/b8520aa8-6625-4887-a370-cc04f757d388/element/00000000-0000-00d1-ffff-ffff00000068/text &amp#27;[39m&amp#27;[32m200&amp#27;[39m &amp#27;[90m9 ms - 80&amp#27;[39m
&amp#27;[38;5;0m[HTTP]&amp#27;[0m &amp#27;[90m&amp#27;[39m
&amp#27;[38;5;0m[HTTP]&amp#27;[0m &amp#27;[37m-->&amp#27;[39m &amp#27;[37mPOST&amp#27;[39m &amp#27;[37m/session/b8520aa8-6625-4887-a370-cc04f757d388/execute/sync&amp#27;[39m
&amp#27;[38;5;0m[HTTP]&amp#27;[0m &amp#27;[90m{"script":"mobile: scrollGesture","args":[{"width":200,"top":100,"left":100,"percent":5,"height":200,"direction":"down"}]}&amp#27;[39m
&amp#27;[38;5;32m[AndroidUiautomator2Driver@f853]&amp#27;[0m Calling AppiumDriver.execute() with args: ["mobile: scrollGesture",[{"width":200,"top":100,"left":100,"percent":5,"height":200,"direction":"down"}],"b8520aa8-6625-4887-a370-cc04f757d388"]
&amp#27;[38;5;32m[AndroidUiautomator2Driver@f853]&amp#27;[0m Executing native command 'mobile: scrollGesture'
&amp#27;[38;5;32m[AndroidUiautomator2Driver@f853]&amp#27;[0m Proxying [POST /appium/gestures/scroll] to [POST http://127.0.0.1:8200/session/3bed2441-a25a-4d54-878d-59aa3e0ac368/appium/gestures/scroll] with body: {"area":{"left":100,"top":100,"width":200,"height":200},"direction":"down","percent":5}
&amp#27;[38;5;32m[AndroidUiautomator2Driver@f853]&amp#27;[0m Got response with status 200: {"sessionId":"3bed2441-a25a-4d54-878d-59aa3e0ac368","value":true}
&amp#27;[38;5;32m[AndroidUiautomator2Driver@f853]&amp#27;[0m Responding to client with driver.execute() result: true
&amp#27;[38;5;0m[HTTP]&amp#27;[0m &amp#27;[37m<-- POST /session/b8520aa8-6625-4887-a370-cc04f757d388/execute/sync &amp#27;[39m&amp#27;[32m200&amp#27;[39m &amp#27;[90m7061 ms - 14&amp#27;[39m
&amp#27;[38;5;0m[HTTP]&amp#27;[0m &amp#27;[90m&amp#27;[39m
&amp#27;[38;5;0m[HTTP]&amp#27;[0m &amp#27;[37m-->&amp#27;[39m &amp#27;[37mPOST&amp#27;[39m &amp#27;[37m/session/b8520aa8-6625-4887-a370-cc04f757d388/elements&amp#27;[39m
&amp#27;[38;5;0m[HTTP]&amp#27;[0m &amp#27;[90m{"using":"id","value":"com.androidsample.generalstore:id/productName"}&amp#27;[39m
&amp#27;[38;5;32m[AndroidUiautomator2Driver@f853]&amp#27;[0m Calling AppiumDriver.findElements() with args: ["id","com.androidsample.generalstore:id/productName","b8520aa8-6625-4887-a370-cc04f757d388"]
&amp#27;[38;5;32m[AndroidUiautomator2Driver@f853]&amp#27;[0m Valid locator strategies for this request: xpath, id, class name, accessibility id, css selector, -android uiautomator
&amp#27;[38;5;32m[AndroidUiautomator2Driver@f853]&amp#27;[0m Waiting up to 30000 ms for condition
&amp#27;[38;5;32m[AndroidUiautomator2Driver@f853]&amp#27;[0m Matched '/elements' to command name 'findElements'
&amp#27;[38;5;32m[AndroidUiautomator2Driver@f853]&amp#27;[0m Proxying [POST /elements] to [POST http://127.0.0.1:8200/session/3bed2441-a25a-4d54-878d-59aa3e0ac368/elements] with body: {"strategy":"id","selector":"com.androidsample.generalstore:id/productName","context":"","multiple":true}
&amp#27;[38;5;32m[AndroidUiautomator2Driver@f853]&amp#27;[0m Got response with status 200: {"sessionId":"3bed2441-a25a-4d54-878d-59aa3e0ac368","value":[{"ELEMENT":"00000000-0000-00d1-ffff-ffff0000005f","element-6066-11e4-a52e-4f735466cecf":"00000000-0000-00d1-ffff-ffff0000005f"},{"ELEMENT":"00000000-0000-00d1-ffff-ffff00000068","element-6066-11e4-a52e-4f735466cecf":"00000000-0000-00d1-ffff-ffff00000068"},{"ELEMENT":"00000000-0000-00d1-ffff-ffff00000070","element-6066-11e4-a52e-4f735466cecf":"00000000-0000-00d1-ffff-ffff00000070"}]}
&amp#27;[38;5;32m[AndroidUiautomator2Driver@f853]&amp#27;[0m Responding to client with driver.findElements() result: [{"element-6066-11e4-a52e-4f735466cecf":"00000000-0000-00d1-ffff-ffff0000005f","ELEMENT":"00000000-0000-00d1-ffff-ffff0000005f"},{"element-6066-11e4-a52e-4f735466cecf":"00000000-0000-00d1-ffff-ffff00000068","ELEMENT":"00000000-0000-00d1-ffff-ffff00000068"},{"element-6066-11e4-a52e-4f735466cecf":"00000000-0000-00d1-ffff-ffff00000070","ELEMENT":"00000000-0000-00d1-ffff-ffff00000070"}]
&amp#27;[38;5;0m[HTTP]&amp#27;[0m &amp#27;[37m<-- POST /session/b8520aa8-6625-4887-a370-cc04f757d388/elements &amp#27;[39m&amp#27;[32m200&amp#27;[39m &amp#27;[90m60 ms - 395&amp#27;[39m
&amp#27;[38;5;0m[HTTP]&amp#27;[0m &amp#27;[90m&amp#27;[39m
&amp#27;[38;5;0m[HTTP]&amp#27;[0m &amp#27;[37m-->&amp#27;[39m &amp#27;[37mPOST&amp#27;[39m &amp#27;[37m/session/b8520aa8-6625-4887-a370-cc04f757d388/elements&amp#27;[39m
&amp#27;[38;5;0m[HTTP]&amp#27;[0m &amp#27;[90m{"using":"id","value":"com.androidsample.generalstore:id/productAddCart"}&amp#27;[39m
&amp#27;[38;5;32m[AndroidUiautomator2Driver@f853]&amp#27;[0m Calling AppiumDriver.findElements() with args: ["id","com.androidsample.generalstore:id/productAddCart","b8520aa8-6625-4887-a370-cc04f757d388"]
&amp#27;[38;5;32m[AndroidUiautomator2Driver@f853]&amp#27;[0m Valid locator strategies for this request: xpath, id, class name, accessibility id, css selector, -android uiautomator
&amp#27;[38;5;32m[AndroidUiautomator2Driver@f853]&amp#27;[0m Waiting up to 30000 ms for condition
&amp#27;[38;5;32m[AndroidUiautomator2Driver@f853]&amp#27;[0m Matched '/elements' to command name 'findElements'
&amp#27;[38;5;32m[AndroidUiautomator2Driver@f853]&amp#27;[0m Proxying [POST /elements] to [POST http://127.0.0.1:8200/session/3bed2441-a25a-4d54-878d-59aa3e0ac368/elements] with body: {"strategy":"id","selector":"com.androidsample.generalstore:id/productAddCart","context":"","multiple":true}
&amp#27;[38;5;32m[AndroidUiautomator2Driver@f853]&amp#27;[0m Got response with status 200: {"sessionId":"3bed2441-a25a-4d54-878d-59aa3e0ac368","value":[{"ELEMENT":"00000000-0000-00d1-ffff-ffff00000063","element-6066-11e4-a52e-4f735466cecf":"00000000-0000-00d1-ffff-ffff00000063"},{"ELEMENT":"00000000-0000-00d1-ffff-ffff0000006c","element-6066-11e4-a52e-4f735466cecf":"00000000-0000-00d1-ffff-ffff0000006c"},{"ELEMENT":"00000000-0000-00d1-ffff-ffff00000074","element-6066-11e4-a52e-4f735466cecf":"00000000-0000-00d1-ffff-ffff00000074"}]}
&amp#27;[38;5;32m[AndroidUiautomator2Driver@f853]&amp#27;[0m Responding to client with driver.findElements() result: [{"element-6066-11e4-a52e-4f735466cecf":"00000000-0000-00d1-ffff-ffff00000063","ELEMENT":"00000000-0000-00d1-ffff-ffff00000063"},{"element-6066-11e4-a52e-4f735466cecf":"00000000-0000-00d1-ffff-ffff0000006c","ELEMENT":"00000000-0000-00d1-ffff-ffff0000006c"},{"element-6066-11e4-a52e-4f735466cecf":"00000000-0000-00d1-ffff-ffff00000074","ELEMENT":"00000000-0000-00d1-ffff-ffff00000074"}]
&amp#27;[38;5;0m[HTTP]&amp#27;[0m &amp#27;[37m<-- POST /session/b8520aa8-6625-4887-a370-cc04f757d388/elements &amp#27;[39m&amp#27;[32m200&amp#27;[39m &amp#27;[90m19 ms - 395&amp#27;[39m
&amp#27;[38;5;0m[HTTP]&amp#27;[0m &amp#27;[90m&amp#27;[39m
&amp#27;[38;5;0m[HTTP]&amp#27;[0m &amp#27;[37m-->&amp#27;[39m &amp#27;[37mGET&amp#27;[39m &amp#27;[37m/session/b8520aa8-6625-4887-a370-cc04f757d388/element/00000000-0000-00d1-ffff-ffff0000005f/text&amp#27;[39m
&amp#27;[38;5;0m[HTTP]&amp#27;[0m &amp#27;[90m{}&amp#27;[39m
&amp#27;[38;5;32m[AndroidUiautomator2Driver@f853]&amp#27;[0m Driver proxy active, passing request on via HTTP proxy
&amp#27;[38;5;32m[AndroidUiautomator2Driver@f853]&amp#27;[0m Matched '/session/b8520aa8-6625-4887-a370-cc04f757d388/element/00000000-0000-00d1-ffff-ffff0000005f/text' to command name 'getText'
&amp#27;[38;5;32m[AndroidUiautomator2Driver@f853]&amp#27;[0m Proxying [GET /session/b8520aa8-6625-4887-a370-cc04f757d388/element/00000000-0000-00d1-ffff-ffff0000005f/text] to [GET http://127.0.0.1:8200/session/3bed2441-a25a-4d54-878d-59aa3e0ac368/element/00000000-0000-00d1-ffff-ffff0000005f/text] with no body
&amp#27;[38;5;32m[AndroidUiautomator2Driver@f853]&amp#27;[0m Got response with status 200: {"sessionId":"3bed2441-a25a-4d54-878d-59aa3e0ac368","value":"Nike Blazer Mid '77"}
&amp#27;[38;5;32m[AndroidUiautomator2Driver@f853]&amp#27;[0m Replacing sessionId 3bed2441-a25a-4d54-878d-59aa3e0ac368 with b8520aa8-6625-4887-a370-cc04f757d388
&amp#27;[38;5;0m[HTTP]&amp#27;[0m &amp#27;[37m<-- GET /session/b8520aa8-6625-4887-a370-cc04f757d388/element/00000000-0000-00d1-ffff-ffff0000005f/text &amp#27;[39m&amp#27;[32m200&amp#27;[39m &amp#27;[90m17 ms - 82&amp#27;[39m
&amp#27;[38;5;0m[HTTP]&amp#27;[0m &amp#27;[90m&amp#27;[39m
&amp#27;[38;5;0m[HTTP]&amp#27;[0m &amp#27;[37m-->&amp#27;[39m &amp#27;[37mGET&amp#27;[39m &amp#27;[37m/session/b8520aa8-6625-4887-a370-cc04f757d388/element/00000000-0000-00d1-ffff-ffff00000068/text&amp#27;[39m
&amp#27;[38;5;0m[HTTP]&amp#27;[0m &amp#27;[90m{}&amp#27;[39m
&amp#27;[38;5;32m[AndroidUiautomator2Driver@f853]&amp#27;[0m Driver proxy active, passing request on via HTTP proxy
&amp#27;[38;5;32m[AndroidUiautomator2Driver@f853]&amp#27;[0m Matched '/session/b8520aa8-6625-4887-a370-cc04f757d388/element/00000000-0000-00d1-ffff-ffff00000068/text' to command name 'getText'
&amp#27;[38;5;32m[AndroidUiautomator2Driver@f853]&amp#27;[0m Proxying [GET /session/b8520aa8-6625-4887-a370-cc04f757d388/element/00000000-0000-00d1-ffff-ffff00000068/text] to [GET http://127.0.0.1:8200/session/3bed2441-a25a-4d54-878d-59aa3e0ac368/element/00000000-0000-00d1-ffff-ffff00000068/text] with no body
&amp#27;[38;5;32m[AndroidUiautomator2Driver@f853]&amp#27;[0m Got response with status 200: {"sessionId":"3bed2441-a25a-4d54-878d-59aa3e0ac368","value":"Converse All Star"}
&amp#27;[38;5;32m[AndroidUiautomator2Driver@f853]&amp#27;[0m Replacing sessionId 3bed2441-a25a-4d54-878d-59aa3e0ac368 with b8520aa8-6625-4887-a370-cc04f757d388
&amp#27;[38;5;0m[HTTP]&amp#27;[0m &amp#27;[37m<-- GET /session/b8520aa8-6625-4887-a370-cc04f757d388/element/00000000-0000-00d1-ffff-ffff00000068/text &amp#27;[39m&amp#27;[32m200&amp#27;[39m &amp#27;[90m7 ms - 80&amp#27;[39m
&amp#27;[38;5;0m[HTTP]&amp#27;[0m &amp#27;[90m&amp#27;[39m
&amp#27;[38;5;0m[HTTP]&amp#27;[0m &amp#27;[37m-->&amp#27;[39m &amp#27;[37mGET&amp#27;[39m &amp#27;[37m/session/b8520aa8-6625-4887-a370-cc04f757d388/element/00000000-0000-00d1-ffff-ffff00000070/text&amp#27;[39m
&amp#27;[38;5;0m[HTTP]&amp#27;[0m &amp#27;[90m{}&amp#27;[39m
&amp#27;[38;5;32m[AndroidUiautomator2Driver@f853]&amp#27;[0m Driver proxy active, passing request on via HTTP proxy
&amp#27;[38;5;32m[AndroidUiautomator2Driver@f853]&amp#27;[0m Matched '/session/b8520aa8-6625-4887-a370-cc04f757d388/element/00000000-0000-00d1-ffff-ffff00000070/text' to command name 'getText'
&amp#27;[38;5;32m[AndroidUiautomator2Driver@f853]&amp#27;[0m Proxying [GET /session/b8520aa8-6625-4887-a370-cc04f757d388/element/00000000-0000-00d1-ffff-ffff00000070/text] to [GET http://127.0.0.1:8200/session/3bed2441-a25a-4d54-878d-59aa3e0ac368/element/00000000-0000-00d1-ffff-ffff00000070/text] with no body
&amp#27;[38;5;32m[AndroidUiautomator2Driver@f853]&amp#27;[0m Got response with status 200: {"sessionId":"3bed2441-a25a-4d54-878d-59aa3e0ac368","value":"Air Jordan 9 Retro"}
&amp#27;[38;5;32m[AndroidUiautomator2Driver@f853]&amp#27;[0m Replacing sessionId 3bed2441-a25a-4d54-878d-59aa3e0ac368 with b8520aa8-6625-4887-a370-cc04f757d388
&amp#27;[38;5;0m[HTTP]&amp#27;[0m &amp#27;[37m<-- GET /session/b8520aa8-6625-4887-a370-cc04f757d388/element/00000000-0000-00d1-ffff-ffff00000070/text &amp#27;[39m&amp#27;[32m200&amp#27;[39m &amp#27;[90m7 ms - 81&amp#27;[39m
&amp#27;[38;5;0m[HTTP]&amp#27;[0m &amp#27;[90m&amp#27;[39m
&amp#27;[38;5;0m[HTTP]&amp#27;[0m &amp#27;[37m-->&amp#27;[39m &amp#27;[37mPOST&amp#27;[39m &amp#27;[37m/session/b8520aa8-6625-4887-a370-cc04f757d388/element/00000000-0000-00d1-ffff-ffff00000074/click&amp#27;[39m
&amp#27;[38;5;0m[HTTP]&amp#27;[0m &amp#27;[90m{"id":"00000000-0000-00d1-ffff-ffff00000074"}&amp#27;[39m
&amp#27;[38;5;32m[AndroidUiautomator2Driver@f853]&amp#27;[0m Calling AppiumDriver.click() with args: ["00000000-0000-00d1-ffff-ffff00000074","b8520aa8-6625-4887-a370-cc04f757d388"]
&amp#27;[38;5;32m[AndroidUiautomator2Driver@f853]&amp#27;[0m Matched '/element/00000000-0000-00d1-ffff-ffff00000074/click' to command name 'click'
&amp#27;[38;5;32m[AndroidUiautomator2Driver@f853]&amp#27;[0m Proxying [POST /element/00000000-0000-00d1-ffff-ffff00000074/click] to [POST http://127.0.0.1:8200/session/3bed2441-a25a-4d54-878d-59aa3e0ac368/element/00000000-0000-00d1-ffff-ffff00000074/click] with body: {"element":"00000000-0000-00d1-ffff-ffff00000074"}
&amp#27;[38;5;32m[AndroidUiautomator2Driver@f853]&amp#27;[0m Got response with status 200: {"sessionId":"3bed2441-a25a-4d54-878d-59aa3e0ac368","value":null}
&amp#27;[38;5;32m[AndroidUiautomator2Driver@f853]&amp#27;[0m Responding to client with driver.click() result: null
&amp#27;[38;5;0m[HTTP]&amp#27;[0m &amp#27;[37m<-- POST /session/b8520aa8-6625-4887-a370-cc04f757d388/element/00000000-0000-00d1-ffff-ffff00000074/click &amp#27;[39m&amp#27;[32m200&amp#27;[39m &amp#27;[90m90 ms - 14&amp#27;[39m
&amp#27;[38;5;0m[HTTP]&amp#27;[0m &amp#27;[90m&amp#27;[39m
&amp#27;[38;5;0m[HTTP]&amp#27;[0m &amp#27;[37m-->&amp#27;[39m &amp#27;[37mPOST&amp#27;[39m &amp#27;[37m/session/b8520aa8-6625-4887-a370-cc04f757d388/execute/sync&amp#27;[39m
&amp#27;[38;5;0m[HTTP]&amp#27;[0m &amp#27;[90m{"script":"mobile: scrollGesture","args":[{"width":200,"top":100,"left":100,"percent":5,"height":200,"direction":"down"}]}&amp#27;[39m
&amp#27;[38;5;32m[AndroidUiautomator2Driver@f853]&amp#27;[0m Calling AppiumDriver.execute() with args: ["mobile: scrollGesture",[{"width":200,"top":100,"left":100,"percent":5,"height":200,"direction":"down"}],"b8520aa8-6625-4887-a370-cc04f757d388"]
&amp#27;[38;5;32m[AndroidUiautomator2Driver@f853]&amp#27;[0m Executing native command 'mobile: scrollGesture'
&amp#27;[38;5;32m[AndroidUiautomator2Driver@f853]&amp#27;[0m Proxying [POST /appium/gestures/scroll] to [POST http://127.0.0.1:8200/session/3bed2441-a25a-4d54-878d-59aa3e0ac368/appium/gestures/scroll] with body: {"area":{"left":100,"top":100,"width":200,"height":200},"direction":"down","percent":5}
&amp#27;[38;5;32m[AndroidUiautomator2Driver@f853]&amp#27;[0m Got response with status 200: {"sessionId":"3bed2441-a25a-4d54-878d-59aa3e0ac368","value":true}
&amp#27;[38;5;32m[AndroidUiautomator2Driver@f853]&amp#27;[0m Responding to client with driver.execute() result: true
&amp#27;[38;5;0m[HTTP]&amp#27;[0m &amp#27;[37m<-- POST /session/b8520aa8-6625-4887-a370-cc04f757d388/execute/sync &amp#27;[39m&amp#27;[32m200&amp#27;[39m &amp#27;[90m7236 ms - 14&amp#27;[39m
&amp#27;[38;5;0m[HTTP]&amp#27;[0m &amp#27;[90m&amp#27;[39m
&amp#27;[38;5;0m[HTTP]&amp#27;[0m &amp#27;[37m-->&amp#27;[39m &amp#27;[37mPOST&amp#27;[39m &amp#27;[37m/session/b8520aa8-6625-4887-a370-cc04f757d388/elements&amp#27;[39m
&amp#27;[38;5;0m[HTTP]&amp#27;[0m &amp#27;[90m{"using":"id","value":"com.androidsample.generalstore:id/productName"}&amp#27;[39m
&amp#27;[38;5;32m[AndroidUiautomator2Driver@f853]&amp#27;[0m Calling AppiumDriver.findElements() with args: ["id","com.androidsample.generalstore:id/productName","b8520aa8-6625-4887-a370-cc04f757d388"]
&amp#27;[38;5;32m[AndroidUiautomator2Driver@f853]&amp#27;[0m Valid locator strategies for this request: xpath, id, class name, accessibility id, css selector, -android uiautomator
&amp#27;[38;5;32m[AndroidUiautomator2Driver@f853]&amp#27;[0m Waiting up to 30000 ms for condition
&amp#27;[38;5;32m[AndroidUiautomator2Driver@f853]&amp#27;[0m Matched '/elements' to command name 'findElements'
&amp#27;[38;5;32m[AndroidUiautomator2Driver@f853]&amp#27;[0m Proxying [POST /elements] to [POST http://127.0.0.1:8200/session/3bed2441-a25a-4d54-878d-59aa3e0ac368/elements] with body: {"strategy":"id","selector":"com.androidsample.generalstore:id/productName","context":"","multiple":true}
&amp#27;[38;5;32m[AndroidUiautomator2Driver@f853]&amp#27;[0m Got response with status 200: {"sessionId":"3bed2441-a25a-4d54-878d-59aa3e0ac368","value":[{"ELEMENT":"00000000-0000-00d1-ffff-ffff00000068","element-6066-11e4-a52e-4f735466cecf":"00000000-0000-00d1-ffff-ffff00000068"},{"ELEMENT":"00000000-0000-00d1-ffff-ffff00000070","element-6066-11e4-a52e-4f735466cecf":"00000000-0000-00d1-ffff-ffff00000070"},{"ELEMENT":"00000000-0000-00d1-ffff-ffff00000078","element-6066-11e4-a52e-4f735466cecf":"00000000-0000-00d1-ffff-ffff00000078"}]}
&amp#27;[38;5;32m[AndroidUiautomator2Driver@f853]&amp#27;[0m Responding to client with driver.findElements() result: [{"element-6066-11e4-a52e-4f735466cecf":"00000000-0000-00d1-ffff-ffff00000068","ELEMENT":"00000000-0000-00d1-ffff-ffff00000068"},{"element-6066-11e4-a52e-4f735466cecf":"00000000-0000-00d1-ffff-ffff00000070","ELEMENT":"00000000-0000-00d1-ffff-ffff00000070"},{"element-6066-11e4-a52e-4f735466cecf":"00000000-0000-00d1-ffff-ffff00000078","ELEMENT":"00000000-0000-00d1-ffff-ffff00000078"}]
&amp#27;[38;5;0m[HTTP]&amp#27;[0m &amp#27;[37m<-- POST /session/b8520aa8-6625-4887-a370-cc04f757d388/elements &amp#27;[39m&amp#27;[32m200&amp#27;[39m &amp#27;[90m44 ms - 395&amp#27;[39m
&amp#27;[38;5;0m[HTTP]&amp#27;[0m &amp#27;[90m&amp#27;[39m
&amp#27;[38;5;0m[HTTP]&amp#27;[0m &amp#27;[37m-->&amp#27;[39m &amp#27;[37mPOST&amp#27;[39m &amp#27;[37m/session/b8520aa8-6625-4887-a370-cc04f757d388/elements&amp#27;[39m
&amp#27;[38;5;0m[HTTP]&amp#27;[0m &amp#27;[90m{"using":"id","value":"com.androidsample.generalstore:id/productAddCart"}&amp#27;[39m
&amp#27;[38;5;32m[AndroidUiautomator2Driver@f853]&amp#27;[0m Calling AppiumDriver.findElements() with args: ["id","com.androidsample.generalstore:id/productAddCart","b8520aa8-6625-4887-a370-cc04f757d388"]
&amp#27;[38;5;32m[AndroidUiautomator2Driver@f853]&amp#27;[0m Valid locator strategies for this request: xpath, id, class name, accessibility id, css selector, -android uiautomator
&amp#27;[38;5;32m[AndroidUiautomator2Driver@f853]&amp#27;[0m Waiting up to 30000 ms for condition
&amp#27;[38;5;32m[AndroidUiautomator2Driver@f853]&amp#27;[0m Matched '/elements' to command name 'findElements'
&amp#27;[38;5;32m[AndroidUiautomator2Driver@f853]&amp#27;[0m Proxying [POST /elements] to [POST http://127.0.0.1:8200/session/3bed2441-a25a-4d54-878d-59aa3e0ac368/elements] with body: {"strategy":"id","selector":"com.androidsample.generalstore:id/productAddCart","context":"","multiple":true}
&amp#27;[38;5;32m[AndroidUiautomator2Driver@f853]&amp#27;[0m Got response with status 200: {"sessionId":"3bed2441-a25a-4d54-878d-59aa3e0ac368","value":[{"ELEMENT":"00000000-0000-00d1-ffff-ffff0000006c","element-6066-11e4-a52e-4f735466cecf":"00000000-0000-00d1-ffff-ffff0000006c"},{"ELEMENT":"00000000-0000-00d1-ffff-ffff00000074","element-6066-11e4-a52e-4f735466cecf":"00000000-0000-00d1-ffff-ffff00000074"},{"ELEMENT":"00000000-0000-00d1-ffff-ffff0000007c","element-6066-11e4-a52e-4f735466cecf":"00000000-0000-00d1-ffff-ffff0000007c"}]}
&amp#27;[38;5;32m[AndroidUiautomator2Driver@f853]&amp#27;[0m Responding to client with driver.findElements() result: [{"element-6066-11e4-a52e-4f735466cecf":"00000000-0000-00d1-ffff-ffff0000006c","ELEMENT":"00000000-0000-00d1-ffff-ffff0000006c"},{"element-6066-11e4-a52e-4f735466cecf":"00000000-0000-00d1-ffff-ffff00000074","ELEMENT":"00000000-0000-00d1-ffff-ffff00000074"},{"element-6066-11e4-a52e-4f735466cecf":"00000000-0000-00d1-ffff-ffff0000007c","ELEMENT":"00000000-0000-00d1-ffff-ffff0000007c"}]
&amp#27;[38;5;0m[HTTP]&amp#27;[0m &amp#27;[37m<-- POST /session/b8520aa8-6625-4887-a370-cc04f757d388/elements &amp#27;[39m&amp#27;[32m200&amp#27;[39m &amp#27;[90m29 ms - 395&amp#27;[39m
&amp#27;[38;5;0m[HTTP]&amp#27;[0m &amp#27;[90m&amp#27;[39m
&amp#27;[38;5;0m[HTTP]&amp#27;[0m &amp#27;[37m-->&amp#27;[39m &amp#27;[37mGET&amp#27;[39m &amp#27;[37m/session/b8520aa8-6625-4887-a370-cc04f757d388/element/00000000-0000-00d1-ffff-ffff00000068/text&amp#27;[39m
&amp#27;[38;5;0m[HTTP]&amp#27;[0m &amp#27;[90m{}&amp#27;[39m
&amp#27;[38;5;32m[AndroidUiautomator2Driver@f853]&amp#27;[0m Driver proxy active, passing request on via HTTP proxy
&amp#27;[38;5;32m[AndroidUiautomator2Driver@f853]&amp#27;[0m Matched '/session/b8520aa8-6625-4887-a370-cc04f757d388/element/00000000-0000-00d1-ffff-ffff00000068/text' to command name 'getText'
&amp#27;[38;5;32m[AndroidUiautomator2Driver@f853]&amp#27;[0m Proxying [GET /session/b8520aa8-6625-4887-a370-cc04f757d388/element/00000000-0000-00d1-ffff-ffff00000068/text] to [GET http://127.0.0.1:8200/session/3bed2441-a25a-4d54-878d-59aa3e0ac368/element/00000000-0000-00d1-ffff-ffff00000068/text] with no body
&amp#27;[38;5;32m[AndroidUiautomator2Driver@f853]&amp#27;[0m Got response with status 200: {"sessionId":"3bed2441-a25a-4d54-878d-59aa3e0ac368","value":"Converse All Star"}
&amp#27;[38;5;32m[AndroidUiautomator2Driver@f853]&amp#27;[0m Replacing sessionId 3bed2441-a25a-4d54-878d-59aa3e0ac368 with b8520aa8-6625-4887-a370-cc04f757d388
&amp#27;[38;5;0m[HTTP]&amp#27;[0m &amp#27;[37m<-- GET /session/b8520aa8-6625-4887-a370-cc04f757d388/element/00000000-0000-00d1-ffff-ffff00000068/text &amp#27;[39m&amp#27;[32m200&amp#27;[39m &amp#27;[90m11 ms - 80&amp#27;[39m
&amp#27;[38;5;0m[HTTP]&amp#27;[0m &amp#27;[90m&amp#27;[39m
&amp#27;[38;5;0m[HTTP]&amp#27;[0m &amp#27;[37m-->&amp#27;[39m &amp#27;[37mGET&amp#27;[39m &amp#27;[37m/session/b8520aa8-6625-4887-a370-cc04f757d388/element/00000000-0000-00d1-ffff-ffff00000070/text&amp#27;[39m
&amp#27;[38;5;0m[HTTP]&amp#27;[0m &amp#27;[90m{}&amp#27;[39m
&amp#27;[38;5;32m[AndroidUiautomator2Driver@f853]&amp#27;[0m Driver proxy active, passing request on via HTTP proxy
&amp#27;[38;5;32m[AndroidUiautomator2Driver@f853]&amp#27;[0m Matched '/session/b8520aa8-6625-4887-a370-cc04f757d388/element/00000000-0000-00d1-ffff-ffff00000070/text' to command name 'getText'
&amp#27;[38;5;32m[AndroidUiautomator2Driver@f853]&amp#27;[0m Proxying [GET /session/b8520aa8-6625-4887-a370-cc04f757d388/element/00000000-0000-00d1-ffff-ffff00000070/text] to [GET http://127.0.0.1:8200/session/3bed2441-a25a-4d54-878d-59aa3e0ac368/element/00000000-0000-00d1-ffff-ffff00000070/text] with no body
&amp#27;[38;5;32m[AndroidUiautomator2Driver@f853]&amp#27;[0m Got response with status 200: {"sessionId":"3bed2441-a25a-4d54-878d-59aa3e0ac368","value":"Air Jordan 9 Retro"}
&amp#27;[38;5;32m[AndroidUiautomator2Driver@f853]&amp#27;[0m Replacing sessionId 3bed2441-a25a-4d54-878d-59aa3e0ac368 with b8520aa8-6625-4887-a370-cc04f757d388
&amp#27;[38;5;0m[HTTP]&amp#27;[0m &amp#27;[37m<-- GET /session/b8520aa8-6625-4887-a370-cc04f757d388/element/00000000-0000-00d1-ffff-ffff00000070/text &amp#27;[39m&amp#27;[32m200&amp#27;[39m &amp#27;[90m8 ms - 81&amp#27;[39m
&amp#27;[38;5;0m[HTTP]&amp#27;[0m &amp#27;[90m&amp#27;[39m
&amp#27;[38;5;0m[HTTP]&amp#27;[0m &amp#27;[37m-->&amp#27;[39m &amp#27;[37mGET&amp#27;[39m &amp#27;[37m/session/b8520aa8-6625-4887-a370-cc04f757d388/element/00000000-0000-00d1-ffff-ffff00000078/text&amp#27;[39m
&amp#27;[38;5;0m[HTTP]&amp#27;[0m &amp#27;[90m{}&amp#27;[39m
&amp#27;[38;5;32m[AndroidUiautomator2Driver@f853]&amp#27;[0m Driver proxy active, passing request on via HTTP proxy
&amp#27;[38;5;32m[AndroidUiautomator2Driver@f853]&amp#27;[0m Matched '/session/b8520aa8-6625-4887-a370-cc04f757d388/element/00000000-0000-00d1-ffff-ffff00000078/text' to command name 'getText'
&amp#27;[38;5;32m[AndroidUiautomator2Driver@f853]&amp#27;[0m Proxying [GET /session/b8520aa8-6625-4887-a370-cc04f757d388/element/00000000-0000-00d1-ffff-ffff00000078/text] to [GET http://127.0.0.1:8200/session/3bed2441-a25a-4d54-878d-59aa3e0ac368/element/00000000-0000-00d1-ffff-ffff00000078/text] with no body
&amp#27;[38;5;32m[AndroidUiautomator2Driver@f853]&amp#27;[0m Got response with status 200: {"sessionId":"3bed2441-a25a-4d54-878d-59aa3e0ac368","value":"Jordan 6 Rings"}
&amp#27;[38;5;32m[AndroidUiautomator2Driver@f853]&amp#27;[0m Replacing sessionId 3bed2441-a25a-4d54-878d-59aa3e0ac368 with b8520aa8-6625-4887-a370-cc04f757d388
&amp#27;[38;5;0m[HTTP]&amp#27;[0m &amp#27;[37m<-- GET /session/b8520aa8-6625-4887-a370-cc04f757d388/element/00000000-0000-00d1-ffff-ffff00000078/text &amp#27;[39m&amp#27;[32m200&amp#27;[39m &amp#27;[90m7 ms - 77&amp#27;[39m
&amp#27;[38;5;0m[HTTP]&amp#27;[0m &amp#27;[90m&amp#27;[39m
&amp#27;[38;5;0m[HTTP]&amp#27;[0m &amp#27;[37m-->&amp#27;[39m &amp#27;[37mPOST&amp#27;[39m &amp#27;[37m/session/b8520aa8-6625-4887-a370-cc04f757d388/element/00000000-0000-00d1-ffff-ffff0000007c/click&amp#27;[39m
&amp#27;[38;5;0m[HTTP]&amp#27;[0m &amp#27;[90m{"id":"00000000-0000-00d1-ffff-ffff0000007c"}&amp#27;[39m
&amp#27;[38;5;32m[AndroidUiautomator2Driver@f853]&amp#27;[0m Calling AppiumDriver.click() with args: ["00000000-0000-00d1-ffff-ffff0000007c","b8520aa8-6625-4887-a370-cc04f757d388"]
&amp#27;[38;5;32m[AndroidUiautomator2Driver@f853]&amp#27;[0m Matched '/element/00000000-0000-00d1-ffff-ffff0000007c/click' to command name 'click'
&amp#27;[38;5;32m[AndroidUiautomator2Driver@f853]&amp#27;[0m Proxying [POST /element/00000000-0000-00d1-ffff-ffff0000007c/click] to [POST http://127.0.0.1:8200/session/3bed2441-a25a-4d54-878d-59aa3e0ac368/element/00000000-0000-00d1-ffff-ffff0000007c/click] with body: {"element":"00000000-0000-00d1-ffff-ffff0000007c"}
&amp#27;[38;5;32m[AndroidUiautomator2Driver@f853]&amp#27;[0m Got response with status 200: {"sessionId":"3bed2441-a25a-4d54-878d-59aa3e0ac368","value":null}
&amp#27;[38;5;32m[AndroidUiautomator2Driver@f853]&amp#27;[0m Responding to client with driver.click() result: null
&amp#27;[38;5;0m[HTTP]&amp#27;[0m &amp#27;[37m<-- POST /session/b8520aa8-6625-4887-a370-cc04f757d388/element/00000000-0000-00d1-ffff-ffff0000007c/click &amp#27;[39m&amp#27;[32m200&amp#27;[39m &amp#27;[90m63 ms - 14&amp#27;[39m
&amp#27;[38;5;0m[HTTP]&amp#27;[0m &amp#27;[90m&amp#27;[39m
&amp#27;[38;5;0m[HTTP]&amp#27;[0m &amp#27;[37m-->&amp#27;[39m &amp#27;[37mPOST&amp#27;[39m &amp#27;[37m/session/b8520aa8-6625-4887-a370-cc04f757d388/element&amp#27;[39m
&amp#27;[38;5;0m[HTTP]&amp#27;[0m &amp#27;[90m{"using":"id","value":"com.androidsample.generalstore:id/appbar_btn_cart"}&amp#27;[39m
&amp#27;[38;5;32m[AndroidUiautomator2Driver@f853]&amp#27;[0m Calling AppiumDriver.findElement() with args: ["id","com.androidsample.generalstore:id/appbar_btn_cart","b8520aa8-6625-4887-a370-cc04f757d388"]
&amp#27;[38;5;32m[AndroidUiautomator2Driver@f853]&amp#27;[0m Valid locator strategies for this request: xpath, id, class name, accessibility id, css selector, -android uiautomator
&amp#27;[38;5;32m[AndroidUiautomator2Driver@f853]&amp#27;[0m Waiting up to 30000 ms for condition
&amp#27;[38;5;32m[AndroidUiautomator2Driver@f853]&amp#27;[0m Matched '/element' to command name 'findElement'
&amp#27;[38;5;32m[AndroidUiautomator2Driver@f853]&amp#27;[0m Proxying [POST /element] to [POST http://127.0.0.1:8200/session/3bed2441-a25a-4d54-878d-59aa3e0ac368/element] with body: {"strategy":"id","selector":"com.androidsample.generalstore:id/appbar_btn_cart","context":"","multiple":false}
&amp#27;[38;5;32m[AndroidUiautomator2Driver@f853]&amp#27;[0m Got response with status 200: {"sessionId":"3bed2441-a25a-4d54-878d-59aa3e0ac368","value":{"ELEMENT":"00000000-0000-00d1-ffff-ffff00000046","element-6066-11e4-a52e-4f735466cecf":"00000000-0000-00d1-ffff-ffff00000046"}}
&amp#27;[38;5;32m[AndroidUiautomator2Driver@f853]&amp#27;[0m Responding to client with driver.findElement() result: {"element-6066-11e4-a52e-4f735466cecf":"00000000-0000-00d1-ffff-ffff00000046","ELEMENT":"00000000-0000-00d1-ffff-ffff00000046"}
&amp#27;[38;5;0m[HTTP]&amp#27;[0m &amp#27;[37m<-- POST /session/b8520aa8-6625-4887-a370-cc04f757d388/element &amp#27;[39m&amp#27;[32m200&amp#27;[39m &amp#27;[90m45 ms - 137&amp#27;[39m
&amp#27;[38;5;0m[HTTP]&amp#27;[0m &amp#27;[90m&amp#27;[39m
&amp#27;[38;5;0m[HTTP]&amp#27;[0m &amp#27;[37m-->&amp#27;[39m &amp#27;[37mPOST&amp#27;[39m &amp#27;[37m/session/b8520aa8-6625-4887-a370-cc04f757d388/element/00000000-0000-00d1-ffff-ffff00000046/click&amp#27;[39m
&amp#27;[38;5;0m[HTTP]&amp#27;[0m &amp#27;[90m{"id":"00000000-0000-00d1-ffff-ffff00000046"}&amp#27;[39m
&amp#27;[38;5;32m[AndroidUiautomator2Driver@f853]&amp#27;[0m Calling AppiumDriver.click() with args: ["00000000-0000-00d1-ffff-ffff00000046","b8520aa8-6625-4887-a370-cc04f757d388"]
&amp#27;[38;5;32m[AndroidUiautomator2Driver@f853]&amp#27;[0m Matched '/element/00000000-0000-00d1-ffff-ffff00000046/click' to command name 'click'
&amp#27;[38;5;32m[AndroidUiautomator2Driver@f853]&amp#27;[0m Proxying [POST /element/00000000-0000-00d1-ffff-ffff00000046/click] to [POST http://127.0.0.1:8200/session/3bed2441-a25a-4d54-878d-59aa3e0ac368/element/00000000-0000-00d1-ffff-ffff00000046/click] with body: {"element":"00000000-0000-00d1-ffff-ffff00000046"}
&amp#27;[38;5;32m[AndroidUiautomator2Driver@f853]&amp#27;[0m Got response with status 200: {"sessionId":"3bed2441-a25a-4d54-878d-59aa3e0ac368","value":null}
&amp#27;[38;5;32m[AndroidUiautomator2Driver@f853]&amp#27;[0m Responding to client with driver.click() result: null
&amp#27;[38;5;0m[HTTP]&amp#27;[0m &amp#27;[37m<-- POST /session/b8520aa8-6625-4887-a370-cc04f757d388/element/00000000-0000-00d1-ffff-ffff00000046/click &amp#27;[39m&amp#27;[32m200&amp#27;[39m &amp#27;[90m213 ms - 14&amp#27;[39m
&amp#27;[38;5;0m[HTTP]&amp#27;[0m &amp#27;[90m&amp#27;[39m
&amp#27;[38;5;0m[HTTP]&amp#27;[0m &amp#27;[37m-->&amp#27;[39m &amp#27;[37mPOST&amp#27;[39m &amp#27;[37m/session/b8520aa8-6625-4887-a370-cc04f757d388/element&amp#27;[39m
&amp#27;[38;5;0m[HTTP]&amp#27;[0m &amp#27;[90m{"using":"-android uiautomator","value":"new UiSelector().text(\"$170.97\")"}&amp#27;[39m
&amp#27;[38;5;32m[AndroidUiautomator2Driver@f853]&amp#27;[0m Calling AppiumDriver.findElement() with args: ["-android uiautomator","new UiSelector().text(\"$170.97\")","b8520aa8-6625-4887-a370-cc04f757d388"]
&amp#27;[38;5;32m[AndroidUiautomator2Driver@f853]&amp#27;[0m Valid locator strategies for this request: xpath, id, class name, accessibility id, css selector, -android uiautomator
&amp#27;[38;5;32m[AndroidUiautomator2Driver@f853]&amp#27;[0m Waiting up to 30000 ms for condition
&amp#27;[38;5;32m[AndroidUiautomator2Driver@f853]&amp#27;[0m Matched '/element' to command name 'findElement'
&amp#27;[38;5;32m[AndroidUiautomator2Driver@f853]&amp#27;[0m Proxying [POST /element] to [POST http://127.0.0.1:8200/session/3bed2441-a25a-4d54-878d-59aa3e0ac368/element] with body: {"strategy":"-android uiautomator","selector":"new UiSelector().text(\"$170.97\")","context":"","multiple":false}
&amp#27;[38;5;32m[AndroidUiautomator2Driver@f853]&amp#27;[0m Got response with status 404: {"sessionId":"3bed2441-a25a-4d54-878d-59aa3e0ac368","value":{"error":"no such element","message":"An element could not be located on the page using the given search parameters","stacktrace":"io.appium.uiautomator2.common.exceptions.ElementNotFoundException: An element could not be located on the page using the given search parameters\n\tat io.appium.uiautomator2.handler.FindElement.safeHandle(FindElement.java:63)\n\tat io.appium.uiautomator2.handler.request.SafeRequestHandler.handle(SafeRequestHandler.java:59)\n\tat io.appium.uiautomator2.server.AppiumServlet.handleRequest(AppiumServlet.java:259)\n\tat io.appium.uiautomator2.server.AppiumServlet.handleHttpRequest(AppiumServlet.java:253)\n\tat io.appium.uiautomator2.http.ServerHandler.channelRead(ServerHandler.java:77)\n\tat io.netty.channel.AbstractChannelHandlerContext.invokeChannelRead(AbstractChannelHandlerContext.java:366)\n\tat io.netty.channel.AbstractChannelHandlerContext.invokeChannelRead(AbstractChannelHandlerContext.java:352)\n\tat io.netty.chann...
&amp#27;[38;5;96m[W3C]&amp#27;[0m Matched W3C error code 'no such element' to NoSuchElementError
&amp#27;[38;5;32m[AndroidUiautomator2Driver@f853]&amp#27;[0m Waited for 325 ms so far
&amp#27;[38;5;32m[AndroidUiautomator2Driver@f853]&amp#27;[0m Matched '/element' to command name 'findElement'
&amp#27;[38;5;32m[AndroidUiautomator2Driver@f853]&amp#27;[0m Proxying [POST /element] to [POST http://127.0.0.1:8200/session/3bed2441-a25a-4d54-878d-59aa3e0ac368/element] with body: {"strategy":"-android uiautomator","selector":"new UiSelector().text(\"$170.97\")","context":"","multiple":false}
&amp#27;[38;5;32m[AndroidUiautomator2Driver@f853]&amp#27;[0m Got response with status 200: {"sessionId":"3bed2441-a25a-4d54-878d-59aa3e0ac368","value":{"ELEMENT":"00000000-0000-00d2-ffff-ffff000000a8","element-6066-11e4-a52e-4f735466cecf":"00000000-0000-00d2-ffff-ffff000000a8"}}
&amp#27;[38;5;32m[AndroidUiautomator2Driver@f853]&amp#27;[0m Responding to client with driver.findElement() result: {"element-6066-11e4-a52e-4f735466cecf":"00000000-0000-00d2-ffff-ffff000000a8","ELEMENT":"00000000-0000-00d2-ffff-ffff000000a8"}
&amp#27;[38;5;0m[HTTP]&amp#27;[0m &amp#27;[37m<-- POST /session/b8520aa8-6625-4887-a370-cc04f757d388/element &amp#27;[39m&amp#27;[32m200&amp#27;[39m &amp#27;[90m1473 ms - 137&amp#27;[39m
&amp#27;[38;5;0m[HTTP]&amp#27;[0m &amp#27;[90m&amp#27;[39m
&amp#27;[38;5;0m[HTTP]&amp#27;[0m &amp#27;[37m-->&amp#27;[39m &amp#27;[37mGET&amp#27;[39m &amp#27;[37m/session/b8520aa8-6625-4887-a370-cc04f757d388/element/00000000-0000-00d2-ffff-ffff000000a8/text&amp#27;[39m
&amp#27;[38;5;0m[HTTP]&amp#27;[0m &amp#27;[90m{}&amp#27;[39m
&amp#27;[38;5;32m[AndroidUiautomator2Driver@f853]&amp#27;[0m Driver proxy active, passing request on via HTTP proxy
&amp#27;[38;5;32m[AndroidUiautomator2Driver@f853]&amp#27;[0m Matched '/session/b8520aa8-6625-4887-a370-cc04f757d388/element/00000000-0000-00d2-ffff-ffff000000a8/text' to command name 'getText'
&amp#27;[38;5;32m[AndroidUiautomator2Driver@f853]&amp#27;[0m Proxying [GET /session/b8520aa8-6625-4887-a370-cc04f757d388/element/00000000-0000-00d2-ffff-ffff000000a8/text] to [GET http://127.0.0.1:8200/session/3bed2441-a25a-4d54-878d-59aa3e0ac368/element/00000000-0000-00d2-ffff-ffff000000a8/text] with no body
&amp#27;[38;5;32m[AndroidUiautomator2Driver@f853]&amp#27;[0m Got response with status 200: {"sessionId":"3bed2441-a25a-4d54-878d-59aa3e0ac368","value":"$170.97"}
&amp#27;[38;5;32m[AndroidUiautomator2Driver@f853]&amp#27;[0m Replacing sessionId 3bed2441-a25a-4d54-878d-59aa3e0ac368 with b8520aa8-6625-4887-a370-cc04f757d388
&amp#27;[38;5;0m[HTTP]&amp#27;[0m &amp#27;[37m<-- GET /session/b8520aa8-6625-4887-a370-cc04f757d388/element/00000000-0000-00d2-ffff-ffff000000a8/text &amp#27;[39m&amp#27;[32m200&amp#27;[39m &amp#27;[90m9 ms - 70&amp#27;[39m
&amp#27;[38;5;0m[HTTP]&amp#27;[0m &amp#27;[90m&amp#27;[39m
170.97
&amp#27;[38;5;0m[HTTP]&amp#27;[0m &amp#27;[37m-->&amp#27;[39m &amp#27;[37mPOST&amp#27;[39m &amp#27;[37m/session/b8520aa8-6625-4887-a370-cc04f757d388/element&amp#27;[39m
&amp#27;[38;5;0m[HTTP]&amp#27;[0m &amp#27;[90m{"using":"-android uiautomator","value":"new UiSelector().text(\"$165.0\")"}&amp#27;[39m
&amp#27;[38;5;32m[AndroidUiautomator2Driver@f853]&amp#27;[0m Calling AppiumDriver.findElement() with args: ["-android uiautomator","new UiSelector().text(\"$165.0\")","b8520aa8-6625-4887-a370-cc04f757d388"]
&amp#27;[38;5;32m[AndroidUiautomator2Driver@f853]&amp#27;[0m Valid locator strategies for this request: xpath, id, class name, accessibility id, css selector, -android uiautomator
&amp#27;[38;5;32m[AndroidUiautomator2Driver@f853]&amp#27;[0m Waiting up to 30000 ms for condition
&amp#27;[38;5;32m[AndroidUiautomator2Driver@f853]&amp#27;[0m Matched '/element' to command name 'findElement'
&amp#27;[38;5;32m[AndroidUiautomator2Driver@f853]&amp#27;[0m Proxying [POST /element] to [POST http://127.0.0.1:8200/session/3bed2441-a25a-4d54-878d-59aa3e0ac368/element] with body: {"strategy":"-android uiautomator","selector":"new UiSelector().text(\"$165.0\")","context":"","multiple":false}
&amp#27;[38;5;32m[AndroidUiautomator2Driver@f853]&amp#27;[0m Got response with status 200: {"sessionId":"3bed2441-a25a-4d54-878d-59aa3e0ac368","value":{"ELEMENT":"00000000-0000-00d2-ffff-ffff000000b0","element-6066-11e4-a52e-4f735466cecf":"00000000-0000-00d2-ffff-ffff000000b0"}}
&amp#27;[38;5;32m[AndroidUiautomator2Driver@f853]&amp#27;[0m Responding to client with driver.findElement() result: {"element-6066-11e4-a52e-4f735466cecf":"00000000-0000-00d2-ffff-ffff000000b0","ELEMENT":"00000000-0000-00d2-ffff-ffff000000b0"}
&amp#27;[38;5;0m[HTTP]&amp#27;[0m &amp#27;[37m<-- POST /session/b8520aa8-6625-4887-a370-cc04f757d388/element &amp#27;[39m&amp#27;[32m200&amp#27;[39m &amp#27;[90m11 ms - 137&amp#27;[39m
&amp#27;[38;5;0m[HTTP]&amp#27;[0m &amp#27;[90m&amp#27;[39m
&amp#27;[38;5;0m[HTTP]&amp#27;[0m &amp#27;[37m-->&amp#27;[39m &amp#27;[37mGET&amp#27;[39m &amp#27;[37m/session/b8520aa8-6625-4887-a370-cc04f757d388/element/00000000-0000-00d2-ffff-ffff000000b0/text&amp#27;[39m
&amp#27;[38;5;0m[HTTP]&amp#27;[0m &amp#27;[90m{}&amp#27;[39m
&amp#27;[38;5;32m[AndroidUiautomator2Driver@f853]&amp#27;[0m Driver proxy active, passing request on via HTTP proxy
&amp#27;[38;5;32m[AndroidUiautomator2Driver@f853]&amp#27;[0m Matched '/session/b8520aa8-6625-4887-a370-cc04f757d388/element/00000000-0000-00d2-ffff-ffff000000b0/text' to command name 'getText'
&amp#27;[38;5;32m[AndroidUiautomator2Driver@f853]&amp#27;[0m Proxying [GET /session/b8520aa8-6625-4887-a370-cc04f757d388/element/00000000-0000-00d2-ffff-ffff000000b0/text] to [GET http://127.0.0.1:8200/session/3bed2441-a25a-4d54-878d-59aa3e0ac368/element/00000000-0000-00d2-ffff-ffff000000b0/text] with no body
&amp#27;[38;5;32m[AndroidUiautomator2Driver@f853]&amp#27;[0m Got response with status 200: {"sessionId":"3bed2441-a25a-4d54-878d-59aa3e0ac368","value":"$165.0"}
&amp#27;[38;5;32m[AndroidUiautomator2Driver@f853]&amp#27;[0m Replacing sessionId 3bed2441-a25a-4d54-878d-59aa3e0ac368 with b8520aa8-6625-4887-a370-cc04f757d388
&amp#27;[38;5;0m[HTTP]&amp#27;[0m &amp#27;[37m<-- GET /session/b8520aa8-6625-4887-a370-cc04f757d388/element/00000000-0000-00d2-ffff-ffff000000b0/text &amp#27;[39m&amp#27;[32m200&amp#27;[39m &amp#27;[90m8 ms - 69&amp#27;[39m
&amp#27;[38;5;0m[HTTP]&amp#27;[0m &amp#27;[90m&amp#27;[39m
165.0
&amp#27;[38;5;0m[HTTP]&amp#27;[0m &amp#27;[37m-->&amp#27;[39m &amp#27;[37mPOST&amp#27;[39m &amp#27;[37m/session/b8520aa8-6625-4887-a370-cc04f757d388/element&amp#27;[39m
&amp#27;[38;5;0m[HTTP]&amp#27;[0m &amp#27;[90m{"using":"id","value":"com.androidsample.generalstore:id/totalAmountLbl"}&amp#27;[39m
&amp#27;[38;5;32m[AndroidUiautomator2Driver@f853]&amp#27;[0m Calling AppiumDriver.findElement() with args: ["id","com.androidsample.generalstore:id/totalAmountLbl","b8520aa8-6625-4887-a370-cc04f757d388"]
&amp#27;[38;5;32m[AndroidUiautomator2Driver@f853]&amp#27;[0m Valid locator strategies for this request: xpath, id, class name, accessibility id, css selector, -android uiautomator
&amp#27;[38;5;32m[AndroidUiautomator2Driver@f853]&amp#27;[0m Waiting up to 30000 ms for condition
&amp#27;[38;5;32m[AndroidUiautomator2Driver@f853]&amp#27;[0m Matched '/element' to command name 'findElement'
&amp#27;[38;5;32m[AndroidUiautomator2Driver@f853]&amp#27;[0m Proxying [POST /element] to [POST http://127.0.0.1:8200/session/3bed2441-a25a-4d54-878d-59aa3e0ac368/element] with body: {"strategy":"id","selector":"com.androidsample.generalstore:id/totalAmountLbl","context":"","multiple":false}
&amp#27;[38;5;32m[AndroidUiautomator2Driver@f853]&amp#27;[0m Got response with status 200: {"sessionId":"3bed2441-a25a-4d54-878d-59aa3e0ac368","value":{"ELEMENT":"00000000-0000-00d2-ffff-ffff0000009c","element-6066-11e4-a52e-4f735466cecf":"00000000-0000-00d2-ffff-ffff0000009c"}}
&amp#27;[38;5;32m[AndroidUiautomator2Driver@f853]&amp#27;[0m Responding to client with driver.findElement() result: {"element-6066-11e4-a52e-4f735466cecf":"00000000-0000-00d2-ffff-ffff0000009c","ELEMENT":"00000000-0000-00d2-ffff-ffff0000009c"}
&amp#27;[38;5;0m[HTTP]&amp#27;[0m &amp#27;[37m<-- POST /session/b8520aa8-6625-4887-a370-cc04f757d388/element &amp#27;[39m&amp#27;[32m200&amp#27;[39m &amp#27;[90m23 ms - 137&amp#27;[39m
&amp#27;[38;5;0m[HTTP]&amp#27;[0m &amp#27;[90m&amp#27;[39m
&amp#27;[38;5;0m[HTTP]&amp#27;[0m &amp#27;[37m-->&amp#27;[39m &amp#27;[37mGET&amp#27;[39m &amp#27;[37m/session/b8520aa8-6625-4887-a370-cc04f757d388/element/00000000-0000-00d2-ffff-ffff0000009c/text&amp#27;[39m
&amp#27;[38;5;0m[HTTP]&amp#27;[0m &amp#27;[90m{}&amp#27;[39m
&amp#27;[38;5;32m[AndroidUiautomator2Driver@f853]&amp#27;[0m Driver proxy active, passing request on via HTTP proxy
&amp#27;[38;5;32m[AndroidUiautomator2Driver@f853]&amp#27;[0m Matched '/session/b8520aa8-6625-4887-a370-cc04f757d388/element/00000000-0000-00d2-ffff-ffff0000009c/text' to command name 'getText'
&amp#27;[38;5;32m[AndroidUiautomator2Driver@f853]&amp#27;[0m Proxying [GET /session/b8520aa8-6625-4887-a370-cc04f757d388/element/00000000-0000-00d2-ffff-ffff0000009c/text] to [GET http://127.0.0.1:8200/session/3bed2441-a25a-4d54-878d-59aa3e0ac368/element/00000000-0000-00d2-ffff-ffff0000009c/text] with no body
&amp#27;[38;5;32m[AndroidUiautomator2Driver@f853]&amp#27;[0m Got response with status 200: {"sessionId":"3bed2441-a25a-4d54-878d-59aa3e0ac368","value":"$ 335.97"}
&amp#27;[38;5;32m[AndroidUiautomator2Driver@f853]&amp#27;[0m Replacing sessionId 3bed2441-a25a-4d54-878d-59aa3e0ac368 with b8520aa8-6625-4887-a370-cc04f757d388
&amp#27;[38;5;0m[HTTP]&amp#27;[0m &amp#27;[37m<-- GET /session/b8520aa8-6625-4887-a370-cc04f757d388/element/00000000-0000-00d2-ffff-ffff0000009c/text &amp#27;[39m&amp#27;[32m200&amp#27;[39m &amp#27;[90m7 ms - 71&amp#27;[39m
&amp#27;[38;5;0m[HTTP]&amp#27;[0m &amp#27;[90m&amp#27;[39m
 335.97
Calculated Total Price: 335.97
&amp#27;[38;5;0m[HTTP]&amp#27;[0m &amp#27;[37m-->&amp#27;[39m &amp#27;[37mPOST&amp#27;[39m &amp#27;[37m/session/b8520aa8-6625-4887-a370-cc04f757d388/element&amp#27;[39m
&amp#27;[38;5;0m[HTTP]&amp#27;[0m &amp#27;[90m{"using":"id","value":"com.androidsample.generalstore:id/termsButton"}&amp#27;[39m
&amp#27;[38;5;32m[AndroidUiautomator2Driver@f853]&amp#27;[0m Calling AppiumDriver.findElement() with args: ["id","com.androidsample.generalstore:id/termsButton","b8520aa8-6625-4887-a370-cc04f757d388"]
&amp#27;[38;5;32m[AndroidUiautomator2Driver@f853]&amp#27;[0m Valid locator strategies for this request: xpath, id, class name, accessibility id, css selector, -android uiautomator
&amp#27;[38;5;32m[AndroidUiautomator2Driver@f853]&amp#27;[0m Waiting up to 30000 ms for condition
&amp#27;[38;5;32m[AndroidUiautomator2Driver@f853]&amp#27;[0m Matched '/element' to command name 'findElement'
&amp#27;[38;5;32m[AndroidUiautomator2Driver@f853]&amp#27;[0m Proxying [POST /element] to [POST http://127.0.0.1:8200/session/3bed2441-a25a-4d54-878d-59aa3e0ac368/element] with body: {"strategy":"id","selector":"com.androidsample.generalstore:id/termsButton","context":"","multiple":false}
&amp#27;[38;5;32m[AndroidUiautomator2Driver@f853]&amp#27;[0m Got response with status 200: {"sessionId":"3bed2441-a25a-4d54-878d-59aa3e0ac368","value":{"ELEMENT":"00000000-0000-00d2-ffff-ffff0000009f","element-6066-11e4-a52e-4f735466cecf":"00000000-0000-00d2-ffff-ffff0000009f"}}
&amp#27;[38;5;32m[AndroidUiautomator2Driver@f853]&amp#27;[0m Responding to client with driver.findElement() result: {"element-6066-11e4-a52e-4f735466cecf":"00000000-0000-00d2-ffff-ffff0000009f","ELEMENT":"00000000-0000-00d2-ffff-ffff0000009f"}
&amp#27;[38;5;0m[HTTP]&amp#27;[0m &amp#27;[37m<-- POST /session/b8520aa8-6625-4887-a370-cc04f757d388/element &amp#27;[39m&amp#27;[32m200&amp#27;[39m &amp#27;[90m12 ms - 137&amp#27;[39m
&amp#27;[38;5;0m[HTTP]&amp#27;[0m &amp#27;[90m&amp#27;[39m
&amp#27;[38;5;0m[HTTP]&amp#27;[0m &amp#27;[37m-->&amp#27;[39m &amp#27;[37mPOST&amp#27;[39m &amp#27;[37m/session/b8520aa8-6625-4887-a370-cc04f757d388/execute/sync&amp#27;[39m
&amp#27;[38;5;0m[HTTP]&amp#27;[0m &amp#27;[90m{"script":"mobile: longClickGesture","args":[{"elementId":"00000000-0000-00d2-ffff-ffff0000009f","duration":2000}]}&amp#27;[39m
&amp#27;[38;5;32m[AndroidUiautomator2Driver@f853]&amp#27;[0m Calling AppiumDriver.execute() with args: ["mobile: longClickGesture",[{"elementId":"00000000-0000-00d2-ffff-ffff0000009f","duration":2000}],"b8520aa8-6625-4887-a370-cc04f757d388"]
&amp#27;[38;5;32m[AndroidUiautomator2Driver@f853]&amp#27;[0m Executing native command 'mobile: longClickGesture'
&amp#27;[38;5;32m[AndroidUiautomator2Driver@f853]&amp#27;[0m Proxying [POST /appium/gestures/long_click] to [POST http://127.0.0.1:8200/session/3bed2441-a25a-4d54-878d-59aa3e0ac368/appium/gestures/long_click] with body: {"origin":{"ELEMENT":"00000000-0000-00d2-ffff-ffff0000009f","element-6066-11e4-a52e-4f735466cecf":"00000000-0000-00d2-ffff-ffff0000009f"},"duration":2000}
&amp#27;[38;5;32m[AndroidUiautomator2Driver@f853]&amp#27;[0m Got response with status 200: {"sessionId":"3bed2441-a25a-4d54-878d-59aa3e0ac368","value":null}
&amp#27;[38;5;32m[AndroidUiautomator2Driver@f853]&amp#27;[0m Responding to client with driver.execute() result: null
&amp#27;[38;5;0m[HTTP]&amp#27;[0m &amp#27;[37m<-- POST /session/b8520aa8-6625-4887-a370-cc04f757d388/execute/sync &amp#27;[39m&amp#27;[32m200&amp#27;[39m &amp#27;[90m2634 ms - 14&amp#27;[39m
&amp#27;[38;5;0m[HTTP]&amp#27;[0m &amp#27;[90m&amp#27;[39m
&amp#27;[38;5;0m[HTTP]&amp#27;[0m &amp#27;[37m-->&amp#27;[39m &amp#27;[37mPOST&amp#27;[39m &amp#27;[37m/session/b8520aa8-6625-4887-a370-cc04f757d388/element&amp#27;[39m
&amp#27;[38;5;0m[HTTP]&amp#27;[0m &amp#27;[90m{"using":"id","value":"android:id/button1"}&amp#27;[39m
&amp#27;[38;5;32m[AndroidUiautomator2Driver@f853]&amp#27;[0m Calling AppiumDriver.findElement() with args: ["id","android:id/button1","b8520aa8-6625-4887-a370-cc04f757d388"]
&amp#27;[38;5;32m[AndroidUiautomator2Driver@f853]&amp#27;[0m Valid locator strategies for this request: xpath, id, class name, accessibility id, css selector, -android uiautomator
&amp#27;[38;5;32m[AndroidUiautomator2Driver@f853]&amp#27;[0m Waiting up to 30000 ms for condition
&amp#27;[38;5;32m[AndroidUiautomator2Driver@f853]&amp#27;[0m Matched '/element' to command name 'findElement'
&amp#27;[38;5;32m[AndroidUiautomator2Driver@f853]&amp#27;[0m Proxying [POST /element] to [POST http://127.0.0.1:8200/session/3bed2441-a25a-4d54-878d-59aa3e0ac368/element] with body: {"strategy":"id","selector":"android:id/button1","context":"","multiple":false}
&amp#27;[38;5;32m[AndroidUiautomator2Driver@f853]&amp#27;[0m Got response with status 200: {"sessionId":"3bed2441-a25a-4d54-878d-59aa3e0ac368","value":{"ELEMENT":"00000000-0000-00d3-ffff-ffff000000cb","element-6066-11e4-a52e-4f735466cecf":"00000000-0000-00d3-ffff-ffff000000cb"}}
&amp#27;[38;5;32m[AndroidUiautomator2Driver@f853]&amp#27;[0m Responding to client with driver.findElement() result: {"element-6066-11e4-a52e-4f735466cecf":"00000000-0000-00d3-ffff-ffff000000cb","ELEMENT":"00000000-0000-00d3-ffff-ffff000000cb"}
&amp#27;[38;5;0m[HTTP]&amp#27;[0m &amp#27;[37m<-- POST /session/b8520aa8-6625-4887-a370-cc04f757d388/element &amp#27;[39m&amp#27;[32m200&amp#27;[39m &amp#27;[90m28 ms - 137&amp#27;[39m
&amp#27;[38;5;0m[HTTP]&amp#27;[0m &amp#27;[90m&amp#27;[39m
&amp#27;[38;5;0m[HTTP]&amp#27;[0m &amp#27;[37m-->&amp#27;[39m &amp#27;[37mPOST&amp#27;[39m &amp#27;[37m/session/b8520aa8-6625-4887-a370-cc04f757d388/element/00000000-0000-00d3-ffff-ffff000000cb/click&amp#27;[39m
&amp#27;[38;5;0m[HTTP]&amp#27;[0m &amp#27;[90m{"id":"00000000-0000-00d3-ffff-ffff000000cb"}&amp#27;[39m
&amp#27;[38;5;32m[AndroidUiautomator2Driver@f853]&amp#27;[0m Calling AppiumDriver.click() with args: ["00000000-0000-00d3-ffff-ffff000000cb","b8520aa8-6625-4887-a370-cc04f757d388"]
&amp#27;[38;5;32m[AndroidUiautomator2Driver@f853]&amp#27;[0m Matched '/element/00000000-0000-00d3-ffff-ffff000000cb/click' to command name 'click'
&amp#27;[38;5;32m[AndroidUiautomator2Driver@f853]&amp#27;[0m Proxying [POST /element/00000000-0000-00d3-ffff-ffff000000cb/click] to [POST http://127.0.0.1:8200/session/3bed2441-a25a-4d54-878d-59aa3e0ac368/element/00000000-0000-00d3-ffff-ffff000000cb/click] with body: {"element":"00000000-0000-00d3-ffff-ffff000000cb"}
&amp#27;[38;5;32m[AndroidUiautomator2Driver@f853]&amp#27;[0m Got response with status 200: {"sessionId":"3bed2441-a25a-4d54-878d-59aa3e0ac368","value":null}
&amp#27;[38;5;32m[AndroidUiautomator2Driver@f853]&amp#27;[0m Responding to client with driver.click() result: null
&amp#27;[38;5;0m[HTTP]&amp#27;[0m &amp#27;[37m<-- POST /session/b8520aa8-6625-4887-a370-cc04f757d388/element/00000000-0000-00d3-ffff-ffff000000cb/click &amp#27;[39m&amp#27;[32m200&amp#27;[39m &amp#27;[90m55 ms - 14&amp#27;[39m
&amp#27;[38;5;0m[HTTP]&amp#27;[0m &amp#27;[90m&amp#27;[39m
&amp#27;[38;5;0m[HTTP]&amp#27;[0m &amp#27;[37m-->&amp#27;[39m &amp#27;[37mPOST&amp#27;[39m &amp#27;[37m/session/b8520aa8-6625-4887-a370-cc04f757d388/element&amp#27;[39m
&amp#27;[38;5;0m[HTTP]&amp#27;[0m &amp#27;[90m{"using":"id","value":"com.androidsample.generalstore:id/btnProceed"}&amp#27;[39m
&amp#27;[38;5;32m[AndroidUiautomator2Driver@f853]&amp#27;[0m Calling AppiumDriver.findElement() with args: ["id","com.androidsample.generalstore:id/btnProceed","b8520aa8-6625-4887-a370-cc04f757d388"]
&amp#27;[38;5;32m[AndroidUiautomator2Driver@f853]&amp#27;[0m Valid locator strategies for this request: xpath, id, class name, accessibility id, css selector, -android uiautomator
&amp#27;[38;5;32m[AndroidUiautomator2Driver@f853]&amp#27;[0m Waiting up to 30000 ms for condition
&amp#27;[38;5;32m[AndroidUiautomator2Driver@f853]&amp#27;[0m Matched '/element' to command name 'findElement'
&amp#27;[38;5;32m[AndroidUiautomator2Driver@f853]&amp#27;[0m Proxying [POST /element] to [POST http://127.0.0.1:8200/session/3bed2441-a25a-4d54-878d-59aa3e0ac368/element] with body: {"strategy":"id","selector":"com.androidsample.generalstore:id/btnProceed","context":"","multiple":false}
&amp#27;[38;5;32m[AndroidUiautomator2Driver@f853]&amp#27;[0m Got response with status 200: {"sessionId":"3bed2441-a25a-4d54-878d-59aa3e0ac368","value":{"ELEMENT":"00000000-0000-00d2-ffff-ffff0000009e","element-6066-11e4-a52e-4f735466cecf":"00000000-0000-00d2-ffff-ffff0000009e"}}
&amp#27;[38;5;32m[AndroidUiautomator2Driver@f853]&amp#27;[0m Responding to client with driver.findElement() result: {"element-6066-11e4-a52e-4f735466cecf":"00000000-0000-00d2-ffff-ffff0000009e","ELEMENT":"00000000-0000-00d2-ffff-ffff0000009e"}
&amp#27;[38;5;0m[HTTP]&amp#27;[0m &amp#27;[37m<-- POST /session/b8520aa8-6625-4887-a370-cc04f757d388/element &amp#27;[39m&amp#27;[32m200&amp#27;[39m &amp#27;[90m314 ms - 137&amp#27;[39m
&amp#27;[38;5;0m[HTTP]&amp#27;[0m &amp#27;[90m&amp#27;[39m
&amp#27;[38;5;0m[HTTP]&amp#27;[0m &amp#27;[37m-->&amp#27;[39m &amp#27;[37mGET&amp#27;[39m &amp#27;[37m/session/b8520aa8-6625-4887-a370-cc04f757d388/element/00000000-0000-00d2-ffff-ffff0000009e/displayed&amp#27;[39m
&amp#27;[38;5;0m[HTTP]&amp#27;[0m &amp#27;[90m{}&amp#27;[39m
&amp#27;[38;5;32m[AndroidUiautomator2Driver@f853]&amp#27;[0m Calling AppiumDriver.elementDisplayed() with args: ["00000000-0000-00d2-ffff-ffff0000009e","b8520aa8-6625-4887-a370-cc04f757d388"]
&amp#27;[38;5;32m[AndroidUiautomator2Driver@f853]&amp#27;[0m Matched '/element/00000000-0000-00d2-ffff-ffff0000009e/attribute/displayed' to command name 'getAttribute'
&amp#27;[38;5;32m[AndroidUiautomator2Driver@f853]&amp#27;[0m Proxying [GET /element/00000000-0000-00d2-ffff-ffff0000009e/attribute/displayed] to [GET http://127.0.0.1:8200/session/3bed2441-a25a-4d54-878d-59aa3e0ac368/element/00000000-0000-00d2-ffff-ffff0000009e/attribute/displayed] with no body
&amp#27;[38;5;32m[AndroidUiautomator2Driver@f853]&amp#27;[0m Got response with status 200: {"sessionId":"3bed2441-a25a-4d54-878d-59aa3e0ac368","value":"true"}
&amp#27;[38;5;32m[AndroidUiautomator2Driver@f853]&amp#27;[0m Responding to client with driver.elementDisplayed() result: true
&amp#27;[38;5;0m[HTTP]&amp#27;[0m &amp#27;[37m<-- GET /session/b8520aa8-6625-4887-a370-cc04f757d388/element/00000000-0000-00d2-ffff-ffff0000009e/displayed &amp#27;[39m&amp#27;[32m200&amp#27;[39m &amp#27;[90m284 ms - 14&amp#27;[39m
&amp#27;[38;5;0m[HTTP]&amp#27;[0m &amp#27;[90m&amp#27;[39m
&amp#27;[38;5;0m[HTTP]&amp#27;[0m &amp#27;[37m-->&amp#27;[39m &amp#27;[37mPOST&amp#27;[39m &amp#27;[37m/session/b8520aa8-6625-4887-a370-cc04f757d388/element/00000000-0000-00d2-ffff-ffff0000009e/click&amp#27;[39m
&amp#27;[38;5;0m[HTTP]&amp#27;[0m &amp#27;[90m{"id":"00000000-0000-00d2-ffff-ffff0000009e"}&amp#27;[39m
&amp#27;[38;5;32m[AndroidUiautomator2Driver@f853]&amp#27;[0m Calling AppiumDriver.click() with args: ["00000000-0000-00d2-ffff-ffff0000009e","b8520aa8-6625-4887-a370-cc04f757d388"]
&amp#27;[38;5;32m[AndroidUiautomator2Driver@f853]&amp#27;[0m Matched '/element/00000000-0000-00d2-ffff-ffff0000009e/click' to command name 'click'
&amp#27;[38;5;32m[AndroidUiautomator2Driver@f853]&amp#27;[0m Proxying [POST /element/00000000-0000-00d2-ffff-ffff0000009e/click] to [POST http://127.0.0.1:8200/session/3bed2441-a25a-4d54-878d-59aa3e0ac368/element/00000000-0000-00d2-ffff-ffff0000009e/click] with body: {"element":"00000000-0000-00d2-ffff-ffff0000009e"}
&amp#27;[38;5;32m[AndroidUiautomator2Driver@f853]&amp#27;[0m Got response with status 200: {"sessionId":"3bed2441-a25a-4d54-878d-59aa3e0ac368","value":null}
&amp#27;[38;5;32m[AndroidUiautomator2Driver@f853]&amp#27;[0m Responding to client with driver.click() result: null
&amp#27;[38;5;0m[HTTP]&amp#27;[0m &amp#27;[37m<-- POST /session/b8520aa8-6625-4887-a370-cc04f757d388/element/00000000-0000-00d2-ffff-ffff0000009e/click &amp#27;[39m&amp#27;[32m200&amp#27;[39m &amp#27;[90m44 ms - 14&amp#27;[39m
&amp#27;[38;5;0m[HTTP]&amp#27;[0m &amp#27;[90m&amp#27;[39m
&amp#27;[38;5;0m[HTTP]&amp#27;[0m &amp#27;[37m-->&amp#27;[39m &amp#27;[37mGET&amp#27;[39m &amp#27;[37m/session/b8520aa8-6625-4887-a370-cc04f757d388/contexts&amp#27;[39m
&amp#27;[38;5;0m[HTTP]&amp#27;[0m &amp#27;[90m{}&amp#27;[39m
&amp#27;[38;5;32m[AndroidUiautomator2Driver@f853]&amp#27;[0m Calling AppiumDriver.getContexts() with args: ["b8520aa8-6625-4887-a370-cc04f757d388"]
&amp#27;[38;5;32m[AndroidUiautomator2Driver@f853]&amp#27;[0m Getting a list of available webviews
&amp#27;[38;5;48m[ADB]&amp#27;[0m Running '/Users/debasishpruseth/Library/Java/JavaVirtualMachines/openjdk-22.0.1-1/Contents/Home/platform-tools/adb -P 5037 -s emulator-5554 shell cat /proc/net/unix'
&amp#27;[38;5;32m[AndroidUiautomator2Driver@f853]&amp#27;[0m Parsed 1 active devtools socket: ["@webview_devtools_remote_15898"]
&amp#27;[38;5;32m[AndroidUiautomator2Driver@f853]&amp#27;[0m Collecting CDP data of 1 webview
&amp#27;[38;5;32m[AndroidUiautomator2Driver@f853]&amp#27;[0m Forwarding remote port webview_devtools_remote_15898 to a local port in range 10900..11000
&amp#27;[38;5;32m[AndroidUiautomator2Driver@f853]&amp#27;[0m You could use the 'webviewDevtoolsPort' capability to customize the starting port number
&amp#27;[38;5;48m[ADB]&amp#27;[0m Running '/Users/debasishpruseth/Library/Java/JavaVirtualMachines/openjdk-22.0.1-1/Contents/Home/platform-tools/adb -P 5037 -s emulator-5554 forward tcp:10900 localabstract:webview_devtools_remote_15898'
&amp#27;[38;5;48m[ADB]&amp#27;[0m Removing forwarded port socket connection: 10900 
&amp#27;[38;5;48m[ADB]&amp#27;[0m Running '/Users/debasishpruseth/Library/Java/JavaVirtualMachines/openjdk-22.0.1-1/Contents/Home/platform-tools/adb -P 5037 -s emulator-5554 forward --remove tcp:10900'
&amp#27;[38;5;32m[AndroidUiautomator2Driver@f853]&amp#27;[0m CDP data collection completed
&amp#27;[38;5;32m[AndroidUiautomator2Driver@f853]&amp#27;[0m WEBVIEW_15898 mapped to pid 15898
&amp#27;[38;5;32m[AndroidUiautomator2Driver@f853]&amp#27;[0m Getting process name for webview 'WEBVIEW_15898'
&amp#27;[38;5;48m[ADB]&amp#27;[0m Running '/Users/debasishpruseth/Library/Java/JavaVirtualMachines/openjdk-22.0.1-1/Contents/Home/platform-tools/adb -P 5037 -s emulator-5554 shell ps --help'
&amp#27;[38;5;48m[ADB]&amp#27;[0m Running '/Users/debasishpruseth/Library/Java/JavaVirtualMachines/openjdk-22.0.1-1/Contents/Home/platform-tools/adb -P 5037 -s emulator-5554 shell ps -A'
&amp#27;[38;5;32m[AndroidUiautomator2Driver@f853]&amp#27;[0m Got process name: 'com.androidsample.generalstore'
&amp#27;[38;5;32m[AndroidUiautomator2Driver@f853]&amp#27;[0m Found 1 webview: ["WEBVIEW_com.androidsample.generalstore"]
&amp#27;[38;5;32m[AndroidUiautomator2Driver@f853]&amp#27;[0m Available contexts: ["NATIVE_APP","WEBVIEW_com.androidsample.generalstore"]
&amp#27;[38;5;32m[AndroidUiautomator2Driver@f853]&amp#27;[0m Responding to client with driver.getContexts() result: ["NATIVE_APP","WEBVIEW_com.androidsample.generalstore"]
&amp#27;[38;5;0m[HTTP]&amp#27;[0m &amp#27;[37m<-- GET /session/b8520aa8-6625-4887-a370-cc04f757d388/contexts &amp#27;[39m&amp#27;[32m200&amp#27;[39m &amp#27;[90m637 ms - 65&amp#27;[39m
&amp#27;[38;5;0m[HTTP]&amp#27;[0m &amp#27;[90m&amp#27;[39m
NATIVE_APP
WEBVIEW_com.androidsample.generalstore
]]></system-out>
  </testcase>
</testsuite>