<?xml version="1.0" encoding="UTF-8"?>
<!-- Generated by org.testng.reporters.JUnitReportReporter -->
<testsuite hostname="Debasishs-MacBook-Air.local" failures="0" tests="1" name="in.debasish.testCases.DragandDropActions" time="8.792" errors="0" timestamp="2024-05-24T14:46:30 IST" skipped="0">
  <testcase classname="in.debasish.testCases.DragandDropActions" name="doDragandDrop" time="8.792"/>
</testsuite> <!-- in.debasish.testCases.DragandDropActions -->
