<?xml version="1.0" encoding="UTF-8"?>
<!-- Generated by org.testng.reporters.JUnitReportReporter -->
<testsuite hostname="Debasishs-MacBook-Air.local" failures="0" tests="1" name="in.debasish.testCases.SwipeGestures" time="12.918" errors="0" timestamp="2024-05-25T20:25:41 IST" skipped="0">
  <testcase classname="in.debasish.testCases.SwipeGestures" name="getScrollingTest" time="12.918"/>
</testsuite> <!-- in.debasish.testCases.SwipeGestures -->
