<?xml version="1.0" encoding="UTF-8"?>
<!-- Generated by org.testng.reporters.JUnitReportReporter -->
<testsuite hostname="Debasishs-MacBook-Air.local" failures="0" tests="1" name="in.debasish.generalStore.eCommerceToastValidationTest" time="37.557" errors="0" timestamp="2024-06-02T20:15:47 IST" skipped="0">
  <testcase classname="in.debasish.generalStore.eCommerceToastValidationTest" name="toastMsgValidation" time="37.557"/>
</testsuite> <!-- in.debasish.generalStore.eCommerceToastValidationTest -->
