<?xml version="1.0" encoding="UTF-8"?>
<!-- Generated by org.testng.reporters.JUnitReportReporter -->
<testsuite hostname="Debasishs-MacBook-Air.local" failures="0" tests="1" name="in.debasish.testCases.ScrollingEvent" time="12.068" errors="0" timestamp="2024-05-21T22:46:33 IST" skipped="0">
  <testcase classname="in.debasish.testCases.ScrollingEvent" name="scrollToEnd" time="12.068"/>
</testsuite> <!-- in.debasish.testCases.ScrollingEvent -->
