<?xml version="1.0" encoding="UTF-8"?>
<!-- Generated by org.testng.reporters.JUnitReportReporter -->
<testsuite hostname="Debasishs-MacBook-Air.local" failures="0" tests="1" name="in.debasish.generalStore.eCommerceAddProductTest2" time="49.324" errors="0" timestamp="2024-06-11T14:47:09 IST" skipped="0">
  <testcase classname="in.debasish.generalStore.eCommerceAddProductTest2" name="addtoCart" time="49.324"/>
</testsuite> <!-- in.debasish.generalStore.eCommerceAddProductTest2 -->
