<?xml version="1.0" encoding="UTF-8"?>
<!-- Generated by org.testng.reporters.JUnitReportReporter -->
<testsuite hostname="Debasishs-MacBook-Air.local" failures="0" tests="2" name="in.debasish.testCases.TC7_APIDemosAppTest" time="20.046" errors="1" timestamp="2024-06-24T13:13:41 IST" skipped="1">
  <testcase classname="in.debasish.testCases.TC7_APIDemosAppTest" name="doDragandDrop" time="0.000">
    <skipped/>
  </testcase> <!-- doDragandDrop -->
  <testcase classname="in.debasish.testCases.TC7_APIDemosAppTest" name="configureAppiumServer" time="20.046">
    <error message="The local appium server has not been started. The given Node.js executable: /usr/local/bin/node Arguments: [/opt/homebrew/lib/node_modules/appium/build/lib/main.js, --port, 4722, --address, 127.0.0.1] 
Process output: [35m[Appium][39m Welcome to Appium v2.5.4 (REV 8378cc825d83acffd125fb0fec041793df378a57)
[35m[Appium][39m Non-default server args:
[35m[Appium][39m { address: [32m&#039;127.0.0.1&#039;[39m, port: [33m4722[39m }
[35m[Appium][39m The autodetected Appium home path: /Users/debasishpruseth/.appium
[35m[Appium][39m Attempting to load driver uiautomator2...
[35m[Appium][39m Attempting to load driver xcuitest...
[35m[Appium][39m Attempting to load driver mac2...
[35m[Appium][39m Requiring driver at /Users/debasishpruseth/.appium/node_modules/appium-mac2-driver/build/index.js
[35m[Appium][39m Requiring driver at /Users/debasishpruseth/.appium/node_modules/appium-uiautomator2-driver/build/index.js
[35m[Appium][39m Requiring driver at /Users/debasishpruseth/.appium/node_modules/appium-xcuitest-driver/build/index.js
[Appium] Mac2Driver has been successfully loaded in 0.877s
[Appium] AndroidUiautomator2Driver has been successfully loaded in 0.877s
[Appium] XCUITestDriver has been successfully loaded in 0.877s
[Appium] Attempting to load driver espresso...
[Appium] Attempting to load driver safari...
[Appium] Attempting to load driver gecko...
[Appium] Requiring driver at /Users/debasishpruseth/.appium/node_modules/appium-espresso-driver/build/index.js
[Appium] EspressoDriver has been successfully loaded in 0.381s
[Appium] Attempting to load driver chromium...
[Appium] Requiring driver at /Users/debasishpruseth/.appium/node_modules/appium-geckodriver/build/index.js
[Appium] GeckoDriver has been successfully loaded in 0.423s
[Appium] Requiring driver at /Users/debasishpruseth/.appium/node_modules/appium-safari-driver/build/index.js
[Appium] SafariDriver has been successfully loaded in 0.503s
(node:47191) MaxListenersExceededWarning: Possible EventEmitter memory leak detected. 11 exit listeners added to [process]. Use emitter.setMaxListeners() to increase limit
(Use `node --trace-warnings ...` to show where the warning was created)
[Appium] Requiring driver at /Users/debasishpruseth/.appium/node_modules/appium-chromium-driver/index.js
[Appium] ChromiumDriver has been successfully loaded in 0.428s
[38;5;0m[HTTP][0m Could not start REST http interface listener. The requested port may already be in use. Please make sure there is no other instance of this server running already.
[Appium] Could not configure Appium server. It&#039;s possible that a driver or plugin tried to update the server and failed. Original error: listen EADDRINUSE: address already in use 127.0.0.1:4722
[Appium] Error: listen EADDRINUSE: address already in use 127.0.0.1:4722
[Appium]     at Server.setupListenHandle [as _listen2] (node:net:1898:16)
[Appium]     at listenInCluster (node:net:1946:12)
[Appium]     at doListen (node:net:2116:7)
[Appium]     at processTicksAndRejections (node:internal/process/task_queues:83:21)

" type="io.appium.java_client.service.local.AppiumServerHasNotBeenStartedLocallyException">
      <![CDATA[io.appium.java_client.service.local.AppiumServerHasNotBeenStartedLocallyException: The local appium server has not been started. The given Node.js executable: /usr/local/bin/node Arguments: [/opt/homebrew/lib/node_modules/appium/build/lib/main.js, --port, 4722, --address, 127.0.0.1] 
Process output: [35m[Appium][39m Welcome to Appium v2.5.4 (REV 8378cc825d83acffd125fb0fec041793df378a57)
[35m[Appium][39m Non-default server args:
[35m[Appium][39m { address: [32m'127.0.0.1'[39m, port: [33m4722[39m }
[35m[Appium][39m The autodetected Appium home path: /Users/debasishpruseth/.appium
[35m[Appium][39m Attempting to load driver uiautomator2...
[35m[Appium][39m Attempting to load driver xcuitest...
[35m[Appium][39m Attempting to load driver mac2...
[35m[Appium][39m Requiring driver at /Users/debasishpruseth/.appium/node_modules/appium-mac2-driver/build/index.js
[35m[Appium][39m Requiring driver at /Users/debasishpruseth/.appium/node_modules/appium-uiautomator2-driver/build/index.js
[35m[Appium][39m Requiring driver at /Users/debasishpruseth/.appium/node_modules/appium-xcuitest-driver/build/index.js
[Appium] Mac2Driver has been successfully loaded in 0.877s
[Appium] AndroidUiautomator2Driver has been successfully loaded in 0.877s
[Appium] XCUITestDriver has been successfully loaded in 0.877s
[Appium] Attempting to load driver espresso...
[Appium] Attempting to load driver safari...
[Appium] Attempting to load driver gecko...
[Appium] Requiring driver at /Users/debasishpruseth/.appium/node_modules/appium-espresso-driver/build/index.js
[Appium] EspressoDriver has been successfully loaded in 0.381s
[Appium] Attempting to load driver chromium...
[Appium] Requiring driver at /Users/debasishpruseth/.appium/node_modules/appium-geckodriver/build/index.js
[Appium] GeckoDriver has been successfully loaded in 0.423s
[Appium] Requiring driver at /Users/debasishpruseth/.appium/node_modules/appium-safari-driver/build/index.js
[Appium] SafariDriver has been successfully loaded in 0.503s
(node:47191) MaxListenersExceededWarning: Possible EventEmitter memory leak detected. 11 exit listeners added to [process]. Use emitter.setMaxListeners() to increase limit
(Use `node --trace-warnings ...` to show where the warning was created)
[Appium] Requiring driver at /Users/debasishpruseth/.appium/node_modules/appium-chromium-driver/index.js
[Appium] ChromiumDriver has been successfully loaded in 0.428s
[38;5;0m[HTTP][0m Could not start REST http interface listener. The requested port may already be in use. Please make sure there is no other instance of this server running already.
[Appium] Could not configure Appium server. It's possible that a driver or plugin tried to update the server and failed. Original error: listen EADDRINUSE: address already in use 127.0.0.1:4722
[Appium] Error: listen EADDRINUSE: address already in use 127.0.0.1:4722
[Appium]     at Server.setupListenHandle [as _listen2] (node:net:1898:16)
[Appium]     at listenInCluster (node:net:1946:12)
[Appium]     at doListen (node:net:2116:7)
[Appium]     at processTicksAndRejections (node:internal/process/task_queues:83:21)


at io.appium.java_client.service.local.AppiumDriverLocalService.start(AppiumDriverLocalService.java:191)
at in.debasish.testBase.BaseTest.configureAppiumServer(BaseTest.java:35)
at java.base/jdk.internal.reflect.NativeMethodAccessorImpl.invoke0(Native Method)
at java.base/jdk.internal.reflect.NativeMethodAccessorImpl.invoke(NativeMethodAccessorImpl.java:77)
at java.base/jdk.internal.reflect.DelegatingMethodAccessorImpl.invoke(DelegatingMethodAccessorImpl.java:43)
at java.base/java.lang.reflect.Method.invoke(Method.java:568)
at org.testng.internal.invokers.MethodInvocationHelper.invokeMethod(MethodInvocationHelper.java:139)
at org.testng.internal.invokers.MethodInvocationHelper.invokeMethodConsideringTimeout(MethodInvocationHelper.java:69)
at org.testng.internal.invokers.ConfigInvoker.invokeConfigurationMethod(ConfigInvoker.java:393)
at org.testng.internal.invokers.ConfigInvoker.invokeConfigurations(ConfigInvoker.java:326)
at org.testng.internal.invokers.TestMethodWorker.invokeBeforeClassMethods(TestMethodWorker.java:180)
at org.testng.internal.invokers.TestMethodWorker.run(TestMethodWorker.java:122)
at java.base/java.util.ArrayList.forEach(ArrayList.java:1511)
at org.testng.TestRunner.privateRun(TestRunner.java:819)
at org.testng.TestRunner.run(TestRunner.java:619)
at org.testng.SuiteRunner.runTest(SuiteRunner.java:443)
at org.testng.SuiteRunner.runSequentially(SuiteRunner.java:437)
at org.testng.SuiteRunner.privateRun(SuiteRunner.java:397)
at org.testng.SuiteRunner.run(SuiteRunner.java:336)
at org.testng.SuiteRunnerWorker.runSuite(SuiteRunnerWorker.java:52)
at org.testng.SuiteRunnerWorker.run(SuiteRunnerWorker.java:95)
at org.testng.TestNG.runSuitesSequentially(TestNG.java:1301)
at org.testng.TestNG.runSuitesLocally(TestNG.java:1228)
at org.testng.TestNG.runSuites(TestNG.java:1134)
at org.testng.TestNG.run(TestNG.java:1101)
at org.testng.remote.AbstractRemoteTestNG.run(AbstractRemoteTestNG.java:115)
at org.testng.remote.RemoteTestNG.initAndRun(RemoteTestNG.java:251)
at org.testng.remote.RemoteTestNG.main(RemoteTestNG.java:77)
Caused by: org.openqa.selenium.net.UrlChecker$TimeoutException: Timed out waiting for [http://127.0.0.1:4722/status] to be available after 20006 ms
at org.openqa.selenium.net.UrlChecker.waitUntilAvailable(UrlChecker.java:89)
at io.appium.java_client.service.local.AppiumDriverLocalService.ping(AppiumDriverLocalService.java:156)
at io.appium.java_client.service.local.AppiumDriverLocalService.start(AppiumDriverLocalService.java:178)
... 27 more
Caused by: java.util.concurrent.TimeoutException
at java.base/java.util.concurrent.FutureTask.get(FutureTask.java:204)
at org.openqa.selenium.net.UrlChecker.waitUntilAvailable(UrlChecker.java:87)
... 29 more
]]>
    </error>
  </testcase> <!-- configureAppiumServer -->
</testsuite> <!-- in.debasish.testCases.TC7_APIDemosAppTest -->
