<?xml version="1.0" encoding="UTF-8"?>
<!-- Generated by org.testng.reporters.JUnitReportReporter -->
<testsuite hostname="Debasishs-MacBook-Air.local" failures="0" tests="1" name="in.debasish.iOSTestCases.iOSLongPressTest" time="6.588" errors="0" timestamp="2024-08-19T21:54:17 IST" skipped="0">
  <testcase classname="in.debasish.iOSTestCases.iOSLongPressTest" name="longPressTest" time="6.588"/>
</testsuite> <!-- in.debasish.iOSTestCases.iOSLongPressTest -->
