<?xml version="1.0" encoding="UTF-8"?>
<!-- Generated by org.testng.reporters.JUnitReportReporter -->
<testsuite hostname="Debasishs-MacBook-Air.local" failures="0" tests="1" name="in.debasish.testBase.LongPressTest" time="9.712" errors="0" timestamp="2024-05-16T23:32:25 IST" skipped="0">
  <testcase classname="in.debasish.testBase.LongPressTest" name="longPressGestures" time="9.712"/>
</testsuite> <!-- in.debasish.testBase.LongPressTest -->
