<?xml version="1.0" encoding="UTF-8"?>
<!-- Generated by org.testng.reporters.JUnitReportReporter -->
<testsuite hostname="Debasishs-MacBook-Air.local" failures="0" tests="1" name="in.debasish.testCases.SMSMessagingTest" time="6.113" errors="0" timestamp="2024-05-18T10:04:57 IST" skipped="0">
  <testcase classname="in.debasish.testCases.SMSMessagingTest" name="doMessagingTest" time="6.113"/>
</testsuite> <!-- in.debasish.testCases.SMSMessagingTest -->
