<?xml version="1.0" encoding="UTF-8"?>
<!-- Generated by org.testng.reporters.JUnitReportReporter -->
<testsuite hostname="Debasishs-MacBook-Air.local" failures="0" tests="1" name="in.debasish.testCases.eCommerceToastValidationTest" time="38.048" errors="0" timestamp="2024-06-01T22:52:46 IST" skipped="0">
  <testcase classname="in.debasish.testCases.eCommerceToastValidationTest" name="toastMsgValidation" time="38.048"/>
</testsuite> <!-- in.debasish.testCases.eCommerceToastValidationTest -->
