<?xml version="1.0" encoding="UTF-8"?>
<!-- Generated by org.testng.reporters.JUnitReportReporter -->
<testsuite hostname="Debasishs-MacBook-Air.local" failures="0" tests="1" name="in.debasish.iOSTestCases.iOS_OtherAlertViewTest" time="3.056" errors="0" timestamp="2024-08-09T14:36:29 IST" skipped="0">
  <testcase classname="in.debasish.iOSTestCases.iOS_OtherAlertViewTest" name="getPopUpText" time="3.056"/>
</testsuite> <!-- in.debasish.iOSTestCases.iOS_OtherAlertViewTest -->
