<?xml version="1.0" encoding="UTF-8"?>
<!-- Generated by org.testng.reporters.JUnitReportReporter -->
<testsuite hostname="Debasishs-MacBook-Air.local" failures="0" tests="1" name="in.debasish.iOSTestCases.iOSBasicsTest" time="5.682" errors="0" timestamp="2024-08-09T01:25:22 IST" skipped="0">
  <testcase classname="in.debasish.iOSTestCases.iOSBasicsTest" name="getPopUpText" time="5.682"/>
</testsuite> <!-- in.debasish.iOSTestCases.iOSBasicsTest -->
