<?xml version="1.0" encoding="UTF-8"?>
<!-- Generated by org.testng.reporters.JUnitReportReporter -->
<testsuite hostname="Debasishs-MacBook-Air.local" failures="0" tests="1" name="in.debasish.testCases.LongPressTest" time="9.775" errors="0" timestamp="2024-05-17T21:44:49 IST" skipped="0">
  <testcase classname="in.debasish.testCases.LongPressTest" name="longPressGestures" time="9.775"/>
</testsuite> <!-- in.debasish.testCases.LongPressTest -->
