<?xml version="1.0" encoding="UTF-8"?>
<!-- Generated by org.testng.reporters.JUnitReportReporter -->
<testsuite hostname="Debasishs-MacBook-Air.local" failures="0" tests="1" name="in.debasish.testCases.OrientationsTest" time="14.835" errors="0" timestamp="2024-05-26T13:48:26 IST" skipped="0">
  <testcase classname="in.debasish.testCases.OrientationsTest" name="miscellaneousOrientationTest" time="14.835"/>
</testsuite> <!-- in.debasish.testCases.OrientationsTest -->
