<?xml version="1.0" encoding="UTF-8"?>
<!-- Generated by org.testng.reporters.JUnitReportReporter -->
<testsuite hostname="Debasishs-MacBook-Air.local" failures="0" tests="1" name="in.debasish.iOSTestCases.iOSDatePickerTest" time="1.972" errors="0" timestamp="2024-08-18T16:14:00 IST" skipped="0">
  <testcase classname="in.debasish.iOSTestCases.iOSDatePickerTest" name="selectDateTest" time="1.972"/>
</testsuite> <!-- in.debasish.iOSTestCases.iOSDatePickerTest -->
