<?xml version="1.0" encoding="UTF-8"?>
<!-- Generated by org.testng.reporters.JUnitReportReporter -->
<testsuite hostname="Debasishs-MacBook-Air.local" failures="0" tests="1" name="in.debasish.generalStore.eCommerceAddProductTest" time="84.224" errors="0" timestamp="2024-06-03T22:13:08 IST" skipped="0">
  <testcase classname="in.debasish.generalStore.eCommerceAddProductTest" name="addtoCart" time="84.224"/>
</testsuite> <!-- in.debasish.generalStore.eCommerceAddProductTest -->
