<?xml version="1.0" encoding="UTF-8"?>
<!-- Generated by org.testng.reporters.JUnitReportReporter -->
<testsuite hostname="Debasishs-MacBook-Air.local" failures="0" tests="1" name="in.debasish.testCases.TC6_APIDemosAppTest" time="6.247" errors="0" timestamp="2024-09-01T19:40:32 IST" skipped="0">
  <testcase classname="in.debasish.testCases.TC6_APIDemosAppTest" name="doMessagingTest" time="6.247"/>
</testsuite> <!-- in.debasish.testCases.TC6_APIDemosAppTest -->
