<?xml version="1.0" encoding="UTF-8"?>
<!-- Generated by org.testng.reporters.JUnitReportReporter -->
<testsuite hostname="Debasishs-MacBook-Air.local" failures="0" tests="1" name="in.debasish.testCases.TC5_APIDemosAppTest" time="13.304" errors="0" timestamp="2024-09-01T19:40:32 IST" skipped="0">
  <testcase classname="in.debasish.testCases.TC5_APIDemosAppTest" name="getScrollingTest" time="13.304"/>
</testsuite> <!-- in.debasish.testCases.TC5_APIDemosAppTest -->
