<?xml version="1.0" encoding="UTF-8"?>
<!-- Generated by org.testng.reporters.JUnitReportReporter -->
<testsuite hostname="Debasishs-MacBook-Air.local" failures="0" tests="1" name="in.debasish.generalStore.TC9_GeneralStoreAppTest" time="78.836" errors="0" timestamp="2024-09-01T19:47:21 IST" skipped="0">
  <testcase classname="in.debasish.generalStore.TC9_GeneralStoreAppTest" name="addtoCart" time="78.836"/>
</testsuite> <!-- in.debasish.generalStore.TC9_GeneralStoreAppTest -->
