<?xml version="1.0" encoding="UTF-8"?>
<!-- Generated by org.testng.reporters.JUnitReportReporter -->
<testsuite hostname="Debasishs-MacBook-Air.local" failures="0" tests="1" name="in.debasish.testCases.TC7_APIDemosAppTest" time="11.898" errors="0" timestamp="2024-09-01T19:40:32 IST" skipped="0">
  <testcase classname="in.debasish.testCases.TC7_APIDemosAppTest" name="doDragandDrop" time="11.898"/>
</testsuite> <!-- in.debasish.testCases.TC7_APIDemosAppTest -->
